[2025-11-11 12:06:06,979][jax._src.xla_bridge][INFO] - Unable to initialize backend 'tpu': INTERNAL: Failed to open libtpu.so: libtpu.so: cannot open shared object file: No such file or directory
[2025-11-11 12:24:10,117][jax._src.xla_bridge][INFO] - Unable to initialize backend 'tpu': INTERNAL: Failed to open libtpu.so: libtpu.so: cannot open shared object file: No such file or directory
[2025-11-11 12:32:02,511][absl][INFO] - orbax-checkpoint version: 0.11.25
[2025-11-11 12:32:02,511][absl][INFO] - Created BasePyTreeCheckpointHandler: use_ocdbt=True, use_zarr3=False, pytree_metadata_options=PyTreeMetadataOptions(support_rich_types=False), array_metadata_store=<orbax.checkpoint._src.metadata.array_metadata_store.Store object at 0x148a90613590>, enable_pinned_host_transfer=True, save_concurrent_bytes: 96000000000 (89.4 GiB), restore_concurrent_bytes: 96000000000 (89.4 GiB)
[2025-11-11 12:32:02,511][absl][INFO] - [thread=MainThread] Failed to get flag value for EXPERIMENTAL_ORBAX_USE_DISTRIBUTED_PROCESS_ID.
[2025-11-11 12:32:02,512][absl][INFO] - [process=0][thread=MainThread] Using barrier_sync_fn: <function get_barrier_sync_fn.<locals>.<lambda> at 0x148a5093d300> timeout: 600 secs and primary_host=0 for async checkpoint writes
[2025-11-11 12:32:02,515][absl][INFO] - [process=0] Started async saving checkpoint to /gpfs/home5/sfris1/two-towers-confounding-project/results/deep_separated/data=Custom_dataset_deep,docs_per_group=10,experiment=deep_separated,logging_policy_ranker=ordered,logging_policy_sampler=e_greedy,num_queries=10000,policy_temperature=1.0,relevance=deep,relevance_tower=deeper,s_doc=0.5/checkpoint.
[2025-11-11 12:32:02,515][absl][INFO] - [process=0] Specified `force`: removing existing directory.
[2025-11-11 12:32:02,516][absl][INFO] - Using ThreadSafeKeyValueSignalingClient
[2025-11-11 12:32:02,520][absl][INFO] - Transferring arrays to host memory with options: use_replica_parallel=True, min_slice_bytes_for_replica_parallel=None, max_replicas_for_replica_parallel=None, enable_pinned_host_transfer=True
[2025-11-11 12:32:02,522][absl][INFO] - Creating tmp directory /gpfs/home5/sfris1/two-towers-confounding-project/results/deep_separated/data=Custom_dataset_deep,docs_per_group=10,experiment=deep_separated,logging_policy_ranker=ordered,logging_policy_sampler=e_greedy,num_queries=10000,policy_temperature=1.0,relevance=deep,relevance_tower=deeper,s_doc=0.5/checkpoint.orbax-checkpoint-tmp
[2025-11-11 12:32:02,525][absl][INFO] - Wrote Metadata={'item_handlers': None, 'metrics': {}, 'performance_metrics': {}, 'init_timestamp_nsecs': 1762860722522845802, 'commit_timestamp_nsecs': None, 'custom_metadata': {}}, json={"item_handlers": null, "metrics": {}, "performance_metrics": {}, "init_timestamp_nsecs": 1762860722522845802, "commit_timestamp_nsecs": null, "custom_metadata": {}} to /gpfs/home5/sfris1/two-towers-confounding-project/results/deep_separated/data=Custom_dataset_deep,docs_per_group=10,experiment=deep_separated,logging_policy_ranker=ordered,logging_policy_sampler=e_greedy,num_queries=10000,policy_temperature=1.0,relevance=deep,relevance_tower=deeper,s_doc=0.5/checkpoint.orbax-checkpoint-tmp/_CHECKPOINT_METADATA
[2025-11-11 12:32:02,529][absl][INFO] - [process=0][thread=MainThread] Initiated "orbax.checkpoint._src.serialization.type_handlers.ArrayHandler".serialize. Time taken: 0.009244s
[2025-11-11 12:32:02,546][absl][INFO] - [process=0] /jax/checkpoint/write/blocking_gbytes_per_sec: 0 Bytes/s (total gbytes: 260.0 KiB) (time elapsed: 29 milliseconds) (per-host)
[2025-11-11 12:32:02,549][absl][INFO] - [process=0][thread=MainThread] Initiated Pytree async_save. Time taken: 0.032030s (batch_requests_ready=0.001734s, total_serialization_initiated=0.022486s, others=0.007810s)
[2025-11-11 12:32:02,551][absl][INFO] - [process=0][thread=async_save] Background save thread started.
[2025-11-11 12:32:02,552][absl][INFO] - Finished blocking save. Time taken: 0.039701s. Continuing background save to /gpfs/home5/sfris1/two-towers-confounding-project/results/deep_separated/data=Custom_dataset_deep,docs_per_group=10,experiment=deep_separated,logging_policy_ranker=ordered,logging_policy_sampler=e_greedy,num_queries=10000,policy_temperature=1.0,relevance=deep,relevance_tower=deeper,s_doc=0.5/checkpoint.
[2025-11-11 12:32:02,555][absl][INFO] - [process=0][thread=MainThread] Waiting for background save thread=async_save.
[2025-11-11 12:32:02,555][absl][INFO] - [process=0][thread=array_type_handler] Wrote 13 array_metadata.ArrayMetadata to /gpfs/home5/sfris1/two-towers-confounding-project/results/deep_separated/data=Custom_dataset_deep,docs_per_group=10,experiment=deep_separated,logging_policy_ranker=ordered,logging_policy_sampler=e_greedy,num_queries=10000,policy_temperature=1.0,relevance=deep,relevance_tower=deeper,s_doc=0.5/checkpoint.orbax-checkpoint-tmp/array_metadatas/process_0
[2025-11-11 12:32:02,584][absl][INFO] - [process=0][thread=write_metadata_after_commits] Commit + Array metadata written. Time taken: 0.035286s (commit=0.033318s, array_metadata_write=0.001968s)
[2025-11-11 12:32:02,585][absl][INFO] - [process=0] /jax/checkpoint/write/gbytes_per_sec: 0 Bytes/s (total gbytes: 260.0 KiB) (time elapsed: 67 milliseconds) (per-host)
[2025-11-11 12:32:02,585][absl][INFO] - [process=0][thread=async_save] 2 Handler Commit operations completed. Time taken: 0.033221s.
[2025-11-11 12:32:02,586][absl][INFO] - Read Metadata={'item_handlers': None, 'metrics': {}, 'performance_metrics': {}, 'init_timestamp_nsecs': 1762860722522845802, 'commit_timestamp_nsecs': None, 'custom_metadata': {}} from /gpfs/home5/sfris1/two-towers-confounding-project/results/deep_separated/data=Custom_dataset_deep,docs_per_group=10,experiment=deep_separated,logging_policy_ranker=ordered,logging_policy_sampler=e_greedy,num_queries=10000,policy_temperature=1.0,relevance=deep,relevance_tower=deeper,s_doc=0.5/checkpoint.orbax-checkpoint-tmp/_CHECKPOINT_METADATA
[2025-11-11 12:32:02,588][absl][INFO] - Updated Metadata={'item_handlers': 'orbax.checkpoint._src.handlers.standard_checkpoint_handler.StandardCheckpointHandler', 'metrics': {}, 'performance_metrics': {}, 'init_timestamp_nsecs': 1762860722522845802, 'commit_timestamp_nsecs': None, 'custom_metadata': {}} to /gpfs/home5/sfris1/two-towers-confounding-project/results/deep_separated/data=Custom_dataset_deep,docs_per_group=10,experiment=deep_separated,logging_policy_ranker=ordered,logging_policy_sampler=e_greedy,num_queries=10000,policy_temperature=1.0,relevance=deep,relevance_tower=deeper,s_doc=0.5/checkpoint.orbax-checkpoint-tmp/_CHECKPOINT_METADATA
[2025-11-11 12:32:02,588][absl][INFO] - [process=0][thread=async_save] Skipped cross-host ArrayMetadata validation because only one process is found: process_index=0.
[2025-11-11 12:32:02,593][absl][INFO] - [process=0][thread=async_save] Pytree save finalize (merge_ocdbt + ArrayMetadata validation) completed. Time taken: 0.007018s. use_zarr3=False, enable_post_merge_validation=True, directory=/gpfs/home5/sfris1/two-towers-confounding-project/results/deep_separated/data=Custom_dataset_deep,docs_per_group=10,experiment=deep_separated,logging_policy_ranker=ordered,logging_policy_sampler=e_greedy,num_queries=10000,policy_temperature=1.0,relevance=deep,relevance_tower=deeper,s_doc=0.5/checkpoint.orbax-checkpoint-tmp
[2025-11-11 12:32:02,593][absl][INFO] - Renaming /gpfs/home5/sfris1/two-towers-confounding-project/results/deep_separated/data=Custom_dataset_deep,docs_per_group=10,experiment=deep_separated,logging_policy_ranker=ordered,logging_policy_sampler=e_greedy,num_queries=10000,policy_temperature=1.0,relevance=deep,relevance_tower=deeper,s_doc=0.5/checkpoint.orbax-checkpoint-tmp to /gpfs/home5/sfris1/two-towers-confounding-project/results/deep_separated/data=Custom_dataset_deep,docs_per_group=10,experiment=deep_separated,logging_policy_ranker=ordered,logging_policy_sampler=e_greedy,num_queries=10000,policy_temperature=1.0,relevance=deep,relevance_tower=deeper,s_doc=0.5/checkpoint
[2025-11-11 12:32:02,595][absl][INFO] - [process=0][thread=async_save] Finished saving checkpoint (finalized tmp dir) to `/gpfs/home5/sfris1/two-towers-confounding-project/results/deep_separated/data=Custom_dataset_deep,docs_per_group=10,experiment=deep_separated,logging_policy_ranker=ordered,logging_policy_sampler=e_greedy,num_queries=10000,policy_temperature=1.0,relevance=deep,relevance_tower=deeper,s_doc=0.5/checkpoint`.
[2025-11-11 12:32:02,595][absl][INFO] - Finished async_save (blocking + background). Time taken: 0.083456s. directory=/gpfs/home5/sfris1/two-towers-confounding-project/results/deep_separated/data=Custom_dataset_deep,docs_per_group=10,experiment=deep_separated,logging_policy_ranker=ordered,logging_policy_sampler=e_greedy,num_queries=10000,policy_temperature=1.0,relevance=deep,relevance_tower=deeper,s_doc=0.5/checkpoint
[2025-11-11 12:32:02,596][absl][INFO] - [process=0][thread=async_save] Background save thread done. Time taken: 0.043802s.
[2025-11-11 12:32:02,596][absl][INFO] - [process=0][thread=MainThread] Done with waiting for background save thread=async_save.
[2025-11-11 12:32:02,596][absl][INFO] - [process=0][thread=MainThread] No errors found in background save thread=async_save.
