[2026-01-17 22:06:07,063][jax._src.xla_bridge][ERROR] - Jax plugin configuration error: Exception when calling jax_plugins.xla_cuda12.initialize()
Traceback (most recent call last):
  File "/gpfs/home5/sfris1/two-towers-confounding-project/.venv/lib/python3.11/site-packages/jax/_src/xla_bridge.py", line 485, in discover_pjrt_plugins
    plugin_module.initialize()
  File "/gpfs/home5/sfris1/two-towers-confounding-project/.venv/lib/python3.11/site-packages/jax_plugins/xla_cuda12/__init__.py", line 328, in initialize
    _check_cuda_versions(raise_on_first_error=True)
  File "/gpfs/home5/sfris1/two-towers-confounding-project/.venv/lib/python3.11/site-packages/jax_plugins/xla_cuda12/__init__.py", line 285, in _check_cuda_versions
    local_device_count = cuda_versions.cuda_device_count()
                         ^^^^^^^^^^^^^^^^^^^^^^^^^^^^^^^^^
RuntimeError: jaxlib/cuda/versions_helpers.cc:113: operation cuInit(0) failed: CUDA_ERROR_NO_DEVICE
[2026-01-17 22:06:07,072][jax._src.xla_bridge][INFO] - Unable to initialize backend 'tpu': INTERNAL: Failed to open libtpu.so: libtpu.so: cannot open shared object file: No such file or directory
[2026-01-17 22:07:47,245][absl][INFO] - orbax-checkpoint version: 0.11.25
[2026-01-17 22:07:47,246][absl][INFO] - Created BasePyTreeCheckpointHandler: use_ocdbt=True, use_zarr3=False, pytree_metadata_options=PyTreeMetadataOptions(support_rich_types=False), array_metadata_store=<orbax.checkpoint._src.metadata.array_metadata_store.Store object at 0x14893b2ec210>, enable_pinned_host_transfer=False, save_concurrent_bytes: 96000000000 (89.4 GiB), restore_concurrent_bytes: 96000000000 (89.4 GiB)
[2026-01-17 22:07:47,246][absl][INFO] - [thread=MainThread] Failed to get flag value for EXPERIMENTAL_ORBAX_USE_DISTRIBUTED_PROCESS_ID.
[2026-01-17 22:07:47,246][absl][INFO] - [process=0][thread=MainThread] Using barrier_sync_fn: <function get_barrier_sync_fn.<locals>.<lambda> at 0x14876b674a40> timeout: 600 secs and primary_host=0 for async checkpoint writes
[2026-01-17 22:07:47,247][absl][INFO] - [process=0] Started async saving checkpoint to /gpfs/home5/sfris1/two-towers-confounding-project/results/Synthetic_Feature_Separation/data=Custom_dataset,docs_per_group=10000,experiment=Synthetic_Feature_Separation,logging_policy_ranker=ordered,logging_policy_sampler=e_greedy,num_queries=1000,policy_temperature=1.0,relevance=deep,relevance_tower=deeper,s_doc=-0.3/checkpoint.
[2026-01-17 22:07:47,248][absl][INFO] - [process=0] Specified `force`: removing existing directory.
[2026-01-17 22:07:47,248][absl][INFO] - Using ThreadSafeKeyValueSignalingClient
[2026-01-17 22:07:47,253][absl][INFO] - Transferring arrays to host memory with options: use_replica_parallel=True, min_slice_bytes_for_replica_parallel=None, max_replicas_for_replica_parallel=None, enable_pinned_host_transfer=False
[2026-01-17 22:07:47,254][absl][INFO] - Creating tmp directory /gpfs/home5/sfris1/two-towers-confounding-project/results/Synthetic_Feature_Separation/data=Custom_dataset,docs_per_group=10000,experiment=Synthetic_Feature_Separation,logging_policy_ranker=ordered,logging_policy_sampler=e_greedy,num_queries=1000,policy_temperature=1.0,relevance=deep,relevance_tower=deeper,s_doc=-0.3/checkpoint.orbax-checkpoint-tmp
[2026-01-17 22:07:47,254][absl][INFO] - [process=0][thread=MainThread] Initiated "orbax.checkpoint._src.serialization.type_handlers.ArrayHandler".serialize. Time taken: 0.001796s
[2026-01-17 22:07:47,255][absl][INFO] - [process=0] /jax/checkpoint/write/blocking_gbytes_per_sec: 0 Bytes/s (total gbytes: 309.0 KiB) (time elapsed: 5 milliseconds) (per-host)
[2026-01-17 22:07:47,255][absl][INFO] - [process=0][thread=MainThread] Initiated Pytree async_save. Time taken: 0.005891s (batch_requests_ready=0.002128s, total_serialization_initiated=0.003363s, others=0.000400s)
[2026-01-17 22:07:47,256][absl][INFO] - [process=0][thread=async_save] Background save thread started.
[2026-01-17 22:07:47,256][absl][INFO] - Finished blocking save. Time taken: 0.010203s. Continuing background save to /gpfs/home5/sfris1/two-towers-confounding-project/results/Synthetic_Feature_Separation/data=Custom_dataset,docs_per_group=10000,experiment=Synthetic_Feature_Separation,logging_policy_ranker=ordered,logging_policy_sampler=e_greedy,num_queries=1000,policy_temperature=1.0,relevance=deep,relevance_tower=deeper,s_doc=-0.3/checkpoint.
[2026-01-17 22:07:47,257][absl][INFO] - [process=0][thread=MainThread] Waiting for background save thread=async_save.
[2026-01-17 22:07:47,258][absl][INFO] - Wrote Metadata={'item_handlers': None, 'metrics': {}, 'performance_metrics': {}, 'init_timestamp_nsecs': 1768684067256750316, 'commit_timestamp_nsecs': None, 'custom_metadata': {}}, json={"item_handlers": null, "metrics": {}, "performance_metrics": {}, "init_timestamp_nsecs": 1768684067256750316, "commit_timestamp_nsecs": null, "custom_metadata": {}} to /gpfs/home5/sfris1/two-towers-confounding-project/results/Synthetic_Feature_Separation/data=Custom_dataset,docs_per_group=10000,experiment=Synthetic_Feature_Separation,logging_policy_ranker=ordered,logging_policy_sampler=e_greedy,num_queries=1000,policy_temperature=1.0,relevance=deep,relevance_tower=deeper,s_doc=-0.3/checkpoint.orbax-checkpoint-tmp/_CHECKPOINT_METADATA
[2026-01-17 22:07:47,264][absl][INFO] - [process=0][thread=array_type_handler] Wrote 13 array_metadata.ArrayMetadata to /gpfs/home5/sfris1/two-towers-confounding-project/results/Synthetic_Feature_Separation/data=Custom_dataset,docs_per_group=10000,experiment=Synthetic_Feature_Separation,logging_policy_ranker=ordered,logging_policy_sampler=e_greedy,num_queries=1000,policy_temperature=1.0,relevance=deep,relevance_tower=deeper,s_doc=-0.3/checkpoint.orbax-checkpoint-tmp/array_metadatas/process_0
[2026-01-17 22:07:47,296][absl][INFO] - [process=0][thread=write_metadata_after_commits] Commit + Array metadata written. Time taken: 0.035369s (commit=0.032951s, array_metadata_write=0.002418s)
[2026-01-17 22:07:47,296][absl][INFO] - [process=0] /jax/checkpoint/write/gbytes_per_sec: 0 Bytes/s (total gbytes: 309.0 KiB) (time elapsed: 47 milliseconds) (per-host)
[2026-01-17 22:07:47,297][absl][INFO] - [process=0][thread=async_save] 2 Handler Commit operations completed. Time taken: 0.039559s.
[2026-01-17 22:07:47,298][absl][INFO] - Read Metadata={'item_handlers': None, 'metrics': {}, 'performance_metrics': {}, 'init_timestamp_nsecs': 1768684067256750316, 'commit_timestamp_nsecs': None, 'custom_metadata': {}} from /gpfs/home5/sfris1/two-towers-confounding-project/results/Synthetic_Feature_Separation/data=Custom_dataset,docs_per_group=10000,experiment=Synthetic_Feature_Separation,logging_policy_ranker=ordered,logging_policy_sampler=e_greedy,num_queries=1000,policy_temperature=1.0,relevance=deep,relevance_tower=deeper,s_doc=-0.3/checkpoint.orbax-checkpoint-tmp/_CHECKPOINT_METADATA
[2026-01-17 22:07:47,299][absl][INFO] - Updated Metadata={'item_handlers': 'orbax.checkpoint._src.handlers.standard_checkpoint_handler.StandardCheckpointHandler', 'metrics': {}, 'performance_metrics': {}, 'init_timestamp_nsecs': 1768684067256750316, 'commit_timestamp_nsecs': None, 'custom_metadata': {}} to /gpfs/home5/sfris1/two-towers-confounding-project/results/Synthetic_Feature_Separation/data=Custom_dataset,docs_per_group=10000,experiment=Synthetic_Feature_Separation,logging_policy_ranker=ordered,logging_policy_sampler=e_greedy,num_queries=1000,policy_temperature=1.0,relevance=deep,relevance_tower=deeper,s_doc=-0.3/checkpoint.orbax-checkpoint-tmp/_CHECKPOINT_METADATA
[2026-01-17 22:07:47,299][absl][INFO] - [process=0][thread=async_save] Skipped cross-host ArrayMetadata validation because only one process is found: process_index=0.
[2026-01-17 22:07:47,306][absl][INFO] - [process=0][thread=async_save] Pytree save finalize (merge_ocdbt + ArrayMetadata validation) completed. Time taken: 0.008480s. use_zarr3=False, enable_post_merge_validation=True, directory=/gpfs/home5/sfris1/two-towers-confounding-project/results/Synthetic_Feature_Separation/data=Custom_dataset,docs_per_group=10000,experiment=Synthetic_Feature_Separation,logging_policy_ranker=ordered,logging_policy_sampler=e_greedy,num_queries=1000,policy_temperature=1.0,relevance=deep,relevance_tower=deeper,s_doc=-0.3/checkpoint.orbax-checkpoint-tmp
[2026-01-17 22:07:47,306][absl][INFO] - Renaming /gpfs/home5/sfris1/two-towers-confounding-project/results/Synthetic_Feature_Separation/data=Custom_dataset,docs_per_group=10000,experiment=Synthetic_Feature_Separation,logging_policy_ranker=ordered,logging_policy_sampler=e_greedy,num_queries=1000,policy_temperature=1.0,relevance=deep,relevance_tower=deeper,s_doc=-0.3/checkpoint.orbax-checkpoint-tmp to /gpfs/home5/sfris1/two-towers-confounding-project/results/Synthetic_Feature_Separation/data=Custom_dataset,docs_per_group=10000,experiment=Synthetic_Feature_Separation,logging_policy_ranker=ordered,logging_policy_sampler=e_greedy,num_queries=1000,policy_temperature=1.0,relevance=deep,relevance_tower=deeper,s_doc=-0.3/checkpoint
[2026-01-17 22:07:47,308][absl][INFO] - [process=0][thread=async_save] Finished saving checkpoint (finalized tmp dir) to `/gpfs/home5/sfris1/two-towers-confounding-project/results/Synthetic_Feature_Separation/data=Custom_dataset,docs_per_group=10000,experiment=Synthetic_Feature_Separation,logging_policy_ranker=ordered,logging_policy_sampler=e_greedy,num_queries=1000,policy_temperature=1.0,relevance=deep,relevance_tower=deeper,s_doc=-0.3/checkpoint`.
[2026-01-17 22:07:47,308][absl][INFO] - Finished async_save (blocking + background). Time taken: 0.062059s. directory=/gpfs/home5/sfris1/two-towers-confounding-project/results/Synthetic_Feature_Separation/data=Custom_dataset,docs_per_group=10000,experiment=Synthetic_Feature_Separation,logging_policy_ranker=ordered,logging_policy_sampler=e_greedy,num_queries=1000,policy_temperature=1.0,relevance=deep,relevance_tower=deeper,s_doc=-0.3/checkpoint
[2026-01-17 22:07:47,308][absl][INFO] - [process=0][thread=async_save] Background save thread done. Time taken: 0.051118s.
[2026-01-17 22:07:47,308][absl][INFO] - [process=0][thread=MainThread] Done with waiting for background save thread=async_save.
[2026-01-17 22:07:47,308][absl][INFO] - [process=0][thread=MainThread] No errors found in background save thread=async_save.
