[2026-01-17 22:08:27,001][jax._src.xla_bridge][ERROR] - Jax plugin configuration error: Exception when calling jax_plugins.xla_cuda12.initialize()
Traceback (most recent call last):
  File "/gpfs/home5/sfris1/two-towers-confounding-project/.venv/lib/python3.11/site-packages/jax/_src/xla_bridge.py", line 485, in discover_pjrt_plugins
    plugin_module.initialize()
  File "/gpfs/home5/sfris1/two-towers-confounding-project/.venv/lib/python3.11/site-packages/jax_plugins/xla_cuda12/__init__.py", line 328, in initialize
    _check_cuda_versions(raise_on_first_error=True)
  File "/gpfs/home5/sfris1/two-towers-confounding-project/.venv/lib/python3.11/site-packages/jax_plugins/xla_cuda12/__init__.py", line 285, in _check_cuda_versions
    local_device_count = cuda_versions.cuda_device_count()
                         ^^^^^^^^^^^^^^^^^^^^^^^^^^^^^^^^^
RuntimeError: jaxlib/cuda/versions_helpers.cc:113: operation cuInit(0) failed: CUDA_ERROR_NO_DEVICE
[2026-01-17 22:08:27,009][jax._src.xla_bridge][INFO] - Unable to initialize backend 'tpu': INTERNAL: Failed to open libtpu.so: libtpu.so: cannot open shared object file: No such file or directory
[2026-01-17 22:08:38,237][absl][INFO] - orbax-checkpoint version: 0.11.25
[2026-01-17 22:08:38,239][absl][INFO] - Created BasePyTreeCheckpointHandler: use_ocdbt=True, use_zarr3=False, pytree_metadata_options=PyTreeMetadataOptions(support_rich_types=False), array_metadata_store=<orbax.checkpoint._src.metadata.array_metadata_store.Store object at 0x146071aa8310>, enable_pinned_host_transfer=False, save_concurrent_bytes: 96000000000 (89.4 GiB), restore_concurrent_bytes: 96000000000 (89.4 GiB)
[2026-01-17 22:08:38,239][absl][INFO] - [thread=MainThread] Failed to get flag value for EXPERIMENTAL_ORBAX_USE_DISTRIBUTED_PROCESS_ID.
[2026-01-17 22:08:38,239][absl][INFO] - [process=0][thread=MainThread] Using barrier_sync_fn: <function get_barrier_sync_fn.<locals>.<lambda> at 0x145f65944cc0> timeout: 600 secs and primary_host=0 for async checkpoint writes
[2026-01-17 22:08:38,245][absl][INFO] - Restoring checkpoint from /gpfs/home5/sfris1/two-towers-confounding-project/results/Synthetic_Feature_Separation/data=Custom_dataset,docs_per_group=10000,experiment=Synthetic_Feature_Separation,logging_policy_ranker=ordered,logging_policy_sampler=e_greedy,num_queries=1000,policy_temperature=1.0,relevance=deep,relevance_tower=deeper,s_doc=-0.3/checkpoint.
[2026-01-17 22:08:38,290][absl][INFO] - [process=0] /jax/checkpoint/read/gbytes_per_sec: 0 Bytes/s (total gbytes: 309.0 KiB) (time elapsed: 42 milliseconds) (per-host)
[2026-01-17 22:08:38,290][absl][INFO] - Finished restoring checkpoint in 0.05 seconds from /gpfs/home5/sfris1/two-towers-confounding-project/results/Synthetic_Feature_Separation/data=Custom_dataset,docs_per_group=10000,experiment=Synthetic_Feature_Separation,logging_policy_ranker=ordered,logging_policy_sampler=e_greedy,num_queries=1000,policy_temperature=1.0,relevance=deep,relevance_tower=deeper,s_doc=-0.3/checkpoint.
[2026-01-17 22:08:39,552][jax._src.xla_bridge][ERROR] - Jax plugin configuration error: Exception when calling jax_plugins.xla_cuda12.initialize()
Traceback (most recent call last):
  File "/gpfs/home5/sfris1/two-towers-confounding-project/.venv/lib/python3.11/site-packages/jax/_src/xla_bridge.py", line 485, in discover_pjrt_plugins
    plugin_module.initialize()
  File "/gpfs/home5/sfris1/two-towers-confounding-project/.venv/lib/python3.11/site-packages/jax_plugins/xla_cuda12/__init__.py", line 328, in initialize
    _check_cuda_versions(raise_on_first_error=True)
  File "/gpfs/home5/sfris1/two-towers-confounding-project/.venv/lib/python3.11/site-packages/jax_plugins/xla_cuda12/__init__.py", line 285, in _check_cuda_versions
    local_device_count = cuda_versions.cuda_device_count()
                         ^^^^^^^^^^^^^^^^^^^^^^^^^^^^^^^^^
RuntimeError: jaxlib/cuda/versions_helpers.cc:113: operation cuInit(0) failed: CUDA_ERROR_NO_DEVICE
[2026-01-17 22:08:39,552][jax._src.xla_bridge][ERROR] - Jax plugin configuration error: Exception when calling jax_plugins.xla_cuda12.initialize()
Traceback (most recent call last):
  File "/gpfs/home5/sfris1/two-towers-confounding-project/.venv/lib/python3.11/site-packages/jax/_src/xla_bridge.py", line 485, in discover_pjrt_plugins
    plugin_module.initialize()
  File "/gpfs/home5/sfris1/two-towers-confounding-project/.venv/lib/python3.11/site-packages/jax_plugins/xla_cuda12/__init__.py", line 328, in initialize
    _check_cuda_versions(raise_on_first_error=True)
  File "/gpfs/home5/sfris1/two-towers-confounding-project/.venv/lib/python3.11/site-packages/jax_plugins/xla_cuda12/__init__.py", line 285, in _check_cuda_versions
    local_device_count = cuda_versions.cuda_device_count()
                         ^^^^^^^^^^^^^^^^^^^^^^^^^^^^^^^^^
RuntimeError: jaxlib/cuda/versions_helpers.cc:113: operation cuInit(0) failed: CUDA_ERROR_NO_DEVICE
[2026-01-17 22:08:39,571][jax._src.xla_bridge][INFO] - Unable to initialize backend 'tpu': INTERNAL: Failed to open libtpu.so: libtpu.so: cannot open shared object file: No such file or directory
[2026-01-17 22:08:39,573][jax._src.xla_bridge][INFO] - Unable to initialize backend 'tpu': INTERNAL: Failed to open libtpu.so: libtpu.so: cannot open shared object file: No such file or directory
[2026-01-17 22:08:40,067][jax._src.xla_bridge][ERROR] - Jax plugin configuration error: Exception when calling jax_plugins.xla_cuda12.initialize()
Traceback (most recent call last):
  File "/gpfs/home5/sfris1/two-towers-confounding-project/.venv/lib/python3.11/site-packages/jax/_src/xla_bridge.py", line 485, in discover_pjrt_plugins
    plugin_module.initialize()
  File "/gpfs/home5/sfris1/two-towers-confounding-project/.venv/lib/python3.11/site-packages/jax_plugins/xla_cuda12/__init__.py", line 328, in initialize
    _check_cuda_versions(raise_on_first_error=True)
  File "/gpfs/home5/sfris1/two-towers-confounding-project/.venv/lib/python3.11/site-packages/jax_plugins/xla_cuda12/__init__.py", line 285, in _check_cuda_versions
    local_device_count = cuda_versions.cuda_device_count()
                         ^^^^^^^^^^^^^^^^^^^^^^^^^^^^^^^^^
RuntimeError: jaxlib/cuda/versions_helpers.cc:113: operation cuInit(0) failed: CUDA_ERROR_NO_DEVICE
[2026-01-17 22:08:40,076][jax._src.xla_bridge][INFO] - Unable to initialize backend 'tpu': INTERNAL: Failed to open libtpu.so: libtpu.so: cannot open shared object file: No such file or directory
[2026-01-17 22:08:40,084][jax._src.xla_bridge][ERROR] - Jax plugin configuration error: Exception when calling jax_plugins.xla_cuda12.initialize()
Traceback (most recent call last):
  File "/gpfs/home5/sfris1/two-towers-confounding-project/.venv/lib/python3.11/site-packages/jax/_src/xla_bridge.py", line 485, in discover_pjrt_plugins
    plugin_module.initialize()
  File "/gpfs/home5/sfris1/two-towers-confounding-project/.venv/lib/python3.11/site-packages/jax_plugins/xla_cuda12/__init__.py", line 328, in initialize
    _check_cuda_versions(raise_on_first_error=True)
  File "/gpfs/home5/sfris1/two-towers-confounding-project/.venv/lib/python3.11/site-packages/jax_plugins/xla_cuda12/__init__.py", line 285, in _check_cuda_versions
    local_device_count = cuda_versions.cuda_device_count()
                         ^^^^^^^^^^^^^^^^^^^^^^^^^^^^^^^^^
RuntimeError: jaxlib/cuda/versions_helpers.cc:113: operation cuInit(0) failed: CUDA_ERROR_NO_DEVICE
[2026-01-17 22:08:40,093][jax._src.xla_bridge][INFO] - Unable to initialize backend 'tpu': INTERNAL: Failed to open libtpu.so: libtpu.so: cannot open shared object file: No such file or directory
[2026-01-17 22:08:43,112][jax._src.xla_bridge][ERROR] - Jax plugin configuration error: Exception when calling jax_plugins.xla_cuda12.initialize()
Traceback (most recent call last):
  File "/gpfs/home5/sfris1/two-towers-confounding-project/.venv/lib/python3.11/site-packages/jax/_src/xla_bridge.py", line 485, in discover_pjrt_plugins
    plugin_module.initialize()
  File "/gpfs/home5/sfris1/two-towers-confounding-project/.venv/lib/python3.11/site-packages/jax_plugins/xla_cuda12/__init__.py", line 328, in initialize
    _check_cuda_versions(raise_on_first_error=True)
  File "/gpfs/home5/sfris1/two-towers-confounding-project/.venv/lib/python3.11/site-packages/jax_plugins/xla_cuda12/__init__.py", line 285, in _check_cuda_versions
    local_device_count = cuda_versions.cuda_device_count()
                         ^^^^^^^^^^^^^^^^^^^^^^^^^^^^^^^^^
RuntimeError: jaxlib/cuda/versions_helpers.cc:113: operation cuInit(0) failed: CUDA_ERROR_NO_DEVICE
[2026-01-17 22:08:43,122][jax._src.xla_bridge][INFO] - Unable to initialize backend 'tpu': INTERNAL: Failed to open libtpu.so: libtpu.so: cannot open shared object file: No such file or directory
[2026-01-17 22:08:50,492][jax._src.xla_bridge][ERROR] - Jax plugin configuration error: Exception when calling jax_plugins.xla_cuda12.initialize()
Traceback (most recent call last):
  File "/gpfs/home5/sfris1/two-towers-confounding-project/.venv/lib/python3.11/site-packages/jax/_src/xla_bridge.py", line 485, in discover_pjrt_plugins
    plugin_module.initialize()
  File "/gpfs/home5/sfris1/two-towers-confounding-project/.venv/lib/python3.11/site-packages/jax_plugins/xla_cuda12/__init__.py", line 328, in initialize
    _check_cuda_versions(raise_on_first_error=True)
  File "/gpfs/home5/sfris1/two-towers-confounding-project/.venv/lib/python3.11/site-packages/jax_plugins/xla_cuda12/__init__.py", line 285, in _check_cuda_versions
    local_device_count = cuda_versions.cuda_device_count()
                         ^^^^^^^^^^^^^^^^^^^^^^^^^^^^^^^^^
RuntimeError: jaxlib/cuda/versions_helpers.cc:113: operation cuInit(0) failed: CUDA_ERROR_NO_DEVICE
[2026-01-17 22:08:50,505][jax._src.xla_bridge][INFO] - Unable to initialize backend 'tpu': INTERNAL: Failed to open libtpu.so: libtpu.so: cannot open shared object file: No such file or directory
[2026-01-17 22:08:50,505][jax._src.xla_bridge][ERROR] - Jax plugin configuration error: Exception when calling jax_plugins.xla_cuda12.initialize()
Traceback (most recent call last):
  File "/gpfs/home5/sfris1/two-towers-confounding-project/.venv/lib/python3.11/site-packages/jax/_src/xla_bridge.py", line 485, in discover_pjrt_plugins
    plugin_module.initialize()
  File "/gpfs/home5/sfris1/two-towers-confounding-project/.venv/lib/python3.11/site-packages/jax_plugins/xla_cuda12/__init__.py", line 328, in initialize
    _check_cuda_versions(raise_on_first_error=True)
  File "/gpfs/home5/sfris1/two-towers-confounding-project/.venv/lib/python3.11/site-packages/jax_plugins/xla_cuda12/__init__.py", line 285, in _check_cuda_versions
    local_device_count = cuda_versions.cuda_device_count()
                         ^^^^^^^^^^^^^^^^^^^^^^^^^^^^^^^^^
RuntimeError: jaxlib/cuda/versions_helpers.cc:113: operation cuInit(0) failed: CUDA_ERROR_NO_DEVICE
[2026-01-17 22:08:50,513][jax._src.xla_bridge][INFO] - Unable to initialize backend 'tpu': INTERNAL: Failed to open libtpu.so: libtpu.so: cannot open shared object file: No such file or directory
[2026-01-17 22:08:50,620][absl][INFO] - orbax-checkpoint version: 0.11.25
[2026-01-17 22:08:50,623][absl][INFO] - Created BasePyTreeCheckpointHandler: use_ocdbt=True, use_zarr3=False, pytree_metadata_options=PyTreeMetadataOptions(support_rich_types=False), array_metadata_store=<orbax.checkpoint._src.metadata.array_metadata_store.Store object at 0x14ac8903bf90>, enable_pinned_host_transfer=False, save_concurrent_bytes: 96000000000 (89.4 GiB), restore_concurrent_bytes: 96000000000 (89.4 GiB)
[2026-01-17 22:08:50,623][absl][INFO] - [thread=MainThread] Failed to get flag value for EXPERIMENTAL_ORBAX_USE_DISTRIBUTED_PROCESS_ID.
[2026-01-17 22:08:50,623][absl][INFO] - [process=0][thread=MainThread] Using barrier_sync_fn: <function get_barrier_sync_fn.<locals>.<lambda> at 0x14ab5fb24cc0> timeout: 600 secs and primary_host=0 for async checkpoint writes
[2026-01-17 22:08:50,629][absl][INFO] - Restoring checkpoint from /gpfs/home5/sfris1/two-towers-confounding-project/results/Synthetic_Feature_Separation/data=Custom_dataset,docs_per_group=10000,experiment=Synthetic_Feature_Separation,logging_policy_ranker=ordered,logging_policy_sampler=e_greedy,num_queries=1000,policy_temperature=1.0,relevance=deep,relevance_tower=deeper,s_doc=-0.3/checkpoint.
[2026-01-17 22:08:50,673][absl][INFO] - [process=0] /jax/checkpoint/read/gbytes_per_sec: 0 Bytes/s (total gbytes: 309.0 KiB) (time elapsed: 41 milliseconds) (per-host)
[2026-01-17 22:08:50,673][absl][INFO] - Finished restoring checkpoint in 0.05 seconds from /gpfs/home5/sfris1/two-towers-confounding-project/results/Synthetic_Feature_Separation/data=Custom_dataset,docs_per_group=10000,experiment=Synthetic_Feature_Separation,logging_policy_ranker=ordered,logging_policy_sampler=e_greedy,num_queries=1000,policy_temperature=1.0,relevance=deep,relevance_tower=deeper,s_doc=-0.3/checkpoint.
[2026-01-17 22:08:50,836][absl][INFO] - orbax-checkpoint version: 0.11.25
[2026-01-17 22:08:50,837][absl][INFO] - Created BasePyTreeCheckpointHandler: use_ocdbt=True, use_zarr3=False, pytree_metadata_options=PyTreeMetadataOptions(support_rich_types=False), array_metadata_store=<orbax.checkpoint._src.metadata.array_metadata_store.Store object at 0x14cc7610b2d0>, enable_pinned_host_transfer=False, save_concurrent_bytes: 96000000000 (89.4 GiB), restore_concurrent_bytes: 96000000000 (89.4 GiB)
[2026-01-17 22:08:50,837][absl][INFO] - [thread=MainThread] Failed to get flag value for EXPERIMENTAL_ORBAX_USE_DISTRIBUTED_PROCESS_ID.
[2026-01-17 22:08:50,837][absl][INFO] - [process=0][thread=MainThread] Using barrier_sync_fn: <function get_barrier_sync_fn.<locals>.<lambda> at 0x14cc0c388cc0> timeout: 600 secs and primary_host=0 for async checkpoint writes
[2026-01-17 22:08:50,842][absl][INFO] - Restoring checkpoint from /gpfs/home5/sfris1/two-towers-confounding-project/results/Synthetic_Feature_Separation/data=Custom_dataset,docs_per_group=10000,experiment=Synthetic_Feature_Separation,logging_policy_ranker=ordered,logging_policy_sampler=e_greedy,num_queries=1000,policy_temperature=1.0,relevance=deep,relevance_tower=deeper,s_doc=-0.3/checkpoint.
[2026-01-17 22:08:50,879][absl][INFO] - [process=0] /jax/checkpoint/read/gbytes_per_sec: 0 Bytes/s (total gbytes: 309.0 KiB) (time elapsed: 36 milliseconds) (per-host)
[2026-01-17 22:08:50,879][absl][INFO] - Finished restoring checkpoint in 0.04 seconds from /gpfs/home5/sfris1/two-towers-confounding-project/results/Synthetic_Feature_Separation/data=Custom_dataset,docs_per_group=10000,experiment=Synthetic_Feature_Separation,logging_policy_ranker=ordered,logging_policy_sampler=e_greedy,num_queries=1000,policy_temperature=1.0,relevance=deep,relevance_tower=deeper,s_doc=-0.3/checkpoint.
[2026-01-17 22:08:50,947][absl][INFO] - orbax-checkpoint version: 0.11.25
[2026-01-17 22:08:50,948][absl][INFO] - Created BasePyTreeCheckpointHandler: use_ocdbt=True, use_zarr3=False, pytree_metadata_options=PyTreeMetadataOptions(support_rich_types=False), array_metadata_store=<orbax.checkpoint._src.metadata.array_metadata_store.Store object at 0x14e83ef25e90>, enable_pinned_host_transfer=False, save_concurrent_bytes: 96000000000 (89.4 GiB), restore_concurrent_bytes: 96000000000 (89.4 GiB)
[2026-01-17 22:08:50,948][absl][INFO] - [thread=MainThread] Failed to get flag value for EXPERIMENTAL_ORBAX_USE_DISTRIBUTED_PROCESS_ID.
[2026-01-17 22:08:50,948][absl][INFO] - [process=0][thread=MainThread] Using barrier_sync_fn: <function get_barrier_sync_fn.<locals>.<lambda> at 0x14e7f4194cc0> timeout: 600 secs and primary_host=0 for async checkpoint writes
[2026-01-17 22:08:50,953][absl][INFO] - Restoring checkpoint from /gpfs/home5/sfris1/two-towers-confounding-project/results/Synthetic_Feature_Separation/data=Custom_dataset,docs_per_group=10000,experiment=Synthetic_Feature_Separation,logging_policy_ranker=ordered,logging_policy_sampler=e_greedy,num_queries=1000,policy_temperature=1.0,relevance=deep,relevance_tower=deeper,s_doc=-0.3/checkpoint.
[2026-01-17 22:08:50,990][absl][INFO] - [process=0] /jax/checkpoint/read/gbytes_per_sec: 0 Bytes/s (total gbytes: 309.0 KiB) (time elapsed: 35 milliseconds) (per-host)
[2026-01-17 22:08:50,990][absl][INFO] - Finished restoring checkpoint in 0.04 seconds from /gpfs/home5/sfris1/two-towers-confounding-project/results/Synthetic_Feature_Separation/data=Custom_dataset,docs_per_group=10000,experiment=Synthetic_Feature_Separation,logging_policy_ranker=ordered,logging_policy_sampler=e_greedy,num_queries=1000,policy_temperature=1.0,relevance=deep,relevance_tower=deeper,s_doc=-0.3/checkpoint.
[2026-01-17 22:08:51,285][absl][INFO] - orbax-checkpoint version: 0.11.25
[2026-01-17 22:08:51,286][absl][INFO] - Created BasePyTreeCheckpointHandler: use_ocdbt=True, use_zarr3=False, pytree_metadata_options=PyTreeMetadataOptions(support_rich_types=False), array_metadata_store=<orbax.checkpoint._src.metadata.array_metadata_store.Store object at 0x1465b5c51910>, enable_pinned_host_transfer=False, save_concurrent_bytes: 96000000000 (89.4 GiB), restore_concurrent_bytes: 96000000000 (89.4 GiB)
[2026-01-17 22:08:51,286][absl][INFO] - [thread=MainThread] Failed to get flag value for EXPERIMENTAL_ORBAX_USE_DISTRIBUTED_PROCESS_ID.
[2026-01-17 22:08:51,286][absl][INFO] - [process=0][thread=MainThread] Using barrier_sync_fn: <function get_barrier_sync_fn.<locals>.<lambda> at 0x1465903c8cc0> timeout: 600 secs and primary_host=0 for async checkpoint writes
[2026-01-17 22:08:51,291][absl][INFO] - Restoring checkpoint from /gpfs/home5/sfris1/two-towers-confounding-project/results/Synthetic_Feature_Separation/data=Custom_dataset,docs_per_group=10000,experiment=Synthetic_Feature_Separation,logging_policy_ranker=ordered,logging_policy_sampler=e_greedy,num_queries=1000,policy_temperature=1.0,relevance=deep,relevance_tower=deeper,s_doc=-0.3/checkpoint.
[2026-01-17 22:08:51,329][absl][INFO] - [process=0] /jax/checkpoint/read/gbytes_per_sec: 0 Bytes/s (total gbytes: 309.0 KiB) (time elapsed: 37 milliseconds) (per-host)
[2026-01-17 22:08:51,329][absl][INFO] - Finished restoring checkpoint in 0.04 seconds from /gpfs/home5/sfris1/two-towers-confounding-project/results/Synthetic_Feature_Separation/data=Custom_dataset,docs_per_group=10000,experiment=Synthetic_Feature_Separation,logging_policy_ranker=ordered,logging_policy_sampler=e_greedy,num_queries=1000,policy_temperature=1.0,relevance=deep,relevance_tower=deeper,s_doc=-0.3/checkpoint.
[2026-01-17 22:08:54,108][absl][INFO] - orbax-checkpoint version: 0.11.25
[2026-01-17 22:08:54,112][absl][INFO] - Created BasePyTreeCheckpointHandler: use_ocdbt=True, use_zarr3=False, pytree_metadata_options=PyTreeMetadataOptions(support_rich_types=False), array_metadata_store=<orbax.checkpoint._src.metadata.array_metadata_store.Store object at 0x154a26c7b2d0>, enable_pinned_host_transfer=False, save_concurrent_bytes: 96000000000 (89.4 GiB), restore_concurrent_bytes: 96000000000 (89.4 GiB)
[2026-01-17 22:08:54,113][absl][INFO] - [thread=MainThread] Failed to get flag value for EXPERIMENTAL_ORBAX_USE_DISTRIBUTED_PROCESS_ID.
[2026-01-17 22:08:54,113][absl][INFO] - [process=0][thread=MainThread] Using barrier_sync_fn: <function get_barrier_sync_fn.<locals>.<lambda> at 0x15490ab20cc0> timeout: 600 secs and primary_host=0 for async checkpoint writes
[2026-01-17 22:08:54,117][absl][INFO] - Restoring checkpoint from /gpfs/home5/sfris1/two-towers-confounding-project/results/Synthetic_Feature_Separation/data=Custom_dataset,docs_per_group=10000,experiment=Synthetic_Feature_Separation,logging_policy_ranker=ordered,logging_policy_sampler=e_greedy,num_queries=1000,policy_temperature=1.0,relevance=deep,relevance_tower=deeper,s_doc=-0.3/checkpoint.
[2026-01-17 22:08:54,155][absl][INFO] - [process=0] /jax/checkpoint/read/gbytes_per_sec: 0 Bytes/s (total gbytes: 309.0 KiB) (time elapsed: 36 milliseconds) (per-host)
[2026-01-17 22:08:54,155][absl][INFO] - Finished restoring checkpoint in 0.04 seconds from /gpfs/home5/sfris1/two-towers-confounding-project/results/Synthetic_Feature_Separation/data=Custom_dataset,docs_per_group=10000,experiment=Synthetic_Feature_Separation,logging_policy_ranker=ordered,logging_policy_sampler=e_greedy,num_queries=1000,policy_temperature=1.0,relevance=deep,relevance_tower=deeper,s_doc=-0.3/checkpoint.
[2026-01-17 22:08:59,924][jax._src.xla_bridge][ERROR] - Jax plugin configuration error: Exception when calling jax_plugins.xla_cuda12.initialize()
Traceback (most recent call last):
  File "/gpfs/home5/sfris1/two-towers-confounding-project/.venv/lib/python3.11/site-packages/jax/_src/xla_bridge.py", line 485, in discover_pjrt_plugins
    plugin_module.initialize()
  File "/gpfs/home5/sfris1/two-towers-confounding-project/.venv/lib/python3.11/site-packages/jax_plugins/xla_cuda12/__init__.py", line 328, in initialize
    _check_cuda_versions(raise_on_first_error=True)
  File "/gpfs/home5/sfris1/two-towers-confounding-project/.venv/lib/python3.11/site-packages/jax_plugins/xla_cuda12/__init__.py", line 285, in _check_cuda_versions
    local_device_count = cuda_versions.cuda_device_count()
                         ^^^^^^^^^^^^^^^^^^^^^^^^^^^^^^^^^
RuntimeError: jaxlib/cuda/versions_helpers.cc:113: operation cuInit(0) failed: CUDA_ERROR_NO_DEVICE
[2026-01-17 22:08:59,924][jax._src.xla_bridge][ERROR] - Jax plugin configuration error: Exception when calling jax_plugins.xla_cuda12.initialize()
Traceback (most recent call last):
  File "/gpfs/home5/sfris1/two-towers-confounding-project/.venv/lib/python3.11/site-packages/jax/_src/xla_bridge.py", line 485, in discover_pjrt_plugins
    plugin_module.initialize()
  File "/gpfs/home5/sfris1/two-towers-confounding-project/.venv/lib/python3.11/site-packages/jax_plugins/xla_cuda12/__init__.py", line 328, in initialize
    _check_cuda_versions(raise_on_first_error=True)
  File "/gpfs/home5/sfris1/two-towers-confounding-project/.venv/lib/python3.11/site-packages/jax_plugins/xla_cuda12/__init__.py", line 285, in _check_cuda_versions
    local_device_count = cuda_versions.cuda_device_count()
                         ^^^^^^^^^^^^^^^^^^^^^^^^^^^^^^^^^
RuntimeError: jaxlib/cuda/versions_helpers.cc:113: operation cuInit(0) failed: CUDA_ERROR_NO_DEVICE
[2026-01-17 22:08:59,946][jax._src.xla_bridge][INFO] - Unable to initialize backend 'tpu': INTERNAL: Failed to open libtpu.so: libtpu.so: cannot open shared object file: No such file or directory
[2026-01-17 22:08:59,946][jax._src.xla_bridge][INFO] - Unable to initialize backend 'tpu': INTERNAL: Failed to open libtpu.so: libtpu.so: cannot open shared object file: No such file or directory
[2026-01-17 22:09:01,539][absl][INFO] - orbax-checkpoint version: 0.11.25
[2026-01-17 22:09:01,542][absl][INFO] - Created BasePyTreeCheckpointHandler: use_ocdbt=True, use_zarr3=False, pytree_metadata_options=PyTreeMetadataOptions(support_rich_types=False), array_metadata_store=<orbax.checkpoint._src.metadata.array_metadata_store.Store object at 0x1507e0542510>, enable_pinned_host_transfer=False, save_concurrent_bytes: 96000000000 (89.4 GiB), restore_concurrent_bytes: 96000000000 (89.4 GiB)
[2026-01-17 22:09:01,543][absl][INFO] - [thread=MainThread] Failed to get flag value for EXPERIMENTAL_ORBAX_USE_DISTRIBUTED_PROCESS_ID.
[2026-01-17 22:09:01,543][absl][INFO] - [process=0][thread=MainThread] Using barrier_sync_fn: <function get_barrier_sync_fn.<locals>.<lambda> at 0x150788384cc0> timeout: 600 secs and primary_host=0 for async checkpoint writes
[2026-01-17 22:09:01,548][absl][INFO] - Restoring checkpoint from /gpfs/home5/sfris1/two-towers-confounding-project/results/Synthetic_Feature_Separation/data=Custom_dataset,docs_per_group=10000,experiment=Synthetic_Feature_Separation,logging_policy_ranker=ordered,logging_policy_sampler=e_greedy,num_queries=1000,policy_temperature=1.0,relevance=deep,relevance_tower=deeper,s_doc=-0.3/checkpoint.
[2026-01-17 22:09:01,589][absl][INFO] - [process=0] /jax/checkpoint/read/gbytes_per_sec: 0 Bytes/s (total gbytes: 309.0 KiB) (time elapsed: 39 milliseconds) (per-host)
[2026-01-17 22:09:01,589][absl][INFO] - Finished restoring checkpoint in 0.04 seconds from /gpfs/home5/sfris1/two-towers-confounding-project/results/Synthetic_Feature_Separation/data=Custom_dataset,docs_per_group=10000,experiment=Synthetic_Feature_Separation,logging_policy_ranker=ordered,logging_policy_sampler=e_greedy,num_queries=1000,policy_temperature=1.0,relevance=deep,relevance_tower=deeper,s_doc=-0.3/checkpoint.
[2026-01-17 22:09:01,630][absl][INFO] - orbax-checkpoint version: 0.11.25
[2026-01-17 22:09:01,630][absl][INFO] - Created BasePyTreeCheckpointHandler: use_ocdbt=True, use_zarr3=False, pytree_metadata_options=PyTreeMetadataOptions(support_rich_types=False), array_metadata_store=<orbax.checkpoint._src.metadata.array_metadata_store.Store object at 0x14ae7d232d10>, enable_pinned_host_transfer=False, save_concurrent_bytes: 96000000000 (89.4 GiB), restore_concurrent_bytes: 96000000000 (89.4 GiB)
[2026-01-17 22:09:01,631][absl][INFO] - [thread=MainThread] Failed to get flag value for EXPERIMENTAL_ORBAX_USE_DISTRIBUTED_PROCESS_ID.
[2026-01-17 22:09:01,631][absl][INFO] - [process=0][thread=MainThread] Using barrier_sync_fn: <function get_barrier_sync_fn.<locals>.<lambda> at 0x14ae5a644cc0> timeout: 600 secs and primary_host=0 for async checkpoint writes
[2026-01-17 22:09:01,636][absl][INFO] - Restoring checkpoint from /gpfs/home5/sfris1/two-towers-confounding-project/results/Synthetic_Feature_Separation/data=Custom_dataset,docs_per_group=10000,experiment=Synthetic_Feature_Separation,logging_policy_ranker=ordered,logging_policy_sampler=e_greedy,num_queries=1000,policy_temperature=1.0,relevance=deep,relevance_tower=deeper,s_doc=-0.3/checkpoint.
[2026-01-17 22:09:01,673][absl][INFO] - [process=0] /jax/checkpoint/read/gbytes_per_sec: 0 Bytes/s (total gbytes: 309.0 KiB) (time elapsed: 36 milliseconds) (per-host)
[2026-01-17 22:09:01,673][absl][INFO] - Finished restoring checkpoint in 0.04 seconds from /gpfs/home5/sfris1/two-towers-confounding-project/results/Synthetic_Feature_Separation/data=Custom_dataset,docs_per_group=10000,experiment=Synthetic_Feature_Separation,logging_policy_ranker=ordered,logging_policy_sampler=e_greedy,num_queries=1000,policy_temperature=1.0,relevance=deep,relevance_tower=deeper,s_doc=-0.3/checkpoint.
[2026-01-17 22:09:03,503][jax._src.xla_bridge][ERROR] - Jax plugin configuration error: Exception when calling jax_plugins.xla_cuda12.initialize()
Traceback (most recent call last):
  File "/gpfs/home5/sfris1/two-towers-confounding-project/.venv/lib/python3.11/site-packages/jax/_src/xla_bridge.py", line 485, in discover_pjrt_plugins
    plugin_module.initialize()
  File "/gpfs/home5/sfris1/two-towers-confounding-project/.venv/lib/python3.11/site-packages/jax_plugins/xla_cuda12/__init__.py", line 328, in initialize
    _check_cuda_versions(raise_on_first_error=True)
  File "/gpfs/home5/sfris1/two-towers-confounding-project/.venv/lib/python3.11/site-packages/jax_plugins/xla_cuda12/__init__.py", line 285, in _check_cuda_versions
    local_device_count = cuda_versions.cuda_device_count()
                         ^^^^^^^^^^^^^^^^^^^^^^^^^^^^^^^^^
RuntimeError: jaxlib/cuda/versions_helpers.cc:113: operation cuInit(0) failed: CUDA_ERROR_NO_DEVICE
[2026-01-17 22:09:03,513][jax._src.xla_bridge][INFO] - Unable to initialize backend 'tpu': INTERNAL: Failed to open libtpu.so: libtpu.so: cannot open shared object file: No such file or directory
[2026-01-17 22:09:11,086][absl][INFO] - orbax-checkpoint version: 0.11.25
[2026-01-17 22:09:11,087][absl][INFO] - Created BasePyTreeCheckpointHandler: use_ocdbt=True, use_zarr3=False, pytree_metadata_options=PyTreeMetadataOptions(support_rich_types=False), array_metadata_store=<orbax.checkpoint._src.metadata.array_metadata_store.Store object at 0x149d9fcc38d0>, enable_pinned_host_transfer=False, save_concurrent_bytes: 96000000000 (89.4 GiB), restore_concurrent_bytes: 96000000000 (89.4 GiB)
[2026-01-17 22:09:11,087][absl][INFO] - [thread=MainThread] Failed to get flag value for EXPERIMENTAL_ORBAX_USE_DISTRIBUTED_PROCESS_ID.
[2026-01-17 22:09:11,087][absl][INFO] - [process=0][thread=MainThread] Using barrier_sync_fn: <function get_barrier_sync_fn.<locals>.<lambda> at 0x149c6fa44cc0> timeout: 600 secs and primary_host=0 for async checkpoint writes
[2026-01-17 22:09:11,092][absl][INFO] - Restoring checkpoint from /gpfs/home5/sfris1/two-towers-confounding-project/results/Synthetic_Feature_Separation/data=Custom_dataset,docs_per_group=10000,experiment=Synthetic_Feature_Separation,logging_policy_ranker=ordered,logging_policy_sampler=e_greedy,num_queries=1000,policy_temperature=1.0,relevance=deep,relevance_tower=deeper,s_doc=-0.3/checkpoint.
[2026-01-17 22:09:11,136][absl][INFO] - [process=0] /jax/checkpoint/read/gbytes_per_sec: 0 Bytes/s (total gbytes: 309.0 KiB) (time elapsed: 41 milliseconds) (per-host)
[2026-01-17 22:09:11,136][absl][INFO] - Finished restoring checkpoint in 0.05 seconds from /gpfs/home5/sfris1/two-towers-confounding-project/results/Synthetic_Feature_Separation/data=Custom_dataset,docs_per_group=10000,experiment=Synthetic_Feature_Separation,logging_policy_ranker=ordered,logging_policy_sampler=e_greedy,num_queries=1000,policy_temperature=1.0,relevance=deep,relevance_tower=deeper,s_doc=-0.3/checkpoint.
[2026-01-17 22:09:11,184][absl][INFO] - orbax-checkpoint version: 0.11.25
[2026-01-17 22:09:11,185][absl][INFO] - Created BasePyTreeCheckpointHandler: use_ocdbt=True, use_zarr3=False, pytree_metadata_options=PyTreeMetadataOptions(support_rich_types=False), array_metadata_store=<orbax.checkpoint._src.metadata.array_metadata_store.Store object at 0x14acbf3d0450>, enable_pinned_host_transfer=False, save_concurrent_bytes: 96000000000 (89.4 GiB), restore_concurrent_bytes: 96000000000 (89.4 GiB)
[2026-01-17 22:09:11,185][absl][INFO] - [thread=MainThread] Failed to get flag value for EXPERIMENTAL_ORBAX_USE_DISTRIBUTED_PROCESS_ID.
[2026-01-17 22:09:11,185][absl][INFO] - [process=0][thread=MainThread] Using barrier_sync_fn: <function get_barrier_sync_fn.<locals>.<lambda> at 0x14ab8f344cc0> timeout: 600 secs and primary_host=0 for async checkpoint writes
[2026-01-17 22:09:11,189][absl][INFO] - Restoring checkpoint from /gpfs/home5/sfris1/two-towers-confounding-project/results/Synthetic_Feature_Separation/data=Custom_dataset,docs_per_group=10000,experiment=Synthetic_Feature_Separation,logging_policy_ranker=ordered,logging_policy_sampler=e_greedy,num_queries=1000,policy_temperature=1.0,relevance=deep,relevance_tower=deeper,s_doc=-0.3/checkpoint.
[2026-01-17 22:09:11,227][absl][INFO] - [process=0] /jax/checkpoint/read/gbytes_per_sec: 0 Bytes/s (total gbytes: 309.0 KiB) (time elapsed: 36 milliseconds) (per-host)
[2026-01-17 22:09:11,227][absl][INFO] - Finished restoring checkpoint in 0.04 seconds from /gpfs/home5/sfris1/two-towers-confounding-project/results/Synthetic_Feature_Separation/data=Custom_dataset,docs_per_group=10000,experiment=Synthetic_Feature_Separation,logging_policy_ranker=ordered,logging_policy_sampler=e_greedy,num_queries=1000,policy_temperature=1.0,relevance=deep,relevance_tower=deeper,s_doc=-0.3/checkpoint.
[2026-01-17 22:09:12,452][jax._src.xla_bridge][ERROR] - Jax plugin configuration error: Exception when calling jax_plugins.xla_cuda12.initialize()
Traceback (most recent call last):
  File "/gpfs/home5/sfris1/two-towers-confounding-project/.venv/lib/python3.11/site-packages/jax/_src/xla_bridge.py", line 485, in discover_pjrt_plugins
    plugin_module.initialize()
  File "/gpfs/home5/sfris1/two-towers-confounding-project/.venv/lib/python3.11/site-packages/jax_plugins/xla_cuda12/__init__.py", line 328, in initialize
    _check_cuda_versions(raise_on_first_error=True)
  File "/gpfs/home5/sfris1/two-towers-confounding-project/.venv/lib/python3.11/site-packages/jax_plugins/xla_cuda12/__init__.py", line 285, in _check_cuda_versions
    local_device_count = cuda_versions.cuda_device_count()
                         ^^^^^^^^^^^^^^^^^^^^^^^^^^^^^^^^^
RuntimeError: jaxlib/cuda/versions_helpers.cc:113: operation cuInit(0) failed: CUDA_ERROR_NO_DEVICE
[2026-01-17 22:09:12,462][jax._src.xla_bridge][INFO] - Unable to initialize backend 'tpu': INTERNAL: Failed to open libtpu.so: libtpu.so: cannot open shared object file: No such file or directory
[2026-01-17 22:09:14,837][absl][INFO] - orbax-checkpoint version: 0.11.25
[2026-01-17 22:09:14,843][absl][INFO] - Created BasePyTreeCheckpointHandler: use_ocdbt=True, use_zarr3=False, pytree_metadata_options=PyTreeMetadataOptions(support_rich_types=False), array_metadata_store=<orbax.checkpoint._src.metadata.array_metadata_store.Store object at 0x148a1b58a890>, enable_pinned_host_transfer=False, save_concurrent_bytes: 96000000000 (89.4 GiB), restore_concurrent_bytes: 96000000000 (89.4 GiB)
[2026-01-17 22:09:14,843][absl][INFO] - [thread=MainThread] Failed to get flag value for EXPERIMENTAL_ORBAX_USE_DISTRIBUTED_PROCESS_ID.
[2026-01-17 22:09:14,843][absl][INFO] - [process=0][thread=MainThread] Using barrier_sync_fn: <function get_barrier_sync_fn.<locals>.<lambda> at 0x1489f5d64cc0> timeout: 600 secs and primary_host=0 for async checkpoint writes
[2026-01-17 22:09:14,848][absl][INFO] - Restoring checkpoint from /gpfs/home5/sfris1/two-towers-confounding-project/results/Synthetic_Feature_Separation/data=Custom_dataset,docs_per_group=10000,experiment=Synthetic_Feature_Separation,logging_policy_ranker=ordered,logging_policy_sampler=e_greedy,num_queries=1000,policy_temperature=1.0,relevance=deep,relevance_tower=deeper,s_doc=-0.3/checkpoint.
[2026-01-17 22:09:14,886][absl][INFO] - [process=0] /jax/checkpoint/read/gbytes_per_sec: 0 Bytes/s (total gbytes: 309.0 KiB) (time elapsed: 37 milliseconds) (per-host)
[2026-01-17 22:09:14,887][absl][INFO] - Finished restoring checkpoint in 0.04 seconds from /gpfs/home5/sfris1/two-towers-confounding-project/results/Synthetic_Feature_Separation/data=Custom_dataset,docs_per_group=10000,experiment=Synthetic_Feature_Separation,logging_policy_ranker=ordered,logging_policy_sampler=e_greedy,num_queries=1000,policy_temperature=1.0,relevance=deep,relevance_tower=deeper,s_doc=-0.3/checkpoint.
[2026-01-17 22:09:23,585][jax._src.xla_bridge][ERROR] - Jax plugin configuration error: Exception when calling jax_plugins.xla_cuda12.initialize()
Traceback (most recent call last):
  File "/gpfs/home5/sfris1/two-towers-confounding-project/.venv/lib/python3.11/site-packages/jax/_src/xla_bridge.py", line 485, in discover_pjrt_plugins
    plugin_module.initialize()
  File "/gpfs/home5/sfris1/two-towers-confounding-project/.venv/lib/python3.11/site-packages/jax_plugins/xla_cuda12/__init__.py", line 328, in initialize
    _check_cuda_versions(raise_on_first_error=True)
  File "/gpfs/home5/sfris1/two-towers-confounding-project/.venv/lib/python3.11/site-packages/jax_plugins/xla_cuda12/__init__.py", line 285, in _check_cuda_versions
    local_device_count = cuda_versions.cuda_device_count()
                         ^^^^^^^^^^^^^^^^^^^^^^^^^^^^^^^^^
RuntimeError: jaxlib/cuda/versions_helpers.cc:113: operation cuInit(0) failed: CUDA_ERROR_NO_DEVICE
[2026-01-17 22:09:23,595][jax._src.xla_bridge][INFO] - Unable to initialize backend 'tpu': INTERNAL: Failed to open libtpu.so: libtpu.so: cannot open shared object file: No such file or directory
[2026-01-17 22:09:24,087][absl][INFO] - orbax-checkpoint version: 0.11.25
[2026-01-17 22:09:24,087][absl][INFO] - Created BasePyTreeCheckpointHandler: use_ocdbt=True, use_zarr3=False, pytree_metadata_options=PyTreeMetadataOptions(support_rich_types=False), array_metadata_store=<orbax.checkpoint._src.metadata.array_metadata_store.Store object at 0x15390612b2d0>, enable_pinned_host_transfer=False, save_concurrent_bytes: 96000000000 (89.4 GiB), restore_concurrent_bytes: 96000000000 (89.4 GiB)
[2026-01-17 22:09:24,088][absl][INFO] - [thread=MainThread] Failed to get flag value for EXPERIMENTAL_ORBAX_USE_DISTRIBUTED_PROCESS_ID.
[2026-01-17 22:09:24,088][absl][INFO] - [process=0][thread=MainThread] Using barrier_sync_fn: <function get_barrier_sync_fn.<locals>.<lambda> at 0x1538e3514cc0> timeout: 600 secs and primary_host=0 for async checkpoint writes
[2026-01-17 22:09:24,092][absl][INFO] - Restoring checkpoint from /gpfs/home5/sfris1/two-towers-confounding-project/results/Synthetic_Feature_Separation/data=Custom_dataset,docs_per_group=10000,experiment=Synthetic_Feature_Separation,logging_policy_ranker=ordered,logging_policy_sampler=e_greedy,num_queries=1000,policy_temperature=1.0,relevance=deep,relevance_tower=deeper,s_doc=-0.3/checkpoint.
[2026-01-17 22:09:24,130][absl][INFO] - [process=0] /jax/checkpoint/read/gbytes_per_sec: 0 Bytes/s (total gbytes: 309.0 KiB) (time elapsed: 36 milliseconds) (per-host)
[2026-01-17 22:09:24,130][absl][INFO] - Finished restoring checkpoint in 0.04 seconds from /gpfs/home5/sfris1/two-towers-confounding-project/results/Synthetic_Feature_Separation/data=Custom_dataset,docs_per_group=10000,experiment=Synthetic_Feature_Separation,logging_policy_ranker=ordered,logging_policy_sampler=e_greedy,num_queries=1000,policy_temperature=1.0,relevance=deep,relevance_tower=deeper,s_doc=-0.3/checkpoint.
[2026-01-17 22:09:34,710][absl][INFO] - orbax-checkpoint version: 0.11.25
[2026-01-17 22:09:34,710][absl][INFO] - Created BasePyTreeCheckpointHandler: use_ocdbt=True, use_zarr3=False, pytree_metadata_options=PyTreeMetadataOptions(support_rich_types=False), array_metadata_store=<orbax.checkpoint._src.metadata.array_metadata_store.Store object at 0x1475a30b4a50>, enable_pinned_host_transfer=False, save_concurrent_bytes: 96000000000 (89.4 GiB), restore_concurrent_bytes: 96000000000 (89.4 GiB)
[2026-01-17 22:09:34,711][absl][INFO] - [thread=MainThread] Failed to get flag value for EXPERIMENTAL_ORBAX_USE_DISTRIBUTED_PROCESS_ID.
[2026-01-17 22:09:34,711][absl][INFO] - [process=0][thread=MainThread] Using barrier_sync_fn: <function get_barrier_sync_fn.<locals>.<lambda> at 0x147580714cc0> timeout: 600 secs and primary_host=0 for async checkpoint writes
[2026-01-17 22:09:34,716][absl][INFO] - Restoring checkpoint from /gpfs/home5/sfris1/two-towers-confounding-project/results/Synthetic_Feature_Separation/data=Custom_dataset,docs_per_group=10000,experiment=Synthetic_Feature_Separation,logging_policy_ranker=ordered,logging_policy_sampler=e_greedy,num_queries=1000,policy_temperature=1.0,relevance=deep,relevance_tower=deeper,s_doc=-0.3/checkpoint.
[2026-01-17 22:09:34,754][absl][INFO] - [process=0] /jax/checkpoint/read/gbytes_per_sec: 0 Bytes/s (total gbytes: 309.0 KiB) (time elapsed: 36 milliseconds) (per-host)
[2026-01-17 22:09:34,754][absl][INFO] - Finished restoring checkpoint in 0.04 seconds from /gpfs/home5/sfris1/two-towers-confounding-project/results/Synthetic_Feature_Separation/data=Custom_dataset,docs_per_group=10000,experiment=Synthetic_Feature_Separation,logging_policy_ranker=ordered,logging_policy_sampler=e_greedy,num_queries=1000,policy_temperature=1.0,relevance=deep,relevance_tower=deeper,s_doc=-0.3/checkpoint.
[2026-01-17 22:09:35,686][jax._src.xla_bridge][ERROR] - Jax plugin configuration error: Exception when calling jax_plugins.xla_cuda12.initialize()
Traceback (most recent call last):
  File "/gpfs/home5/sfris1/two-towers-confounding-project/.venv/lib/python3.11/site-packages/jax/_src/xla_bridge.py", line 485, in discover_pjrt_plugins
    plugin_module.initialize()
  File "/gpfs/home5/sfris1/two-towers-confounding-project/.venv/lib/python3.11/site-packages/jax_plugins/xla_cuda12/__init__.py", line 328, in initialize
    _check_cuda_versions(raise_on_first_error=True)
  File "/gpfs/home5/sfris1/two-towers-confounding-project/.venv/lib/python3.11/site-packages/jax_plugins/xla_cuda12/__init__.py", line 285, in _check_cuda_versions
    local_device_count = cuda_versions.cuda_device_count()
                         ^^^^^^^^^^^^^^^^^^^^^^^^^^^^^^^^^
RuntimeError: jaxlib/cuda/versions_helpers.cc:113: operation cuInit(0) failed: CUDA_ERROR_NO_DEVICE
[2026-01-17 22:09:35,697][jax._src.xla_bridge][INFO] - Unable to initialize backend 'tpu': INTERNAL: Failed to open libtpu.so: libtpu.so: cannot open shared object file: No such file or directory
[2026-01-17 22:09:46,326][absl][INFO] - orbax-checkpoint version: 0.11.25
[2026-01-17 22:09:46,326][absl][INFO] - Created BasePyTreeCheckpointHandler: use_ocdbt=True, use_zarr3=False, pytree_metadata_options=PyTreeMetadataOptions(support_rich_types=False), array_metadata_store=<orbax.checkpoint._src.metadata.array_metadata_store.Store object at 0x14dbf9a538d0>, enable_pinned_host_transfer=False, save_concurrent_bytes: 96000000000 (89.4 GiB), restore_concurrent_bytes: 96000000000 (89.4 GiB)
[2026-01-17 22:09:46,327][absl][INFO] - [thread=MainThread] Failed to get flag value for EXPERIMENTAL_ORBAX_USE_DISTRIBUTED_PROCESS_ID.
[2026-01-17 22:09:46,327][absl][INFO] - [process=0][thread=MainThread] Using barrier_sync_fn: <function get_barrier_sync_fn.<locals>.<lambda> at 0x14dbb00f0cc0> timeout: 600 secs and primary_host=0 for async checkpoint writes
[2026-01-17 22:09:46,334][absl][INFO] - Restoring checkpoint from /gpfs/home5/sfris1/two-towers-confounding-project/results/Synthetic_Feature_Separation/data=Custom_dataset,docs_per_group=10000,experiment=Synthetic_Feature_Separation,logging_policy_ranker=ordered,logging_policy_sampler=e_greedy,num_queries=1000,policy_temperature=1.0,relevance=deep,relevance_tower=deeper,s_doc=-0.3/checkpoint.
[2026-01-17 22:09:46,372][absl][INFO] - [process=0] /jax/checkpoint/read/gbytes_per_sec: 0 Bytes/s (total gbytes: 309.0 KiB) (time elapsed: 36 milliseconds) (per-host)
[2026-01-17 22:09:46,372][absl][INFO] - Finished restoring checkpoint in 0.04 seconds from /gpfs/home5/sfris1/two-towers-confounding-project/results/Synthetic_Feature_Separation/data=Custom_dataset,docs_per_group=10000,experiment=Synthetic_Feature_Separation,logging_policy_ranker=ordered,logging_policy_sampler=e_greedy,num_queries=1000,policy_temperature=1.0,relevance=deep,relevance_tower=deeper,s_doc=-0.3/checkpoint.
