[2026-01-18 15:39:20,273][jax._src.xla_bridge][INFO] - Unable to initialize backend 'tpu': INTERNAL: Failed to open libtpu.so: dlopen(libtpu.so, 0x0001): tried: 'libtpu.so' (no such file), '/System/Volumes/Preboot/Cryptexes/OSlibtpu.so' (no such file), '/opt/homebrew/Caskroom/miniforge/base/envs/two-tower-confounding-2/lib/python3.10/site-packages/jaxlib/../../../libtpu.so' (no such file), '/opt/homebrew/Caskroom/miniforge/base/envs/two-tower-confounding-2/bin/../lib/libtpu.so' (no such file), '/usr/lib/libtpu.so' (no such file, not in dyld cache), 'libtpu.so' (no such file), '/usr/local/lib/libtpu.so' (no such file), '/usr/lib/libtpu.so' (no such file, not in dyld cache)
[2026-01-18 15:39:21,186][jax._src.xla_bridge][INFO] - Unable to initialize backend 'tpu': INTERNAL: Failed to open libtpu.so: dlopen(libtpu.so, 0x0001): tried: 'libtpu.so' (no such file), '/System/Volumes/Preboot/Cryptexes/OSlibtpu.so' (no such file), '/opt/homebrew/Caskroom/miniforge/base/envs/two-tower-confounding-2/lib/python3.10/site-packages/jaxlib/../../../libtpu.so' (no such file), '/opt/homebrew/Caskroom/miniforge/base/envs/two-tower-confounding-2/bin/../lib/libtpu.so' (no such file), '/usr/lib/libtpu.so' (no such file, not in dyld cache), 'libtpu.so' (no such file), '/usr/local/lib/libtpu.so' (no such file), '/usr/lib/libtpu.so' (no such file, not in dyld cache)
[2026-01-18 15:39:24,379][absl][INFO] - orbax-checkpoint version: 0.8.0
[2026-01-18 15:39:24,380][absl][INFO] - [thread=MainThread] Failed to get flag value for EXPERIMENTAL_ORBAX_USE_DISTRIBUTED_PROCESS_ID.
[2026-01-18 15:39:24,380][absl][INFO] - [process=0][thread=MainThread] Using barrier_sync_fn: <function get_barrier_sync_fn.<locals>.<lambda> at 0x32b1a5ab0> timeout: 600 secs and primary_host=0 for async checkpoint writes
[2026-01-18 15:39:24,381][absl][INFO] - Restoring checkpoint from /Users/stanf/Documents/Uni/Project_AI/two-tower-confounding/results/Synthetic_Feature_Separation/data=Custom_dataset_deep,docs_per_group=10,experiment=Synthetic_Feature_Separation,logging_policy_ranker=ordered,logging_policy_sampler=e_greedy,num_queries=1000,policy_temperature=1.0,relevance=deep,relevance_tower=deeper,s_doc=-0.3/checkpoint.
[2026-01-18 15:39:24,429][absl][INFO] - [process=0] /jax/checkpoint/read/bytes_per_sec: 5.5 MiB/s (total bytes: 260.0 KiB) (time elapsed: 46 milliseconds) (per-host)
[2026-01-18 15:39:24,429][absl][INFO] - Finished restoring checkpoint from /Users/stanf/Documents/Uni/Project_AI/two-tower-confounding/results/Synthetic_Feature_Separation/data=Custom_dataset_deep,docs_per_group=10,experiment=Synthetic_Feature_Separation,logging_policy_ranker=ordered,logging_policy_sampler=e_greedy,num_queries=1000,policy_temperature=1.0,relevance=deep,relevance_tower=deeper,s_doc=-0.3/checkpoint.
[2026-01-18 15:39:24,429][absl][INFO] - [process=0][thread=MainThread] Skipping global process sync, barrier name: 0_Checkpointer:restore.checkpoint
[2026-01-18 15:39:25,836][absl][INFO] - orbax-checkpoint version: 0.8.0
[2026-01-18 15:39:25,837][absl][INFO] - [thread=MainThread] Failed to get flag value for EXPERIMENTAL_ORBAX_USE_DISTRIBUTED_PROCESS_ID.
[2026-01-18 15:39:25,837][absl][INFO] - [process=0][thread=MainThread] Using barrier_sync_fn: <function get_barrier_sync_fn.<locals>.<lambda> at 0x33d5b5ab0> timeout: 600 secs and primary_host=0 for async checkpoint writes
[2026-01-18 15:39:25,838][absl][INFO] - Restoring checkpoint from /Users/stanf/Documents/Uni/Project_AI/two-tower-confounding/results/Synthetic_Feature_Separation/data=Custom_dataset_deep,docs_per_group=10,experiment=Synthetic_Feature_Separation,logging_policy_ranker=ordered,logging_policy_sampler=e_greedy,num_queries=1000,policy_temperature=1.0,relevance=deep,relevance_tower=deeper,s_doc=-0.3/checkpoint.
[2026-01-18 15:39:25,897][absl][INFO] - [process=0] /jax/checkpoint/read/bytes_per_sec: 4.4 MiB/s (total bytes: 260.0 KiB) (time elapsed: 58 milliseconds) (per-host)
[2026-01-18 15:39:25,897][absl][INFO] - Finished restoring checkpoint from /Users/stanf/Documents/Uni/Project_AI/two-tower-confounding/results/Synthetic_Feature_Separation/data=Custom_dataset_deep,docs_per_group=10,experiment=Synthetic_Feature_Separation,logging_policy_ranker=ordered,logging_policy_sampler=e_greedy,num_queries=1000,policy_temperature=1.0,relevance=deep,relevance_tower=deeper,s_doc=-0.3/checkpoint.
[2026-01-18 15:39:25,897][absl][INFO] - [process=0][thread=MainThread] Skipping global process sync, barrier name: 0_Checkpointer:restore.checkpoint
[2026-01-18 15:39:43,496][jax._src.xla_bridge][INFO] - Unable to initialize backend 'tpu': INTERNAL: Failed to open libtpu.so: dlopen(libtpu.so, 0x0001): tried: 'libtpu.so' (no such file), '/System/Volumes/Preboot/Cryptexes/OSlibtpu.so' (no such file), '/opt/homebrew/Caskroom/miniforge/base/envs/two-tower-confounding-2/lib/python3.10/site-packages/jaxlib/../../../libtpu.so' (no such file), '/opt/homebrew/Caskroom/miniforge/base/envs/two-tower-confounding-2/bin/../lib/libtpu.so' (no such file), '/usr/lib/libtpu.so' (no such file, not in dyld cache), 'libtpu.so' (no such file), '/usr/local/lib/libtpu.so' (no such file), '/usr/lib/libtpu.so' (no such file, not in dyld cache)
[2026-01-18 15:39:51,966][absl][INFO] - orbax-checkpoint version: 0.8.0
[2026-01-18 15:39:51,967][absl][INFO] - [thread=MainThread] Failed to get flag value for EXPERIMENTAL_ORBAX_USE_DISTRIBUTED_PROCESS_ID.
[2026-01-18 15:39:51,967][absl][INFO] - [process=0][thread=MainThread] Using barrier_sync_fn: <function get_barrier_sync_fn.<locals>.<lambda> at 0x322db1ab0> timeout: 600 secs and primary_host=0 for async checkpoint writes
[2026-01-18 15:39:51,969][absl][INFO] - Restoring checkpoint from /Users/stanf/Documents/Uni/Project_AI/two-tower-confounding/results/Synthetic_Feature_Separation/data=Custom_dataset_deep,docs_per_group=10,experiment=Synthetic_Feature_Separation,logging_policy_ranker=ordered,logging_policy_sampler=e_greedy,num_queries=1000,policy_temperature=1.0,relevance=deep,relevance_tower=deeper,s_doc=-0.3/checkpoint.
[2026-01-18 15:39:52,018][absl][INFO] - [process=0] /jax/checkpoint/read/bytes_per_sec: 5.2 MiB/s (total bytes: 260.0 KiB) (time elapsed: 48 milliseconds) (per-host)
[2026-01-18 15:39:52,018][absl][INFO] - Finished restoring checkpoint from /Users/stanf/Documents/Uni/Project_AI/two-tower-confounding/results/Synthetic_Feature_Separation/data=Custom_dataset_deep,docs_per_group=10,experiment=Synthetic_Feature_Separation,logging_policy_ranker=ordered,logging_policy_sampler=e_greedy,num_queries=1000,policy_temperature=1.0,relevance=deep,relevance_tower=deeper,s_doc=-0.3/checkpoint.
[2026-01-18 15:39:52,018][absl][INFO] - [process=0][thread=MainThread] Skipping global process sync, barrier name: 0_Checkpointer:restore.checkpoint
[2026-01-18 15:40:06,572][jax._src.xla_bridge][INFO] - Unable to initialize backend 'tpu': INTERNAL: Failed to open libtpu.so: dlopen(libtpu.so, 0x0001): tried: 'libtpu.so' (no such file), '/System/Volumes/Preboot/Cryptexes/OSlibtpu.so' (no such file), '/opt/homebrew/Caskroom/miniforge/base/envs/two-tower-confounding-2/lib/python3.10/site-packages/jaxlib/../../../libtpu.so' (no such file), '/opt/homebrew/Caskroom/miniforge/base/envs/two-tower-confounding-2/bin/../lib/libtpu.so' (no such file), '/usr/lib/libtpu.so' (no such file, not in dyld cache), 'libtpu.so' (no such file), '/usr/local/lib/libtpu.so' (no such file), '/usr/lib/libtpu.so' (no such file, not in dyld cache)
[2026-01-18 15:40:08,547][jax._src.xla_bridge][INFO] - Unable to initialize backend 'tpu': INTERNAL: Failed to open libtpu.so: dlopen(libtpu.so, 0x0001): tried: 'libtpu.so' (no such file), '/System/Volumes/Preboot/Cryptexes/OSlibtpu.so' (no such file), '/opt/homebrew/Caskroom/miniforge/base/envs/two-tower-confounding-2/lib/python3.10/site-packages/jaxlib/../../../libtpu.so' (no such file), '/opt/homebrew/Caskroom/miniforge/base/envs/two-tower-confounding-2/bin/../lib/libtpu.so' (no such file), '/usr/lib/libtpu.so' (no such file, not in dyld cache), 'libtpu.so' (no such file), '/usr/local/lib/libtpu.so' (no such file), '/usr/lib/libtpu.so' (no such file, not in dyld cache)
[2026-01-18 15:40:10,797][absl][INFO] - orbax-checkpoint version: 0.8.0
[2026-01-18 15:40:10,797][absl][INFO] - [thread=MainThread] Failed to get flag value for EXPERIMENTAL_ORBAX_USE_DISTRIBUTED_PROCESS_ID.
[2026-01-18 15:40:10,798][absl][INFO] - [process=0][thread=MainThread] Using barrier_sync_fn: <function get_barrier_sync_fn.<locals>.<lambda> at 0x32edbdab0> timeout: 600 secs and primary_host=0 for async checkpoint writes
[2026-01-18 15:40:10,799][absl][INFO] - Restoring checkpoint from /Users/stanf/Documents/Uni/Project_AI/two-tower-confounding/results/Synthetic_Feature_Separation/data=Custom_dataset_deep,docs_per_group=10,experiment=Synthetic_Feature_Separation,logging_policy_ranker=ordered,logging_policy_sampler=e_greedy,num_queries=1000,policy_temperature=1.0,relevance=deep,relevance_tower=deeper,s_doc=-0.3/checkpoint.
[2026-01-18 15:40:10,852][absl][INFO] - [process=0] /jax/checkpoint/read/bytes_per_sec: 4.9 MiB/s (total bytes: 260.0 KiB) (time elapsed: 52 milliseconds) (per-host)
[2026-01-18 15:40:10,852][absl][INFO] - Finished restoring checkpoint from /Users/stanf/Documents/Uni/Project_AI/two-tower-confounding/results/Synthetic_Feature_Separation/data=Custom_dataset_deep,docs_per_group=10,experiment=Synthetic_Feature_Separation,logging_policy_ranker=ordered,logging_policy_sampler=e_greedy,num_queries=1000,policy_temperature=1.0,relevance=deep,relevance_tower=deeper,s_doc=-0.3/checkpoint.
[2026-01-18 15:40:10,852][absl][INFO] - [process=0][thread=MainThread] Skipping global process sync, barrier name: 0_Checkpointer:restore.checkpoint
[2026-01-18 15:40:14,713][absl][INFO] - orbax-checkpoint version: 0.8.0
[2026-01-18 15:40:14,714][absl][INFO] - [thread=MainThread] Failed to get flag value for EXPERIMENTAL_ORBAX_USE_DISTRIBUTED_PROCESS_ID.
[2026-01-18 15:40:14,714][absl][INFO] - [process=0][thread=MainThread] Using barrier_sync_fn: <function get_barrier_sync_fn.<locals>.<lambda> at 0x32cfc1ab0> timeout: 600 secs and primary_host=0 for async checkpoint writes
[2026-01-18 15:40:14,715][absl][INFO] - Restoring checkpoint from /Users/stanf/Documents/Uni/Project_AI/two-tower-confounding/results/Synthetic_Feature_Separation/data=Custom_dataset_deep,docs_per_group=10,experiment=Synthetic_Feature_Separation,logging_policy_ranker=ordered,logging_policy_sampler=e_greedy,num_queries=1000,policy_temperature=1.0,relevance=deep,relevance_tower=deeper,s_doc=-0.3/checkpoint.
[2026-01-18 15:40:14,778][absl][INFO] - [process=0] /jax/checkpoint/read/bytes_per_sec: 4.1 MiB/s (total bytes: 260.0 KiB) (time elapsed: 62 milliseconds) (per-host)
[2026-01-18 15:40:14,779][absl][INFO] - Finished restoring checkpoint from /Users/stanf/Documents/Uni/Project_AI/two-tower-confounding/results/Synthetic_Feature_Separation/data=Custom_dataset_deep,docs_per_group=10,experiment=Synthetic_Feature_Separation,logging_policy_ranker=ordered,logging_policy_sampler=e_greedy,num_queries=1000,policy_temperature=1.0,relevance=deep,relevance_tower=deeper,s_doc=-0.3/checkpoint.
[2026-01-18 15:40:14,779][absl][INFO] - [process=0][thread=MainThread] Skipping global process sync, barrier name: 0_Checkpointer:restore.checkpoint
[2026-01-18 15:40:54,246][jax._src.xla_bridge][INFO] - Unable to initialize backend 'tpu': INTERNAL: Failed to open libtpu.so: dlopen(libtpu.so, 0x0001): tried: 'libtpu.so' (no such file), '/System/Volumes/Preboot/Cryptexes/OSlibtpu.so' (no such file), '/opt/homebrew/Caskroom/miniforge/base/envs/two-tower-confounding-2/lib/python3.10/site-packages/jaxlib/../../../libtpu.so' (no such file), '/opt/homebrew/Caskroom/miniforge/base/envs/two-tower-confounding-2/bin/../lib/libtpu.so' (no such file), '/usr/lib/libtpu.so' (no such file, not in dyld cache), 'libtpu.so' (no such file), '/usr/local/lib/libtpu.so' (no such file), '/usr/lib/libtpu.so' (no such file, not in dyld cache)
[2026-01-18 15:40:56,756][jax._src.xla_bridge][INFO] - Unable to initialize backend 'tpu': INTERNAL: Failed to open libtpu.so: dlopen(libtpu.so, 0x0001): tried: 'libtpu.so' (no such file), '/System/Volumes/Preboot/Cryptexes/OSlibtpu.so' (no such file), '/opt/homebrew/Caskroom/miniforge/base/envs/two-tower-confounding-2/lib/python3.10/site-packages/jaxlib/../../../libtpu.so' (no such file), '/opt/homebrew/Caskroom/miniforge/base/envs/two-tower-confounding-2/bin/../lib/libtpu.so' (no such file), '/usr/lib/libtpu.so' (no such file, not in dyld cache), 'libtpu.so' (no such file), '/usr/local/lib/libtpu.so' (no such file), '/usr/lib/libtpu.so' (no such file, not in dyld cache)
[2026-01-18 15:40:58,279][absl][INFO] - orbax-checkpoint version: 0.8.0
[2026-01-18 15:40:58,279][absl][INFO] - [thread=MainThread] Failed to get flag value for EXPERIMENTAL_ORBAX_USE_DISTRIBUTED_PROCESS_ID.
[2026-01-18 15:40:58,280][absl][INFO] - [process=0][thread=MainThread] Using barrier_sync_fn: <function get_barrier_sync_fn.<locals>.<lambda> at 0x1694a5ab0> timeout: 600 secs and primary_host=0 for async checkpoint writes
[2026-01-18 15:40:58,282][absl][INFO] - Restoring checkpoint from /Users/stanf/Documents/Uni/Project_AI/two-tower-confounding/results/Synthetic_Feature_Separation/data=Custom_dataset_deep,docs_per_group=10,experiment=Synthetic_Feature_Separation,logging_policy_ranker=ordered,logging_policy_sampler=e_greedy,num_queries=1000,policy_temperature=1.0,relevance=deep,relevance_tower=deeper,s_doc=-0.3/checkpoint.
[2026-01-18 15:40:58,308][absl][INFO] - [process=0] /jax/checkpoint/read/bytes_per_sec: 10.3 MiB/s (total bytes: 260.0 KiB) (time elapsed: 24 milliseconds) (per-host)
[2026-01-18 15:40:58,308][absl][INFO] - Finished restoring checkpoint from /Users/stanf/Documents/Uni/Project_AI/two-tower-confounding/results/Synthetic_Feature_Separation/data=Custom_dataset_deep,docs_per_group=10,experiment=Synthetic_Feature_Separation,logging_policy_ranker=ordered,logging_policy_sampler=e_greedy,num_queries=1000,policy_temperature=1.0,relevance=deep,relevance_tower=deeper,s_doc=-0.3/checkpoint.
[2026-01-18 15:40:58,308][absl][INFO] - [process=0][thread=MainThread] Skipping global process sync, barrier name: 0_Checkpointer:restore.checkpoint
[2026-01-18 15:41:01,241][absl][INFO] - orbax-checkpoint version: 0.8.0
[2026-01-18 15:41:01,241][absl][INFO] - [thread=MainThread] Failed to get flag value for EXPERIMENTAL_ORBAX_USE_DISTRIBUTED_PROCESS_ID.
[2026-01-18 15:41:01,241][absl][INFO] - [process=0][thread=MainThread] Using barrier_sync_fn: <function get_barrier_sync_fn.<locals>.<lambda> at 0x32cab1ab0> timeout: 600 secs and primary_host=0 for async checkpoint writes
[2026-01-18 15:41:01,243][absl][INFO] - Restoring checkpoint from /Users/stanf/Documents/Uni/Project_AI/two-tower-confounding/results/Synthetic_Feature_Separation/data=Custom_dataset_deep,docs_per_group=10,experiment=Synthetic_Feature_Separation,logging_policy_ranker=ordered,logging_policy_sampler=e_greedy,num_queries=1000,policy_temperature=1.0,relevance=deep,relevance_tower=deeper,s_doc=-0.3/checkpoint.
[2026-01-18 15:41:01,285][absl][INFO] - [process=0] /jax/checkpoint/read/bytes_per_sec: 6.0 MiB/s (total bytes: 260.0 KiB) (time elapsed: 42 milliseconds) (per-host)
[2026-01-18 15:41:01,287][absl][INFO] - Finished restoring checkpoint from /Users/stanf/Documents/Uni/Project_AI/two-tower-confounding/results/Synthetic_Feature_Separation/data=Custom_dataset_deep,docs_per_group=10,experiment=Synthetic_Feature_Separation,logging_policy_ranker=ordered,logging_policy_sampler=e_greedy,num_queries=1000,policy_temperature=1.0,relevance=deep,relevance_tower=deeper,s_doc=-0.3/checkpoint.
[2026-01-18 15:41:01,289][absl][INFO] - [process=0][thread=MainThread] Skipping global process sync, barrier name: 0_Checkpointer:restore.checkpoint
