[2025-11-03 21:30:32,461][jax._src.xla_bridge][INFO] - Unable to initialize backend 'tpu': INTERNAL: Failed to open libtpu.so: libtpu.so: cannot open shared object file: No such file or directory
[2025-11-03 21:32:03,175][absl][INFO] - orbax-checkpoint version: 0.11.25
[2025-11-03 21:32:03,176][absl][INFO] - Created BasePyTreeCheckpointHandler: use_ocdbt=True, use_zarr3=False, pytree_metadata_options=PyTreeMetadataOptions(support_rich_types=False), array_metadata_store=<orbax.checkpoint._src.metadata.array_metadata_store.Store object at 0x148994984dd0>, enable_pinned_host_transfer=True, save_concurrent_bytes: 96000000000 (89.4 GiB), restore_concurrent_bytes: 96000000000 (89.4 GiB)
[2025-11-03 21:32:03,176][absl][INFO] - [thread=MainThread] Failed to get flag value for EXPERIMENTAL_ORBAX_USE_DISTRIBUTED_PROCESS_ID.
[2025-11-03 21:32:03,176][absl][INFO] - [process=0][thread=MainThread] Using barrier_sync_fn: <function get_barrier_sync_fn.<locals>.<lambda> at 0x14884d90a3e0> timeout: 600 secs and primary_host=0 for async checkpoint writes
[2025-11-03 21:32:03,177][absl][INFO] - [process=0] Started async saving checkpoint to /gpfs/home5/sfris1/two-towers-confounding-project/results/deep_separated/data=Custom_dataset_deep,docs_per_group=10,experiment=deep_separated,logging_policy_ranker=ordered,logging_policy_sampler=e_greedy,num_queries=1000,policy_temperature=1.0,relevance=deep,relevance_tower=deeper,s_doc=10/checkpoint.
[2025-11-03 21:32:03,178][absl][INFO] - [process=0] Specified `force`: removing existing directory.
[2025-11-03 21:32:03,178][absl][INFO] - Using ThreadSafeKeyValueSignalingClient
[2025-11-03 21:32:03,182][absl][INFO] - Transferring arrays to host memory with options: use_replica_parallel=True, min_slice_bytes_for_replica_parallel=None, max_replicas_for_replica_parallel=None, enable_pinned_host_transfer=True
[2025-11-03 21:32:03,182][absl][INFO] - Creating tmp directory /gpfs/home5/sfris1/two-towers-confounding-project/results/deep_separated/data=Custom_dataset_deep,docs_per_group=10,experiment=deep_separated,logging_policy_ranker=ordered,logging_policy_sampler=e_greedy,num_queries=1000,policy_temperature=1.0,relevance=deep,relevance_tower=deeper,s_doc=10/checkpoint.orbax-checkpoint-tmp
[2025-11-03 21:32:03,187][absl][INFO] - Wrote Metadata={'item_handlers': None, 'metrics': {}, 'performance_metrics': {}, 'init_timestamp_nsecs': 1762201923184532254, 'commit_timestamp_nsecs': None, 'custom_metadata': {}}, json={"item_handlers": null, "metrics": {}, "performance_metrics": {}, "init_timestamp_nsecs": 1762201923184532254, "commit_timestamp_nsecs": null, "custom_metadata": {}} to /gpfs/home5/sfris1/two-towers-confounding-project/results/deep_separated/data=Custom_dataset_deep,docs_per_group=10,experiment=deep_separated,logging_policy_ranker=ordered,logging_policy_sampler=e_greedy,num_queries=1000,policy_temperature=1.0,relevance=deep,relevance_tower=deeper,s_doc=10/checkpoint.orbax-checkpoint-tmp/_CHECKPOINT_METADATA
[2025-11-03 21:32:03,190][absl][INFO] - [process=0][thread=MainThread] Initiated "orbax.checkpoint._src.serialization.type_handlers.ArrayHandler".serialize. Time taken: 0.007916s
[2025-11-03 21:32:03,199][absl][INFO] - [process=0] /jax/checkpoint/write/blocking_gbytes_per_sec: 0 Bytes/s (total gbytes: 260.0 KiB) (time elapsed: 19 milliseconds) (per-host)
[2025-11-03 21:32:03,204][absl][INFO] - [process=0][thread=MainThread] Initiated Pytree async_save. Time taken: 0.025052s (batch_requests_ready=0.001733s, total_serialization_initiated=0.009411s, others=0.013908s)
[2025-11-03 21:32:03,210][absl][INFO] - [process=0][thread=async_save] Background save thread started.
[2025-11-03 21:32:03,210][absl][INFO] - Finished blocking save. Time taken: 0.034016s. Continuing background save to /gpfs/home5/sfris1/two-towers-confounding-project/results/deep_separated/data=Custom_dataset_deep,docs_per_group=10,experiment=deep_separated,logging_policy_ranker=ordered,logging_policy_sampler=e_greedy,num_queries=1000,policy_temperature=1.0,relevance=deep,relevance_tower=deeper,s_doc=10/checkpoint.
[2025-11-03 21:32:03,211][absl][INFO] - [process=0][thread=array_type_handler] Wrote 13 array_metadata.ArrayMetadata to /gpfs/home5/sfris1/two-towers-confounding-project/results/deep_separated/data=Custom_dataset_deep,docs_per_group=10,experiment=deep_separated,logging_policy_ranker=ordered,logging_policy_sampler=e_greedy,num_queries=1000,policy_temperature=1.0,relevance=deep,relevance_tower=deeper,s_doc=10/checkpoint.orbax-checkpoint-tmp/array_metadatas/process_0
[2025-11-03 21:32:03,211][absl][INFO] - [process=0][thread=MainThread] Waiting for background save thread=async_save.
[2025-11-03 21:32:03,234][absl][INFO] - [process=0][thread=write_metadata_after_commits] Commit + Array metadata written. Time taken: 0.029712s (commit=0.027725s, array_metadata_write=0.001987s)
[2025-11-03 21:32:03,234][absl][INFO] - [process=0] /jax/checkpoint/write/gbytes_per_sec: 0 Bytes/s (total gbytes: 260.0 KiB) (time elapsed: 55 milliseconds) (per-host)
[2025-11-03 21:32:03,235][absl][INFO] - [process=0][thread=async_save] 2 Handler Commit operations completed. Time taken: 0.024094s.
[2025-11-03 21:32:03,236][absl][INFO] - Read Metadata={'item_handlers': None, 'metrics': {}, 'performance_metrics': {}, 'init_timestamp_nsecs': 1762201923184532254, 'commit_timestamp_nsecs': None, 'custom_metadata': {}} from /gpfs/home5/sfris1/two-towers-confounding-project/results/deep_separated/data=Custom_dataset_deep,docs_per_group=10,experiment=deep_separated,logging_policy_ranker=ordered,logging_policy_sampler=e_greedy,num_queries=1000,policy_temperature=1.0,relevance=deep,relevance_tower=deeper,s_doc=10/checkpoint.orbax-checkpoint-tmp/_CHECKPOINT_METADATA
[2025-11-03 21:32:03,237][absl][INFO] - Updated Metadata={'item_handlers': 'orbax.checkpoint._src.handlers.standard_checkpoint_handler.StandardCheckpointHandler', 'metrics': {}, 'performance_metrics': {}, 'init_timestamp_nsecs': 1762201923184532254, 'commit_timestamp_nsecs': None, 'custom_metadata': {}} to /gpfs/home5/sfris1/two-towers-confounding-project/results/deep_separated/data=Custom_dataset_deep,docs_per_group=10,experiment=deep_separated,logging_policy_ranker=ordered,logging_policy_sampler=e_greedy,num_queries=1000,policy_temperature=1.0,relevance=deep,relevance_tower=deeper,s_doc=10/checkpoint.orbax-checkpoint-tmp/_CHECKPOINT_METADATA
[2025-11-03 21:32:03,238][absl][INFO] - [process=0][thread=async_save] Skipped cross-host ArrayMetadata validation because only one process is found: process_index=0.
[2025-11-03 21:32:03,243][absl][INFO] - [process=0][thread=async_save] Pytree save finalize (merge_ocdbt + ArrayMetadata validation) completed. Time taken: 0.007586s. use_zarr3=False, enable_post_merge_validation=True, directory=/gpfs/home5/sfris1/two-towers-confounding-project/results/deep_separated/data=Custom_dataset_deep,docs_per_group=10,experiment=deep_separated,logging_policy_ranker=ordered,logging_policy_sampler=e_greedy,num_queries=1000,policy_temperature=1.0,relevance=deep,relevance_tower=deeper,s_doc=10/checkpoint.orbax-checkpoint-tmp
[2025-11-03 21:32:03,244][absl][INFO] - Renaming /gpfs/home5/sfris1/two-towers-confounding-project/results/deep_separated/data=Custom_dataset_deep,docs_per_group=10,experiment=deep_separated,logging_policy_ranker=ordered,logging_policy_sampler=e_greedy,num_queries=1000,policy_temperature=1.0,relevance=deep,relevance_tower=deeper,s_doc=10/checkpoint.orbax-checkpoint-tmp to /gpfs/home5/sfris1/two-towers-confounding-project/results/deep_separated/data=Custom_dataset_deep,docs_per_group=10,experiment=deep_separated,logging_policy_ranker=ordered,logging_policy_sampler=e_greedy,num_queries=1000,policy_temperature=1.0,relevance=deep,relevance_tower=deeper,s_doc=10/checkpoint
[2025-11-03 21:32:03,245][absl][INFO] - [process=0][thread=async_save] Finished saving checkpoint (finalized tmp dir) to `/gpfs/home5/sfris1/two-towers-confounding-project/results/deep_separated/data=Custom_dataset_deep,docs_per_group=10,experiment=deep_separated,logging_policy_ranker=ordered,logging_policy_sampler=e_greedy,num_queries=1000,policy_temperature=1.0,relevance=deep,relevance_tower=deeper,s_doc=10/checkpoint`.
[2025-11-03 21:32:03,245][absl][INFO] - Finished async_save (blocking + background). Time taken: 0.069144s. directory=/gpfs/home5/sfris1/two-towers-confounding-project/results/deep_separated/data=Custom_dataset_deep,docs_per_group=10,experiment=deep_separated,logging_policy_ranker=ordered,logging_policy_sampler=e_greedy,num_queries=1000,policy_temperature=1.0,relevance=deep,relevance_tower=deeper,s_doc=10/checkpoint
[2025-11-03 21:32:03,246][absl][INFO] - [process=0][thread=async_save] Background save thread done. Time taken: 0.035199s.
[2025-11-03 21:32:03,246][absl][INFO] - [process=0][thread=MainThread] Done with waiting for background save thread=async_save.
[2025-11-03 21:32:03,246][absl][INFO] - [process=0][thread=MainThread] No errors found in background save thread=async_save.
[2025-11-05 12:46:43,028][jax._src.xla_bridge][INFO] - Unable to initialize backend 'tpu': INTERNAL: Failed to open libtpu.so: dlopen(libtpu.so, 0x0001): tried: 'libtpu.so' (no such file), '/System/Volumes/Preboot/Cryptexes/OSlibtpu.so' (no such file), '/opt/homebrew/Caskroom/miniforge/base/envs/two-tower-confounding-2/lib/python3.10/site-packages/jaxlib/../../../libtpu.so' (no such file), '/opt/homebrew/Caskroom/miniforge/base/envs/two-tower-confounding-2/bin/../lib/libtpu.so' (no such file), '/usr/lib/libtpu.so' (no such file, not in dyld cache), 'libtpu.so' (no such file), '/usr/local/lib/libtpu.so' (no such file), '/usr/lib/libtpu.so' (no such file, not in dyld cache)
[2025-11-05 12:47:32,908][absl][INFO] - orbax-checkpoint version: 0.8.0
[2025-11-05 12:47:32,909][absl][INFO] - [thread=MainThread] Failed to get flag value for EXPERIMENTAL_ORBAX_USE_DISTRIBUTED_PROCESS_ID.
[2025-11-05 12:47:32,909][absl][INFO] - [process=0][thread=MainThread] Using barrier_sync_fn: <function get_barrier_sync_fn.<locals>.<lambda> at 0x35e8d0dc0> timeout: 600 secs and primary_host=0 for async checkpoint writes
[2025-11-05 12:47:32,909][absl][INFO] - [process=0] Started async saving checkpoint to /Users/stanf/Documents/Uni/Project_AI/two-tower-confounding/results/deep_separated/data=Custom_dataset_deep,docs_per_group=10,experiment=deep_separated,logging_policy_ranker=ordered,logging_policy_sampler=e_greedy,num_queries=1000,policy_temperature=1.0,relevance=deep,relevance_tower=deeper,s_doc=10/checkpoint.
[2025-11-05 12:47:32,910][absl][INFO] - [process=0] Specified `force`: removing existing directory.
[2025-11-05 12:47:32,911][absl][INFO] - [process=0][thread=MainThread] Skipping global process sync, barrier name: 0_create_tmp_directory:pre.checkpoint.1
[2025-11-05 12:47:32,911][absl][INFO] - Creating tmp directory /Users/stanf/Documents/Uni/Project_AI/two-tower-confounding/results/deep_separated/data=Custom_dataset_deep,docs_per_group=10,experiment=deep_separated,logging_policy_ranker=ordered,logging_policy_sampler=e_greedy,num_queries=1000,policy_temperature=1.0,relevance=deep,relevance_tower=deeper,s_doc=10/checkpoint.orbax-checkpoint-tmp-0
[2025-11-05 12:47:32,912][absl][INFO] - [process=0][thread=MainThread] Skipping global process sync, barrier name: 0_create_tmp_directory:post.checkpoint.2
[2025-11-05 12:47:32,913][absl][INFO] - Wrote CheckpointMetadata=StepMetadata(init_timestamp_nsecs=1762343252911809000, commit_timestamp_nsecs=None), json={"init_timestamp_nsecs": 1762343252911809000, "commit_timestamp_nsecs": null} to /Users/stanf/Documents/Uni/Project_AI/two-tower-confounding/results/deep_separated/data=Custom_dataset_deep,docs_per_group=10,experiment=deep_separated,logging_policy_ranker=ordered,logging_policy_sampler=e_greedy,num_queries=1000,policy_temperature=1.0,relevance=deep,relevance_tower=deeper,s_doc=10/checkpoint.orbax-checkpoint-tmp-0
[2025-11-05 12:47:32,915][absl][INFO] - [process=0] /jax/checkpoint/write/blocking_bytes_per_sec: 100.1 MiB/s (total bytes: 260.0 KiB) (time elapsed: 2 milliseconds) (per-host)
[2025-11-05 12:47:32,919][absl][INFO] - [process=0][thread=async_save_1] Background save thread started.
[2025-11-05 12:47:32,922][absl][INFO] - [process=0][thread=MainThread] Waiting for background save thread=async_save_1.
[2025-11-05 12:47:32,935][absl][INFO] - ChainedFuture completed 2/2 futures in 0.02 seconds.
[2025-11-05 12:47:32,936][absl][INFO] - [process=0] /jax/checkpoint/write/bytes_per_sec: 10.8 MiB/s (total bytes: 260.0 KiB) (time elapsed: 23 milliseconds) (per-host)
[2025-11-05 12:47:32,936][absl][INFO] - [process=0][thread=async_save_1] 1 Handler Commit operations completed.
[2025-11-05 12:47:32,936][absl][INFO] - [process=0][thread=async_save_1] Async Save Callback [1/3]: Finalizing Handler: <orbax.checkpoint._src.handlers.standard_checkpoint_handler.StandardCheckpointHandler object at 0x35e83bd30> on /Users/stanf/Documents/Uni/Project_AI/two-tower-confounding/results/deep_separated/data=Custom_dataset_deep,docs_per_group=10,experiment=deep_separated,logging_policy_ranker=ordered,logging_policy_sampler=e_greedy,num_queries=1000,policy_temperature=1.0,relevance=deep,relevance_tower=deeper,s_doc=10/checkpoint.orbax-checkpoint-tmp-0
[2025-11-05 12:47:32,940][absl][INFO] - [process=0][thread=async_save_1] Validating params in TensorStore KvStore.
[2025-11-05 12:47:32,941][absl][INFO] - [process=0][thread=async_save_1] Async Save Callback [2/3]: Running post_finalization_callback: None on /Users/stanf/Documents/Uni/Project_AI/two-tower-confounding/results/deep_separated/data=Custom_dataset_deep,docs_per_group=10,experiment=deep_separated,logging_policy_ranker=ordered,logging_policy_sampler=e_greedy,num_queries=1000,policy_temperature=1.0,relevance=deep,relevance_tower=deeper,s_doc=10/checkpoint
[2025-11-05 12:47:32,941][absl][INFO] - [process=0][thread=async_save_1] Async Save Callback [3/3]: Finalizing checkpoint directory: /Users/stanf/Documents/Uni/Project_AI/two-tower-confounding/results/deep_separated/data=Custom_dataset_deep,docs_per_group=10,experiment=deep_separated,logging_policy_ranker=ordered,logging_policy_sampler=e_greedy,num_queries=1000,policy_temperature=1.0,relevance=deep,relevance_tower=deeper,s_doc=10/checkpoint.orbax-checkpoint-tmp-0
[2025-11-05 12:47:32,941][absl][INFO] - Renaming /Users/stanf/Documents/Uni/Project_AI/two-tower-confounding/results/deep_separated/data=Custom_dataset_deep,docs_per_group=10,experiment=deep_separated,logging_policy_ranker=ordered,logging_policy_sampler=e_greedy,num_queries=1000,policy_temperature=1.0,relevance=deep,relevance_tower=deeper,s_doc=10/checkpoint.orbax-checkpoint-tmp-0 to /Users/stanf/Documents/Uni/Project_AI/two-tower-confounding/results/deep_separated/data=Custom_dataset_deep,docs_per_group=10,experiment=deep_separated,logging_policy_ranker=ordered,logging_policy_sampler=e_greedy,num_queries=1000,policy_temperature=1.0,relevance=deep,relevance_tower=deeper,s_doc=10/checkpoint
[2025-11-05 12:47:32,941][absl][INFO] - Read CheckpointMetadata=StepMetadata(init_timestamp_nsecs=1762343252911809000, commit_timestamp_nsecs=None) from /Users/stanf/Documents/Uni/Project_AI/two-tower-confounding/results/deep_separated/data=Custom_dataset_deep,docs_per_group=10,experiment=deep_separated,logging_policy_ranker=ordered,logging_policy_sampler=e_greedy,num_queries=1000,policy_temperature=1.0,relevance=deep,relevance_tower=deeper,s_doc=10/checkpoint.orbax-checkpoint-tmp-0
[2025-11-05 12:47:32,941][absl][INFO] - Updated CheckpointMetadata=StepMetadata(init_timestamp_nsecs=1762343252911809000, commit_timestamp_nsecs=1762343252941399000) to /Users/stanf/Documents/Uni/Project_AI/two-tower-confounding/results/deep_separated/data=Custom_dataset_deep,docs_per_group=10,experiment=deep_separated,logging_policy_ranker=ordered,logging_policy_sampler=e_greedy,num_queries=1000,policy_temperature=1.0,relevance=deep,relevance_tower=deeper,s_doc=10/checkpoint.orbax-checkpoint-tmp-0
[2025-11-05 12:47:32,942][absl][INFO] - [process=0][thread=async_save_1] Finished saving checkpoint (finalized tmp dir) to `/Users/stanf/Documents/Uni/Project_AI/two-tower-confounding/results/deep_separated/data=Custom_dataset_deep,docs_per_group=10,experiment=deep_separated,logging_policy_ranker=ordered,logging_policy_sampler=e_greedy,num_queries=1000,policy_temperature=1.0,relevance=deep,relevance_tower=deeper,s_doc=10/checkpoint`.
[2025-11-05 12:47:32,942][absl][INFO] - [process=0][thread=async_save_1] Background save thread done.
[2025-11-05 12:47:32,942][absl][INFO] - [process=0][thread=MainThread] Done with waiting for background save thread=async_save_1.
[2025-11-05 12:47:32,942][absl][INFO] - [process=0][thread=MainThread] No errors found in background save thread=async_save_1.
[2025-11-05 13:05:31,434][jax._src.xla_bridge][INFO] - Unable to initialize backend 'tpu': INTERNAL: Failed to open libtpu.so: dlopen(libtpu.so, 0x0001): tried: 'libtpu.so' (no such file), '/System/Volumes/Preboot/Cryptexes/OSlibtpu.so' (no such file), '/opt/homebrew/Caskroom/miniforge/base/envs/two-tower-confounding-2/lib/python3.10/site-packages/jaxlib/../../../libtpu.so' (no such file), '/opt/homebrew/Caskroom/miniforge/base/envs/two-tower-confounding-2/bin/../lib/libtpu.so' (no such file), '/usr/lib/libtpu.so' (no such file, not in dyld cache), 'libtpu.so' (no such file), '/usr/local/lib/libtpu.so' (no such file), '/usr/lib/libtpu.so' (no such file, not in dyld cache)
[2025-11-05 13:06:21,135][absl][INFO] - orbax-checkpoint version: 0.8.0
[2025-11-05 13:06:21,135][absl][INFO] - [thread=MainThread] Failed to get flag value for EXPERIMENTAL_ORBAX_USE_DISTRIBUTED_PROCESS_ID.
[2025-11-05 13:06:21,135][absl][INFO] - [process=0][thread=MainThread] Using barrier_sync_fn: <function get_barrier_sync_fn.<locals>.<lambda> at 0x35e6f8ee0> timeout: 600 secs and primary_host=0 for async checkpoint writes
[2025-11-05 13:06:21,136][absl][INFO] - [process=0] Started async saving checkpoint to /Users/stanf/Documents/Uni/Project_AI/two-tower-confounding/results/deep_separated/data=Custom_dataset_deep,docs_per_group=10,experiment=deep_separated,logging_policy_ranker=ordered,logging_policy_sampler=e_greedy,num_queries=1000,policy_temperature=1.0,relevance=deep,relevance_tower=deeper,s_doc=10/checkpoint.
[2025-11-05 13:06:21,136][absl][INFO] - [process=0] Specified `force`: removing existing directory.
[2025-11-05 13:06:21,138][absl][INFO] - [process=0][thread=MainThread] Skipping global process sync, barrier name: 0_create_tmp_directory:pre.checkpoint.1
[2025-11-05 13:06:21,138][absl][INFO] - Creating tmp directory /Users/stanf/Documents/Uni/Project_AI/two-tower-confounding/results/deep_separated/data=Custom_dataset_deep,docs_per_group=10,experiment=deep_separated,logging_policy_ranker=ordered,logging_policy_sampler=e_greedy,num_queries=1000,policy_temperature=1.0,relevance=deep,relevance_tower=deeper,s_doc=10/checkpoint.orbax-checkpoint-tmp-0
[2025-11-05 13:06:21,138][absl][INFO] - [process=0][thread=MainThread] Skipping global process sync, barrier name: 0_create_tmp_directory:post.checkpoint.2
[2025-11-05 13:06:21,139][absl][INFO] - Wrote CheckpointMetadata=StepMetadata(init_timestamp_nsecs=1762344381138666000, commit_timestamp_nsecs=None), json={"init_timestamp_nsecs": 1762344381138666000, "commit_timestamp_nsecs": null} to /Users/stanf/Documents/Uni/Project_AI/two-tower-confounding/results/deep_separated/data=Custom_dataset_deep,docs_per_group=10,experiment=deep_separated,logging_policy_ranker=ordered,logging_policy_sampler=e_greedy,num_queries=1000,policy_temperature=1.0,relevance=deep,relevance_tower=deeper,s_doc=10/checkpoint.orbax-checkpoint-tmp-0
[2025-11-05 13:06:21,150][absl][INFO] - [process=0] /jax/checkpoint/write/blocking_bytes_per_sec: 23.0 MiB/s (total bytes: 260.0 KiB) (time elapsed: 11 milliseconds) (per-host)
[2025-11-05 13:06:21,150][absl][INFO] - [process=0][thread=async_save_1] Background save thread started.
[2025-11-05 13:06:21,153][absl][INFO] - [process=0][thread=MainThread] Waiting for background save thread=async_save_1.
[2025-11-05 13:06:21,167][absl][INFO] - ChainedFuture completed 2/2 futures in 0.01 seconds.
[2025-11-05 13:06:21,167][absl][INFO] - [process=0] /jax/checkpoint/write/bytes_per_sec: 9.0 MiB/s (total bytes: 260.0 KiB) (time elapsed: 28 milliseconds) (per-host)
[2025-11-05 13:06:21,167][absl][INFO] - [process=0][thread=async_save_1] 1 Handler Commit operations completed.
[2025-11-05 13:06:21,167][absl][INFO] - [process=0][thread=async_save_1] Async Save Callback [1/3]: Finalizing Handler: <orbax.checkpoint._src.handlers.standard_checkpoint_handler.StandardCheckpointHandler object at 0x35e61ffa0> on /Users/stanf/Documents/Uni/Project_AI/two-tower-confounding/results/deep_separated/data=Custom_dataset_deep,docs_per_group=10,experiment=deep_separated,logging_policy_ranker=ordered,logging_policy_sampler=e_greedy,num_queries=1000,policy_temperature=1.0,relevance=deep,relevance_tower=deeper,s_doc=10/checkpoint.orbax-checkpoint-tmp-0
[2025-11-05 13:06:21,172][absl][INFO] - [process=0][thread=async_save_1] Validating params in TensorStore KvStore.
[2025-11-05 13:06:21,172][absl][INFO] - [process=0][thread=async_save_1] Async Save Callback [2/3]: Running post_finalization_callback: None on /Users/stanf/Documents/Uni/Project_AI/two-tower-confounding/results/deep_separated/data=Custom_dataset_deep,docs_per_group=10,experiment=deep_separated,logging_policy_ranker=ordered,logging_policy_sampler=e_greedy,num_queries=1000,policy_temperature=1.0,relevance=deep,relevance_tower=deeper,s_doc=10/checkpoint
[2025-11-05 13:06:21,172][absl][INFO] - [process=0][thread=async_save_1] Async Save Callback [3/3]: Finalizing checkpoint directory: /Users/stanf/Documents/Uni/Project_AI/two-tower-confounding/results/deep_separated/data=Custom_dataset_deep,docs_per_group=10,experiment=deep_separated,logging_policy_ranker=ordered,logging_policy_sampler=e_greedy,num_queries=1000,policy_temperature=1.0,relevance=deep,relevance_tower=deeper,s_doc=10/checkpoint.orbax-checkpoint-tmp-0
[2025-11-05 13:06:21,172][absl][INFO] - Renaming /Users/stanf/Documents/Uni/Project_AI/two-tower-confounding/results/deep_separated/data=Custom_dataset_deep,docs_per_group=10,experiment=deep_separated,logging_policy_ranker=ordered,logging_policy_sampler=e_greedy,num_queries=1000,policy_temperature=1.0,relevance=deep,relevance_tower=deeper,s_doc=10/checkpoint.orbax-checkpoint-tmp-0 to /Users/stanf/Documents/Uni/Project_AI/two-tower-confounding/results/deep_separated/data=Custom_dataset_deep,docs_per_group=10,experiment=deep_separated,logging_policy_ranker=ordered,logging_policy_sampler=e_greedy,num_queries=1000,policy_temperature=1.0,relevance=deep,relevance_tower=deeper,s_doc=10/checkpoint
[2025-11-05 13:06:21,172][absl][INFO] - Read CheckpointMetadata=StepMetadata(init_timestamp_nsecs=1762344381138666000, commit_timestamp_nsecs=None) from /Users/stanf/Documents/Uni/Project_AI/two-tower-confounding/results/deep_separated/data=Custom_dataset_deep,docs_per_group=10,experiment=deep_separated,logging_policy_ranker=ordered,logging_policy_sampler=e_greedy,num_queries=1000,policy_temperature=1.0,relevance=deep,relevance_tower=deeper,s_doc=10/checkpoint.orbax-checkpoint-tmp-0
[2025-11-05 13:06:21,173][absl][INFO] - Updated CheckpointMetadata=StepMetadata(init_timestamp_nsecs=1762344381138666000, commit_timestamp_nsecs=1762344381172744000) to /Users/stanf/Documents/Uni/Project_AI/two-tower-confounding/results/deep_separated/data=Custom_dataset_deep,docs_per_group=10,experiment=deep_separated,logging_policy_ranker=ordered,logging_policy_sampler=e_greedy,num_queries=1000,policy_temperature=1.0,relevance=deep,relevance_tower=deeper,s_doc=10/checkpoint.orbax-checkpoint-tmp-0
[2025-11-05 13:06:21,173][absl][INFO] - [process=0][thread=async_save_1] Finished saving checkpoint (finalized tmp dir) to `/Users/stanf/Documents/Uni/Project_AI/two-tower-confounding/results/deep_separated/data=Custom_dataset_deep,docs_per_group=10,experiment=deep_separated,logging_policy_ranker=ordered,logging_policy_sampler=e_greedy,num_queries=1000,policy_temperature=1.0,relevance=deep,relevance_tower=deeper,s_doc=10/checkpoint`.
[2025-11-05 13:06:21,173][absl][INFO] - [process=0][thread=async_save_1] Background save thread done.
[2025-11-05 13:06:21,173][absl][INFO] - [process=0][thread=MainThread] Done with waiting for background save thread=async_save_1.
[2025-11-05 13:06:21,174][absl][INFO] - [process=0][thread=MainThread] No errors found in background save thread=async_save_1.
[2025-11-05 13:26:42,593][jax._src.xla_bridge][INFO] - Unable to initialize backend 'tpu': INTERNAL: Failed to open libtpu.so: dlopen(libtpu.so, 0x0001): tried: 'libtpu.so' (no such file), '/System/Volumes/Preboot/Cryptexes/OSlibtpu.so' (no such file), '/opt/homebrew/Caskroom/miniforge/base/envs/two-tower-confounding-2/lib/python3.10/site-packages/jaxlib/../../../libtpu.so' (no such file), '/opt/homebrew/Caskroom/miniforge/base/envs/two-tower-confounding-2/bin/../lib/libtpu.so' (no such file), '/usr/lib/libtpu.so' (no such file, not in dyld cache), 'libtpu.so' (no such file), '/usr/local/lib/libtpu.so' (no such file), '/usr/lib/libtpu.so' (no such file, not in dyld cache)
[2025-11-05 13:27:32,110][absl][INFO] - orbax-checkpoint version: 0.8.0
[2025-11-05 13:27:32,111][absl][INFO] - [thread=MainThread] Failed to get flag value for EXPERIMENTAL_ORBAX_USE_DISTRIBUTED_PROCESS_ID.
[2025-11-05 13:27:32,111][absl][INFO] - [process=0][thread=MainThread] Using barrier_sync_fn: <function get_barrier_sync_fn.<locals>.<lambda> at 0x36366cf70> timeout: 600 secs and primary_host=0 for async checkpoint writes
[2025-11-05 13:27:32,111][absl][INFO] - [process=0] Started async saving checkpoint to /Users/stanf/Documents/Uni/Project_AI/two-tower-confounding/results/deep_separated/data=Custom_dataset_deep,docs_per_group=10,experiment=deep_separated,logging_policy_ranker=ordered,logging_policy_sampler=e_greedy,num_queries=1000,policy_temperature=1.0,relevance=deep,relevance_tower=deeper,s_doc=10/checkpoint.
[2025-11-05 13:27:32,111][absl][INFO] - [process=0] Specified `force`: removing existing directory.
[2025-11-05 13:27:32,113][absl][INFO] - [process=0][thread=MainThread] Skipping global process sync, barrier name: 0_create_tmp_directory:pre.checkpoint.1
[2025-11-05 13:27:32,113][absl][INFO] - Creating tmp directory /Users/stanf/Documents/Uni/Project_AI/two-tower-confounding/results/deep_separated/data=Custom_dataset_deep,docs_per_group=10,experiment=deep_separated,logging_policy_ranker=ordered,logging_policy_sampler=e_greedy,num_queries=1000,policy_temperature=1.0,relevance=deep,relevance_tower=deeper,s_doc=10/checkpoint.orbax-checkpoint-tmp-0
[2025-11-05 13:27:32,113][absl][INFO] - [process=0][thread=MainThread] Skipping global process sync, barrier name: 0_create_tmp_directory:post.checkpoint.2
[2025-11-05 13:27:32,114][absl][INFO] - Wrote CheckpointMetadata=StepMetadata(init_timestamp_nsecs=1762345652113632000, commit_timestamp_nsecs=None), json={"init_timestamp_nsecs": 1762345652113632000, "commit_timestamp_nsecs": null} to /Users/stanf/Documents/Uni/Project_AI/two-tower-confounding/results/deep_separated/data=Custom_dataset_deep,docs_per_group=10,experiment=deep_separated,logging_policy_ranker=ordered,logging_policy_sampler=e_greedy,num_queries=1000,policy_temperature=1.0,relevance=deep,relevance_tower=deeper,s_doc=10/checkpoint.orbax-checkpoint-tmp-0
[2025-11-05 13:27:32,123][absl][INFO] - [process=0] /jax/checkpoint/write/blocking_bytes_per_sec: 25.9 MiB/s (total bytes: 260.0 KiB) (time elapsed: 9 milliseconds) (per-host)
[2025-11-05 13:27:32,124][absl][INFO] - [process=0][thread=async_save_1] Background save thread started.
[2025-11-05 13:27:32,127][absl][INFO] - [process=0][thread=MainThread] Waiting for background save thread=async_save_1.
[2025-11-05 13:27:32,139][absl][INFO] - ChainedFuture completed 2/2 futures in 0.01 seconds.
[2025-11-05 13:27:32,139][absl][INFO] - [process=0] /jax/checkpoint/write/bytes_per_sec: 10.0 MiB/s (total bytes: 260.0 KiB) (time elapsed: 25 milliseconds) (per-host)
[2025-11-05 13:27:32,139][absl][INFO] - [process=0][thread=async_save_1] 1 Handler Commit operations completed.
[2025-11-05 13:27:32,139][absl][INFO] - [process=0][thread=async_save_1] Async Save Callback [1/3]: Finalizing Handler: <orbax.checkpoint._src.handlers.standard_checkpoint_handler.StandardCheckpointHandler object at 0x36361fac0> on /Users/stanf/Documents/Uni/Project_AI/two-tower-confounding/results/deep_separated/data=Custom_dataset_deep,docs_per_group=10,experiment=deep_separated,logging_policy_ranker=ordered,logging_policy_sampler=e_greedy,num_queries=1000,policy_temperature=1.0,relevance=deep,relevance_tower=deeper,s_doc=10/checkpoint.orbax-checkpoint-tmp-0
[2025-11-05 13:27:32,144][absl][INFO] - [process=0][thread=async_save_1] Validating params in TensorStore KvStore.
[2025-11-05 13:27:32,144][absl][INFO] - [process=0][thread=async_save_1] Async Save Callback [2/3]: Running post_finalization_callback: None on /Users/stanf/Documents/Uni/Project_AI/two-tower-confounding/results/deep_separated/data=Custom_dataset_deep,docs_per_group=10,experiment=deep_separated,logging_policy_ranker=ordered,logging_policy_sampler=e_greedy,num_queries=1000,policy_temperature=1.0,relevance=deep,relevance_tower=deeper,s_doc=10/checkpoint
[2025-11-05 13:27:32,144][absl][INFO] - [process=0][thread=async_save_1] Async Save Callback [3/3]: Finalizing checkpoint directory: /Users/stanf/Documents/Uni/Project_AI/two-tower-confounding/results/deep_separated/data=Custom_dataset_deep,docs_per_group=10,experiment=deep_separated,logging_policy_ranker=ordered,logging_policy_sampler=e_greedy,num_queries=1000,policy_temperature=1.0,relevance=deep,relevance_tower=deeper,s_doc=10/checkpoint.orbax-checkpoint-tmp-0
[2025-11-05 13:27:32,144][absl][INFO] - Renaming /Users/stanf/Documents/Uni/Project_AI/two-tower-confounding/results/deep_separated/data=Custom_dataset_deep,docs_per_group=10,experiment=deep_separated,logging_policy_ranker=ordered,logging_policy_sampler=e_greedy,num_queries=1000,policy_temperature=1.0,relevance=deep,relevance_tower=deeper,s_doc=10/checkpoint.orbax-checkpoint-tmp-0 to /Users/stanf/Documents/Uni/Project_AI/two-tower-confounding/results/deep_separated/data=Custom_dataset_deep,docs_per_group=10,experiment=deep_separated,logging_policy_ranker=ordered,logging_policy_sampler=e_greedy,num_queries=1000,policy_temperature=1.0,relevance=deep,relevance_tower=deeper,s_doc=10/checkpoint
[2025-11-05 13:27:32,145][absl][INFO] - Read CheckpointMetadata=StepMetadata(init_timestamp_nsecs=1762345652113632000, commit_timestamp_nsecs=None) from /Users/stanf/Documents/Uni/Project_AI/two-tower-confounding/results/deep_separated/data=Custom_dataset_deep,docs_per_group=10,experiment=deep_separated,logging_policy_ranker=ordered,logging_policy_sampler=e_greedy,num_queries=1000,policy_temperature=1.0,relevance=deep,relevance_tower=deeper,s_doc=10/checkpoint.orbax-checkpoint-tmp-0
[2025-11-05 13:27:32,145][absl][INFO] - Updated CheckpointMetadata=StepMetadata(init_timestamp_nsecs=1762345652113632000, commit_timestamp_nsecs=1762345652145135000) to /Users/stanf/Documents/Uni/Project_AI/two-tower-confounding/results/deep_separated/data=Custom_dataset_deep,docs_per_group=10,experiment=deep_separated,logging_policy_ranker=ordered,logging_policy_sampler=e_greedy,num_queries=1000,policy_temperature=1.0,relevance=deep,relevance_tower=deeper,s_doc=10/checkpoint.orbax-checkpoint-tmp-0
[2025-11-05 13:27:32,145][absl][INFO] - [process=0][thread=async_save_1] Finished saving checkpoint (finalized tmp dir) to `/Users/stanf/Documents/Uni/Project_AI/two-tower-confounding/results/deep_separated/data=Custom_dataset_deep,docs_per_group=10,experiment=deep_separated,logging_policy_ranker=ordered,logging_policy_sampler=e_greedy,num_queries=1000,policy_temperature=1.0,relevance=deep,relevance_tower=deeper,s_doc=10/checkpoint`.
[2025-11-05 13:27:32,145][absl][INFO] - [process=0][thread=async_save_1] Background save thread done.
[2025-11-05 13:27:32,146][absl][INFO] - [process=0][thread=MainThread] Done with waiting for background save thread=async_save_1.
[2025-11-05 13:27:32,146][absl][INFO] - [process=0][thread=MainThread] No errors found in background save thread=async_save_1.
