WARNING:absl:Tensorflow library not found, tensorflow.io.gfile operations will use native shim calls. GCS paths (i.e. 'gs://...') cannot be accessed.
[2025-11-11 11:26:23,201][HYDRA] Launching 1 jobs locally
[2025-11-11 11:26:23,201][HYDRA] 	#0 : experiment=deep_separated data=Custom_dataset_deep relevance=deep logging_policy_ranker=ordered relevance_tower=deeper policy_strength=1 policy_temperature=1.0 random_state=2021 logging_policy_sampler=e_greedy save_test_datasets=True load_test_datasets=True num_queries=100000 docs_per_group=10 D=2 label_type=deep_overlap s_doc=10 test_dataset_name=test_dataset_policy_temperature1.0_num_queries100000_D2_s_doc10_.pkl test_click_dataset_name=test_click_dataset_policy_temperature1.0_num_queries100000_D2_s_doc10_.pkl
wandb: Currently logged in as: stanfris2-0 (disco-conv-splade) to https://api.wandb.ai. Use `wandb login --relogin` to force relogin
wandb: creating run
wandb: Tracking run with wandb version 0.21.4
wandb: Run data is saved locally in /gpfs/home5/sfris1/two-towers-confounding-project/results/deep_separated/data=Custom_dataset_deep,docs_per_group=10,experiment=deep_separated,logging_policy_ranker=ordered,logging_policy_sampler=e_greedy,num_queries=100000,policy_temperature=1.0,relevance=deep,relevance_tower=deeper,s_doc=10/wandb/run-20251111_112631-9sqtm17f
wandb: Run `wandb offline` to turn off syncing.
wandb: Syncing run Two-Tower_bs1.0_pwFalse_rs2021_cvFalse
wandb: ⭐️ View project at https://wandb.ai/stanfris2-0-university-of-amsterdam/project_AI
wandb: 🚀 View run at https://wandb.ai/stanfris2-0-university-of-amsterdam/project_AI/runs/9sqtm17f
ERROR:2025-11-11 11:28:25,186:jax._src.xla_bridge:487: Jax plugin configuration error: Exception when calling jax_plugins.xla_cuda12.initialize()
Traceback (most recent call last):
  File "/gpfs/home5/sfris1/two-towers-confounding-project/.venv/lib/python3.11/site-packages/jax/_src/xla_bridge.py", line 485, in discover_pjrt_plugins
    plugin_module.initialize()
  File "/gpfs/home5/sfris1/two-towers-confounding-project/.venv/lib/python3.11/site-packages/jax_plugins/xla_cuda12/__init__.py", line 328, in initialize
    _check_cuda_versions(raise_on_first_error=True)
  File "/gpfs/home5/sfris1/two-towers-confounding-project/.venv/lib/python3.11/site-packages/jax_plugins/xla_cuda12/__init__.py", line 285, in _check_cuda_versions
    local_device_count = cuda_versions.cuda_device_count()
                         ^^^^^^^^^^^^^^^^^^^^^^^^^^^^^^^^^
RuntimeError: jaxlib/cuda/versions_helpers.cc:113: operation cuInit(0) failed: CUDA_ERROR_NO_DEVICE
dataset_dir: ~/ltr_datasets
experiment: deep_separated
random_state: 2021
use_cross_validation: false
sample_queries: null
features: all
relevance: deep
relevance_noise: 0.0
relevance_quantization: false
train_clicks: 1000000
val_clicks: 500000
test_clicks: 500000
policy_strength: 1
policy_temperature: 1.0
bias_strength: 1.0
param_shift: 0.0
use_propensity_weighting: false
freeze_bias_tower: false
single_param: false
param_idx: 0
save_test_datasets: true
load_test_datasets: true
test_dataset_name: test_dataset_policy_temperature1.0_num_queries100000_D2_s_doc10_.pkl
test_click_dataset_name: test_click_dataset_policy_temperature1.0_num_queries100000_D2_s_doc10_.pkl
num_groups: 1
docs_per_group: 10
D: 2
s_group: 0.0
s_doc: 10
num_queries: 100000
label_type: deep_overlap
data:
  dataset:
    _target_: two_tower_confounding.data.datasets.custom.CustomDatasetDeep
    base_dir: ${dataset_dir}
    num_groups: ${num_groups}
    docs_per_group: ${docs_per_group}
    D: ${D}
    s_group: ${s_group}
    s_doc: ${s_doc}
    random_seed: ${random_state}
    num_queries: ${num_queries}
  preprocessor:
    _target_: two_tower_confounding.data.preprocessing.Preprocessor
    normalize_features: true
    generate_query_document_ids: true
    sample_queries: ${sample_queries}
    top_documents_per_query: 10
    min_relevance_per_query: 1
    random_state: ${random_state}
    relevance: ${relevance}
    features: ${features}
    relevance_noise: ${relevance_noise}
    relevance_quantization: ${relevance_quantization}
logging_policy_ranker:
  _target_: two_tower_confounding.simulation.logging_policy.rankers.OrderedRanker
  policy_strength: ${policy_strength}
  random_state: ${random_state}
logging_policy_sampler:
  _target_: two_tower_confounding.simulation.logging_policy.samplers.EGreedySampler
  policy_temperature: ${policy_temperature}
  random_state: ${random_state}
bias_tower:
  _target_: two_tower_confounding.models.towers.EmbeddingBiasTower
  _partial_: true
  positions: ???
  rngs: ???
relevance_tower:
  _target_: two_tower_confounding.models.towers.DeepRelevanceTower
  _partial_: true
  features: ???
  layers: 5
  hidden_units: 128
  dropout: 0
  rngs: ???

['num_groups1', 'docs10', 'D2', 'sgroup0.0', 'sdoc10', 'seed2021', 'num_queries100000', 'labeltypedeep']
📁 Initialized dataset: custom_dataset_deep-num_groups1_docs10_D2_sgroup0.0_sdoc10_seed2021_num_queries100000_labeltypedeep

Loading dataset: custom_dataset_deep-num_groups1_docs10_D2_sgroup0.0_sdoc10_seed2021_num_queries100000_labeltypedeep, fold: 1, split: train
⚙️ Generating custom dataset...
⚙️ Creating dataset splits in: /home/sfris1/ltr_datasets/dataset/Custom_dataset_deep-num_groups1_docs10_D2_sgroup0.0_sdoc10_seed2021_num_queries100000_labeltypedeep/Fold1
✅ Dataset written: /home/sfris1/ltr_datasets/dataset/Custom_dataset_deep-num_groups1_docs10_D2_sgroup0.0_sdoc10_seed2021_num_queries100000_labeltypedeep/Fold1/train.txt
✅ Dataset written: /home/sfris1/ltr_datasets/dataset/Custom_dataset_deep-num_groups1_docs10_D2_sgroup0.0_sdoc10_seed2021_num_queries100000_labeltypedeep/Fold1/vali.txt
✅ Dataset written: /home/sfris1/ltr_datasets/dataset/Custom_dataset_deep-num_groups1_docs10_D2_sgroup0.0_sdoc10_seed2021_num_queries100000_labeltypedeep/Fold1/test.txt
📦 Zipping dataset from /home/sfris1/ltr_datasets/dataset/Custom_dataset_deep-num_groups1_docs10_D2_sgroup0.0_sdoc10_seed2021_num_queries100000_labeltypedeep → /home/sfris1/ltr_datasets/download/Custom_dataset_deep-num_groups1_docs10_D2_sgroup0.0_sdoc10_seed2021_num_queries100000_labeltypedeep.zip
✅ Dataset zipped successfully at: /home/sfris1/ltr_datasets/download/Custom_dataset_deep-num_groups1_docs10_D2_sgroup0.0_sdoc10_seed2021_num_queries100000_labeltypedeep.zip
✅ Generated dataset: /home/sfris1/ltr_datasets/download/Custom_dataset_deep-num_groups1_docs10_D2_sgroup0.0_sdoc10_seed2021_num_queries100000_labeltypedeep.zip
Parsing svmlight file: /home/sfris1/ltr_datasets/dataset/Custom_dataset_deep-num_groups1_docs10_D2_sgroup0.0_sdoc10_seed2021_num_queries100000_labeltypedeep/Fold1/train.txt
Truncate queries to max. 10 documents, keeping the most relevant query-document pairs
Dropped: 0/100000 queries without any relevant document
Generate unique query-document ids starting from 1, 2, ...
Log-transform query-document features
[2025-11-11 11:28:25,186][jax._src.xla_bridge][ERROR] - Jax plugin configuration error: Exception when calling jax_plugins.xla_cuda12.initialize()
Traceback (most recent call last):
  File "/gpfs/home5/sfris1/two-towers-confounding-project/.venv/lib/python3.11/site-packages/jax/_src/xla_bridge.py", line 485, in discover_pjrt_plugins
    plugin_module.initialize()
  File "/gpfs/home5/sfris1/two-towers-confounding-project/.venv/lib/python3.11/site-packages/jax_plugins/xla_cuda12/__init__.py", line 328, in initialize
    _check_cuda_versions(raise_on_first_error=True)
  File "/gpfs/home5/sfris1/two-towers-confounding-project/.venv/lib/python3.11/site-packages/jax_plugins/xla_cuda12/__init__.py", line 285, in _check_cuda_versions
    local_device_count = cuda_versions.cuda_device_count()
                         ^^^^^^^^^^^^^^^^^^^^^^^^^^^^^^^^^
RuntimeError: jaxlib/cuda/versions_helpers.cc:113: operation cuInit(0) failed: CUDA_ERROR_NO_DEVICE
INFO:2025-11-11 11:28:25,197:jax._src.xla_bridge:822: Unable to initialize backend 'tpu': INTERNAL: Failed to open libtpu.so: libtpu.so: cannot open shared object file: No such file or directory
[2025-11-11 11:28:25,197][jax._src.xla_bridge][INFO] - Unable to initialize backend 'tpu': INTERNAL: Failed to open libtpu.so: libtpu.so: cannot open shared object file: No such file or directory
srun: Job step aborted: Waiting up to 32 seconds for job step to finish.
[2025-11-11T11:29:16.061] error: *** STEP 15901508.0 ON tcn18 CANCELLED AT 2025-11-11T11:29:16 DUE to SIGNAL Terminated ***
[2025-11-11T11:29:16.062] error: *** JOB 15901508 ON tcn18 CANCELLED AT 2025-11-11T11:29:16 DUE to SIGNAL Terminated ***
