[2025-10-27 20:50:21,440][jax._src.xla_bridge][INFO] - Unable to initialize backend 'tpu': INTERNAL: Failed to open libtpu.so: libtpu.so: cannot open shared object file: No such file or directory
[2025-10-27 20:53:53,108][absl][INFO] - orbax-checkpoint version: 0.11.25
[2025-10-27 20:53:53,108][absl][INFO] - Created BasePyTreeCheckpointHandler: use_ocdbt=True, use_zarr3=False, pytree_metadata_options=PyTreeMetadataOptions(support_rich_types=False), array_metadata_store=<orbax.checkpoint._src.metadata.array_metadata_store.Store object at 0x152d909f3890>, enable_pinned_host_transfer=True, save_concurrent_bytes: 96000000000 (89.4 GiB), restore_concurrent_bytes: 96000000000 (89.4 GiB)
[2025-10-27 20:53:53,109][absl][INFO] - [thread=MainThread] Failed to get flag value for EXPERIMENTAL_ORBAX_USE_DISTRIBUTED_PROCESS_ID.
[2025-10-27 20:53:53,109][absl][INFO] - [process=0][thread=MainThread] Using barrier_sync_fn: <function get_barrier_sync_fn.<locals>.<lambda> at 0x152c30a9e340> timeout: 600 secs and primary_host=0 for async checkpoint writes
[2025-10-27 20:53:53,109][absl][INFO] - [process=0] Started async saving checkpoint to /gpfs/home5/sfris1/two-towers-confounding-project/results/deep_target_label/data=Custom_dataset_deep,docs_per_group=1,experiment=deep_target_label,logging_policy_ranker=deep,logging_policy_sampler=e_greedy,num_queries=5,policy_strength=1,policy_temperature=1.0,random_state=2021,relevance=deep,relevance_tower=deep/checkpoint.
[2025-10-27 20:53:53,111][absl][INFO] - [process=0] Specified `force`: removing existing directory.
[2025-10-27 20:53:53,112][absl][INFO] - Using ThreadSafeKeyValueSignalingClient
[2025-10-27 20:53:53,115][absl][INFO] - Transferring arrays to host memory with options: use_replica_parallel=True, min_slice_bytes_for_replica_parallel=None, max_replicas_for_replica_parallel=None, enable_pinned_host_transfer=True
[2025-10-27 20:53:53,117][absl][INFO] - Creating tmp directory /gpfs/home5/sfris1/two-towers-confounding-project/results/deep_target_label/data=Custom_dataset_deep,docs_per_group=1,experiment=deep_target_label,logging_policy_ranker=deep,logging_policy_sampler=e_greedy,num_queries=5,policy_strength=1,policy_temperature=1.0,random_state=2021,relevance=deep,relevance_tower=deep/checkpoint.orbax-checkpoint-tmp
[2025-10-27 20:53:53,120][absl][INFO] - [process=0][thread=MainThread] Initiated "orbax.checkpoint._src.serialization.type_handlers.ArrayHandler".serialize. Time taken: 0.004260s
[2025-10-27 20:53:53,120][absl][INFO] - [process=0] /jax/checkpoint/write/blocking_gbytes_per_sec: 0 Bytes/s (total gbytes: 4.7 KiB) (time elapsed: 7 milliseconds) (per-host)
[2025-10-27 20:53:53,121][absl][INFO] - [process=0][thread=MainThread] Initiated Pytree async_save. Time taken: 0.007991s (batch_requests_ready=0.001884s, total_serialization_initiated=0.005301s, others=0.000805s)
[2025-10-27 20:53:53,130][absl][INFO] - Wrote Metadata={'item_handlers': None, 'metrics': {}, 'performance_metrics': {}, 'init_timestamp_nsecs': 1761594833122756199, 'commit_timestamp_nsecs': None, 'custom_metadata': {}}, json={"item_handlers": null, "metrics": {}, "performance_metrics": {}, "init_timestamp_nsecs": 1761594833122756199, "commit_timestamp_nsecs": null, "custom_metadata": {}} to /gpfs/home5/sfris1/two-towers-confounding-project/results/deep_target_label/data=Custom_dataset_deep,docs_per_group=1,experiment=deep_target_label,logging_policy_ranker=deep,logging_policy_sampler=e_greedy,num_queries=5,policy_strength=1,policy_temperature=1.0,random_state=2021,relevance=deep,relevance_tower=deep/checkpoint.orbax-checkpoint-tmp/_CHECKPOINT_METADATA
[2025-10-27 20:53:53,134][absl][INFO] - [process=0][thread=async_save] Background save thread started.
[2025-10-27 20:53:53,134][absl][INFO] - Finished blocking save. Time taken: 0.025544s. Continuing background save to /gpfs/home5/sfris1/two-towers-confounding-project/results/deep_target_label/data=Custom_dataset_deep,docs_per_group=1,experiment=deep_target_label,logging_policy_ranker=deep,logging_policy_sampler=e_greedy,num_queries=5,policy_strength=1,policy_temperature=1.0,random_state=2021,relevance=deep,relevance_tower=deep/checkpoint.
[2025-10-27 20:53:53,138][absl][INFO] - [process=0][thread=array_type_handler] Wrote 7 array_metadata.ArrayMetadata to /gpfs/home5/sfris1/two-towers-confounding-project/results/deep_target_label/data=Custom_dataset_deep,docs_per_group=1,experiment=deep_target_label,logging_policy_ranker=deep,logging_policy_sampler=e_greedy,num_queries=5,policy_strength=1,policy_temperature=1.0,random_state=2021,relevance=deep,relevance_tower=deep/checkpoint.orbax-checkpoint-tmp/array_metadatas/process_0
[2025-10-27 20:53:53,139][absl][INFO] - [process=0][thread=MainThread] Waiting for background save thread=async_save.
[2025-10-27 20:53:53,197][absl][INFO] - [process=0][thread=write_metadata_after_commits] Commit + Array metadata written. Time taken: 0.066711s (commit=0.062530s, array_metadata_write=0.004181s)
[2025-10-27 20:53:53,199][absl][INFO] - [process=0] /jax/checkpoint/write/gbytes_per_sec: 0 Bytes/s (total gbytes: 4.7 KiB) (time elapsed: 85 milliseconds) (per-host)
[2025-10-27 20:53:53,199][absl][INFO] - [process=0][thread=async_save] 2 Handler Commit operations completed. Time taken: 0.061388s.
[2025-10-27 20:53:53,201][absl][INFO] - Read Metadata={'item_handlers': None, 'metrics': {}, 'performance_metrics': {}, 'init_timestamp_nsecs': 1761594833122756199, 'commit_timestamp_nsecs': None, 'custom_metadata': {}} from /gpfs/home5/sfris1/two-towers-confounding-project/results/deep_target_label/data=Custom_dataset_deep,docs_per_group=1,experiment=deep_target_label,logging_policy_ranker=deep,logging_policy_sampler=e_greedy,num_queries=5,policy_strength=1,policy_temperature=1.0,random_state=2021,relevance=deep,relevance_tower=deep/checkpoint.orbax-checkpoint-tmp/_CHECKPOINT_METADATA
[2025-10-27 20:53:53,202][absl][INFO] - [process=0][thread=async_save] Skipped cross-host ArrayMetadata validation because only one process is found: process_index=0.
[2025-10-27 20:53:53,203][absl][INFO] - Updated Metadata={'item_handlers': 'orbax.checkpoint._src.handlers.standard_checkpoint_handler.StandardCheckpointHandler', 'metrics': {}, 'performance_metrics': {}, 'init_timestamp_nsecs': 1761594833122756199, 'commit_timestamp_nsecs': None, 'custom_metadata': {}} to /gpfs/home5/sfris1/two-towers-confounding-project/results/deep_target_label/data=Custom_dataset_deep,docs_per_group=1,experiment=deep_target_label,logging_policy_ranker=deep,logging_policy_sampler=e_greedy,num_queries=5,policy_strength=1,policy_temperature=1.0,random_state=2021,relevance=deep,relevance_tower=deep/checkpoint.orbax-checkpoint-tmp/_CHECKPOINT_METADATA
[2025-10-27 20:53:53,220][absl][INFO] - [process=0][thread=async_save] Pytree save finalize (merge_ocdbt + ArrayMetadata validation) completed. Time taken: 0.020501s. use_zarr3=False, enable_post_merge_validation=True, directory=/gpfs/home5/sfris1/two-towers-confounding-project/results/deep_target_label/data=Custom_dataset_deep,docs_per_group=1,experiment=deep_target_label,logging_policy_ranker=deep,logging_policy_sampler=e_greedy,num_queries=5,policy_strength=1,policy_temperature=1.0,random_state=2021,relevance=deep,relevance_tower=deep/checkpoint.orbax-checkpoint-tmp
[2025-10-27 20:53:53,222][absl][INFO] - Renaming /gpfs/home5/sfris1/two-towers-confounding-project/results/deep_target_label/data=Custom_dataset_deep,docs_per_group=1,experiment=deep_target_label,logging_policy_ranker=deep,logging_policy_sampler=e_greedy,num_queries=5,policy_strength=1,policy_temperature=1.0,random_state=2021,relevance=deep,relevance_tower=deep/checkpoint.orbax-checkpoint-tmp to /gpfs/home5/sfris1/two-towers-confounding-project/results/deep_target_label/data=Custom_dataset_deep,docs_per_group=1,experiment=deep_target_label,logging_policy_ranker=deep,logging_policy_sampler=e_greedy,num_queries=5,policy_strength=1,policy_temperature=1.0,random_state=2021,relevance=deep,relevance_tower=deep/checkpoint
[2025-10-27 20:53:53,224][absl][INFO] - [process=0][thread=async_save] Finished saving checkpoint (finalized tmp dir) to `/gpfs/home5/sfris1/two-towers-confounding-project/results/deep_target_label/data=Custom_dataset_deep,docs_per_group=1,experiment=deep_target_label,logging_policy_ranker=deep,logging_policy_sampler=e_greedy,num_queries=5,policy_strength=1,policy_temperature=1.0,random_state=2021,relevance=deep,relevance_tower=deep/checkpoint`.
[2025-10-27 20:53:53,225][absl][INFO] - Finished async_save (blocking + background). Time taken: 0.116181s. directory=/gpfs/home5/sfris1/two-towers-confounding-project/results/deep_target_label/data=Custom_dataset_deep,docs_per_group=1,experiment=deep_target_label,logging_policy_ranker=deep,logging_policy_sampler=e_greedy,num_queries=5,policy_strength=1,policy_temperature=1.0,random_state=2021,relevance=deep,relevance_tower=deep/checkpoint
[2025-10-27 20:53:53,225][absl][INFO] - [process=0][thread=async_save] Background save thread done. Time taken: 0.087745s.
[2025-10-27 20:53:53,226][absl][INFO] - [process=0][thread=MainThread] Done with waiting for background save thread=async_save.
[2025-10-27 20:53:53,226][absl][INFO] - [process=0][thread=MainThread] No errors found in background save thread=async_save.
