[2025-11-01 16:37:01,782][jax._src.xla_bridge][INFO] - Unable to initialize backend 'tpu': INTERNAL: Failed to open libtpu.so: libtpu.so: cannot open shared object file: No such file or directory
[2025-11-01 16:37:12,566][absl][INFO] - orbax-checkpoint version: 0.11.25
[2025-11-01 16:37:12,566][absl][INFO] - Created BasePyTreeCheckpointHandler: use_ocdbt=True, use_zarr3=False, pytree_metadata_options=PyTreeMetadataOptions(support_rich_types=False), array_metadata_store=<orbax.checkpoint._src.metadata.array_metadata_store.Store object at 0x146dd0872810>, enable_pinned_host_transfer=True, save_concurrent_bytes: 96000000000 (89.4 GiB), restore_concurrent_bytes: 96000000000 (89.4 GiB)
[2025-11-01 16:37:12,567][absl][INFO] - [thread=MainThread] Failed to get flag value for EXPERIMENTAL_ORBAX_USE_DISTRIBUTED_PROCESS_ID.
[2025-11-01 16:37:12,567][absl][INFO] - [process=0][thread=MainThread] Using barrier_sync_fn: <function get_barrier_sync_fn.<locals>.<lambda> at 0x146da31d4220> timeout: 600 secs and primary_host=0 for async checkpoint writes
[2025-11-01 16:37:12,571][absl][INFO] - Restoring checkpoint from /gpfs/home5/sfris1/two-towers-confounding-project/results/deep_separated/data=Custom_dataset_deep,docs_per_group=10,experiment=deep_separated,logging_policy_ranker=ordered,logging_policy_sampler=e_greedy,num_queries=10,policy_temperature=1.0,relevance=deep,relevance_tower=deeper,s_doc=-0.2/checkpoint.
[2025-11-01 16:37:12,615][absl][INFO] - [process=0] /jax/checkpoint/read/gbytes_per_sec: 0 Bytes/s (total gbytes: 260.0 KiB) (time elapsed: 42 milliseconds) (per-host)
[2025-11-01 16:37:12,616][absl][INFO] - Finished restoring checkpoint in 0.05 seconds from /gpfs/home5/sfris1/two-towers-confounding-project/results/deep_separated/data=Custom_dataset_deep,docs_per_group=10,experiment=deep_separated,logging_policy_ranker=ordered,logging_policy_sampler=e_greedy,num_queries=10,policy_temperature=1.0,relevance=deep,relevance_tower=deeper,s_doc=-0.2/checkpoint.
[2025-11-01 16:37:22,113][jax._src.xla_bridge][INFO] - Unable to initialize backend 'tpu': INTERNAL: Failed to open libtpu.so: libtpu.so: cannot open shared object file: No such file or directory
[2025-11-01 16:37:29,034][jax._src.xla_bridge][INFO] - Unable to initialize backend 'tpu': INTERNAL: Failed to open libtpu.so: libtpu.so: cannot open shared object file: No such file or directory
[2025-11-01 16:37:29,127][jax._src.xla_bridge][INFO] - Unable to initialize backend 'tpu': INTERNAL: Failed to open libtpu.so: libtpu.so: cannot open shared object file: No such file or directory
[2025-11-01 16:37:33,016][absl][INFO] - orbax-checkpoint version: 0.11.25
[2025-11-01 16:37:33,019][absl][INFO] - Created BasePyTreeCheckpointHandler: use_ocdbt=True, use_zarr3=False, pytree_metadata_options=PyTreeMetadataOptions(support_rich_types=False), array_metadata_store=<orbax.checkpoint._src.metadata.array_metadata_store.Store object at 0x14c3c8488b50>, enable_pinned_host_transfer=True, save_concurrent_bytes: 96000000000 (89.4 GiB), restore_concurrent_bytes: 96000000000 (89.4 GiB)
[2025-11-01 16:37:33,020][absl][INFO] - [thread=MainThread] Failed to get flag value for EXPERIMENTAL_ORBAX_USE_DISTRIBUTED_PROCESS_ID.
[2025-11-01 16:37:33,020][absl][INFO] - [process=0][thread=MainThread] Using barrier_sync_fn: <function get_barrier_sync_fn.<locals>.<lambda> at 0x14c38c0b0cc0> timeout: 600 secs and primary_host=0 for async checkpoint writes
[2025-11-01 16:37:33,023][absl][INFO] - Restoring checkpoint from /gpfs/home5/sfris1/two-towers-confounding-project/results/deep_separated/data=Custom_dataset_deep,docs_per_group=10,experiment=deep_separated,logging_policy_ranker=ordered,logging_policy_sampler=e_greedy,num_queries=10,policy_temperature=1.0,relevance=deep,relevance_tower=deeper,s_doc=-0.2/checkpoint.
[2025-11-01 16:37:33,065][absl][INFO] - [process=0] /jax/checkpoint/read/gbytes_per_sec: 0 Bytes/s (total gbytes: 260.0 KiB) (time elapsed: 40 milliseconds) (per-host)
[2025-11-01 16:37:33,066][absl][INFO] - Finished restoring checkpoint in 0.04 seconds from /gpfs/home5/sfris1/two-towers-confounding-project/results/deep_separated/data=Custom_dataset_deep,docs_per_group=10,experiment=deep_separated,logging_policy_ranker=ordered,logging_policy_sampler=e_greedy,num_queries=10,policy_temperature=1.0,relevance=deep,relevance_tower=deeper,s_doc=-0.2/checkpoint.
[2025-11-01 16:37:39,677][absl][INFO] - orbax-checkpoint version: 0.11.25
[2025-11-01 16:37:39,681][absl][INFO] - Created BasePyTreeCheckpointHandler: use_ocdbt=True, use_zarr3=False, pytree_metadata_options=PyTreeMetadataOptions(support_rich_types=False), array_metadata_store=<orbax.checkpoint._src.metadata.array_metadata_store.Store object at 0x1484a05e56d0>, enable_pinned_host_transfer=True, save_concurrent_bytes: 96000000000 (89.4 GiB), restore_concurrent_bytes: 96000000000 (89.4 GiB)
[2025-11-01 16:37:39,682][absl][INFO] - [thread=MainThread] Failed to get flag value for EXPERIMENTAL_ORBAX_USE_DISTRIBUTED_PROCESS_ID.
[2025-11-01 16:37:39,682][absl][INFO] - [process=0][thread=MainThread] Using barrier_sync_fn: <function get_barrier_sync_fn.<locals>.<lambda> at 0x148473451080> timeout: 600 secs and primary_host=0 for async checkpoint writes
[2025-11-01 16:37:39,685][absl][INFO] - Restoring checkpoint from /gpfs/home5/sfris1/two-towers-confounding-project/results/deep_separated/data=Custom_dataset_deep,docs_per_group=10,experiment=deep_separated,logging_policy_ranker=ordered,logging_policy_sampler=e_greedy,num_queries=10,policy_temperature=1.0,relevance=deep,relevance_tower=deeper,s_doc=-0.2/checkpoint.
[2025-11-01 16:37:39,731][absl][INFO] - [process=0] /jax/checkpoint/read/gbytes_per_sec: 0 Bytes/s (total gbytes: 260.0 KiB) (time elapsed: 43 milliseconds) (per-host)
[2025-11-01 16:37:39,731][absl][INFO] - Finished restoring checkpoint in 0.05 seconds from /gpfs/home5/sfris1/two-towers-confounding-project/results/deep_separated/data=Custom_dataset_deep,docs_per_group=10,experiment=deep_separated,logging_policy_ranker=ordered,logging_policy_sampler=e_greedy,num_queries=10,policy_temperature=1.0,relevance=deep,relevance_tower=deeper,s_doc=-0.2/checkpoint.
[2025-11-01 16:37:40,119][absl][INFO] - orbax-checkpoint version: 0.11.25
[2025-11-01 16:37:40,120][absl][INFO] - Created BasePyTreeCheckpointHandler: use_ocdbt=True, use_zarr3=False, pytree_metadata_options=PyTreeMetadataOptions(support_rich_types=False), array_metadata_store=<orbax.checkpoint._src.metadata.array_metadata_store.Store object at 0x14b9e64d0190>, enable_pinned_host_transfer=True, save_concurrent_bytes: 96000000000 (89.4 GiB), restore_concurrent_bytes: 96000000000 (89.4 GiB)
[2025-11-01 16:37:40,120][absl][INFO] - [thread=MainThread] Failed to get flag value for EXPERIMENTAL_ORBAX_USE_DISTRIBUTED_PROCESS_ID.
[2025-11-01 16:37:40,120][absl][INFO] - [process=0][thread=MainThread] Using barrier_sync_fn: <function get_barrier_sync_fn.<locals>.<lambda> at 0x14b9abceb060> timeout: 600 secs and primary_host=0 for async checkpoint writes
[2025-11-01 16:37:40,124][absl][INFO] - Restoring checkpoint from /gpfs/home5/sfris1/two-towers-confounding-project/results/deep_separated/data=Custom_dataset_deep,docs_per_group=10,experiment=deep_separated,logging_policy_ranker=ordered,logging_policy_sampler=e_greedy,num_queries=10,policy_temperature=1.0,relevance=deep,relevance_tower=deeper,s_doc=-0.2/checkpoint.
[2025-11-01 16:37:40,163][absl][INFO] - [process=0] /jax/checkpoint/read/gbytes_per_sec: 0 Bytes/s (total gbytes: 260.0 KiB) (time elapsed: 37 milliseconds) (per-host)
[2025-11-01 16:37:40,163][absl][INFO] - Finished restoring checkpoint in 0.04 seconds from /gpfs/home5/sfris1/two-towers-confounding-project/results/deep_separated/data=Custom_dataset_deep,docs_per_group=10,experiment=deep_separated,logging_policy_ranker=ordered,logging_policy_sampler=e_greedy,num_queries=10,policy_temperature=1.0,relevance=deep,relevance_tower=deeper,s_doc=-0.2/checkpoint.
