[2025-10-20 12:40:41,623][jax._src.xla_bridge][INFO] - Unable to initialize backend 'tpu': INTERNAL: Failed to open libtpu.so: libtpu.so: cannot open shared object file: No such file or directory
[2025-10-20 12:43:11,551][absl][INFO] - orbax-checkpoint version: 0.11.25
[2025-10-20 12:43:11,552][absl][INFO] - Created BasePyTreeCheckpointHandler: use_ocdbt=True, use_zarr3=False, pytree_metadata_options=PyTreeMetadataOptions(support_rich_types=False), array_metadata_store=<orbax.checkpoint._src.metadata.array_metadata_store.Store object at 0x145e09bbf590>, enable_pinned_host_transfer=True, save_concurrent_bytes: 96000000000 (89.4 GiB), restore_concurrent_bytes: 96000000000 (89.4 GiB)
[2025-10-20 12:43:11,552][absl][INFO] - [thread=MainThread] Failed to get flag value for EXPERIMENTAL_ORBAX_USE_DISTRIBUTED_PROCESS_ID.
[2025-10-20 12:43:11,552][absl][INFO] - [process=0][thread=MainThread] Using barrier_sync_fn: <function get_barrier_sync_fn.<locals>.<lambda> at 0x1454a812b9c0> timeout: 600 secs and primary_host=0 for async checkpoint writes
[2025-10-20 12:43:11,553][absl][INFO] - [process=0] Started async saving checkpoint to /gpfs/home5/sfris1/two-towers-confounding-project/results/deterministic_custom_data_tmp_1/data=Custom_dataset,experiment=deterministic_custom_data_tmp_1,logging_policy_ranker=deep,logging_policy_sampler=e_greedy,policy_strength=1,policy_temperature=1.0,random_state=2021,relevance=deep,relevance_tower=deep/checkpoint.
[2025-10-20 12:43:11,554][absl][INFO] - [process=0] Specified `force`: removing existing directory.
[2025-10-20 12:43:11,555][absl][INFO] - Using ThreadSafeKeyValueSignalingClient
[2025-10-20 12:43:11,557][absl][INFO] - Creating tmp directory /gpfs/home5/sfris1/two-towers-confounding-project/results/deterministic_custom_data_tmp_1/data=Custom_dataset,experiment=deterministic_custom_data_tmp_1,logging_policy_ranker=deep,logging_policy_sampler=e_greedy,policy_strength=1,policy_temperature=1.0,random_state=2021,relevance=deep,relevance_tower=deep/checkpoint.orbax-checkpoint-tmp
[2025-10-20 12:43:11,558][absl][INFO] - Transferring arrays to host memory with options: use_replica_parallel=True, min_slice_bytes_for_replica_parallel=None, max_replicas_for_replica_parallel=None, enable_pinned_host_transfer=True
[2025-10-20 12:43:11,561][absl][INFO] - Wrote Metadata={'item_handlers': None, 'metrics': {}, 'performance_metrics': {}, 'init_timestamp_nsecs': 1760956991560127713, 'commit_timestamp_nsecs': None, 'custom_metadata': {}}, json={"item_handlers": null, "metrics": {}, "performance_metrics": {}, "init_timestamp_nsecs": 1760956991560127713, "commit_timestamp_nsecs": null, "custom_metadata": {}} to /gpfs/home5/sfris1/two-towers-confounding-project/results/deterministic_custom_data_tmp_1/data=Custom_dataset,experiment=deterministic_custom_data_tmp_1,logging_policy_ranker=deep,logging_policy_sampler=e_greedy,policy_strength=1,policy_temperature=1.0,random_state=2021,relevance=deep,relevance_tower=deep/checkpoint.orbax-checkpoint-tmp/_CHECKPOINT_METADATA
[2025-10-20 12:43:11,562][absl][INFO] - [process=0][thread=MainThread] Initiated "orbax.checkpoint._src.serialization.type_handlers.ArrayHandler".serialize. Time taken: 0.004160s
[2025-10-20 12:43:11,566][absl][INFO] - [process=0] /jax/checkpoint/write/blocking_gbytes_per_sec: 0 Bytes/s (total gbytes: 16.9 KiB) (time elapsed: 10 milliseconds) (per-host)
[2025-10-20 12:43:11,566][absl][INFO] - [process=0][thread=MainThread] Initiated Pytree async_save. Time taken: 0.010782s (batch_requests_ready=0.001885s, total_serialization_initiated=0.007766s, others=0.001130s)
[2025-10-20 12:43:11,568][absl][INFO] - [process=0][thread=async_save] Background save thread started.
[2025-10-20 12:43:11,568][absl][INFO] - Finished blocking save. Time taken: 0.015811s. Continuing background save to /gpfs/home5/sfris1/two-towers-confounding-project/results/deterministic_custom_data_tmp_1/data=Custom_dataset,experiment=deterministic_custom_data_tmp_1,logging_policy_ranker=deep,logging_policy_sampler=e_greedy,policy_strength=1,policy_temperature=1.0,random_state=2021,relevance=deep,relevance_tower=deep/checkpoint.
[2025-10-20 12:43:11,569][absl][INFO] - [process=0][thread=array_type_handler] Wrote 7 array_metadata.ArrayMetadata to /gpfs/home5/sfris1/two-towers-confounding-project/results/deterministic_custom_data_tmp_1/data=Custom_dataset,experiment=deterministic_custom_data_tmp_1,logging_policy_ranker=deep,logging_policy_sampler=e_greedy,policy_strength=1,policy_temperature=1.0,random_state=2021,relevance=deep,relevance_tower=deep/checkpoint.orbax-checkpoint-tmp/array_metadatas/process_0
[2025-10-20 12:43:11,570][absl][INFO] - [process=0][thread=MainThread] Waiting for background save thread=async_save.
[2025-10-20 12:43:11,593][absl][INFO] - [process=0][thread=write_metadata_after_commits] Commit + Array metadata written. Time taken: 0.027251s (commit=0.025549s, array_metadata_write=0.001702s)
[2025-10-20 12:43:11,594][absl][INFO] - [process=0] /jax/checkpoint/write/gbytes_per_sec: 0 Bytes/s (total gbytes: 16.9 KiB) (time elapsed: 38 milliseconds) (per-host)
[2025-10-20 12:43:11,594][absl][INFO] - [process=0][thread=async_save] 2 Handler Commit operations completed. Time taken: 0.025669s.
[2025-10-20 12:43:11,595][absl][INFO] - Read Metadata={'item_handlers': None, 'metrics': {}, 'performance_metrics': {}, 'init_timestamp_nsecs': 1760956991560127713, 'commit_timestamp_nsecs': None, 'custom_metadata': {}} from /gpfs/home5/sfris1/two-towers-confounding-project/results/deterministic_custom_data_tmp_1/data=Custom_dataset,experiment=deterministic_custom_data_tmp_1,logging_policy_ranker=deep,logging_policy_sampler=e_greedy,policy_strength=1,policy_temperature=1.0,random_state=2021,relevance=deep,relevance_tower=deep/checkpoint.orbax-checkpoint-tmp/_CHECKPOINT_METADATA
[2025-10-20 12:43:11,597][absl][INFO] - Updated Metadata={'item_handlers': 'orbax.checkpoint._src.handlers.standard_checkpoint_handler.StandardCheckpointHandler', 'metrics': {}, 'performance_metrics': {}, 'init_timestamp_nsecs': 1760956991560127713, 'commit_timestamp_nsecs': None, 'custom_metadata': {}} to /gpfs/home5/sfris1/two-towers-confounding-project/results/deterministic_custom_data_tmp_1/data=Custom_dataset,experiment=deterministic_custom_data_tmp_1,logging_policy_ranker=deep,logging_policy_sampler=e_greedy,policy_strength=1,policy_temperature=1.0,random_state=2021,relevance=deep,relevance_tower=deep/checkpoint.orbax-checkpoint-tmp/_CHECKPOINT_METADATA
[2025-10-20 12:43:11,597][absl][INFO] - [process=0][thread=async_save] Skipped cross-host ArrayMetadata validation because only one process is found: process_index=0.
[2025-10-20 12:43:11,601][absl][INFO] - [process=0][thread=async_save] Pytree save finalize (merge_ocdbt + ArrayMetadata validation) completed. Time taken: 0.006630s. use_zarr3=False, enable_post_merge_validation=True, directory=/gpfs/home5/sfris1/two-towers-confounding-project/results/deterministic_custom_data_tmp_1/data=Custom_dataset,experiment=deterministic_custom_data_tmp_1,logging_policy_ranker=deep,logging_policy_sampler=e_greedy,policy_strength=1,policy_temperature=1.0,random_state=2021,relevance=deep,relevance_tower=deep/checkpoint.orbax-checkpoint-tmp
[2025-10-20 12:43:11,602][absl][INFO] - Renaming /gpfs/home5/sfris1/two-towers-confounding-project/results/deterministic_custom_data_tmp_1/data=Custom_dataset,experiment=deterministic_custom_data_tmp_1,logging_policy_ranker=deep,logging_policy_sampler=e_greedy,policy_strength=1,policy_temperature=1.0,random_state=2021,relevance=deep,relevance_tower=deep/checkpoint.orbax-checkpoint-tmp to /gpfs/home5/sfris1/two-towers-confounding-project/results/deterministic_custom_data_tmp_1/data=Custom_dataset,experiment=deterministic_custom_data_tmp_1,logging_policy_ranker=deep,logging_policy_sampler=e_greedy,policy_strength=1,policy_temperature=1.0,random_state=2021,relevance=deep,relevance_tower=deep/checkpoint
[2025-10-20 12:43:11,604][absl][INFO] - [process=0][thread=async_save] Finished saving checkpoint (finalized tmp dir) to `/gpfs/home5/sfris1/two-towers-confounding-project/results/deterministic_custom_data_tmp_1/data=Custom_dataset,experiment=deterministic_custom_data_tmp_1,logging_policy_ranker=deep,logging_policy_sampler=e_greedy,policy_strength=1,policy_temperature=1.0,random_state=2021,relevance=deep,relevance_tower=deep/checkpoint`.
[2025-10-20 12:43:11,604][absl][INFO] - Finished async_save (blocking + background). Time taken: 0.051663s. directory=/gpfs/home5/sfris1/two-towers-confounding-project/results/deterministic_custom_data_tmp_1/data=Custom_dataset,experiment=deterministic_custom_data_tmp_1,logging_policy_ranker=deep,logging_policy_sampler=e_greedy,policy_strength=1,policy_temperature=1.0,random_state=2021,relevance=deep,relevance_tower=deep/checkpoint
[2025-10-20 12:43:11,604][absl][INFO] - [process=0][thread=async_save] Background save thread done. Time taken: 0.035996s.
[2025-10-20 12:43:11,605][absl][INFO] - [process=0][thread=MainThread] Done with waiting for background save thread=async_save.
[2025-10-20 12:43:11,605][absl][INFO] - [process=0][thread=MainThread] No errors found in background save thread=async_save.
