[2025-10-20 12:44:31,210][jax._src.xla_bridge][INFO] - Unable to initialize backend 'tpu': INTERNAL: Failed to open libtpu.so: libtpu.so: cannot open shared object file: No such file or directory
[2025-10-20 12:44:31,833][jax._src.xla_bridge][INFO] - Unable to initialize backend 'tpu': INTERNAL: Failed to open libtpu.so: libtpu.so: cannot open shared object file: No such file or directory
[2025-10-20 12:44:31,908][jax._src.xla_bridge][INFO] - Unable to initialize backend 'tpu': INTERNAL: Failed to open libtpu.so: libtpu.so: cannot open shared object file: No such file or directory
[2025-10-20 12:44:31,921][jax._src.xla_bridge][INFO] - Unable to initialize backend 'tpu': INTERNAL: Failed to open libtpu.so: libtpu.so: cannot open shared object file: No such file or directory
[2025-10-20 12:44:32,020][jax._src.xla_bridge][INFO] - Unable to initialize backend 'tpu': INTERNAL: Failed to open libtpu.so: libtpu.so: cannot open shared object file: No such file or directory
[2025-10-20 12:44:32,058][jax._src.xla_bridge][INFO] - Unable to initialize backend 'tpu': INTERNAL: Failed to open libtpu.so: libtpu.so: cannot open shared object file: No such file or directory
[2025-10-20 12:44:32,180][jax._src.xla_bridge][INFO] - Unable to initialize backend 'tpu': INTERNAL: Failed to open libtpu.so: libtpu.so: cannot open shared object file: No such file or directory
[2025-10-20 12:44:32,254][jax._src.xla_bridge][INFO] - Unable to initialize backend 'tpu': INTERNAL: Failed to open libtpu.so: libtpu.so: cannot open shared object file: No such file or directory
[2025-10-20 12:44:32,427][jax._src.xla_bridge][INFO] - Unable to initialize backend 'tpu': INTERNAL: Failed to open libtpu.so: libtpu.so: cannot open shared object file: No such file or directory
[2025-10-20 12:44:32,465][jax._src.xla_bridge][INFO] - Unable to initialize backend 'tpu': INTERNAL: Failed to open libtpu.so: libtpu.so: cannot open shared object file: No such file or directory
[2025-10-20 12:44:32,667][jax._src.xla_bridge][INFO] - Unable to initialize backend 'tpu': INTERNAL: Failed to open libtpu.so: libtpu.so: cannot open shared object file: No such file or directory
[2025-10-20 12:44:33,477][jax._src.xla_bridge][INFO] - Unable to initialize backend 'tpu': INTERNAL: Failed to open libtpu.so: libtpu.so: cannot open shared object file: No such file or directory
[2025-10-20 12:44:38,605][jax._src.xla_bridge][INFO] - Unable to initialize backend 'tpu': INTERNAL: Failed to open libtpu.so: libtpu.so: cannot open shared object file: No such file or directory
[2025-10-20 12:44:42,391][jax._src.xla_bridge][INFO] - Unable to initialize backend 'tpu': INTERNAL: Failed to open libtpu.so: libtpu.so: cannot open shared object file: No such file or directory
[2025-10-20 12:44:42,519][jax._src.xla_bridge][INFO] - Unable to initialize backend 'tpu': INTERNAL: Failed to open libtpu.so: libtpu.so: cannot open shared object file: No such file or directory
[2025-10-20 12:44:47,673][jax._src.xla_bridge][INFO] - Unable to initialize backend 'tpu': INTERNAL: Failed to open libtpu.so: libtpu.so: cannot open shared object file: No such file or directory
[2025-10-20 12:44:47,909][jax._src.xla_bridge][INFO] - Unable to initialize backend 'tpu': INTERNAL: Failed to open libtpu.so: libtpu.so: cannot open shared object file: No such file or directory
[2025-10-20 12:44:47,969][jax._src.xla_bridge][INFO] - Unable to initialize backend 'tpu': INTERNAL: Failed to open libtpu.so: libtpu.so: cannot open shared object file: No such file or directory
[2025-10-20 12:44:48,138][jax._src.xla_bridge][INFO] - Unable to initialize backend 'tpu': INTERNAL: Failed to open libtpu.so: libtpu.so: cannot open shared object file: No such file or directory
[2025-10-20 12:45:01,533][jax._src.xla_bridge][INFO] - Unable to initialize backend 'tpu': INTERNAL: Failed to open libtpu.so: libtpu.so: cannot open shared object file: No such file or directory
[2025-10-20 12:45:01,783][jax._src.xla_bridge][INFO] - Unable to initialize backend 'tpu': INTERNAL: Failed to open libtpu.so: libtpu.so: cannot open shared object file: No such file or directory
[2025-10-20 12:45:06,765][absl][INFO] - orbax-checkpoint version: 0.11.25
[2025-10-20 12:45:06,770][absl][INFO] - Created BasePyTreeCheckpointHandler: use_ocdbt=True, use_zarr3=False, pytree_metadata_options=PyTreeMetadataOptions(support_rich_types=False), array_metadata_store=<orbax.checkpoint._src.metadata.array_metadata_store.Store object at 0x151f66205890>, enable_pinned_host_transfer=True, save_concurrent_bytes: 96000000000 (89.4 GiB), restore_concurrent_bytes: 96000000000 (89.4 GiB)
[2025-10-20 12:45:06,770][absl][INFO] - [thread=MainThread] Failed to get flag value for EXPERIMENTAL_ORBAX_USE_DISTRIBUTED_PROCESS_ID.
[2025-10-20 12:45:06,770][absl][INFO] - [process=0][thread=MainThread] Using barrier_sync_fn: <function get_barrier_sync_fn.<locals>.<lambda> at 0x151ec417d300> timeout: 600 secs and primary_host=0 for async checkpoint writes
[2025-10-20 12:45:06,774][absl][INFO] - Restoring checkpoint from /gpfs/home5/sfris1/two-towers-confounding-project/results/deterministic_custom_data_tmp_1/data=Custom_dataset,experiment=deterministic_custom_data_tmp_1,logging_policy_ranker=deep,logging_policy_sampler=e_greedy,policy_strength=1,policy_temperature=1.0,random_state=2021,relevance=deep,relevance_tower=deep/checkpoint.
[2025-10-20 12:45:06,802][absl][INFO] - [process=0] /jax/checkpoint/read/gbytes_per_sec: 0 Bytes/s (total gbytes: 16.9 KiB) (time elapsed: 25 milliseconds) (per-host)
[2025-10-20 12:45:06,802][absl][INFO] - Finished restoring checkpoint in 0.03 seconds from /gpfs/home5/sfris1/two-towers-confounding-project/results/deterministic_custom_data_tmp_1/data=Custom_dataset,experiment=deterministic_custom_data_tmp_1,logging_policy_ranker=deep,logging_policy_sampler=e_greedy,policy_strength=1,policy_temperature=1.0,random_state=2021,relevance=deep,relevance_tower=deep/checkpoint.
[2025-10-20 12:45:07,416][absl][INFO] - orbax-checkpoint version: 0.11.25
[2025-10-20 12:45:07,420][absl][INFO] - Created BasePyTreeCheckpointHandler: use_ocdbt=True, use_zarr3=False, pytree_metadata_options=PyTreeMetadataOptions(support_rich_types=False), array_metadata_store=<orbax.checkpoint._src.metadata.array_metadata_store.Store object at 0x150ab0761b50>, enable_pinned_host_transfer=True, save_concurrent_bytes: 96000000000 (89.4 GiB), restore_concurrent_bytes: 96000000000 (89.4 GiB)
[2025-10-20 12:45:07,420][absl][INFO] - [thread=MainThread] Failed to get flag value for EXPERIMENTAL_ORBAX_USE_DISTRIBUTED_PROCESS_ID.
[2025-10-20 12:45:07,420][absl][INFO] - [process=0][thread=MainThread] Using barrier_sync_fn: <function get_barrier_sync_fn.<locals>.<lambda> at 0x150a0817ccc0> timeout: 600 secs and primary_host=0 for async checkpoint writes
[2025-10-20 12:45:07,424][absl][INFO] - Restoring checkpoint from /gpfs/home5/sfris1/two-towers-confounding-project/results/deterministic_custom_data_tmp_1/data=Custom_dataset,experiment=deterministic_custom_data_tmp_1,logging_policy_ranker=deep,logging_policy_sampler=e_greedy,policy_strength=1,policy_temperature=1.0,random_state=2021,relevance=deep,relevance_tower=deep/checkpoint.
[2025-10-20 12:45:07,447][absl][INFO] - [process=0] /jax/checkpoint/read/gbytes_per_sec: 0 Bytes/s (total gbytes: 16.9 KiB) (time elapsed: 21 milliseconds) (per-host)
[2025-10-20 12:45:07,448][absl][INFO] - Finished restoring checkpoint in 0.03 seconds from /gpfs/home5/sfris1/two-towers-confounding-project/results/deterministic_custom_data_tmp_1/data=Custom_dataset,experiment=deterministic_custom_data_tmp_1,logging_policy_ranker=deep,logging_policy_sampler=e_greedy,policy_strength=1,policy_temperature=1.0,random_state=2021,relevance=deep,relevance_tower=deep/checkpoint.
[2025-10-20 12:45:07,935][absl][INFO] - orbax-checkpoint version: 0.11.25
[2025-10-20 12:45:07,938][absl][INFO] - Created BasePyTreeCheckpointHandler: use_ocdbt=True, use_zarr3=False, pytree_metadata_options=PyTreeMetadataOptions(support_rich_types=False), array_metadata_store=<orbax.checkpoint._src.metadata.array_metadata_store.Store object at 0x15082ac38210>, enable_pinned_host_transfer=True, save_concurrent_bytes: 96000000000 (89.4 GiB), restore_concurrent_bytes: 96000000000 (89.4 GiB)
[2025-10-20 12:45:07,939][absl][INFO] - [thread=MainThread] Failed to get flag value for EXPERIMENTAL_ORBAX_USE_DISTRIBUTED_PROCESS_ID.
[2025-10-20 12:45:07,939][absl][INFO] - [process=0][thread=MainThread] Using barrier_sync_fn: <function get_barrier_sync_fn.<locals>.<lambda> at 0x1507ec14e160> timeout: 600 secs and primary_host=0 for async checkpoint writes
[2025-10-20 12:45:07,942][absl][INFO] - Restoring checkpoint from /gpfs/home5/sfris1/two-towers-confounding-project/results/deterministic_custom_data_tmp_1/data=Custom_dataset,experiment=deterministic_custom_data_tmp_1,logging_policy_ranker=deep,logging_policy_sampler=e_greedy,policy_strength=1,policy_temperature=1.0,random_state=2021,relevance=deep,relevance_tower=deep/checkpoint.
[2025-10-20 12:45:07,966][absl][INFO] - [process=0] /jax/checkpoint/read/gbytes_per_sec: 0 Bytes/s (total gbytes: 16.9 KiB) (time elapsed: 22 milliseconds) (per-host)
[2025-10-20 12:45:07,966][absl][INFO] - Finished restoring checkpoint in 0.03 seconds from /gpfs/home5/sfris1/two-towers-confounding-project/results/deterministic_custom_data_tmp_1/data=Custom_dataset,experiment=deterministic_custom_data_tmp_1,logging_policy_ranker=deep,logging_policy_sampler=e_greedy,policy_strength=1,policy_temperature=1.0,random_state=2021,relevance=deep,relevance_tower=deep/checkpoint.
[2025-10-20 12:45:08,054][absl][INFO] - orbax-checkpoint version: 0.11.25
[2025-10-20 12:45:08,057][absl][INFO] - Created BasePyTreeCheckpointHandler: use_ocdbt=True, use_zarr3=False, pytree_metadata_options=PyTreeMetadataOptions(support_rich_types=False), array_metadata_store=<orbax.checkpoint._src.metadata.array_metadata_store.Store object at 0x14a896c91a90>, enable_pinned_host_transfer=True, save_concurrent_bytes: 96000000000 (89.4 GiB), restore_concurrent_bytes: 96000000000 (89.4 GiB)
[2025-10-20 12:45:08,058][absl][INFO] - [thread=MainThread] Failed to get flag value for EXPERIMENTAL_ORBAX_USE_DISTRIBUTED_PROCESS_ID.
[2025-10-20 12:45:08,058][absl][INFO] - [process=0][thread=MainThread] Using barrier_sync_fn: <function get_barrier_sync_fn.<locals>.<lambda> at 0x14a858153e20> timeout: 600 secs and primary_host=0 for async checkpoint writes
[2025-10-20 12:45:08,061][absl][INFO] - Restoring checkpoint from /gpfs/home5/sfris1/two-towers-confounding-project/results/deterministic_custom_data_tmp_1/data=Custom_dataset,experiment=deterministic_custom_data_tmp_1,logging_policy_ranker=deep,logging_policy_sampler=e_greedy,policy_strength=1,policy_temperature=1.0,random_state=2021,relevance=deep,relevance_tower=deep/checkpoint.
[2025-10-20 12:45:08,084][absl][INFO] - [process=0] /jax/checkpoint/read/gbytes_per_sec: 0 Bytes/s (total gbytes: 16.9 KiB) (time elapsed: 21 milliseconds) (per-host)
[2025-10-20 12:45:08,085][absl][INFO] - Finished restoring checkpoint in 0.03 seconds from /gpfs/home5/sfris1/two-towers-confounding-project/results/deterministic_custom_data_tmp_1/data=Custom_dataset,experiment=deterministic_custom_data_tmp_1,logging_policy_ranker=deep,logging_policy_sampler=e_greedy,policy_strength=1,policy_temperature=1.0,random_state=2021,relevance=deep,relevance_tower=deep/checkpoint.
[2025-10-20 12:45:08,282][absl][INFO] - orbax-checkpoint version: 0.11.25
[2025-10-20 12:45:08,286][absl][INFO] - Created BasePyTreeCheckpointHandler: use_ocdbt=True, use_zarr3=False, pytree_metadata_options=PyTreeMetadataOptions(support_rich_types=False), array_metadata_store=<orbax.checkpoint._src.metadata.array_metadata_store.Store object at 0x153feb22d1d0>, enable_pinned_host_transfer=True, save_concurrent_bytes: 96000000000 (89.4 GiB), restore_concurrent_bytes: 96000000000 (89.4 GiB)
[2025-10-20 12:45:08,286][absl][INFO] - [thread=MainThread] Failed to get flag value for EXPERIMENTAL_ORBAX_USE_DISTRIBUTED_PROCESS_ID.
[2025-10-20 12:45:08,287][absl][INFO] - [process=0][thread=MainThread] Using barrier_sync_fn: <function get_barrier_sync_fn.<locals>.<lambda> at 0x153f501b8cc0> timeout: 600 secs and primary_host=0 for async checkpoint writes
[2025-10-20 12:45:08,290][absl][INFO] - Restoring checkpoint from /gpfs/home5/sfris1/two-towers-confounding-project/results/deterministic_custom_data_tmp_1/data=Custom_dataset,experiment=deterministic_custom_data_tmp_1,logging_policy_ranker=deep,logging_policy_sampler=e_greedy,policy_strength=1,policy_temperature=1.0,random_state=2021,relevance=deep,relevance_tower=deep/checkpoint.
[2025-10-20 12:45:08,300][absl][INFO] - orbax-checkpoint version: 0.11.25
[2025-10-20 12:45:08,303][absl][INFO] - Created BasePyTreeCheckpointHandler: use_ocdbt=True, use_zarr3=False, pytree_metadata_options=PyTreeMetadataOptions(support_rich_types=False), array_metadata_store=<orbax.checkpoint._src.metadata.array_metadata_store.Store object at 0x14de2e4a57d0>, enable_pinned_host_transfer=True, save_concurrent_bytes: 96000000000 (89.4 GiB), restore_concurrent_bytes: 96000000000 (89.4 GiB)
[2025-10-20 12:45:08,304][absl][INFO] - [thread=MainThread] Failed to get flag value for EXPERIMENTAL_ORBAX_USE_DISTRIBUTED_PROCESS_ID.
[2025-10-20 12:45:08,304][absl][INFO] - [process=0][thread=MainThread] Using barrier_sync_fn: <function get_barrier_sync_fn.<locals>.<lambda> at 0x14dda8191d00> timeout: 600 secs and primary_host=0 for async checkpoint writes
[2025-10-20 12:45:08,307][absl][INFO] - Restoring checkpoint from /gpfs/home5/sfris1/two-towers-confounding-project/results/deterministic_custom_data_tmp_1/data=Custom_dataset,experiment=deterministic_custom_data_tmp_1,logging_policy_ranker=deep,logging_policy_sampler=e_greedy,policy_strength=1,policy_temperature=1.0,random_state=2021,relevance=deep,relevance_tower=deep/checkpoint.
[2025-10-20 12:45:08,314][absl][INFO] - [process=0] /jax/checkpoint/read/gbytes_per_sec: 0 Bytes/s (total gbytes: 16.9 KiB) (time elapsed: 22 milliseconds) (per-host)
[2025-10-20 12:45:08,317][absl][INFO] - Finished restoring checkpoint in 0.03 seconds from /gpfs/home5/sfris1/two-towers-confounding-project/results/deterministic_custom_data_tmp_1/data=Custom_dataset,experiment=deterministic_custom_data_tmp_1,logging_policy_ranker=deep,logging_policy_sampler=e_greedy,policy_strength=1,policy_temperature=1.0,random_state=2021,relevance=deep,relevance_tower=deep/checkpoint.
[2025-10-20 12:45:08,331][absl][INFO] - [process=0] /jax/checkpoint/read/gbytes_per_sec: 0 Bytes/s (total gbytes: 16.9 KiB) (time elapsed: 22 milliseconds) (per-host)
[2025-10-20 12:45:08,332][absl][INFO] - Finished restoring checkpoint in 0.03 seconds from /gpfs/home5/sfris1/two-towers-confounding-project/results/deterministic_custom_data_tmp_1/data=Custom_dataset,experiment=deterministic_custom_data_tmp_1,logging_policy_ranker=deep,logging_policy_sampler=e_greedy,policy_strength=1,policy_temperature=1.0,random_state=2021,relevance=deep,relevance_tower=deep/checkpoint.
[2025-10-20 12:45:08,376][absl][INFO] - orbax-checkpoint version: 0.11.25
[2025-10-20 12:45:08,379][absl][INFO] - Created BasePyTreeCheckpointHandler: use_ocdbt=True, use_zarr3=False, pytree_metadata_options=PyTreeMetadataOptions(support_rich_types=False), array_metadata_store=<orbax.checkpoint._src.metadata.array_metadata_store.Store object at 0x1539030a5850>, enable_pinned_host_transfer=True, save_concurrent_bytes: 96000000000 (89.4 GiB), restore_concurrent_bytes: 96000000000 (89.4 GiB)
[2025-10-20 12:45:08,379][absl][INFO] - [thread=MainThread] Failed to get flag value for EXPERIMENTAL_ORBAX_USE_DISTRIBUTED_PROCESS_ID.
[2025-10-20 12:45:08,379][absl][INFO] - [process=0][thread=MainThread] Using barrier_sync_fn: <function get_barrier_sync_fn.<locals>.<lambda> at 0x1538c4198cc0> timeout: 600 secs and primary_host=0 for async checkpoint writes
[2025-10-20 12:45:08,383][absl][INFO] - Restoring checkpoint from /gpfs/home5/sfris1/two-towers-confounding-project/results/deterministic_custom_data_tmp_1/data=Custom_dataset,experiment=deterministic_custom_data_tmp_1,logging_policy_ranker=deep,logging_policy_sampler=e_greedy,policy_strength=1,policy_temperature=1.0,random_state=2021,relevance=deep,relevance_tower=deep/checkpoint.
[2025-10-20 12:45:08,406][absl][INFO] - [process=0] /jax/checkpoint/read/gbytes_per_sec: 0 Bytes/s (total gbytes: 16.9 KiB) (time elapsed: 22 milliseconds) (per-host)
[2025-10-20 12:45:08,407][absl][INFO] - Finished restoring checkpoint in 0.03 seconds from /gpfs/home5/sfris1/two-towers-confounding-project/results/deterministic_custom_data_tmp_1/data=Custom_dataset,experiment=deterministic_custom_data_tmp_1,logging_policy_ranker=deep,logging_policy_sampler=e_greedy,policy_strength=1,policy_temperature=1.0,random_state=2021,relevance=deep,relevance_tower=deep/checkpoint.
[2025-10-20 12:45:08,410][absl][INFO] - orbax-checkpoint version: 0.11.25
[2025-10-20 12:45:08,413][absl][INFO] - Created BasePyTreeCheckpointHandler: use_ocdbt=True, use_zarr3=False, pytree_metadata_options=PyTreeMetadataOptions(support_rich_types=False), array_metadata_store=<orbax.checkpoint._src.metadata.array_metadata_store.Store object at 0x1458380f2410>, enable_pinned_host_transfer=True, save_concurrent_bytes: 96000000000 (89.4 GiB), restore_concurrent_bytes: 96000000000 (89.4 GiB)
[2025-10-20 12:45:08,414][absl][INFO] - [thread=MainThread] Failed to get flag value for EXPERIMENTAL_ORBAX_USE_DISTRIBUTED_PROCESS_ID.
[2025-10-20 12:45:08,414][absl][INFO] - [process=0][thread=MainThread] Using barrier_sync_fn: <function get_barrier_sync_fn.<locals>.<lambda> at 0x1457a4156480> timeout: 600 secs and primary_host=0 for async checkpoint writes
[2025-10-20 12:45:08,417][absl][INFO] - Restoring checkpoint from /gpfs/home5/sfris1/two-towers-confounding-project/results/deterministic_custom_data_tmp_1/data=Custom_dataset,experiment=deterministic_custom_data_tmp_1,logging_policy_ranker=deep,logging_policy_sampler=e_greedy,policy_strength=1,policy_temperature=1.0,random_state=2021,relevance=deep,relevance_tower=deep/checkpoint.
[2025-10-20 12:45:08,439][absl][INFO] - [process=0] /jax/checkpoint/read/gbytes_per_sec: 0 Bytes/s (total gbytes: 16.9 KiB) (time elapsed: 20 milliseconds) (per-host)
[2025-10-20 12:45:08,440][absl][INFO] - Finished restoring checkpoint in 0.02 seconds from /gpfs/home5/sfris1/two-towers-confounding-project/results/deterministic_custom_data_tmp_1/data=Custom_dataset,experiment=deterministic_custom_data_tmp_1,logging_policy_ranker=deep,logging_policy_sampler=e_greedy,policy_strength=1,policy_temperature=1.0,random_state=2021,relevance=deep,relevance_tower=deep/checkpoint.
[2025-10-20 12:45:09,160][absl][INFO] - orbax-checkpoint version: 0.11.25
[2025-10-20 12:45:09,163][absl][INFO] - Created BasePyTreeCheckpointHandler: use_ocdbt=True, use_zarr3=False, pytree_metadata_options=PyTreeMetadataOptions(support_rich_types=False), array_metadata_store=<orbax.checkpoint._src.metadata.array_metadata_store.Store object at 0x152717bf1b10>, enable_pinned_host_transfer=True, save_concurrent_bytes: 96000000000 (89.4 GiB), restore_concurrent_bytes: 96000000000 (89.4 GiB)
[2025-10-20 12:45:09,163][absl][INFO] - [thread=MainThread] Failed to get flag value for EXPERIMENTAL_ORBAX_USE_DISTRIBUTED_PROCESS_ID.
[2025-10-20 12:45:09,163][absl][INFO] - [process=0][thread=MainThread] Using barrier_sync_fn: <function get_barrier_sync_fn.<locals>.<lambda> at 0x15268012e0c0> timeout: 600 secs and primary_host=0 for async checkpoint writes
[2025-10-20 12:45:09,166][absl][INFO] - Restoring checkpoint from /gpfs/home5/sfris1/two-towers-confounding-project/results/deterministic_custom_data_tmp_1/data=Custom_dataset,experiment=deterministic_custom_data_tmp_1,logging_policy_ranker=deep,logging_policy_sampler=e_greedy,policy_strength=1,policy_temperature=1.0,random_state=2021,relevance=deep,relevance_tower=deep/checkpoint.
[2025-10-20 12:45:09,188][absl][INFO] - [process=0] /jax/checkpoint/read/gbytes_per_sec: 0 Bytes/s (total gbytes: 16.9 KiB) (time elapsed: 20 milliseconds) (per-host)
[2025-10-20 12:45:09,189][absl][INFO] - Finished restoring checkpoint in 0.02 seconds from /gpfs/home5/sfris1/two-towers-confounding-project/results/deterministic_custom_data_tmp_1/data=Custom_dataset,experiment=deterministic_custom_data_tmp_1,logging_policy_ranker=deep,logging_policy_sampler=e_greedy,policy_strength=1,policy_temperature=1.0,random_state=2021,relevance=deep,relevance_tower=deep/checkpoint.
[2025-10-20 12:45:09,250][absl][INFO] - orbax-checkpoint version: 0.11.25
[2025-10-20 12:45:09,253][absl][INFO] - Created BasePyTreeCheckpointHandler: use_ocdbt=True, use_zarr3=False, pytree_metadata_options=PyTreeMetadataOptions(support_rich_types=False), array_metadata_store=<orbax.checkpoint._src.metadata.array_metadata_store.Store object at 0x14f580af9590>, enable_pinned_host_transfer=True, save_concurrent_bytes: 96000000000 (89.4 GiB), restore_concurrent_bytes: 96000000000 (89.4 GiB)
[2025-10-20 12:45:09,254][absl][INFO] - [thread=MainThread] Failed to get flag value for EXPERIMENTAL_ORBAX_USE_DISTRIBUTED_PROCESS_ID.
[2025-10-20 12:45:09,254][absl][INFO] - [process=0][thread=MainThread] Using barrier_sync_fn: <function get_barrier_sync_fn.<locals>.<lambda> at 0x14f4fc1a8a40> timeout: 600 secs and primary_host=0 for async checkpoint writes
[2025-10-20 12:45:09,257][absl][INFO] - Restoring checkpoint from /gpfs/home5/sfris1/two-towers-confounding-project/results/deterministic_custom_data_tmp_1/data=Custom_dataset,experiment=deterministic_custom_data_tmp_1,logging_policy_ranker=deep,logging_policy_sampler=e_greedy,policy_strength=1,policy_temperature=1.0,random_state=2021,relevance=deep,relevance_tower=deep/checkpoint.
[2025-10-20 12:45:09,279][absl][INFO] - [process=0] /jax/checkpoint/read/gbytes_per_sec: 0 Bytes/s (total gbytes: 16.9 KiB) (time elapsed: 20 milliseconds) (per-host)
[2025-10-20 12:45:09,279][absl][INFO] - Finished restoring checkpoint in 0.02 seconds from /gpfs/home5/sfris1/two-towers-confounding-project/results/deterministic_custom_data_tmp_1/data=Custom_dataset,experiment=deterministic_custom_data_tmp_1,logging_policy_ranker=deep,logging_policy_sampler=e_greedy,policy_strength=1,policy_temperature=1.0,random_state=2021,relevance=deep,relevance_tower=deep/checkpoint.
[2025-10-20 12:45:10,064][absl][INFO] - orbax-checkpoint version: 0.11.25
[2025-10-20 12:45:10,072][absl][INFO] - Created BasePyTreeCheckpointHandler: use_ocdbt=True, use_zarr3=False, pytree_metadata_options=PyTreeMetadataOptions(support_rich_types=False), array_metadata_store=<orbax.checkpoint._src.metadata.array_metadata_store.Store object at 0x1494121723d0>, enable_pinned_host_transfer=True, save_concurrent_bytes: 96000000000 (89.4 GiB), restore_concurrent_bytes: 96000000000 (89.4 GiB)
[2025-10-20 12:45:10,072][absl][INFO] - [thread=MainThread] Failed to get flag value for EXPERIMENTAL_ORBAX_USE_DISTRIBUTED_PROCESS_ID.
[2025-10-20 12:45:10,072][absl][INFO] - [process=0][thread=MainThread] Using barrier_sync_fn: <function get_barrier_sync_fn.<locals>.<lambda> at 0x14933418a480> timeout: 600 secs and primary_host=0 for async checkpoint writes
[2025-10-20 12:45:10,077][absl][INFO] - Restoring checkpoint from /gpfs/home5/sfris1/two-towers-confounding-project/results/deterministic_custom_data_tmp_1/data=Custom_dataset,experiment=deterministic_custom_data_tmp_1,logging_policy_ranker=deep,logging_policy_sampler=e_greedy,policy_strength=1,policy_temperature=1.0,random_state=2021,relevance=deep,relevance_tower=deep/checkpoint.
[2025-10-20 12:45:10,115][absl][INFO] - [process=0] /jax/checkpoint/read/gbytes_per_sec: 0 Bytes/s (total gbytes: 16.9 KiB) (time elapsed: 35 milliseconds) (per-host)
[2025-10-20 12:45:10,116][absl][INFO] - Finished restoring checkpoint in 0.04 seconds from /gpfs/home5/sfris1/two-towers-confounding-project/results/deterministic_custom_data_tmp_1/data=Custom_dataset,experiment=deterministic_custom_data_tmp_1,logging_policy_ranker=deep,logging_policy_sampler=e_greedy,policy_strength=1,policy_temperature=1.0,random_state=2021,relevance=deep,relevance_tower=deep/checkpoint.
[2025-10-20 12:45:10,135][absl][INFO] - orbax-checkpoint version: 0.11.25
[2025-10-20 12:45:10,143][absl][INFO] - Created BasePyTreeCheckpointHandler: use_ocdbt=True, use_zarr3=False, pytree_metadata_options=PyTreeMetadataOptions(support_rich_types=False), array_metadata_store=<orbax.checkpoint._src.metadata.array_metadata_store.Store object at 0x152c677fa210>, enable_pinned_host_transfer=True, save_concurrent_bytes: 96000000000 (89.4 GiB), restore_concurrent_bytes: 96000000000 (89.4 GiB)
[2025-10-20 12:45:10,144][absl][INFO] - [thread=MainThread] Failed to get flag value for EXPERIMENTAL_ORBAX_USE_DISTRIBUTED_PROCESS_ID.
[2025-10-20 12:45:10,144][absl][INFO] - [process=0][thread=MainThread] Using barrier_sync_fn: <function get_barrier_sync_fn.<locals>.<lambda> at 0x152bbc10c4a0> timeout: 600 secs and primary_host=0 for async checkpoint writes
[2025-10-20 12:45:10,149][absl][INFO] - Restoring checkpoint from /gpfs/home5/sfris1/two-towers-confounding-project/results/deterministic_custom_data_tmp_1/data=Custom_dataset,experiment=deterministic_custom_data_tmp_1,logging_policy_ranker=deep,logging_policy_sampler=e_greedy,policy_strength=1,policy_temperature=1.0,random_state=2021,relevance=deep,relevance_tower=deep/checkpoint.
[2025-10-20 12:45:10,188][absl][INFO] - [process=0] /jax/checkpoint/read/gbytes_per_sec: 0 Bytes/s (total gbytes: 16.9 KiB) (time elapsed: 36 milliseconds) (per-host)
[2025-10-20 12:45:10,189][absl][INFO] - Finished restoring checkpoint in 0.04 seconds from /gpfs/home5/sfris1/two-towers-confounding-project/results/deterministic_custom_data_tmp_1/data=Custom_dataset,experiment=deterministic_custom_data_tmp_1,logging_policy_ranker=deep,logging_policy_sampler=e_greedy,policy_strength=1,policy_temperature=1.0,random_state=2021,relevance=deep,relevance_tower=deep/checkpoint.
[2025-10-20 12:45:14,855][absl][INFO] - orbax-checkpoint version: 0.11.25
[2025-10-20 12:45:14,859][absl][INFO] - Created BasePyTreeCheckpointHandler: use_ocdbt=True, use_zarr3=False, pytree_metadata_options=PyTreeMetadataOptions(support_rich_types=False), array_metadata_store=<orbax.checkpoint._src.metadata.array_metadata_store.Store object at 0x14e59ccd21d0>, enable_pinned_host_transfer=True, save_concurrent_bytes: 96000000000 (89.4 GiB), restore_concurrent_bytes: 96000000000 (89.4 GiB)
[2025-10-20 12:45:14,860][absl][INFO] - [thread=MainThread] Failed to get flag value for EXPERIMENTAL_ORBAX_USE_DISTRIBUTED_PROCESS_ID.
[2025-10-20 12:45:14,860][absl][INFO] - [process=0][thread=MainThread] Using barrier_sync_fn: <function get_barrier_sync_fn.<locals>.<lambda> at 0x14e5181a8cc0> timeout: 600 secs and primary_host=0 for async checkpoint writes
[2025-10-20 12:45:14,863][absl][INFO] - Restoring checkpoint from /gpfs/home5/sfris1/two-towers-confounding-project/results/deterministic_custom_data_tmp_1/data=Custom_dataset,experiment=deterministic_custom_data_tmp_1,logging_policy_ranker=deep,logging_policy_sampler=e_greedy,policy_strength=1,policy_temperature=1.0,random_state=2021,relevance=deep,relevance_tower=deep/checkpoint.
[2025-10-20 12:45:14,884][absl][INFO] - [process=0] /jax/checkpoint/read/gbytes_per_sec: 0 Bytes/s (total gbytes: 16.9 KiB) (time elapsed: 20 milliseconds) (per-host)
[2025-10-20 12:45:14,885][absl][INFO] - Finished restoring checkpoint in 0.02 seconds from /gpfs/home5/sfris1/two-towers-confounding-project/results/deterministic_custom_data_tmp_1/data=Custom_dataset,experiment=deterministic_custom_data_tmp_1,logging_policy_ranker=deep,logging_policy_sampler=e_greedy,policy_strength=1,policy_temperature=1.0,random_state=2021,relevance=deep,relevance_tower=deep/checkpoint.
[2025-10-20 12:45:18,081][absl][INFO] - orbax-checkpoint version: 0.11.25
[2025-10-20 12:45:18,084][absl][INFO] - Created BasePyTreeCheckpointHandler: use_ocdbt=True, use_zarr3=False, pytree_metadata_options=PyTreeMetadataOptions(support_rich_types=False), array_metadata_store=<orbax.checkpoint._src.metadata.array_metadata_store.Store object at 0x14b71cd7d3d0>, enable_pinned_host_transfer=True, save_concurrent_bytes: 96000000000 (89.4 GiB), restore_concurrent_bytes: 96000000000 (89.4 GiB)
[2025-10-20 12:45:18,085][absl][INFO] - [thread=MainThread] Failed to get flag value for EXPERIMENTAL_ORBAX_USE_DISTRIBUTED_PROCESS_ID.
[2025-10-20 12:45:18,085][absl][INFO] - [process=0][thread=MainThread] Using barrier_sync_fn: <function get_barrier_sync_fn.<locals>.<lambda> at 0x14b660192700> timeout: 600 secs and primary_host=0 for async checkpoint writes
[2025-10-20 12:45:18,088][absl][INFO] - Restoring checkpoint from /gpfs/home5/sfris1/two-towers-confounding-project/results/deterministic_custom_data_tmp_1/data=Custom_dataset,experiment=deterministic_custom_data_tmp_1,logging_policy_ranker=deep,logging_policy_sampler=e_greedy,policy_strength=1,policy_temperature=1.0,random_state=2021,relevance=deep,relevance_tower=deep/checkpoint.
[2025-10-20 12:45:18,112][absl][INFO] - [process=0] /jax/checkpoint/read/gbytes_per_sec: 0 Bytes/s (total gbytes: 16.9 KiB) (time elapsed: 21 milliseconds) (per-host)
[2025-10-20 12:45:18,112][absl][INFO] - Finished restoring checkpoint in 0.03 seconds from /gpfs/home5/sfris1/two-towers-confounding-project/results/deterministic_custom_data_tmp_1/data=Custom_dataset,experiment=deterministic_custom_data_tmp_1,logging_policy_ranker=deep,logging_policy_sampler=e_greedy,policy_strength=1,policy_temperature=1.0,random_state=2021,relevance=deep,relevance_tower=deep/checkpoint.
[2025-10-20 12:45:18,157][absl][INFO] - orbax-checkpoint version: 0.11.25
[2025-10-20 12:45:18,160][absl][INFO] - Created BasePyTreeCheckpointHandler: use_ocdbt=True, use_zarr3=False, pytree_metadata_options=PyTreeMetadataOptions(support_rich_types=False), array_metadata_store=<orbax.checkpoint._src.metadata.array_metadata_store.Store object at 0x15428cb9d6d0>, enable_pinned_host_transfer=True, save_concurrent_bytes: 96000000000 (89.4 GiB), restore_concurrent_bytes: 96000000000 (89.4 GiB)
[2025-10-20 12:45:18,161][absl][INFO] - [thread=MainThread] Failed to get flag value for EXPERIMENTAL_ORBAX_USE_DISTRIBUTED_PROCESS_ID.
[2025-10-20 12:45:18,161][absl][INFO] - [process=0][thread=MainThread] Using barrier_sync_fn: <function get_barrier_sync_fn.<locals>.<lambda> at 0x1541e40fcae0> timeout: 600 secs and primary_host=0 for async checkpoint writes
[2025-10-20 12:45:18,164][absl][INFO] - Restoring checkpoint from /gpfs/home5/sfris1/two-towers-confounding-project/results/deterministic_custom_data_tmp_1/data=Custom_dataset,experiment=deterministic_custom_data_tmp_1,logging_policy_ranker=deep,logging_policy_sampler=e_greedy,policy_strength=1,policy_temperature=1.0,random_state=2021,relevance=deep,relevance_tower=deep/checkpoint.
[2025-10-20 12:45:18,186][absl][INFO] - [process=0] /jax/checkpoint/read/gbytes_per_sec: 0 Bytes/s (total gbytes: 16.9 KiB) (time elapsed: 20 milliseconds) (per-host)
[2025-10-20 12:45:18,186][absl][INFO] - Finished restoring checkpoint in 0.02 seconds from /gpfs/home5/sfris1/two-towers-confounding-project/results/deterministic_custom_data_tmp_1/data=Custom_dataset,experiment=deterministic_custom_data_tmp_1,logging_policy_ranker=deep,logging_policy_sampler=e_greedy,policy_strength=1,policy_temperature=1.0,random_state=2021,relevance=deep,relevance_tower=deep/checkpoint.
[2025-10-20 12:45:23,818][absl][INFO] - orbax-checkpoint version: 0.11.25
[2025-10-20 12:45:23,821][absl][INFO] - Created BasePyTreeCheckpointHandler: use_ocdbt=True, use_zarr3=False, pytree_metadata_options=PyTreeMetadataOptions(support_rich_types=False), array_metadata_store=<orbax.checkpoint._src.metadata.array_metadata_store.Store object at 0x149546661650>, enable_pinned_host_transfer=True, save_concurrent_bytes: 96000000000 (89.4 GiB), restore_concurrent_bytes: 96000000000 (89.4 GiB)
[2025-10-20 12:45:23,822][absl][INFO] - [thread=MainThread] Failed to get flag value for EXPERIMENTAL_ORBAX_USE_DISTRIBUTED_PROCESS_ID.
[2025-10-20 12:45:23,822][absl][INFO] - [process=0][thread=MainThread] Using barrier_sync_fn: <function get_barrier_sync_fn.<locals>.<lambda> at 0x1494b81a63e0> timeout: 600 secs and primary_host=0 for async checkpoint writes
[2025-10-20 12:45:23,825][absl][INFO] - Restoring checkpoint from /gpfs/home5/sfris1/two-towers-confounding-project/results/deterministic_custom_data_tmp_1/data=Custom_dataset,experiment=deterministic_custom_data_tmp_1,logging_policy_ranker=deep,logging_policy_sampler=e_greedy,policy_strength=1,policy_temperature=1.0,random_state=2021,relevance=deep,relevance_tower=deep/checkpoint.
[2025-10-20 12:45:23,847][absl][INFO] - [process=0] /jax/checkpoint/read/gbytes_per_sec: 0 Bytes/s (total gbytes: 16.9 KiB) (time elapsed: 20 milliseconds) (per-host)
[2025-10-20 12:45:23,847][absl][INFO] - Finished restoring checkpoint in 0.02 seconds from /gpfs/home5/sfris1/two-towers-confounding-project/results/deterministic_custom_data_tmp_1/data=Custom_dataset,experiment=deterministic_custom_data_tmp_1,logging_policy_ranker=deep,logging_policy_sampler=e_greedy,policy_strength=1,policy_temperature=1.0,random_state=2021,relevance=deep,relevance_tower=deep/checkpoint.
[2025-10-20 12:45:24,537][absl][INFO] - orbax-checkpoint version: 0.11.25
[2025-10-20 12:45:24,540][absl][INFO] - Created BasePyTreeCheckpointHandler: use_ocdbt=True, use_zarr3=False, pytree_metadata_options=PyTreeMetadataOptions(support_rich_types=False), array_metadata_store=<orbax.checkpoint._src.metadata.array_metadata_store.Store object at 0x1547cfc680d0>, enable_pinned_host_transfer=True, save_concurrent_bytes: 96000000000 (89.4 GiB), restore_concurrent_bytes: 96000000000 (89.4 GiB)
[2025-10-20 12:45:24,541][absl][INFO] - [thread=MainThread] Failed to get flag value for EXPERIMENTAL_ORBAX_USE_DISTRIBUTED_PROCESS_ID.
[2025-10-20 12:45:24,541][absl][INFO] - [process=0][thread=MainThread] Using barrier_sync_fn: <function get_barrier_sync_fn.<locals>.<lambda> at 0x15473c1afe20> timeout: 600 secs and primary_host=0 for async checkpoint writes
[2025-10-20 12:45:24,544][absl][INFO] - Restoring checkpoint from /gpfs/home5/sfris1/two-towers-confounding-project/results/deterministic_custom_data_tmp_1/data=Custom_dataset,experiment=deterministic_custom_data_tmp_1,logging_policy_ranker=deep,logging_policy_sampler=e_greedy,policy_strength=1,policy_temperature=1.0,random_state=2021,relevance=deep,relevance_tower=deep/checkpoint.
[2025-10-20 12:45:24,568][absl][INFO] - [process=0] /jax/checkpoint/read/gbytes_per_sec: 0 Bytes/s (total gbytes: 16.9 KiB) (time elapsed: 21 milliseconds) (per-host)
[2025-10-20 12:45:24,568][absl][INFO] - Finished restoring checkpoint in 0.03 seconds from /gpfs/home5/sfris1/two-towers-confounding-project/results/deterministic_custom_data_tmp_1/data=Custom_dataset,experiment=deterministic_custom_data_tmp_1,logging_policy_ranker=deep,logging_policy_sampler=e_greedy,policy_strength=1,policy_temperature=1.0,random_state=2021,relevance=deep,relevance_tower=deep/checkpoint.
[2025-10-20 12:45:24,574][absl][INFO] - orbax-checkpoint version: 0.11.25
[2025-10-20 12:45:24,578][absl][INFO] - Created BasePyTreeCheckpointHandler: use_ocdbt=True, use_zarr3=False, pytree_metadata_options=PyTreeMetadataOptions(support_rich_types=False), array_metadata_store=<orbax.checkpoint._src.metadata.array_metadata_store.Store object at 0x14a8ff59a310>, enable_pinned_host_transfer=True, save_concurrent_bytes: 96000000000 (89.4 GiB), restore_concurrent_bytes: 96000000000 (89.4 GiB)
[2025-10-20 12:45:24,578][absl][INFO] - [thread=MainThread] Failed to get flag value for EXPERIMENTAL_ORBAX_USE_DISTRIBUTED_PROCESS_ID.
[2025-10-20 12:45:24,578][absl][INFO] - [process=0][thread=MainThread] Using barrier_sync_fn: <function get_barrier_sync_fn.<locals>.<lambda> at 0x14a8401a3e20> timeout: 600 secs and primary_host=0 for async checkpoint writes
[2025-10-20 12:45:24,582][absl][INFO] - Restoring checkpoint from /gpfs/home5/sfris1/two-towers-confounding-project/results/deterministic_custom_data_tmp_1/data=Custom_dataset,experiment=deterministic_custom_data_tmp_1,logging_policy_ranker=deep,logging_policy_sampler=e_greedy,policy_strength=1,policy_temperature=1.0,random_state=2021,relevance=deep,relevance_tower=deep/checkpoint.
[2025-10-20 12:45:24,605][absl][INFO] - [process=0] /jax/checkpoint/read/gbytes_per_sec: 0 Bytes/s (total gbytes: 16.9 KiB) (time elapsed: 22 milliseconds) (per-host)
[2025-10-20 12:45:24,606][absl][INFO] - Finished restoring checkpoint in 0.03 seconds from /gpfs/home5/sfris1/two-towers-confounding-project/results/deterministic_custom_data_tmp_1/data=Custom_dataset,experiment=deterministic_custom_data_tmp_1,logging_policy_ranker=deep,logging_policy_sampler=e_greedy,policy_strength=1,policy_temperature=1.0,random_state=2021,relevance=deep,relevance_tower=deep/checkpoint.
[2025-10-20 12:45:24,871][absl][INFO] - orbax-checkpoint version: 0.11.25
[2025-10-20 12:45:24,875][absl][INFO] - Created BasePyTreeCheckpointHandler: use_ocdbt=True, use_zarr3=False, pytree_metadata_options=PyTreeMetadataOptions(support_rich_types=False), array_metadata_store=<orbax.checkpoint._src.metadata.array_metadata_store.Store object at 0x14b39de11590>, enable_pinned_host_transfer=True, save_concurrent_bytes: 96000000000 (89.4 GiB), restore_concurrent_bytes: 96000000000 (89.4 GiB)
[2025-10-20 12:45:24,875][absl][INFO] - [thread=MainThread] Failed to get flag value for EXPERIMENTAL_ORBAX_USE_DISTRIBUTED_PROCESS_ID.
[2025-10-20 12:45:24,875][absl][INFO] - [process=0][thread=MainThread] Using barrier_sync_fn: <function get_barrier_sync_fn.<locals>.<lambda> at 0x14b30c1adb20> timeout: 600 secs and primary_host=0 for async checkpoint writes
[2025-10-20 12:45:24,878][absl][INFO] - Restoring checkpoint from /gpfs/home5/sfris1/two-towers-confounding-project/results/deterministic_custom_data_tmp_1/data=Custom_dataset,experiment=deterministic_custom_data_tmp_1,logging_policy_ranker=deep,logging_policy_sampler=e_greedy,policy_strength=1,policy_temperature=1.0,random_state=2021,relevance=deep,relevance_tower=deep/checkpoint.
[2025-10-20 12:45:24,900][absl][INFO] - [process=0] /jax/checkpoint/read/gbytes_per_sec: 0 Bytes/s (total gbytes: 16.9 KiB) (time elapsed: 20 milliseconds) (per-host)
[2025-10-20 12:45:24,901][absl][INFO] - Finished restoring checkpoint in 0.02 seconds from /gpfs/home5/sfris1/two-towers-confounding-project/results/deterministic_custom_data_tmp_1/data=Custom_dataset,experiment=deterministic_custom_data_tmp_1,logging_policy_ranker=deep,logging_policy_sampler=e_greedy,policy_strength=1,policy_temperature=1.0,random_state=2021,relevance=deep,relevance_tower=deep/checkpoint.
[2025-10-20 12:45:37,368][absl][INFO] - orbax-checkpoint version: 0.11.25
[2025-10-20 12:45:37,370][absl][INFO] - Created BasePyTreeCheckpointHandler: use_ocdbt=True, use_zarr3=False, pytree_metadata_options=PyTreeMetadataOptions(support_rich_types=False), array_metadata_store=<orbax.checkpoint._src.metadata.array_metadata_store.Store object at 0x14ee58b59d10>, enable_pinned_host_transfer=True, save_concurrent_bytes: 96000000000 (89.4 GiB), restore_concurrent_bytes: 96000000000 (89.4 GiB)
[2025-10-20 12:45:37,371][absl][INFO] - [thread=MainThread] Failed to get flag value for EXPERIMENTAL_ORBAX_USE_DISTRIBUTED_PROCESS_ID.
[2025-10-20 12:45:37,371][absl][INFO] - [process=0][thread=MainThread] Using barrier_sync_fn: <function get_barrier_sync_fn.<locals>.<lambda> at 0x14ed9817d8a0> timeout: 600 secs and primary_host=0 for async checkpoint writes
[2025-10-20 12:45:37,374][absl][INFO] - Restoring checkpoint from /gpfs/home5/sfris1/two-towers-confounding-project/results/deterministic_custom_data_tmp_1/data=Custom_dataset,experiment=deterministic_custom_data_tmp_1,logging_policy_ranker=deep,logging_policy_sampler=e_greedy,policy_strength=1,policy_temperature=1.0,random_state=2021,relevance=deep,relevance_tower=deep/checkpoint.
[2025-10-20 12:45:37,398][absl][INFO] - [process=0] /jax/checkpoint/read/gbytes_per_sec: 0 Bytes/s (total gbytes: 16.9 KiB) (time elapsed: 22 milliseconds) (per-host)
[2025-10-20 12:45:37,398][absl][INFO] - Finished restoring checkpoint in 0.03 seconds from /gpfs/home5/sfris1/two-towers-confounding-project/results/deterministic_custom_data_tmp_1/data=Custom_dataset,experiment=deterministic_custom_data_tmp_1,logging_policy_ranker=deep,logging_policy_sampler=e_greedy,policy_strength=1,policy_temperature=1.0,random_state=2021,relevance=deep,relevance_tower=deep/checkpoint.
[2025-10-20 12:45:38,030][absl][INFO] - orbax-checkpoint version: 0.11.25
[2025-10-20 12:45:38,030][absl][INFO] - Created BasePyTreeCheckpointHandler: use_ocdbt=True, use_zarr3=False, pytree_metadata_options=PyTreeMetadataOptions(support_rich_types=False), array_metadata_store=<orbax.checkpoint._src.metadata.array_metadata_store.Store object at 0x14e870489f10>, enable_pinned_host_transfer=True, save_concurrent_bytes: 96000000000 (89.4 GiB), restore_concurrent_bytes: 96000000000 (89.4 GiB)
[2025-10-20 12:45:38,031][absl][INFO] - [thread=MainThread] Failed to get flag value for EXPERIMENTAL_ORBAX_USE_DISTRIBUTED_PROCESS_ID.
[2025-10-20 12:45:38,031][absl][INFO] - [process=0][thread=MainThread] Using barrier_sync_fn: <function get_barrier_sync_fn.<locals>.<lambda> at 0x14e7d41a98a0> timeout: 600 secs and primary_host=0 for async checkpoint writes
[2025-10-20 12:45:38,034][absl][INFO] - Restoring checkpoint from /gpfs/home5/sfris1/two-towers-confounding-project/results/deterministic_custom_data_tmp_1/data=Custom_dataset,experiment=deterministic_custom_data_tmp_1,logging_policy_ranker=deep,logging_policy_sampler=e_greedy,policy_strength=1,policy_temperature=1.0,random_state=2021,relevance=deep,relevance_tower=deep/checkpoint.
[2025-10-20 12:45:38,057][absl][INFO] - [process=0] /jax/checkpoint/read/gbytes_per_sec: 0 Bytes/s (total gbytes: 16.9 KiB) (time elapsed: 21 milliseconds) (per-host)
[2025-10-20 12:45:38,057][absl][INFO] - Finished restoring checkpoint in 0.02 seconds from /gpfs/home5/sfris1/two-towers-confounding-project/results/deterministic_custom_data_tmp_1/data=Custom_dataset,experiment=deterministic_custom_data_tmp_1,logging_policy_ranker=deep,logging_policy_sampler=e_greedy,policy_strength=1,policy_temperature=1.0,random_state=2021,relevance=deep,relevance_tower=deep/checkpoint.
