[2025-11-01 16:34:46,161][jax._src.xla_bridge][INFO] - Unable to initialize backend 'tpu': INTERNAL: Failed to open libtpu.so: libtpu.so: cannot open shared object file: No such file or directory
[2025-11-01 16:35:58,670][absl][INFO] - orbax-checkpoint version: 0.11.25
[2025-11-01 16:35:58,670][absl][INFO] - Created BasePyTreeCheckpointHandler: use_ocdbt=True, use_zarr3=False, pytree_metadata_options=PyTreeMetadataOptions(support_rich_types=False), array_metadata_store=<orbax.checkpoint._src.metadata.array_metadata_store.Store object at 0x15045e0cfe50>, enable_pinned_host_transfer=True, save_concurrent_bytes: 96000000000 (89.4 GiB), restore_concurrent_bytes: 96000000000 (89.4 GiB)
[2025-11-01 16:35:58,671][absl][INFO] - [thread=MainThread] Failed to get flag value for EXPERIMENTAL_ORBAX_USE_DISTRIBUTED_PROCESS_ID.
[2025-11-01 16:35:58,671][absl][INFO] - [process=0][thread=MainThread] Using barrier_sync_fn: <function get_barrier_sync_fn.<locals>.<lambda> at 0x1503389b60c0> timeout: 600 secs and primary_host=0 for async checkpoint writes
[2025-11-01 16:35:58,671][absl][INFO] - [process=0] Started async saving checkpoint to /gpfs/home5/sfris1/two-towers-confounding-project/results/deep_separated/data=Custom_dataset_deep,docs_per_group=10,experiment=deep_separated,logging_policy_ranker=ordered,logging_policy_sampler=e_greedy,num_queries=10,policy_temperature=1.0,relevance=deep,relevance_tower=deeper,s_doc=0.3/checkpoint.
[2025-11-01 16:35:58,672][absl][INFO] - [process=0] Specified `force`: removing existing directory.
[2025-11-01 16:35:58,673][absl][INFO] - Using ThreadSafeKeyValueSignalingClient
[2025-11-01 16:35:58,677][absl][INFO] - Transferring arrays to host memory with options: use_replica_parallel=True, min_slice_bytes_for_replica_parallel=None, max_replicas_for_replica_parallel=None, enable_pinned_host_transfer=True
[2025-11-01 16:35:58,677][absl][INFO] - Creating tmp directory /gpfs/home5/sfris1/two-towers-confounding-project/results/deep_separated/data=Custom_dataset_deep,docs_per_group=10,experiment=deep_separated,logging_policy_ranker=ordered,logging_policy_sampler=e_greedy,num_queries=10,policy_temperature=1.0,relevance=deep,relevance_tower=deeper,s_doc=0.3/checkpoint.orbax-checkpoint-tmp
[2025-11-01 16:35:58,680][absl][INFO] - Wrote Metadata={'item_handlers': None, 'metrics': {}, 'performance_metrics': {}, 'init_timestamp_nsecs': 1762011358679004875, 'commit_timestamp_nsecs': None, 'custom_metadata': {}}, json={"item_handlers": null, "metrics": {}, "performance_metrics": {}, "init_timestamp_nsecs": 1762011358679004875, "commit_timestamp_nsecs": null, "custom_metadata": {}} to /gpfs/home5/sfris1/two-towers-confounding-project/results/deep_separated/data=Custom_dataset_deep,docs_per_group=10,experiment=deep_separated,logging_policy_ranker=ordered,logging_policy_sampler=e_greedy,num_queries=10,policy_temperature=1.0,relevance=deep,relevance_tower=deeper,s_doc=0.3/checkpoint.orbax-checkpoint-tmp/_CHECKPOINT_METADATA
[2025-11-01 16:35:58,682][absl][INFO] - [process=0][thread=MainThread] Initiated "orbax.checkpoint._src.serialization.type_handlers.ArrayHandler".serialize. Time taken: 0.005647s
[2025-11-01 16:35:58,687][absl][INFO] - [process=0] /jax/checkpoint/write/blocking_gbytes_per_sec: 0 Bytes/s (total gbytes: 260.0 KiB) (time elapsed: 13 milliseconds) (per-host)
[2025-11-01 16:35:58,687][absl][INFO] - [process=0][thread=MainThread] Initiated Pytree async_save. Time taken: 0.013329s (batch_requests_ready=0.001702s, total_serialization_initiated=0.010959s, others=0.000668s)
[2025-11-01 16:35:58,689][absl][INFO] - [process=0][thread=async_save] Background save thread started.
[2025-11-01 16:35:58,689][absl][INFO] - Finished blocking save. Time taken: 0.018008s. Continuing background save to /gpfs/home5/sfris1/two-towers-confounding-project/results/deep_separated/data=Custom_dataset_deep,docs_per_group=10,experiment=deep_separated,logging_policy_ranker=ordered,logging_policy_sampler=e_greedy,num_queries=10,policy_temperature=1.0,relevance=deep,relevance_tower=deeper,s_doc=0.3/checkpoint.
[2025-11-01 16:35:58,690][absl][INFO] - [process=0][thread=MainThread] Waiting for background save thread=async_save.
[2025-11-01 16:35:58,691][absl][INFO] - [process=0][thread=array_type_handler] Wrote 13 array_metadata.ArrayMetadata to /gpfs/home5/sfris1/two-towers-confounding-project/results/deep_separated/data=Custom_dataset_deep,docs_per_group=10,experiment=deep_separated,logging_policy_ranker=ordered,logging_policy_sampler=e_greedy,num_queries=10,policy_temperature=1.0,relevance=deep,relevance_tower=deeper,s_doc=0.3/checkpoint.orbax-checkpoint-tmp/array_metadatas/process_0
[2025-11-01 16:35:58,726][absl][INFO] - [process=0][thread=write_metadata_after_commits] Commit + Array metadata written. Time taken: 0.038364s (commit=0.036090s, array_metadata_write=0.002274s)
[2025-11-01 16:35:58,727][absl][INFO] - [process=0] /jax/checkpoint/write/gbytes_per_sec: 0 Bytes/s (total gbytes: 260.0 KiB) (time elapsed: 52 milliseconds) (per-host)
[2025-11-01 16:35:58,727][absl][INFO] - [process=0][thread=async_save] 2 Handler Commit operations completed. Time taken: 0.037186s.
[2025-11-01 16:35:58,728][absl][INFO] - Read Metadata={'item_handlers': None, 'metrics': {}, 'performance_metrics': {}, 'init_timestamp_nsecs': 1762011358679004875, 'commit_timestamp_nsecs': None, 'custom_metadata': {}} from /gpfs/home5/sfris1/two-towers-confounding-project/results/deep_separated/data=Custom_dataset_deep,docs_per_group=10,experiment=deep_separated,logging_policy_ranker=ordered,logging_policy_sampler=e_greedy,num_queries=10,policy_temperature=1.0,relevance=deep,relevance_tower=deeper,s_doc=0.3/checkpoint.orbax-checkpoint-tmp/_CHECKPOINT_METADATA
[2025-11-01 16:35:58,729][absl][INFO] - Updated Metadata={'item_handlers': 'orbax.checkpoint._src.handlers.standard_checkpoint_handler.StandardCheckpointHandler', 'metrics': {}, 'performance_metrics': {}, 'init_timestamp_nsecs': 1762011358679004875, 'commit_timestamp_nsecs': None, 'custom_metadata': {}} to /gpfs/home5/sfris1/two-towers-confounding-project/results/deep_separated/data=Custom_dataset_deep,docs_per_group=10,experiment=deep_separated,logging_policy_ranker=ordered,logging_policy_sampler=e_greedy,num_queries=10,policy_temperature=1.0,relevance=deep,relevance_tower=deeper,s_doc=0.3/checkpoint.orbax-checkpoint-tmp/_CHECKPOINT_METADATA
[2025-11-01 16:35:58,730][absl][INFO] - [process=0][thread=async_save] Skipped cross-host ArrayMetadata validation because only one process is found: process_index=0.
[2025-11-01 16:35:58,738][absl][INFO] - [process=0][thread=async_save] Pytree save finalize (merge_ocdbt + ArrayMetadata validation) completed. Time taken: 0.010109s. use_zarr3=False, enable_post_merge_validation=True, directory=/gpfs/home5/sfris1/two-towers-confounding-project/results/deep_separated/data=Custom_dataset_deep,docs_per_group=10,experiment=deep_separated,logging_policy_ranker=ordered,logging_policy_sampler=e_greedy,num_queries=10,policy_temperature=1.0,relevance=deep,relevance_tower=deeper,s_doc=0.3/checkpoint.orbax-checkpoint-tmp
[2025-11-01 16:35:58,738][absl][INFO] - Renaming /gpfs/home5/sfris1/two-towers-confounding-project/results/deep_separated/data=Custom_dataset_deep,docs_per_group=10,experiment=deep_separated,logging_policy_ranker=ordered,logging_policy_sampler=e_greedy,num_queries=10,policy_temperature=1.0,relevance=deep,relevance_tower=deeper,s_doc=0.3/checkpoint.orbax-checkpoint-tmp to /gpfs/home5/sfris1/two-towers-confounding-project/results/deep_separated/data=Custom_dataset_deep,docs_per_group=10,experiment=deep_separated,logging_policy_ranker=ordered,logging_policy_sampler=e_greedy,num_queries=10,policy_temperature=1.0,relevance=deep,relevance_tower=deeper,s_doc=0.3/checkpoint
[2025-11-01 16:35:58,740][absl][INFO] - [process=0][thread=async_save] Finished saving checkpoint (finalized tmp dir) to `/gpfs/home5/sfris1/two-towers-confounding-project/results/deep_separated/data=Custom_dataset_deep,docs_per_group=10,experiment=deep_separated,logging_policy_ranker=ordered,logging_policy_sampler=e_greedy,num_queries=10,policy_temperature=1.0,relevance=deep,relevance_tower=deeper,s_doc=0.3/checkpoint`.
[2025-11-01 16:35:58,740][absl][INFO] - Finished async_save (blocking + background). Time taken: 0.069107s. directory=/gpfs/home5/sfris1/two-towers-confounding-project/results/deep_separated/data=Custom_dataset_deep,docs_per_group=10,experiment=deep_separated,logging_policy_ranker=ordered,logging_policy_sampler=e_greedy,num_queries=10,policy_temperature=1.0,relevance=deep,relevance_tower=deeper,s_doc=0.3/checkpoint
[2025-11-01 16:35:58,740][absl][INFO] - [process=0][thread=async_save] Background save thread done. Time taken: 0.050764s.
[2025-11-01 16:35:58,741][absl][INFO] - [process=0][thread=MainThread] Done with waiting for background save thread=async_save.
[2025-11-01 16:35:58,741][absl][INFO] - [process=0][thread=MainThread] No errors found in background save thread=async_save.
[2025-11-03 21:09:29,325][jax._src.xla_bridge][INFO] - Unable to initialize backend 'tpu': INTERNAL: Failed to open libtpu.so: libtpu.so: cannot open shared object file: No such file or directory
[2025-11-03 21:10:40,780][absl][INFO] - orbax-checkpoint version: 0.11.25
[2025-11-03 21:10:40,781][absl][INFO] - Created BasePyTreeCheckpointHandler: use_ocdbt=True, use_zarr3=False, pytree_metadata_options=PyTreeMetadataOptions(support_rich_types=False), array_metadata_store=<orbax.checkpoint._src.metadata.array_metadata_store.Store object at 0x14708ec2add0>, enable_pinned_host_transfer=True, save_concurrent_bytes: 96000000000 (89.4 GiB), restore_concurrent_bytes: 96000000000 (89.4 GiB)
[2025-11-03 21:10:40,781][absl][INFO] - [thread=MainThread] Failed to get flag value for EXPERIMENTAL_ORBAX_USE_DISTRIBUTED_PROCESS_ID.
[2025-11-03 21:10:40,781][absl][INFO] - [process=0][thread=MainThread] Using barrier_sync_fn: <function get_barrier_sync_fn.<locals>.<lambda> at 0x146f749979c0> timeout: 600 secs and primary_host=0 for async checkpoint writes
[2025-11-03 21:10:40,782][absl][INFO] - [process=0] Started async saving checkpoint to /gpfs/home5/sfris1/two-towers-confounding-project/results/deep_separated/data=Custom_dataset_deep,docs_per_group=10,experiment=deep_separated,logging_policy_ranker=ordered,logging_policy_sampler=e_greedy,num_queries=10,policy_temperature=1.0,relevance=deep,relevance_tower=deeper,s_doc=0.3/checkpoint.
[2025-11-03 21:10:40,783][absl][INFO] - [process=0] Specified `force`: removing existing directory.
[2025-11-03 21:10:40,822][absl][INFO] - Using ThreadSafeKeyValueSignalingClient
[2025-11-03 21:10:40,826][absl][INFO] - Transferring arrays to host memory with options: use_replica_parallel=True, min_slice_bytes_for_replica_parallel=None, max_replicas_for_replica_parallel=None, enable_pinned_host_transfer=True
[2025-11-03 21:10:40,827][absl][INFO] - Creating tmp directory /gpfs/home5/sfris1/two-towers-confounding-project/results/deep_separated/data=Custom_dataset_deep,docs_per_group=10,experiment=deep_separated,logging_policy_ranker=ordered,logging_policy_sampler=e_greedy,num_queries=10,policy_temperature=1.0,relevance=deep,relevance_tower=deeper,s_doc=0.3/checkpoint.orbax-checkpoint-tmp
[2025-11-03 21:10:40,829][absl][INFO] - Wrote Metadata={'item_handlers': None, 'metrics': {}, 'performance_metrics': {}, 'init_timestamp_nsecs': 1762200640828143357, 'commit_timestamp_nsecs': None, 'custom_metadata': {}}, json={"item_handlers": null, "metrics": {}, "performance_metrics": {}, "init_timestamp_nsecs": 1762200640828143357, "commit_timestamp_nsecs": null, "custom_metadata": {}} to /gpfs/home5/sfris1/two-towers-confounding-project/results/deep_separated/data=Custom_dataset_deep,docs_per_group=10,experiment=deep_separated,logging_policy_ranker=ordered,logging_policy_sampler=e_greedy,num_queries=10,policy_temperature=1.0,relevance=deep,relevance_tower=deeper,s_doc=0.3/checkpoint.orbax-checkpoint-tmp/_CHECKPOINT_METADATA
[2025-11-03 21:10:40,831][absl][INFO] - [process=0][thread=MainThread] Initiated "orbax.checkpoint._src.serialization.type_handlers.ArrayHandler".serialize. Time taken: 0.005681s
[2025-11-03 21:10:40,839][absl][INFO] - [process=0] /jax/checkpoint/write/blocking_gbytes_per_sec: 0 Bytes/s (total gbytes: 260.0 KiB) (time elapsed: 16 milliseconds) (per-host)
[2025-11-03 21:10:40,840][absl][INFO] - [process=0][thread=MainThread] Initiated Pytree async_save. Time taken: 0.017751s (batch_requests_ready=0.001681s, total_serialization_initiated=0.012640s, others=0.003430s)
[2025-11-03 21:10:40,842][absl][INFO] - [process=0][thread=async_save] Background save thread started.
[2025-11-03 21:10:40,844][absl][INFO] - Finished blocking save. Time taken: 0.062933s. Continuing background save to /gpfs/home5/sfris1/two-towers-confounding-project/results/deep_separated/data=Custom_dataset_deep,docs_per_group=10,experiment=deep_separated,logging_policy_ranker=ordered,logging_policy_sampler=e_greedy,num_queries=10,policy_temperature=1.0,relevance=deep,relevance_tower=deeper,s_doc=0.3/checkpoint.
[2025-11-03 21:10:40,845][absl][INFO] - [process=0][thread=array_type_handler] Wrote 13 array_metadata.ArrayMetadata to /gpfs/home5/sfris1/two-towers-confounding-project/results/deep_separated/data=Custom_dataset_deep,docs_per_group=10,experiment=deep_separated,logging_policy_ranker=ordered,logging_policy_sampler=e_greedy,num_queries=10,policy_temperature=1.0,relevance=deep,relevance_tower=deeper,s_doc=0.3/checkpoint.orbax-checkpoint-tmp/array_metadatas/process_0
[2025-11-03 21:10:40,845][absl][INFO] - [process=0][thread=MainThread] Waiting for background save thread=async_save.
[2025-11-03 21:10:40,874][absl][INFO] - [process=0][thread=write_metadata_after_commits] Commit + Array metadata written. Time taken: 0.033792s (commit=0.031690s, array_metadata_write=0.002103s)
[2025-11-03 21:10:40,874][absl][INFO] - [process=0] /jax/checkpoint/write/gbytes_per_sec: 0 Bytes/s (total gbytes: 260.0 KiB) (time elapsed: 51 milliseconds) (per-host)
[2025-11-03 21:10:40,875][absl][INFO] - [process=0][thread=async_save] 2 Handler Commit operations completed. Time taken: 0.029912s.
[2025-11-03 21:10:40,876][absl][INFO] - Read Metadata={'item_handlers': None, 'metrics': {}, 'performance_metrics': {}, 'init_timestamp_nsecs': 1762200640828143357, 'commit_timestamp_nsecs': None, 'custom_metadata': {}} from /gpfs/home5/sfris1/two-towers-confounding-project/results/deep_separated/data=Custom_dataset_deep,docs_per_group=10,experiment=deep_separated,logging_policy_ranker=ordered,logging_policy_sampler=e_greedy,num_queries=10,policy_temperature=1.0,relevance=deep,relevance_tower=deeper,s_doc=0.3/checkpoint.orbax-checkpoint-tmp/_CHECKPOINT_METADATA
[2025-11-03 21:10:40,877][absl][INFO] - Updated Metadata={'item_handlers': 'orbax.checkpoint._src.handlers.standard_checkpoint_handler.StandardCheckpointHandler', 'metrics': {}, 'performance_metrics': {}, 'init_timestamp_nsecs': 1762200640828143357, 'commit_timestamp_nsecs': None, 'custom_metadata': {}} to /gpfs/home5/sfris1/two-towers-confounding-project/results/deep_separated/data=Custom_dataset_deep,docs_per_group=10,experiment=deep_separated,logging_policy_ranker=ordered,logging_policy_sampler=e_greedy,num_queries=10,policy_temperature=1.0,relevance=deep,relevance_tower=deeper,s_doc=0.3/checkpoint.orbax-checkpoint-tmp/_CHECKPOINT_METADATA
[2025-11-03 21:10:40,878][absl][INFO] - [process=0][thread=async_save] Skipped cross-host ArrayMetadata validation because only one process is found: process_index=0.
[2025-11-03 21:10:40,883][absl][INFO] - [process=0][thread=async_save] Pytree save finalize (merge_ocdbt + ArrayMetadata validation) completed. Time taken: 0.008138s. use_zarr3=False, enable_post_merge_validation=True, directory=/gpfs/home5/sfris1/two-towers-confounding-project/results/deep_separated/data=Custom_dataset_deep,docs_per_group=10,experiment=deep_separated,logging_policy_ranker=ordered,logging_policy_sampler=e_greedy,num_queries=10,policy_temperature=1.0,relevance=deep,relevance_tower=deeper,s_doc=0.3/checkpoint.orbax-checkpoint-tmp
[2025-11-03 21:10:40,884][absl][INFO] - Renaming /gpfs/home5/sfris1/two-towers-confounding-project/results/deep_separated/data=Custom_dataset_deep,docs_per_group=10,experiment=deep_separated,logging_policy_ranker=ordered,logging_policy_sampler=e_greedy,num_queries=10,policy_temperature=1.0,relevance=deep,relevance_tower=deeper,s_doc=0.3/checkpoint.orbax-checkpoint-tmp to /gpfs/home5/sfris1/two-towers-confounding-project/results/deep_separated/data=Custom_dataset_deep,docs_per_group=10,experiment=deep_separated,logging_policy_ranker=ordered,logging_policy_sampler=e_greedy,num_queries=10,policy_temperature=1.0,relevance=deep,relevance_tower=deeper,s_doc=0.3/checkpoint
[2025-11-03 21:10:40,886][absl][INFO] - [process=0][thread=async_save] Finished saving checkpoint (finalized tmp dir) to `/gpfs/home5/sfris1/two-towers-confounding-project/results/deep_separated/data=Custom_dataset_deep,docs_per_group=10,experiment=deep_separated,logging_policy_ranker=ordered,logging_policy_sampler=e_greedy,num_queries=10,policy_temperature=1.0,relevance=deep,relevance_tower=deeper,s_doc=0.3/checkpoint`.
[2025-11-03 21:10:40,887][absl][INFO] - Finished async_save (blocking + background). Time taken: 0.105176s. directory=/gpfs/home5/sfris1/two-towers-confounding-project/results/deep_separated/data=Custom_dataset_deep,docs_per_group=10,experiment=deep_separated,logging_policy_ranker=ordered,logging_policy_sampler=e_greedy,num_queries=10,policy_temperature=1.0,relevance=deep,relevance_tower=deeper,s_doc=0.3/checkpoint
[2025-11-03 21:10:40,887][absl][INFO] - [process=0][thread=async_save] Background save thread done. Time taken: 0.042312s.
[2025-11-03 21:10:40,887][absl][INFO] - [process=0][thread=MainThread] Done with waiting for background save thread=async_save.
[2025-11-03 21:10:40,888][absl][INFO] - [process=0][thread=MainThread] No errors found in background save thread=async_save.
[2025-11-05 13:46:25,834][jax._src.xla_bridge][ERROR] - Jax plugin configuration error: Exception when calling jax_plugins.xla_cuda12.initialize()
Traceback (most recent call last):
  File "/gpfs/home5/sfris1/two-towers-confounding-project/.venv/lib/python3.11/site-packages/jax/_src/xla_bridge.py", line 485, in discover_pjrt_plugins
    plugin_module.initialize()
  File "/gpfs/home5/sfris1/two-towers-confounding-project/.venv/lib/python3.11/site-packages/jax_plugins/xla_cuda12/__init__.py", line 328, in initialize
    _check_cuda_versions(raise_on_first_error=True)
  File "/gpfs/home5/sfris1/two-towers-confounding-project/.venv/lib/python3.11/site-packages/jax_plugins/xla_cuda12/__init__.py", line 285, in _check_cuda_versions
    local_device_count = cuda_versions.cuda_device_count()
                         ^^^^^^^^^^^^^^^^^^^^^^^^^^^^^^^^^
RuntimeError: jaxlib/cuda/versions_helpers.cc:113: operation cuInit(0) failed: CUDA_ERROR_NO_DEVICE
[2025-11-05 13:46:25,848][jax._src.xla_bridge][INFO] - Unable to initialize backend 'tpu': INTERNAL: Failed to open libtpu.so: libtpu.so: cannot open shared object file: No such file or directory
[2025-11-05 13:47:02,774][jax._src.xla_bridge][ERROR] - Jax plugin configuration error: Exception when calling jax_plugins.xla_cuda12.initialize()
Traceback (most recent call last):
  File "/gpfs/home5/sfris1/two-towers-confounding-project/.venv/lib/python3.11/site-packages/jax/_src/xla_bridge.py", line 485, in discover_pjrt_plugins
    plugin_module.initialize()
  File "/gpfs/home5/sfris1/two-towers-confounding-project/.venv/lib/python3.11/site-packages/jax_plugins/xla_cuda12/__init__.py", line 328, in initialize
    _check_cuda_versions(raise_on_first_error=True)
  File "/gpfs/home5/sfris1/two-towers-confounding-project/.venv/lib/python3.11/site-packages/jax_plugins/xla_cuda12/__init__.py", line 285, in _check_cuda_versions
    local_device_count = cuda_versions.cuda_device_count()
                         ^^^^^^^^^^^^^^^^^^^^^^^^^^^^^^^^^
RuntimeError: jaxlib/cuda/versions_helpers.cc:113: operation cuInit(0) failed: CUDA_ERROR_NO_DEVICE
[2025-11-05 13:47:02,785][jax._src.xla_bridge][INFO] - Unable to initialize backend 'tpu': INTERNAL: Failed to open libtpu.so: libtpu.so: cannot open shared object file: No such file or directory
[2025-11-05 13:48:27,689][absl][INFO] - orbax-checkpoint version: 0.11.25
[2025-11-05 13:48:27,689][absl][INFO] - Created BasePyTreeCheckpointHandler: use_ocdbt=True, use_zarr3=False, pytree_metadata_options=PyTreeMetadataOptions(support_rich_types=False), array_metadata_store=<orbax.checkpoint._src.metadata.array_metadata_store.Store object at 0x14fdfb3598d0>, enable_pinned_host_transfer=False, save_concurrent_bytes: 96000000000 (89.4 GiB), restore_concurrent_bytes: 96000000000 (89.4 GiB)
[2025-11-05 13:48:27,690][absl][INFO] - [thread=MainThread] Failed to get flag value for EXPERIMENTAL_ORBAX_USE_DISTRIBUTED_PROCESS_ID.
[2025-11-05 13:48:27,690][absl][INFO] - [process=0][thread=MainThread] Using barrier_sync_fn: <function get_barrier_sync_fn.<locals>.<lambda> at 0x14fd543f39c0> timeout: 600 secs and primary_host=0 for async checkpoint writes
[2025-11-05 13:48:27,691][absl][INFO] - [process=0] Started async saving checkpoint to /gpfs/home5/sfris1/two-towers-confounding-project/results/deep_separated/data=Custom_dataset_deep,docs_per_group=10,experiment=deep_separated,logging_policy_ranker=ordered,logging_policy_sampler=e_greedy,num_queries=10,policy_temperature=1.0,relevance=deep,relevance_tower=deeper,s_doc=0.3/checkpoint.
[2025-11-05 13:48:27,692][absl][INFO] - [process=0] Specified `force`: removing existing directory.
[2025-11-05 13:48:27,762][absl][INFO] - Using ThreadSafeKeyValueSignalingClient
[2025-11-05 13:48:27,766][absl][INFO] - Transferring arrays to host memory with options: use_replica_parallel=True, min_slice_bytes_for_replica_parallel=None, max_replicas_for_replica_parallel=None, enable_pinned_host_transfer=False
[2025-11-05 13:48:27,767][absl][INFO] - Creating tmp directory /gpfs/home5/sfris1/two-towers-confounding-project/results/deep_separated/data=Custom_dataset_deep,docs_per_group=10,experiment=deep_separated,logging_policy_ranker=ordered,logging_policy_sampler=e_greedy,num_queries=10,policy_temperature=1.0,relevance=deep,relevance_tower=deeper,s_doc=0.3/checkpoint.orbax-checkpoint-tmp
[2025-11-05 13:48:27,768][absl][INFO] - [process=0][thread=MainThread] Initiated "orbax.checkpoint._src.serialization.type_handlers.ArrayHandler".serialize. Time taken: 0.002356s
[2025-11-05 13:48:27,770][absl][INFO] - [process=0] /jax/checkpoint/write/blocking_gbytes_per_sec: 0 Bytes/s (total gbytes: 260.0 KiB) (time elapsed: 6 milliseconds) (per-host)
[2025-11-05 13:48:27,770][absl][INFO] - [process=0][thread=MainThread] Initiated Pytree async_save. Time taken: 0.007100s (batch_requests_ready=0.001995s, total_serialization_initiated=0.004596s, others=0.000509s)
[2025-11-05 13:48:27,772][absl][INFO] - Wrote Metadata={'item_handlers': None, 'metrics': {}, 'performance_metrics': {}, 'init_timestamp_nsecs': 1762346907771006044, 'commit_timestamp_nsecs': None, 'custom_metadata': {}}, json={"item_handlers": null, "metrics": {}, "performance_metrics": {}, "init_timestamp_nsecs": 1762346907771006044, "commit_timestamp_nsecs": null, "custom_metadata": {}} to /gpfs/home5/sfris1/two-towers-confounding-project/results/deep_separated/data=Custom_dataset_deep,docs_per_group=10,experiment=deep_separated,logging_policy_ranker=ordered,logging_policy_sampler=e_greedy,num_queries=10,policy_temperature=1.0,relevance=deep,relevance_tower=deeper,s_doc=0.3/checkpoint.orbax-checkpoint-tmp/_CHECKPOINT_METADATA
[2025-11-05 13:48:27,772][absl][INFO] - [process=0][thread=async_save] Background save thread started.
[2025-11-05 13:48:27,773][absl][INFO] - Finished blocking save. Time taken: 0.082466s. Continuing background save to /gpfs/home5/sfris1/two-towers-confounding-project/results/deep_separated/data=Custom_dataset_deep,docs_per_group=10,experiment=deep_separated,logging_policy_ranker=ordered,logging_policy_sampler=e_greedy,num_queries=10,policy_temperature=1.0,relevance=deep,relevance_tower=deeper,s_doc=0.3/checkpoint.
[2025-11-05 13:48:27,776][absl][INFO] - [process=0][thread=MainThread] Waiting for background save thread=async_save.
[2025-11-05 13:48:27,780][absl][INFO] - [process=0][thread=array_type_handler] Wrote 13 array_metadata.ArrayMetadata to /gpfs/home5/sfris1/two-towers-confounding-project/results/deep_separated/data=Custom_dataset_deep,docs_per_group=10,experiment=deep_separated,logging_policy_ranker=ordered,logging_policy_sampler=e_greedy,num_queries=10,policy_temperature=1.0,relevance=deep,relevance_tower=deeper,s_doc=0.3/checkpoint.orbax-checkpoint-tmp/array_metadatas/process_0
[2025-11-05 13:48:27,807][absl][INFO] - [process=0][thread=write_metadata_after_commits] Commit + Array metadata written. Time taken: 0.031639s (commit=0.029122s, array_metadata_write=0.002518s)
[2025-11-05 13:48:27,808][absl][INFO] - [process=0] /jax/checkpoint/write/gbytes_per_sec: 0 Bytes/s (total gbytes: 260.0 KiB) (time elapsed: 45 milliseconds) (per-host)
[2025-11-05 13:48:27,808][absl][INFO] - [process=0][thread=async_save] 2 Handler Commit operations completed. Time taken: 0.035074s.
[2025-11-05 13:48:27,810][absl][INFO] - Read Metadata={'item_handlers': None, 'metrics': {}, 'performance_metrics': {}, 'init_timestamp_nsecs': 1762346907771006044, 'commit_timestamp_nsecs': None, 'custom_metadata': {}} from /gpfs/home5/sfris1/two-towers-confounding-project/results/deep_separated/data=Custom_dataset_deep,docs_per_group=10,experiment=deep_separated,logging_policy_ranker=ordered,logging_policy_sampler=e_greedy,num_queries=10,policy_temperature=1.0,relevance=deep,relevance_tower=deeper,s_doc=0.3/checkpoint.orbax-checkpoint-tmp/_CHECKPOINT_METADATA
[2025-11-05 13:48:27,811][absl][INFO] - Updated Metadata={'item_handlers': 'orbax.checkpoint._src.handlers.standard_checkpoint_handler.StandardCheckpointHandler', 'metrics': {}, 'performance_metrics': {}, 'init_timestamp_nsecs': 1762346907771006044, 'commit_timestamp_nsecs': None, 'custom_metadata': {}} to /gpfs/home5/sfris1/two-towers-confounding-project/results/deep_separated/data=Custom_dataset_deep,docs_per_group=10,experiment=deep_separated,logging_policy_ranker=ordered,logging_policy_sampler=e_greedy,num_queries=10,policy_temperature=1.0,relevance=deep,relevance_tower=deeper,s_doc=0.3/checkpoint.orbax-checkpoint-tmp/_CHECKPOINT_METADATA
[2025-11-05 13:48:27,812][absl][INFO] - [process=0][thread=async_save] Skipped cross-host ArrayMetadata validation because only one process is found: process_index=0.
[2025-11-05 13:48:27,817][absl][INFO] - [process=0][thread=async_save] Pytree save finalize (merge_ocdbt + ArrayMetadata validation) completed. Time taken: 0.007740s. use_zarr3=False, enable_post_merge_validation=True, directory=/gpfs/home5/sfris1/two-towers-confounding-project/results/deep_separated/data=Custom_dataset_deep,docs_per_group=10,experiment=deep_separated,logging_policy_ranker=ordered,logging_policy_sampler=e_greedy,num_queries=10,policy_temperature=1.0,relevance=deep,relevance_tower=deeper,s_doc=0.3/checkpoint.orbax-checkpoint-tmp
[2025-11-05 13:48:27,818][absl][INFO] - Renaming /gpfs/home5/sfris1/two-towers-confounding-project/results/deep_separated/data=Custom_dataset_deep,docs_per_group=10,experiment=deep_separated,logging_policy_ranker=ordered,logging_policy_sampler=e_greedy,num_queries=10,policy_temperature=1.0,relevance=deep,relevance_tower=deeper,s_doc=0.3/checkpoint.orbax-checkpoint-tmp to /gpfs/home5/sfris1/two-towers-confounding-project/results/deep_separated/data=Custom_dataset_deep,docs_per_group=10,experiment=deep_separated,logging_policy_ranker=ordered,logging_policy_sampler=e_greedy,num_queries=10,policy_temperature=1.0,relevance=deep,relevance_tower=deeper,s_doc=0.3/checkpoint
[2025-11-05 13:48:27,819][absl][INFO] - [process=0][thread=async_save] Finished saving checkpoint (finalized tmp dir) to `/gpfs/home5/sfris1/two-towers-confounding-project/results/deep_separated/data=Custom_dataset_deep,docs_per_group=10,experiment=deep_separated,logging_policy_ranker=ordered,logging_policy_sampler=e_greedy,num_queries=10,policy_temperature=1.0,relevance=deep,relevance_tower=deeper,s_doc=0.3/checkpoint`.
[2025-11-05 13:48:27,820][absl][INFO] - Finished async_save (blocking + background). Time taken: 0.130203s. directory=/gpfs/home5/sfris1/two-towers-confounding-project/results/deep_separated/data=Custom_dataset_deep,docs_per_group=10,experiment=deep_separated,logging_policy_ranker=ordered,logging_policy_sampler=e_greedy,num_queries=10,policy_temperature=1.0,relevance=deep,relevance_tower=deeper,s_doc=0.3/checkpoint
[2025-11-05 13:48:27,821][absl][INFO] - [process=0][thread=async_save] Background save thread done. Time taken: 0.047362s.
[2025-11-05 13:48:27,821][absl][INFO] - [process=0][thread=MainThread] Done with waiting for background save thread=async_save.
[2025-11-05 13:48:27,821][absl][INFO] - [process=0][thread=MainThread] No errors found in background save thread=async_save.
