[2025-10-31 17:08:11,866][jax._src.xla_bridge][INFO] - Unable to initialize backend 'tpu': INTERNAL: Failed to open libtpu.so: libtpu.so: cannot open shared object file: No such file or directory
[2025-10-31 17:08:13,765][jax._src.xla_bridge][INFO] - Unable to initialize backend 'tpu': INTERNAL: Failed to open libtpu.so: libtpu.so: cannot open shared object file: No such file or directory
[2025-10-31 17:08:14,676][jax._src.xla_bridge][INFO] - Unable to initialize backend 'tpu': INTERNAL: Failed to open libtpu.so: libtpu.so: cannot open shared object file: No such file or directory
[2025-10-31 17:08:20,020][jax._src.xla_bridge][INFO] - Unable to initialize backend 'tpu': INTERNAL: Failed to open libtpu.so: libtpu.so: cannot open shared object file: No such file or directory
[2025-10-31 17:08:20,338][jax._src.xla_bridge][INFO] - Unable to initialize backend 'tpu': INTERNAL: Failed to open libtpu.so: libtpu.so: cannot open shared object file: No such file or directory
[2025-10-31 17:08:21,325][jax._src.xla_bridge][INFO] - Unable to initialize backend 'tpu': INTERNAL: Failed to open libtpu.so: libtpu.so: cannot open shared object file: No such file or directory
[2025-10-31 17:08:22,289][absl][INFO] - orbax-checkpoint version: 0.11.25
[2025-10-31 17:08:22,292][absl][INFO] - Created BasePyTreeCheckpointHandler: use_ocdbt=True, use_zarr3=False, pytree_metadata_options=PyTreeMetadataOptions(support_rich_types=False), array_metadata_store=<orbax.checkpoint._src.metadata.array_metadata_store.Store object at 0x153af13ecb50>, enable_pinned_host_transfer=True, save_concurrent_bytes: 96000000000 (89.4 GiB), restore_concurrent_bytes: 96000000000 (89.4 GiB)
[2025-10-31 17:08:22,292][absl][INFO] - [thread=MainThread] Failed to get flag value for EXPERIMENTAL_ORBAX_USE_DISTRIBUTED_PROCESS_ID.
[2025-10-31 17:08:22,293][absl][INFO] - [process=0][thread=MainThread] Using barrier_sync_fn: <function get_barrier_sync_fn.<locals>.<lambda> at 0x153ac69b5da0> timeout: 600 secs and primary_host=0 for async checkpoint writes
[2025-10-31 17:08:22,297][absl][INFO] - Restoring checkpoint from /gpfs/home5/sfris1/two-towers-confounding-project/results/deep_target_label_ranked/data=Custom_dataset_deep,docs_per_group=10,experiment=deep_target_label_ranked,logging_policy_ranker=ordered,logging_policy_sampler=e_greedy,num_queries=1,policy_strength=1,policy_temperature=1.0,random_state=2021,relevance=deep,relevance_tower=deep/checkpoint.
[2025-10-31 17:08:22,334][absl][INFO] - [process=0] /jax/checkpoint/read/gbytes_per_sec: 0 Bytes/s (total gbytes: 4.7 KiB) (time elapsed: 34 milliseconds) (per-host)
[2025-10-31 17:08:22,334][absl][INFO] - Finished restoring checkpoint in 0.04 seconds from /gpfs/home5/sfris1/two-towers-confounding-project/results/deep_target_label_ranked/data=Custom_dataset_deep,docs_per_group=10,experiment=deep_target_label_ranked,logging_policy_ranker=ordered,logging_policy_sampler=e_greedy,num_queries=1,policy_strength=1,policy_temperature=1.0,random_state=2021,relevance=deep,relevance_tower=deep/checkpoint.
[2025-10-31 17:08:22,759][jax._src.xla_bridge][INFO] - Unable to initialize backend 'tpu': INTERNAL: Failed to open libtpu.so: libtpu.so: cannot open shared object file: No such file or directory
[2025-10-31 17:08:24,928][absl][INFO] - orbax-checkpoint version: 0.11.25
[2025-10-31 17:08:24,929][absl][INFO] - Created BasePyTreeCheckpointHandler: use_ocdbt=True, use_zarr3=False, pytree_metadata_options=PyTreeMetadataOptions(support_rich_types=False), array_metadata_store=<orbax.checkpoint._src.metadata.array_metadata_store.Store object at 0x14d9ded0a810>, enable_pinned_host_transfer=True, save_concurrent_bytes: 96000000000 (89.4 GiB), restore_concurrent_bytes: 96000000000 (89.4 GiB)
[2025-10-31 17:08:24,930][absl][INFO] - [thread=MainThread] Failed to get flag value for EXPERIMENTAL_ORBAX_USE_DISTRIBUTED_PROCESS_ID.
[2025-10-31 17:08:24,930][absl][INFO] - [process=0][thread=MainThread] Using barrier_sync_fn: <function get_barrier_sync_fn.<locals>.<lambda> at 0x14d9b168da80> timeout: 600 secs and primary_host=0 for async checkpoint writes
[2025-10-31 17:08:24,934][absl][INFO] - Restoring checkpoint from /gpfs/home5/sfris1/two-towers-confounding-project/results/deep_target_label_ranked/data=Custom_dataset_deep,docs_per_group=10,experiment=deep_target_label_ranked,logging_policy_ranker=ordered,logging_policy_sampler=e_greedy,num_queries=1,policy_strength=1,policy_temperature=1.0,random_state=2021,relevance=deep,relevance_tower=deep/checkpoint.
[2025-10-31 17:08:24,966][absl][INFO] - [process=0] /jax/checkpoint/read/gbytes_per_sec: 0 Bytes/s (total gbytes: 4.7 KiB) (time elapsed: 30 milliseconds) (per-host)
[2025-10-31 17:08:24,966][absl][INFO] - Finished restoring checkpoint in 0.03 seconds from /gpfs/home5/sfris1/two-towers-confounding-project/results/deep_target_label_ranked/data=Custom_dataset_deep,docs_per_group=10,experiment=deep_target_label_ranked,logging_policy_ranker=ordered,logging_policy_sampler=e_greedy,num_queries=1,policy_strength=1,policy_temperature=1.0,random_state=2021,relevance=deep,relevance_tower=deep/checkpoint.
[2025-10-31 17:08:25,669][jax._src.xla_bridge][INFO] - Unable to initialize backend 'tpu': INTERNAL: Failed to open libtpu.so: libtpu.so: cannot open shared object file: No such file or directory
[2025-10-31 17:08:25,912][jax._src.xla_bridge][INFO] - Unable to initialize backend 'tpu': INTERNAL: Failed to open libtpu.so: libtpu.so: cannot open shared object file: No such file or directory
[2025-10-31 17:08:26,100][absl][INFO] - orbax-checkpoint version: 0.11.25
[2025-10-31 17:08:26,103][absl][INFO] - Created BasePyTreeCheckpointHandler: use_ocdbt=True, use_zarr3=False, pytree_metadata_options=PyTreeMetadataOptions(support_rich_types=False), array_metadata_store=<orbax.checkpoint._src.metadata.array_metadata_store.Store object at 0x14e8a11f4dd0>, enable_pinned_host_transfer=True, save_concurrent_bytes: 96000000000 (89.4 GiB), restore_concurrent_bytes: 96000000000 (89.4 GiB)
[2025-10-31 17:08:26,103][absl][INFO] - [thread=MainThread] Failed to get flag value for EXPERIMENTAL_ORBAX_USE_DISTRIBUTED_PROCESS_ID.
[2025-10-31 17:08:26,103][absl][INFO] - [process=0][thread=MainThread] Using barrier_sync_fn: <function get_barrier_sync_fn.<locals>.<lambda> at 0x14e8001b68e0> timeout: 600 secs and primary_host=0 for async checkpoint writes
[2025-10-31 17:08:26,107][absl][INFO] - Restoring checkpoint from /gpfs/home5/sfris1/two-towers-confounding-project/results/deep_target_label_ranked/data=Custom_dataset_deep,docs_per_group=10,experiment=deep_target_label_ranked,logging_policy_ranker=ordered,logging_policy_sampler=e_greedy,num_queries=1,policy_strength=1,policy_temperature=1.0,random_state=2021,relevance=deep,relevance_tower=deep/checkpoint.
[2025-10-31 17:08:26,134][absl][INFO] - [process=0] /jax/checkpoint/read/gbytes_per_sec: 0 Bytes/s (total gbytes: 4.7 KiB) (time elapsed: 26 milliseconds) (per-host)
[2025-10-31 17:08:26,135][absl][INFO] - Finished restoring checkpoint in 0.03 seconds from /gpfs/home5/sfris1/two-towers-confounding-project/results/deep_target_label_ranked/data=Custom_dataset_deep,docs_per_group=10,experiment=deep_target_label_ranked,logging_policy_ranker=ordered,logging_policy_sampler=e_greedy,num_queries=1,policy_strength=1,policy_temperature=1.0,random_state=2021,relevance=deep,relevance_tower=deep/checkpoint.
[2025-10-31 17:08:29,487][jax._src.xla_bridge][INFO] - Unable to initialize backend 'tpu': INTERNAL: Failed to open libtpu.so: libtpu.so: cannot open shared object file: No such file or directory
[2025-10-31 17:08:30,542][absl][INFO] - orbax-checkpoint version: 0.11.25
[2025-10-31 17:08:30,545][absl][INFO] - Created BasePyTreeCheckpointHandler: use_ocdbt=True, use_zarr3=False, pytree_metadata_options=PyTreeMetadataOptions(support_rich_types=False), array_metadata_store=<orbax.checkpoint._src.metadata.array_metadata_store.Store object at 0x14b7f0ebe210>, enable_pinned_host_transfer=True, save_concurrent_bytes: 96000000000 (89.4 GiB), restore_concurrent_bytes: 96000000000 (89.4 GiB)
[2025-10-31 17:08:30,546][absl][INFO] - [thread=MainThread] Failed to get flag value for EXPERIMENTAL_ORBAX_USE_DISTRIBUTED_PROCESS_ID.
[2025-10-31 17:08:30,546][absl][INFO] - [process=0][thread=MainThread] Using barrier_sync_fn: <function get_barrier_sync_fn.<locals>.<lambda> at 0x14b7b3a6aac0> timeout: 600 secs and primary_host=0 for async checkpoint writes
[2025-10-31 17:08:30,550][absl][INFO] - Restoring checkpoint from /gpfs/home5/sfris1/two-towers-confounding-project/results/deep_target_label_ranked/data=Custom_dataset_deep,docs_per_group=10,experiment=deep_target_label_ranked,logging_policy_ranker=ordered,logging_policy_sampler=e_greedy,num_queries=1,policy_strength=1,policy_temperature=1.0,random_state=2021,relevance=deep,relevance_tower=deep/checkpoint.
[2025-10-31 17:08:30,591][absl][INFO] - [process=0] /jax/checkpoint/read/gbytes_per_sec: 0 Bytes/s (total gbytes: 4.7 KiB) (time elapsed: 39 milliseconds) (per-host)
[2025-10-31 17:08:30,591][absl][INFO] - Finished restoring checkpoint in 0.04 seconds from /gpfs/home5/sfris1/two-towers-confounding-project/results/deep_target_label_ranked/data=Custom_dataset_deep,docs_per_group=10,experiment=deep_target_label_ranked,logging_policy_ranker=ordered,logging_policy_sampler=e_greedy,num_queries=1,policy_strength=1,policy_temperature=1.0,random_state=2021,relevance=deep,relevance_tower=deep/checkpoint.
[2025-10-31 17:08:30,754][absl][INFO] - orbax-checkpoint version: 0.11.25
[2025-10-31 17:08:30,757][absl][INFO] - Created BasePyTreeCheckpointHandler: use_ocdbt=True, use_zarr3=False, pytree_metadata_options=PyTreeMetadataOptions(support_rich_types=False), array_metadata_store=<orbax.checkpoint._src.metadata.array_metadata_store.Store object at 0x150069891a90>, enable_pinned_host_transfer=True, save_concurrent_bytes: 96000000000 (89.4 GiB), restore_concurrent_bytes: 96000000000 (89.4 GiB)
[2025-10-31 17:08:30,757][absl][INFO] - [thread=MainThread] Failed to get flag value for EXPERIMENTAL_ORBAX_USE_DISTRIBUTED_PROCESS_ID.
[2025-10-31 17:08:30,758][absl][INFO] - [process=0][thread=MainThread] Using barrier_sync_fn: <function get_barrier_sync_fn.<locals>.<lambda> at 0x15003c00a340> timeout: 600 secs and primary_host=0 for async checkpoint writes
[2025-10-31 17:08:30,761][absl][INFO] - Restoring checkpoint from /gpfs/home5/sfris1/two-towers-confounding-project/results/deep_target_label_ranked/data=Custom_dataset_deep,docs_per_group=10,experiment=deep_target_label_ranked,logging_policy_ranker=ordered,logging_policy_sampler=e_greedy,num_queries=1,policy_strength=1,policy_temperature=1.0,random_state=2021,relevance=deep,relevance_tower=deep/checkpoint.
[2025-10-31 17:08:30,788][absl][INFO] - [process=0] /jax/checkpoint/read/gbytes_per_sec: 0 Bytes/s (total gbytes: 4.7 KiB) (time elapsed: 26 milliseconds) (per-host)
[2025-10-31 17:08:30,789][absl][INFO] - Finished restoring checkpoint in 0.03 seconds from /gpfs/home5/sfris1/two-towers-confounding-project/results/deep_target_label_ranked/data=Custom_dataset_deep,docs_per_group=10,experiment=deep_target_label_ranked,logging_policy_ranker=ordered,logging_policy_sampler=e_greedy,num_queries=1,policy_strength=1,policy_temperature=1.0,random_state=2021,relevance=deep,relevance_tower=deep/checkpoint.
[2025-10-31 17:08:31,659][absl][INFO] - orbax-checkpoint version: 0.11.25
[2025-10-31 17:08:31,663][absl][INFO] - Created BasePyTreeCheckpointHandler: use_ocdbt=True, use_zarr3=False, pytree_metadata_options=PyTreeMetadataOptions(support_rich_types=False), array_metadata_store=<orbax.checkpoint._src.metadata.array_metadata_store.Store object at 0x1485cc9c2310>, enable_pinned_host_transfer=True, save_concurrent_bytes: 96000000000 (89.4 GiB), restore_concurrent_bytes: 96000000000 (89.4 GiB)
[2025-10-31 17:08:31,663][absl][INFO] - [thread=MainThread] Failed to get flag value for EXPERIMENTAL_ORBAX_USE_DISTRIBUTED_PROCESS_ID.
[2025-10-31 17:08:31,664][absl][INFO] - [process=0][thread=MainThread] Using barrier_sync_fn: <function get_barrier_sync_fn.<locals>.<lambda> at 0x1485a00c51c0> timeout: 600 secs and primary_host=0 for async checkpoint writes
[2025-10-31 17:08:31,667][absl][INFO] - Restoring checkpoint from /gpfs/home5/sfris1/two-towers-confounding-project/results/deep_target_label_ranked/data=Custom_dataset_deep,docs_per_group=10,experiment=deep_target_label_ranked,logging_policy_ranker=ordered,logging_policy_sampler=e_greedy,num_queries=1,policy_strength=1,policy_temperature=1.0,random_state=2021,relevance=deep,relevance_tower=deep/checkpoint.
[2025-10-31 17:08:31,691][absl][INFO] - [process=0] /jax/checkpoint/read/gbytes_per_sec: 0 Bytes/s (total gbytes: 4.7 KiB) (time elapsed: 22 milliseconds) (per-host)
[2025-10-31 17:08:31,692][absl][INFO] - Finished restoring checkpoint in 0.03 seconds from /gpfs/home5/sfris1/two-towers-confounding-project/results/deep_target_label_ranked/data=Custom_dataset_deep,docs_per_group=10,experiment=deep_target_label_ranked,logging_policy_ranker=ordered,logging_policy_sampler=e_greedy,num_queries=1,policy_strength=1,policy_temperature=1.0,random_state=2021,relevance=deep,relevance_tower=deep/checkpoint.
[2025-10-31 17:08:33,211][absl][INFO] - orbax-checkpoint version: 0.11.25
[2025-10-31 17:08:33,214][absl][INFO] - Created BasePyTreeCheckpointHandler: use_ocdbt=True, use_zarr3=False, pytree_metadata_options=PyTreeMetadataOptions(support_rich_types=False), array_metadata_store=<orbax.checkpoint._src.metadata.array_metadata_store.Store object at 0x15238fcbdb50>, enable_pinned_host_transfer=True, save_concurrent_bytes: 96000000000 (89.4 GiB), restore_concurrent_bytes: 96000000000 (89.4 GiB)
[2025-10-31 17:08:33,214][absl][INFO] - [thread=MainThread] Failed to get flag value for EXPERIMENTAL_ORBAX_USE_DISTRIBUTED_PROCESS_ID.
[2025-10-31 17:08:33,214][absl][INFO] - [process=0][thread=MainThread] Using barrier_sync_fn: <function get_barrier_sync_fn.<locals>.<lambda> at 0x1522f015a840> timeout: 600 secs and primary_host=0 for async checkpoint writes
[2025-10-31 17:08:33,218][absl][INFO] - Restoring checkpoint from /gpfs/home5/sfris1/two-towers-confounding-project/results/deep_target_label_ranked/data=Custom_dataset_deep,docs_per_group=10,experiment=deep_target_label_ranked,logging_policy_ranker=ordered,logging_policy_sampler=e_greedy,num_queries=1,policy_strength=1,policy_temperature=1.0,random_state=2021,relevance=deep,relevance_tower=deep/checkpoint.
[2025-10-31 17:08:33,242][absl][INFO] - [process=0] /jax/checkpoint/read/gbytes_per_sec: 0 Bytes/s (total gbytes: 4.7 KiB) (time elapsed: 22 milliseconds) (per-host)
[2025-10-31 17:08:33,242][absl][INFO] - Finished restoring checkpoint in 0.03 seconds from /gpfs/home5/sfris1/two-towers-confounding-project/results/deep_target_label_ranked/data=Custom_dataset_deep,docs_per_group=10,experiment=deep_target_label_ranked,logging_policy_ranker=ordered,logging_policy_sampler=e_greedy,num_queries=1,policy_strength=1,policy_temperature=1.0,random_state=2021,relevance=deep,relevance_tower=deep/checkpoint.
[2025-10-31 17:08:34,080][jax._src.xla_bridge][INFO] - Unable to initialize backend 'tpu': INTERNAL: Failed to open libtpu.so: libtpu.so: cannot open shared object file: No such file or directory
[2025-10-31 17:08:36,304][absl][INFO] - orbax-checkpoint version: 0.11.25
[2025-10-31 17:08:36,308][absl][INFO] - Created BasePyTreeCheckpointHandler: use_ocdbt=True, use_zarr3=False, pytree_metadata_options=PyTreeMetadataOptions(support_rich_types=False), array_metadata_store=<orbax.checkpoint._src.metadata.array_metadata_store.Store object at 0x154b421698d0>, enable_pinned_host_transfer=True, save_concurrent_bytes: 96000000000 (89.4 GiB), restore_concurrent_bytes: 96000000000 (89.4 GiB)
[2025-10-31 17:08:36,309][absl][INFO] - [thread=MainThread] Failed to get flag value for EXPERIMENTAL_ORBAX_USE_DISTRIBUTED_PROCESS_ID.
[2025-10-31 17:08:36,309][absl][INFO] - [process=0][thread=MainThread] Using barrier_sync_fn: <function get_barrier_sync_fn.<locals>.<lambda> at 0x154b1751f6a0> timeout: 600 secs and primary_host=0 for async checkpoint writes
[2025-10-31 17:08:36,312][absl][INFO] - Restoring checkpoint from /gpfs/home5/sfris1/two-towers-confounding-project/results/deep_target_label_ranked/data=Custom_dataset_deep,docs_per_group=10,experiment=deep_target_label_ranked,logging_policy_ranker=ordered,logging_policy_sampler=e_greedy,num_queries=1,policy_strength=1,policy_temperature=1.0,random_state=2021,relevance=deep,relevance_tower=deep/checkpoint.
[2025-10-31 17:08:36,343][absl][INFO] - [process=0] /jax/checkpoint/read/gbytes_per_sec: 0 Bytes/s (total gbytes: 4.7 KiB) (time elapsed: 29 milliseconds) (per-host)
[2025-10-31 17:08:36,343][absl][INFO] - Finished restoring checkpoint in 0.03 seconds from /gpfs/home5/sfris1/two-towers-confounding-project/results/deep_target_label_ranked/data=Custom_dataset_deep,docs_per_group=10,experiment=deep_target_label_ranked,logging_policy_ranker=ordered,logging_policy_sampler=e_greedy,num_queries=1,policy_strength=1,policy_temperature=1.0,random_state=2021,relevance=deep,relevance_tower=deep/checkpoint.
[2025-10-31 17:08:36,497][absl][INFO] - orbax-checkpoint version: 0.11.25
[2025-10-31 17:08:36,497][absl][INFO] - Created BasePyTreeCheckpointHandler: use_ocdbt=True, use_zarr3=False, pytree_metadata_options=PyTreeMetadataOptions(support_rich_types=False), array_metadata_store=<orbax.checkpoint._src.metadata.array_metadata_store.Store object at 0x145ecad5f750>, enable_pinned_host_transfer=True, save_concurrent_bytes: 96000000000 (89.4 GiB), restore_concurrent_bytes: 96000000000 (89.4 GiB)
[2025-10-31 17:08:36,497][absl][INFO] - [thread=MainThread] Failed to get flag value for EXPERIMENTAL_ORBAX_USE_DISTRIBUTED_PROCESS_ID.
[2025-10-31 17:08:36,498][absl][INFO] - [process=0][thread=MainThread] Using barrier_sync_fn: <function get_barrier_sync_fn.<locals>.<lambda> at 0x145e8d8a1c60> timeout: 600 secs and primary_host=0 for async checkpoint writes
[2025-10-31 17:08:36,501][absl][INFO] - Restoring checkpoint from /gpfs/home5/sfris1/two-towers-confounding-project/results/deep_target_label_ranked/data=Custom_dataset_deep,docs_per_group=10,experiment=deep_target_label_ranked,logging_policy_ranker=ordered,logging_policy_sampler=e_greedy,num_queries=1,policy_strength=1,policy_temperature=1.0,random_state=2021,relevance=deep,relevance_tower=deep/checkpoint.
[2025-10-31 17:08:36,522][absl][INFO] - [process=0] /jax/checkpoint/read/gbytes_per_sec: 0 Bytes/s (total gbytes: 4.7 KiB) (time elapsed: 20 milliseconds) (per-host)
[2025-10-31 17:08:36,523][absl][INFO] - Finished restoring checkpoint in 0.02 seconds from /gpfs/home5/sfris1/two-towers-confounding-project/results/deep_target_label_ranked/data=Custom_dataset_deep,docs_per_group=10,experiment=deep_target_label_ranked,logging_policy_ranker=ordered,logging_policy_sampler=e_greedy,num_queries=1,policy_strength=1,policy_temperature=1.0,random_state=2021,relevance=deep,relevance_tower=deep/checkpoint.
[2025-10-31 17:08:39,922][absl][INFO] - orbax-checkpoint version: 0.11.25
[2025-10-31 17:08:39,925][absl][INFO] - Created BasePyTreeCheckpointHandler: use_ocdbt=True, use_zarr3=False, pytree_metadata_options=PyTreeMetadataOptions(support_rich_types=False), array_metadata_store=<orbax.checkpoint._src.metadata.array_metadata_store.Store object at 0x1552ad508b50>, enable_pinned_host_transfer=True, save_concurrent_bytes: 96000000000 (89.4 GiB), restore_concurrent_bytes: 96000000000 (89.4 GiB)
[2025-10-31 17:08:39,925][absl][INFO] - [thread=MainThread] Failed to get flag value for EXPERIMENTAL_ORBAX_USE_DISTRIBUTED_PROCESS_ID.
[2025-10-31 17:08:39,925][absl][INFO] - [process=0][thread=MainThread] Using barrier_sync_fn: <function get_barrier_sync_fn.<locals>.<lambda> at 0x155272f36980> timeout: 600 secs and primary_host=0 for async checkpoint writes
[2025-10-31 17:08:39,929][absl][INFO] - Restoring checkpoint from /gpfs/home5/sfris1/two-towers-confounding-project/results/deep_target_label_ranked/data=Custom_dataset_deep,docs_per_group=10,experiment=deep_target_label_ranked,logging_policy_ranker=ordered,logging_policy_sampler=e_greedy,num_queries=1,policy_strength=1,policy_temperature=1.0,random_state=2021,relevance=deep,relevance_tower=deep/checkpoint.
[2025-10-31 17:08:39,952][absl][INFO] - [process=0] /jax/checkpoint/read/gbytes_per_sec: 0 Bytes/s (total gbytes: 4.7 KiB) (time elapsed: 22 milliseconds) (per-host)
[2025-10-31 17:08:39,953][absl][INFO] - Finished restoring checkpoint in 0.03 seconds from /gpfs/home5/sfris1/two-towers-confounding-project/results/deep_target_label_ranked/data=Custom_dataset_deep,docs_per_group=10,experiment=deep_target_label_ranked,logging_policy_ranker=ordered,logging_policy_sampler=e_greedy,num_queries=1,policy_strength=1,policy_temperature=1.0,random_state=2021,relevance=deep,relevance_tower=deep/checkpoint.
[2025-10-31 17:08:44,982][absl][INFO] - orbax-checkpoint version: 0.11.25
[2025-10-31 17:08:44,988][absl][INFO] - Created BasePyTreeCheckpointHandler: use_ocdbt=True, use_zarr3=False, pytree_metadata_options=PyTreeMetadataOptions(support_rich_types=False), array_metadata_store=<orbax.checkpoint._src.metadata.array_metadata_store.Store object at 0x14edb2675010>, enable_pinned_host_transfer=True, save_concurrent_bytes: 96000000000 (89.4 GiB), restore_concurrent_bytes: 96000000000 (89.4 GiB)
[2025-10-31 17:08:44,988][absl][INFO] - [thread=MainThread] Failed to get flag value for EXPERIMENTAL_ORBAX_USE_DISTRIBUTED_PROCESS_ID.
[2025-10-31 17:08:44,989][absl][INFO] - [process=0][thread=MainThread] Using barrier_sync_fn: <function get_barrier_sync_fn.<locals>.<lambda> at 0x14ed87e88540> timeout: 600 secs and primary_host=0 for async checkpoint writes
[2025-10-31 17:08:44,993][absl][INFO] - Restoring checkpoint from /gpfs/home5/sfris1/two-towers-confounding-project/results/deep_target_label_ranked/data=Custom_dataset_deep,docs_per_group=10,experiment=deep_target_label_ranked,logging_policy_ranker=ordered,logging_policy_sampler=e_greedy,num_queries=1,policy_strength=1,policy_temperature=1.0,random_state=2021,relevance=deep,relevance_tower=deep/checkpoint.
[2025-10-31 17:08:45,034][absl][INFO] - [process=0] /jax/checkpoint/read/gbytes_per_sec: 0 Bytes/s (total gbytes: 4.7 KiB) (time elapsed: 38 milliseconds) (per-host)
[2025-10-31 17:08:45,034][absl][INFO] - Finished restoring checkpoint in 0.04 seconds from /gpfs/home5/sfris1/two-towers-confounding-project/results/deep_target_label_ranked/data=Custom_dataset_deep,docs_per_group=10,experiment=deep_target_label_ranked,logging_policy_ranker=ordered,logging_policy_sampler=e_greedy,num_queries=1,policy_strength=1,policy_temperature=1.0,random_state=2021,relevance=deep,relevance_tower=deep/checkpoint.
[2025-10-31 17:09:15,742][jax._src.xla_bridge][INFO] - Unable to initialize backend 'tpu': INTERNAL: Failed to open libtpu.so: libtpu.so: cannot open shared object file: No such file or directory
[2025-10-31 17:09:17,666][jax._src.xla_bridge][INFO] - Unable to initialize backend 'tpu': INTERNAL: Failed to open libtpu.so: libtpu.so: cannot open shared object file: No such file or directory
[2025-10-31 17:09:26,099][absl][INFO] - orbax-checkpoint version: 0.11.25
[2025-10-31 17:09:26,101][absl][INFO] - Created BasePyTreeCheckpointHandler: use_ocdbt=True, use_zarr3=False, pytree_metadata_options=PyTreeMetadataOptions(support_rich_types=False), array_metadata_store=<orbax.checkpoint._src.metadata.array_metadata_store.Store object at 0x14953a1f9c90>, enable_pinned_host_transfer=True, save_concurrent_bytes: 96000000000 (89.4 GiB), restore_concurrent_bytes: 96000000000 (89.4 GiB)
[2025-10-31 17:09:26,102][absl][INFO] - [thread=MainThread] Failed to get flag value for EXPERIMENTAL_ORBAX_USE_DISTRIBUTED_PROCESS_ID.
[2025-10-31 17:09:26,102][absl][INFO] - [process=0][thread=MainThread] Using barrier_sync_fn: <function get_barrier_sync_fn.<locals>.<lambda> at 0x14949810bb00> timeout: 600 secs and primary_host=0 for async checkpoint writes
[2025-10-31 17:09:26,105][absl][INFO] - Restoring checkpoint from /gpfs/home5/sfris1/two-towers-confounding-project/results/deep_target_label_ranked/data=Custom_dataset_deep,docs_per_group=10,experiment=deep_target_label_ranked,logging_policy_ranker=ordered,logging_policy_sampler=e_greedy,num_queries=1,policy_strength=1,policy_temperature=1.0,random_state=2021,relevance=deep,relevance_tower=deep/checkpoint.
[2025-10-31 17:09:26,131][absl][INFO] - [process=0] /jax/checkpoint/read/gbytes_per_sec: 0 Bytes/s (total gbytes: 4.7 KiB) (time elapsed: 23 milliseconds) (per-host)
[2025-10-31 17:09:26,131][absl][INFO] - Finished restoring checkpoint in 0.03 seconds from /gpfs/home5/sfris1/two-towers-confounding-project/results/deep_target_label_ranked/data=Custom_dataset_deep,docs_per_group=10,experiment=deep_target_label_ranked,logging_policy_ranker=ordered,logging_policy_sampler=e_greedy,num_queries=1,policy_strength=1,policy_temperature=1.0,random_state=2021,relevance=deep,relevance_tower=deep/checkpoint.
[2025-10-31 17:09:38,208][jax._src.xla_bridge][INFO] - Unable to initialize backend 'tpu': INTERNAL: Failed to open libtpu.so: libtpu.so: cannot open shared object file: No such file or directory
[2025-10-31 17:09:41,581][absl][INFO] - orbax-checkpoint version: 0.11.25
[2025-10-31 17:09:41,584][absl][INFO] - Created BasePyTreeCheckpointHandler: use_ocdbt=True, use_zarr3=False, pytree_metadata_options=PyTreeMetadataOptions(support_rich_types=False), array_metadata_store=<orbax.checkpoint._src.metadata.array_metadata_store.Store object at 0x14af8c04b690>, enable_pinned_host_transfer=True, save_concurrent_bytes: 96000000000 (89.4 GiB), restore_concurrent_bytes: 96000000000 (89.4 GiB)
[2025-10-31 17:09:41,584][absl][INFO] - [thread=MainThread] Failed to get flag value for EXPERIMENTAL_ORBAX_USE_DISTRIBUTED_PROCESS_ID.
[2025-10-31 17:09:41,585][absl][INFO] - [process=0][thread=MainThread] Using barrier_sync_fn: <function get_barrier_sync_fn.<locals>.<lambda> at 0x14af5e9db600> timeout: 600 secs and primary_host=0 for async checkpoint writes
[2025-10-31 17:09:41,588][absl][INFO] - Restoring checkpoint from /gpfs/home5/sfris1/two-towers-confounding-project/results/deep_target_label_ranked/data=Custom_dataset_deep,docs_per_group=10,experiment=deep_target_label_ranked,logging_policy_ranker=ordered,logging_policy_sampler=e_greedy,num_queries=1,policy_strength=1,policy_temperature=1.0,random_state=2021,relevance=deep,relevance_tower=deep/checkpoint.
[2025-10-31 17:09:41,626][absl][INFO] - [process=0] /jax/checkpoint/read/gbytes_per_sec: 0 Bytes/s (total gbytes: 4.7 KiB) (time elapsed: 36 milliseconds) (per-host)
[2025-10-31 17:09:41,626][absl][INFO] - Finished restoring checkpoint in 0.04 seconds from /gpfs/home5/sfris1/two-towers-confounding-project/results/deep_target_label_ranked/data=Custom_dataset_deep,docs_per_group=10,experiment=deep_target_label_ranked,logging_policy_ranker=ordered,logging_policy_sampler=e_greedy,num_queries=1,policy_strength=1,policy_temperature=1.0,random_state=2021,relevance=deep,relevance_tower=deep/checkpoint.
[2025-10-31 17:09:48,570][absl][INFO] - orbax-checkpoint version: 0.11.25
[2025-10-31 17:09:48,573][absl][INFO] - Created BasePyTreeCheckpointHandler: use_ocdbt=True, use_zarr3=False, pytree_metadata_options=PyTreeMetadataOptions(support_rich_types=False), array_metadata_store=<orbax.checkpoint._src.metadata.array_metadata_store.Store object at 0x152d0a1e4c10>, enable_pinned_host_transfer=True, save_concurrent_bytes: 96000000000 (89.4 GiB), restore_concurrent_bytes: 96000000000 (89.4 GiB)
[2025-10-31 17:09:48,573][absl][INFO] - [thread=MainThread] Failed to get flag value for EXPERIMENTAL_ORBAX_USE_DISTRIBUTED_PROCESS_ID.
[2025-10-31 17:09:48,573][absl][INFO] - [process=0][thread=MainThread] Using barrier_sync_fn: <function get_barrier_sync_fn.<locals>.<lambda> at 0x152ce0519120> timeout: 600 secs and primary_host=0 for async checkpoint writes
[2025-10-31 17:09:48,576][absl][INFO] - Restoring checkpoint from /gpfs/home5/sfris1/two-towers-confounding-project/results/deep_target_label_ranked/data=Custom_dataset_deep,docs_per_group=10,experiment=deep_target_label_ranked,logging_policy_ranker=ordered,logging_policy_sampler=e_greedy,num_queries=1,policy_strength=1,policy_temperature=1.0,random_state=2021,relevance=deep,relevance_tower=deep/checkpoint.
[2025-10-31 17:09:48,600][absl][INFO] - [process=0] /jax/checkpoint/read/gbytes_per_sec: 0 Bytes/s (total gbytes: 4.7 KiB) (time elapsed: 22 milliseconds) (per-host)
[2025-10-31 17:09:48,601][absl][INFO] - Finished restoring checkpoint in 0.03 seconds from /gpfs/home5/sfris1/two-towers-confounding-project/results/deep_target_label_ranked/data=Custom_dataset_deep,docs_per_group=10,experiment=deep_target_label_ranked,logging_policy_ranker=ordered,logging_policy_sampler=e_greedy,num_queries=1,policy_strength=1,policy_temperature=1.0,random_state=2021,relevance=deep,relevance_tower=deep/checkpoint.
