[2025-11-01 16:34:50,635][jax._src.xla_bridge][INFO] - Unable to initialize backend 'tpu': INTERNAL: Failed to open libtpu.so: libtpu.so: cannot open shared object file: No such file or directory
[2025-11-01 16:36:05,427][absl][INFO] - orbax-checkpoint version: 0.11.25
[2025-11-01 16:36:05,427][absl][INFO] - Created BasePyTreeCheckpointHandler: use_ocdbt=True, use_zarr3=False, pytree_metadata_options=PyTreeMetadataOptions(support_rich_types=False), array_metadata_store=<orbax.checkpoint._src.metadata.array_metadata_store.Store object at 0x14b8281a4150>, enable_pinned_host_transfer=True, save_concurrent_bytes: 96000000000 (89.4 GiB), restore_concurrent_bytes: 96000000000 (89.4 GiB)
[2025-11-01 16:36:05,428][absl][INFO] - [thread=MainThread] Failed to get flag value for EXPERIMENTAL_ORBAX_USE_DISTRIBUTED_PROCESS_ID.
[2025-11-01 16:36:05,428][absl][INFO] - [process=0][thread=MainThread] Using barrier_sync_fn: <function get_barrier_sync_fn.<locals>.<lambda> at 0x14b6e1f1f7e0> timeout: 600 secs and primary_host=0 for async checkpoint writes
[2025-11-01 16:36:05,429][absl][INFO] - [process=0] Started async saving checkpoint to /gpfs/home5/sfris1/two-towers-confounding-project/results/deep_separated/data=Custom_dataset_deep,docs_per_group=10,experiment=deep_separated,logging_policy_ranker=ordered,logging_policy_sampler=e_greedy,num_queries=20,policy_temperature=1.0,relevance=deep,relevance_tower=deeper,s_doc=-0.2/checkpoint.
[2025-11-01 16:36:05,430][absl][INFO] - [process=0] Specified `force`: removing existing directory.
[2025-11-01 16:36:05,430][absl][INFO] - Using ThreadSafeKeyValueSignalingClient
[2025-11-01 16:36:05,434][absl][INFO] - Transferring arrays to host memory with options: use_replica_parallel=True, min_slice_bytes_for_replica_parallel=None, max_replicas_for_replica_parallel=None, enable_pinned_host_transfer=True
[2025-11-01 16:36:05,435][absl][INFO] - Creating tmp directory /gpfs/home5/sfris1/two-towers-confounding-project/results/deep_separated/data=Custom_dataset_deep,docs_per_group=10,experiment=deep_separated,logging_policy_ranker=ordered,logging_policy_sampler=e_greedy,num_queries=20,policy_temperature=1.0,relevance=deep,relevance_tower=deeper,s_doc=-0.2/checkpoint.orbax-checkpoint-tmp
[2025-11-01 16:36:05,440][absl][INFO] - Wrote Metadata={'item_handlers': None, 'metrics': {}, 'performance_metrics': {}, 'init_timestamp_nsecs': 1762011365437305483, 'commit_timestamp_nsecs': None, 'custom_metadata': {}}, json={"item_handlers": null, "metrics": {}, "performance_metrics": {}, "init_timestamp_nsecs": 1762011365437305483, "commit_timestamp_nsecs": null, "custom_metadata": {}} to /gpfs/home5/sfris1/two-towers-confounding-project/results/deep_separated/data=Custom_dataset_deep,docs_per_group=10,experiment=deep_separated,logging_policy_ranker=ordered,logging_policy_sampler=e_greedy,num_queries=20,policy_temperature=1.0,relevance=deep,relevance_tower=deeper,s_doc=-0.2/checkpoint.orbax-checkpoint-tmp/_CHECKPOINT_METADATA
[2025-11-01 16:36:05,442][absl][INFO] - [process=0][thread=MainThread] Initiated "orbax.checkpoint._src.serialization.type_handlers.ArrayHandler".serialize. Time taken: 0.007884s
[2025-11-01 16:36:05,457][absl][INFO] - [process=0] /jax/checkpoint/write/blocking_gbytes_per_sec: 0 Bytes/s (total gbytes: 260.0 KiB) (time elapsed: 26 milliseconds) (per-host)
[2025-11-01 16:36:05,459][absl][INFO] - [process=0][thread=MainThread] Initiated Pytree async_save. Time taken: 0.027750s (batch_requests_ready=0.001732s, total_serialization_initiated=0.016907s, others=0.009111s)
[2025-11-01 16:36:05,463][absl][INFO] - [process=0][thread=async_save] Background save thread started.
[2025-11-01 16:36:05,463][absl][INFO] - Finished blocking save. Time taken: 0.035225s. Continuing background save to /gpfs/home5/sfris1/two-towers-confounding-project/results/deep_separated/data=Custom_dataset_deep,docs_per_group=10,experiment=deep_separated,logging_policy_ranker=ordered,logging_policy_sampler=e_greedy,num_queries=20,policy_temperature=1.0,relevance=deep,relevance_tower=deeper,s_doc=-0.2/checkpoint.
[2025-11-01 16:36:05,465][absl][INFO] - [process=0][thread=array_type_handler] Wrote 13 array_metadata.ArrayMetadata to /gpfs/home5/sfris1/two-towers-confounding-project/results/deep_separated/data=Custom_dataset_deep,docs_per_group=10,experiment=deep_separated,logging_policy_ranker=ordered,logging_policy_sampler=e_greedy,num_queries=20,policy_temperature=1.0,relevance=deep,relevance_tower=deeper,s_doc=-0.2/checkpoint.orbax-checkpoint-tmp/array_metadatas/process_0
[2025-11-01 16:36:05,465][absl][INFO] - [process=0][thread=MainThread] Waiting for background save thread=async_save.
[2025-11-01 16:36:05,490][absl][INFO] - [process=0][thread=write_metadata_after_commits] Commit + Array metadata written. Time taken: 0.031511s (commit=0.029022s, array_metadata_write=0.002489s)
[2025-11-01 16:36:05,491][absl][INFO] - [process=0] /jax/checkpoint/write/gbytes_per_sec: 0 Bytes/s (total gbytes: 260.0 KiB) (time elapsed: 59 milliseconds) (per-host)
[2025-11-01 16:36:05,491][absl][INFO] - [process=0][thread=async_save] 2 Handler Commit operations completed. Time taken: 0.027398s.
[2025-11-01 16:36:05,492][absl][INFO] - Read Metadata={'item_handlers': None, 'metrics': {}, 'performance_metrics': {}, 'init_timestamp_nsecs': 1762011365437305483, 'commit_timestamp_nsecs': None, 'custom_metadata': {}} from /gpfs/home5/sfris1/two-towers-confounding-project/results/deep_separated/data=Custom_dataset_deep,docs_per_group=10,experiment=deep_separated,logging_policy_ranker=ordered,logging_policy_sampler=e_greedy,num_queries=20,policy_temperature=1.0,relevance=deep,relevance_tower=deeper,s_doc=-0.2/checkpoint.orbax-checkpoint-tmp/_CHECKPOINT_METADATA
[2025-11-01 16:36:05,494][absl][INFO] - Updated Metadata={'item_handlers': 'orbax.checkpoint._src.handlers.standard_checkpoint_handler.StandardCheckpointHandler', 'metrics': {}, 'performance_metrics': {}, 'init_timestamp_nsecs': 1762011365437305483, 'commit_timestamp_nsecs': None, 'custom_metadata': {}} to /gpfs/home5/sfris1/two-towers-confounding-project/results/deep_separated/data=Custom_dataset_deep,docs_per_group=10,experiment=deep_separated,logging_policy_ranker=ordered,logging_policy_sampler=e_greedy,num_queries=20,policy_temperature=1.0,relevance=deep,relevance_tower=deeper,s_doc=-0.2/checkpoint.orbax-checkpoint-tmp/_CHECKPOINT_METADATA
[2025-11-01 16:36:05,495][absl][INFO] - [process=0][thread=async_save] Skipped cross-host ArrayMetadata validation because only one process is found: process_index=0.
[2025-11-01 16:36:05,500][absl][INFO] - [process=0][thread=async_save] Pytree save finalize (merge_ocdbt + ArrayMetadata validation) completed. Time taken: 0.007857s. use_zarr3=False, enable_post_merge_validation=True, directory=/gpfs/home5/sfris1/two-towers-confounding-project/results/deep_separated/data=Custom_dataset_deep,docs_per_group=10,experiment=deep_separated,logging_policy_ranker=ordered,logging_policy_sampler=e_greedy,num_queries=20,policy_temperature=1.0,relevance=deep,relevance_tower=deeper,s_doc=-0.2/checkpoint.orbax-checkpoint-tmp
[2025-11-01 16:36:05,501][absl][INFO] - Renaming /gpfs/home5/sfris1/two-towers-confounding-project/results/deep_separated/data=Custom_dataset_deep,docs_per_group=10,experiment=deep_separated,logging_policy_ranker=ordered,logging_policy_sampler=e_greedy,num_queries=20,policy_temperature=1.0,relevance=deep,relevance_tower=deeper,s_doc=-0.2/checkpoint.orbax-checkpoint-tmp to /gpfs/home5/sfris1/two-towers-confounding-project/results/deep_separated/data=Custom_dataset_deep,docs_per_group=10,experiment=deep_separated,logging_policy_ranker=ordered,logging_policy_sampler=e_greedy,num_queries=20,policy_temperature=1.0,relevance=deep,relevance_tower=deeper,s_doc=-0.2/checkpoint
[2025-11-01 16:36:05,502][absl][INFO] - [process=0][thread=async_save] Finished saving checkpoint (finalized tmp dir) to `/gpfs/home5/sfris1/two-towers-confounding-project/results/deep_separated/data=Custom_dataset_deep,docs_per_group=10,experiment=deep_separated,logging_policy_ranker=ordered,logging_policy_sampler=e_greedy,num_queries=20,policy_temperature=1.0,relevance=deep,relevance_tower=deeper,s_doc=-0.2/checkpoint`.
[2025-11-01 16:36:05,503][absl][INFO] - Finished async_save (blocking + background). Time taken: 0.074848s. directory=/gpfs/home5/sfris1/two-towers-confounding-project/results/deep_separated/data=Custom_dataset_deep,docs_per_group=10,experiment=deep_separated,logging_policy_ranker=ordered,logging_policy_sampler=e_greedy,num_queries=20,policy_temperature=1.0,relevance=deep,relevance_tower=deeper,s_doc=-0.2/checkpoint
[2025-11-01 16:36:05,503][absl][INFO] - [process=0][thread=async_save] Background save thread done. Time taken: 0.039298s.
[2025-11-01 16:36:05,504][absl][INFO] - [process=0][thread=MainThread] Done with waiting for background save thread=async_save.
[2025-11-01 16:36:05,504][absl][INFO] - [process=0][thread=MainThread] No errors found in background save thread=async_save.
[2025-11-03 21:09:28,099][jax._src.xla_bridge][INFO] - Unable to initialize backend 'tpu': INTERNAL: Failed to open libtpu.so: libtpu.so: cannot open shared object file: No such file or directory
[2025-11-03 21:10:42,643][absl][INFO] - orbax-checkpoint version: 0.11.25
[2025-11-03 21:10:42,644][absl][INFO] - Created BasePyTreeCheckpointHandler: use_ocdbt=True, use_zarr3=False, pytree_metadata_options=PyTreeMetadataOptions(support_rich_types=False), array_metadata_store=<orbax.checkpoint._src.metadata.array_metadata_store.Store object at 0x14a62f42fd50>, enable_pinned_host_transfer=True, save_concurrent_bytes: 96000000000 (89.4 GiB), restore_concurrent_bytes: 96000000000 (89.4 GiB)
[2025-11-03 21:10:42,644][absl][INFO] - [thread=MainThread] Failed to get flag value for EXPERIMENTAL_ORBAX_USE_DISTRIBUTED_PROCESS_ID.
[2025-11-03 21:10:42,644][absl][INFO] - [process=0][thread=MainThread] Using barrier_sync_fn: <function get_barrier_sync_fn.<locals>.<lambda> at 0x14a59019a5c0> timeout: 600 secs and primary_host=0 for async checkpoint writes
[2025-11-03 21:10:42,645][absl][INFO] - [process=0] Started async saving checkpoint to /gpfs/home5/sfris1/two-towers-confounding-project/results/deep_separated/data=Custom_dataset_deep,docs_per_group=10,experiment=deep_separated,logging_policy_ranker=ordered,logging_policy_sampler=e_greedy,num_queries=20,policy_temperature=1.0,relevance=deep,relevance_tower=deeper,s_doc=-0.2/checkpoint.
[2025-11-03 21:10:42,646][absl][INFO] - [process=0] Specified `force`: removing existing directory.
[2025-11-03 21:10:42,681][absl][INFO] - Using ThreadSafeKeyValueSignalingClient
[2025-11-03 21:10:42,685][absl][INFO] - Transferring arrays to host memory with options: use_replica_parallel=True, min_slice_bytes_for_replica_parallel=None, max_replicas_for_replica_parallel=None, enable_pinned_host_transfer=True
[2025-11-03 21:10:42,686][absl][INFO] - Creating tmp directory /gpfs/home5/sfris1/two-towers-confounding-project/results/deep_separated/data=Custom_dataset_deep,docs_per_group=10,experiment=deep_separated,logging_policy_ranker=ordered,logging_policy_sampler=e_greedy,num_queries=20,policy_temperature=1.0,relevance=deep,relevance_tower=deeper,s_doc=-0.2/checkpoint.orbax-checkpoint-tmp
[2025-11-03 21:10:42,689][absl][INFO] - Wrote Metadata={'item_handlers': None, 'metrics': {}, 'performance_metrics': {}, 'init_timestamp_nsecs': 1762200642687824839, 'commit_timestamp_nsecs': None, 'custom_metadata': {}}, json={"item_handlers": null, "metrics": {}, "performance_metrics": {}, "init_timestamp_nsecs": 1762200642687824839, "commit_timestamp_nsecs": null, "custom_metadata": {}} to /gpfs/home5/sfris1/two-towers-confounding-project/results/deep_separated/data=Custom_dataset_deep,docs_per_group=10,experiment=deep_separated,logging_policy_ranker=ordered,logging_policy_sampler=e_greedy,num_queries=20,policy_temperature=1.0,relevance=deep,relevance_tower=deeper,s_doc=-0.2/checkpoint.orbax-checkpoint-tmp/_CHECKPOINT_METADATA
[2025-11-03 21:10:42,691][absl][INFO] - [process=0][thread=MainThread] Initiated "orbax.checkpoint._src.serialization.type_handlers.ArrayHandler".serialize. Time taken: 0.005621s
[2025-11-03 21:10:42,696][absl][INFO] - [process=0] /jax/checkpoint/write/blocking_gbytes_per_sec: 0 Bytes/s (total gbytes: 260.0 KiB) (time elapsed: 13 milliseconds) (per-host)
[2025-11-03 21:10:42,697][absl][INFO] - [process=0][thread=MainThread] Initiated Pytree async_save. Time taken: 0.015128s (batch_requests_ready=0.001732s, total_serialization_initiated=0.010959s, others=0.002437s)
[2025-11-03 21:10:42,699][absl][INFO] - [process=0][thread=async_save] Background save thread started.
[2025-11-03 21:10:42,699][absl][INFO] - Finished blocking save. Time taken: 0.054636s. Continuing background save to /gpfs/home5/sfris1/two-towers-confounding-project/results/deep_separated/data=Custom_dataset_deep,docs_per_group=10,experiment=deep_separated,logging_policy_ranker=ordered,logging_policy_sampler=e_greedy,num_queries=20,policy_temperature=1.0,relevance=deep,relevance_tower=deeper,s_doc=-0.2/checkpoint.
[2025-11-03 21:10:42,700][absl][INFO] - [process=0][thread=MainThread] Waiting for background save thread=async_save.
[2025-11-03 21:10:42,700][absl][INFO] - [process=0][thread=array_type_handler] Wrote 13 array_metadata.ArrayMetadata to /gpfs/home5/sfris1/two-towers-confounding-project/results/deep_separated/data=Custom_dataset_deep,docs_per_group=10,experiment=deep_separated,logging_policy_ranker=ordered,logging_policy_sampler=e_greedy,num_queries=20,policy_temperature=1.0,relevance=deep,relevance_tower=deeper,s_doc=-0.2/checkpoint.orbax-checkpoint-tmp/array_metadatas/process_0
[2025-11-03 21:10:42,728][absl][INFO] - [process=0][thread=write_metadata_after_commits] Commit + Array metadata written. Time taken: 0.031820s (commit=0.029792s, array_metadata_write=0.002028s)
[2025-11-03 21:10:42,729][absl][INFO] - [process=0] /jax/checkpoint/write/gbytes_per_sec: 0 Bytes/s (total gbytes: 260.0 KiB) (time elapsed: 46 milliseconds) (per-host)
[2025-11-03 21:10:42,729][absl][INFO] - [process=0][thread=async_save] 2 Handler Commit operations completed. Time taken: 0.029819s.
[2025-11-03 21:10:42,730][absl][INFO] - Read Metadata={'item_handlers': None, 'metrics': {}, 'performance_metrics': {}, 'init_timestamp_nsecs': 1762200642687824839, 'commit_timestamp_nsecs': None, 'custom_metadata': {}} from /gpfs/home5/sfris1/two-towers-confounding-project/results/deep_separated/data=Custom_dataset_deep,docs_per_group=10,experiment=deep_separated,logging_policy_ranker=ordered,logging_policy_sampler=e_greedy,num_queries=20,policy_temperature=1.0,relevance=deep,relevance_tower=deeper,s_doc=-0.2/checkpoint.orbax-checkpoint-tmp/_CHECKPOINT_METADATA
[2025-11-03 21:10:42,732][absl][INFO] - Updated Metadata={'item_handlers': 'orbax.checkpoint._src.handlers.standard_checkpoint_handler.StandardCheckpointHandler', 'metrics': {}, 'performance_metrics': {}, 'init_timestamp_nsecs': 1762200642687824839, 'commit_timestamp_nsecs': None, 'custom_metadata': {}} to /gpfs/home5/sfris1/two-towers-confounding-project/results/deep_separated/data=Custom_dataset_deep,docs_per_group=10,experiment=deep_separated,logging_policy_ranker=ordered,logging_policy_sampler=e_greedy,num_queries=20,policy_temperature=1.0,relevance=deep,relevance_tower=deeper,s_doc=-0.2/checkpoint.orbax-checkpoint-tmp/_CHECKPOINT_METADATA
[2025-11-03 21:10:42,732][absl][INFO] - [process=0][thread=async_save] Skipped cross-host ArrayMetadata validation because only one process is found: process_index=0.
[2025-11-03 21:10:42,739][absl][INFO] - [process=0][thread=async_save] Pytree save finalize (merge_ocdbt + ArrayMetadata validation) completed. Time taken: 0.008696s. use_zarr3=False, enable_post_merge_validation=True, directory=/gpfs/home5/sfris1/two-towers-confounding-project/results/deep_separated/data=Custom_dataset_deep,docs_per_group=10,experiment=deep_separated,logging_policy_ranker=ordered,logging_policy_sampler=e_greedy,num_queries=20,policy_temperature=1.0,relevance=deep,relevance_tower=deeper,s_doc=-0.2/checkpoint.orbax-checkpoint-tmp
[2025-11-03 21:10:42,739][absl][INFO] - Renaming /gpfs/home5/sfris1/two-towers-confounding-project/results/deep_separated/data=Custom_dataset_deep,docs_per_group=10,experiment=deep_separated,logging_policy_ranker=ordered,logging_policy_sampler=e_greedy,num_queries=20,policy_temperature=1.0,relevance=deep,relevance_tower=deeper,s_doc=-0.2/checkpoint.orbax-checkpoint-tmp to /gpfs/home5/sfris1/two-towers-confounding-project/results/deep_separated/data=Custom_dataset_deep,docs_per_group=10,experiment=deep_separated,logging_policy_ranker=ordered,logging_policy_sampler=e_greedy,num_queries=20,policy_temperature=1.0,relevance=deep,relevance_tower=deeper,s_doc=-0.2/checkpoint
[2025-11-03 21:10:42,741][absl][INFO] - [process=0][thread=async_save] Finished saving checkpoint (finalized tmp dir) to `/gpfs/home5/sfris1/two-towers-confounding-project/results/deep_separated/data=Custom_dataset_deep,docs_per_group=10,experiment=deep_separated,logging_policy_ranker=ordered,logging_policy_sampler=e_greedy,num_queries=20,policy_temperature=1.0,relevance=deep,relevance_tower=deeper,s_doc=-0.2/checkpoint`.
[2025-11-03 21:10:42,742][absl][INFO] - Finished async_save (blocking + background). Time taken: 0.097529s. directory=/gpfs/home5/sfris1/two-towers-confounding-project/results/deep_separated/data=Custom_dataset_deep,docs_per_group=10,experiment=deep_separated,logging_policy_ranker=ordered,logging_policy_sampler=e_greedy,num_queries=20,policy_temperature=1.0,relevance=deep,relevance_tower=deeper,s_doc=-0.2/checkpoint
[2025-11-03 21:10:42,742][absl][INFO] - [process=0][thread=async_save] Background save thread done. Time taken: 0.042664s.
[2025-11-03 21:10:42,742][absl][INFO] - [process=0][thread=MainThread] Done with waiting for background save thread=async_save.
[2025-11-03 21:10:42,743][absl][INFO] - [process=0][thread=MainThread] No errors found in background save thread=async_save.
[2025-11-05 13:53:56,949][jax._src.xla_bridge][ERROR] - Jax plugin configuration error: Exception when calling jax_plugins.xla_cuda12.initialize()
Traceback (most recent call last):
  File "/gpfs/home5/sfris1/two-towers-confounding-project/.venv/lib/python3.11/site-packages/jax/_src/xla_bridge.py", line 485, in discover_pjrt_plugins
    plugin_module.initialize()
  File "/gpfs/home5/sfris1/two-towers-confounding-project/.venv/lib/python3.11/site-packages/jax_plugins/xla_cuda12/__init__.py", line 328, in initialize
    _check_cuda_versions(raise_on_first_error=True)
  File "/gpfs/home5/sfris1/two-towers-confounding-project/.venv/lib/python3.11/site-packages/jax_plugins/xla_cuda12/__init__.py", line 285, in _check_cuda_versions
    local_device_count = cuda_versions.cuda_device_count()
                         ^^^^^^^^^^^^^^^^^^^^^^^^^^^^^^^^^
RuntimeError: jaxlib/cuda/versions_helpers.cc:113: operation cuInit(0) failed: CUDA_ERROR_NO_DEVICE
[2025-11-05 13:53:56,961][jax._src.xla_bridge][INFO] - Unable to initialize backend 'tpu': INTERNAL: Failed to open libtpu.so: libtpu.so: cannot open shared object file: No such file or directory
[2025-11-05 13:55:24,958][absl][INFO] - orbax-checkpoint version: 0.11.25
[2025-11-05 13:55:24,958][absl][INFO] - Created BasePyTreeCheckpointHandler: use_ocdbt=True, use_zarr3=False, pytree_metadata_options=PyTreeMetadataOptions(support_rich_types=False), array_metadata_store=<orbax.checkpoint._src.metadata.array_metadata_store.Store object at 0x14cd4c1163d0>, enable_pinned_host_transfer=False, save_concurrent_bytes: 96000000000 (89.4 GiB), restore_concurrent_bytes: 96000000000 (89.4 GiB)
[2025-11-05 13:55:24,958][absl][INFO] - [thread=MainThread] Failed to get flag value for EXPERIMENTAL_ORBAX_USE_DISTRIBUTED_PROCESS_ID.
[2025-11-05 13:55:24,959][absl][INFO] - [process=0][thread=MainThread] Using barrier_sync_fn: <function get_barrier_sync_fn.<locals>.<lambda> at 0x14cc380fea20> timeout: 600 secs and primary_host=0 for async checkpoint writes
[2025-11-05 13:55:24,960][absl][INFO] - [process=0] Started async saving checkpoint to /gpfs/home5/sfris1/two-towers-confounding-project/results/deep_separated/data=Custom_dataset_deep,docs_per_group=10,experiment=deep_separated,logging_policy_ranker=ordered,logging_policy_sampler=e_greedy,num_queries=20,policy_temperature=1.0,relevance=deep,relevance_tower=deeper,s_doc=-0.2/checkpoint.
[2025-11-05 13:55:24,961][absl][INFO] - [process=0] Specified `force`: removing existing directory.
[2025-11-05 13:55:25,000][absl][INFO] - Using ThreadSafeKeyValueSignalingClient
[2025-11-05 13:55:25,004][absl][INFO] - Transferring arrays to host memory with options: use_replica_parallel=True, min_slice_bytes_for_replica_parallel=None, max_replicas_for_replica_parallel=None, enable_pinned_host_transfer=False
[2025-11-05 13:55:25,004][absl][INFO] - Creating tmp directory /gpfs/home5/sfris1/two-towers-confounding-project/results/deep_separated/data=Custom_dataset_deep,docs_per_group=10,experiment=deep_separated,logging_policy_ranker=ordered,logging_policy_sampler=e_greedy,num_queries=20,policy_temperature=1.0,relevance=deep,relevance_tower=deeper,s_doc=-0.2/checkpoint.orbax-checkpoint-tmp
[2025-11-05 13:55:25,006][absl][INFO] - [process=0][thread=MainThread] Initiated "orbax.checkpoint._src.serialization.type_handlers.ArrayHandler".serialize. Time taken: 0.002025s
[2025-11-05 13:55:25,008][absl][INFO] - [process=0] /jax/checkpoint/write/blocking_gbytes_per_sec: 0 Bytes/s (total gbytes: 260.0 KiB) (time elapsed: 6 milliseconds) (per-host)
[2025-11-05 13:55:25,008][absl][INFO] - [process=0][thread=MainThread] Initiated Pytree async_save. Time taken: 0.007428s (batch_requests_ready=0.002079s, total_serialization_initiated=0.004593s, others=0.000756s)
[2025-11-05 13:55:25,010][absl][INFO] - [process=0][thread=async_save] Background save thread started.
[2025-11-05 13:55:25,010][absl][INFO] - Finished blocking save. Time taken: 0.051485s. Continuing background save to /gpfs/home5/sfris1/two-towers-confounding-project/results/deep_separated/data=Custom_dataset_deep,docs_per_group=10,experiment=deep_separated,logging_policy_ranker=ordered,logging_policy_sampler=e_greedy,num_queries=20,policy_temperature=1.0,relevance=deep,relevance_tower=deeper,s_doc=-0.2/checkpoint.
[2025-11-05 13:55:25,011][absl][INFO] - Wrote Metadata={'item_handlers': None, 'metrics': {}, 'performance_metrics': {}, 'init_timestamp_nsecs': 1762347325009336992, 'commit_timestamp_nsecs': None, 'custom_metadata': {}}, json={"item_handlers": null, "metrics": {}, "performance_metrics": {}, "init_timestamp_nsecs": 1762347325009336992, "commit_timestamp_nsecs": null, "custom_metadata": {}} to /gpfs/home5/sfris1/two-towers-confounding-project/results/deep_separated/data=Custom_dataset_deep,docs_per_group=10,experiment=deep_separated,logging_policy_ranker=ordered,logging_policy_sampler=e_greedy,num_queries=20,policy_temperature=1.0,relevance=deep,relevance_tower=deeper,s_doc=-0.2/checkpoint.orbax-checkpoint-tmp/_CHECKPOINT_METADATA
[2025-11-05 13:55:25,012][absl][INFO] - [process=0][thread=MainThread] Waiting for background save thread=async_save.
[2025-11-05 13:55:25,018][absl][INFO] - [process=0][thread=array_type_handler] Wrote 13 array_metadata.ArrayMetadata to /gpfs/home5/sfris1/two-towers-confounding-project/results/deep_separated/data=Custom_dataset_deep,docs_per_group=10,experiment=deep_separated,logging_policy_ranker=ordered,logging_policy_sampler=e_greedy,num_queries=20,policy_temperature=1.0,relevance=deep,relevance_tower=deeper,s_doc=-0.2/checkpoint.orbax-checkpoint-tmp/array_metadatas/process_0
[2025-11-05 13:55:25,045][absl][INFO] - [process=0][thread=write_metadata_after_commits] Commit + Array metadata written. Time taken: 0.033435s (commit=0.031008s, array_metadata_write=0.002427s)
[2025-11-05 13:55:25,046][absl][INFO] - [process=0] /jax/checkpoint/write/gbytes_per_sec: 0 Bytes/s (total gbytes: 260.0 KiB) (time elapsed: 45 milliseconds) (per-host)
[2025-11-05 13:55:25,046][absl][INFO] - [process=0][thread=async_save] 2 Handler Commit operations completed. Time taken: 0.035035s.
[2025-11-05 13:55:25,048][absl][INFO] - Read Metadata={'item_handlers': None, 'metrics': {}, 'performance_metrics': {}, 'init_timestamp_nsecs': 1762347325009336992, 'commit_timestamp_nsecs': None, 'custom_metadata': {}} from /gpfs/home5/sfris1/two-towers-confounding-project/results/deep_separated/data=Custom_dataset_deep,docs_per_group=10,experiment=deep_separated,logging_policy_ranker=ordered,logging_policy_sampler=e_greedy,num_queries=20,policy_temperature=1.0,relevance=deep,relevance_tower=deeper,s_doc=-0.2/checkpoint.orbax-checkpoint-tmp/_CHECKPOINT_METADATA
[2025-11-05 13:55:25,049][absl][INFO] - [process=0][thread=async_save] Skipped cross-host ArrayMetadata validation because only one process is found: process_index=0.
[2025-11-05 13:55:25,050][absl][INFO] - Updated Metadata={'item_handlers': 'orbax.checkpoint._src.handlers.standard_checkpoint_handler.StandardCheckpointHandler', 'metrics': {}, 'performance_metrics': {}, 'init_timestamp_nsecs': 1762347325009336992, 'commit_timestamp_nsecs': None, 'custom_metadata': {}} to /gpfs/home5/sfris1/two-towers-confounding-project/results/deep_separated/data=Custom_dataset_deep,docs_per_group=10,experiment=deep_separated,logging_policy_ranker=ordered,logging_policy_sampler=e_greedy,num_queries=20,policy_temperature=1.0,relevance=deep,relevance_tower=deeper,s_doc=-0.2/checkpoint.orbax-checkpoint-tmp/_CHECKPOINT_METADATA
[2025-11-05 13:55:25,054][absl][INFO] - [process=0][thread=async_save] Pytree save finalize (merge_ocdbt + ArrayMetadata validation) completed. Time taken: 0.007474s. use_zarr3=False, enable_post_merge_validation=True, directory=/gpfs/home5/sfris1/two-towers-confounding-project/results/deep_separated/data=Custom_dataset_deep,docs_per_group=10,experiment=deep_separated,logging_policy_ranker=ordered,logging_policy_sampler=e_greedy,num_queries=20,policy_temperature=1.0,relevance=deep,relevance_tower=deeper,s_doc=-0.2/checkpoint.orbax-checkpoint-tmp
[2025-11-05 13:55:25,055][absl][INFO] - Renaming /gpfs/home5/sfris1/two-towers-confounding-project/results/deep_separated/data=Custom_dataset_deep,docs_per_group=10,experiment=deep_separated,logging_policy_ranker=ordered,logging_policy_sampler=e_greedy,num_queries=20,policy_temperature=1.0,relevance=deep,relevance_tower=deeper,s_doc=-0.2/checkpoint.orbax-checkpoint-tmp to /gpfs/home5/sfris1/two-towers-confounding-project/results/deep_separated/data=Custom_dataset_deep,docs_per_group=10,experiment=deep_separated,logging_policy_ranker=ordered,logging_policy_sampler=e_greedy,num_queries=20,policy_temperature=1.0,relevance=deep,relevance_tower=deeper,s_doc=-0.2/checkpoint
[2025-11-05 13:55:25,057][absl][INFO] - [process=0][thread=async_save] Finished saving checkpoint (finalized tmp dir) to `/gpfs/home5/sfris1/two-towers-confounding-project/results/deep_separated/data=Custom_dataset_deep,docs_per_group=10,experiment=deep_separated,logging_policy_ranker=ordered,logging_policy_sampler=e_greedy,num_queries=20,policy_temperature=1.0,relevance=deep,relevance_tower=deeper,s_doc=-0.2/checkpoint`.
[2025-11-05 13:55:25,058][absl][INFO] - Finished async_save (blocking + background). Time taken: 0.099154s. directory=/gpfs/home5/sfris1/two-towers-confounding-project/results/deep_separated/data=Custom_dataset_deep,docs_per_group=10,experiment=deep_separated,logging_policy_ranker=ordered,logging_policy_sampler=e_greedy,num_queries=20,policy_temperature=1.0,relevance=deep,relevance_tower=deeper,s_doc=-0.2/checkpoint
[2025-11-05 13:55:25,058][absl][INFO] - [process=0][thread=async_save] Background save thread done. Time taken: 0.047238s.
[2025-11-05 13:55:25,059][absl][INFO] - [process=0][thread=MainThread] Done with waiting for background save thread=async_save.
[2025-11-05 13:55:25,059][absl][INFO] - [process=0][thread=MainThread] No errors found in background save thread=async_save.
