[2026-01-18 15:31:47,561][jax._src.xla_bridge][INFO] - Unable to initialize backend 'tpu': INTERNAL: Failed to open libtpu.so: dlopen(libtpu.so, 0x0001): tried: 'libtpu.so' (no such file), '/System/Volumes/Preboot/Cryptexes/OSlibtpu.so' (no such file), '/opt/homebrew/Caskroom/miniforge/base/envs/two-tower-confounding-2/lib/python3.10/site-packages/jaxlib/../../../libtpu.so' (no such file), '/opt/homebrew/Caskroom/miniforge/base/envs/two-tower-confounding-2/bin/../lib/libtpu.so' (no such file), '/usr/lib/libtpu.so' (no such file, not in dyld cache), 'libtpu.so' (no such file), '/usr/local/lib/libtpu.so' (no such file), '/usr/lib/libtpu.so' (no such file, not in dyld cache)
[2026-01-18 15:31:51,617][absl][INFO] - orbax-checkpoint version: 0.8.0
[2026-01-18 15:31:51,617][absl][INFO] - [thread=MainThread] Failed to get flag value for EXPERIMENTAL_ORBAX_USE_DISTRIBUTED_PROCESS_ID.
[2026-01-18 15:31:51,618][absl][INFO] - [process=0][thread=MainThread] Using barrier_sync_fn: <function get_barrier_sync_fn.<locals>.<lambda> at 0x3259bd870> timeout: 600 secs and primary_host=0 for async checkpoint writes
[2026-01-18 15:31:51,621][absl][INFO] - Restoring checkpoint from /Users/stanf/Documents/Uni/Project_AI/two-tower-confounding/results/Synthetic_Feature_Separation/data=Custom_dataset_deep,docs_per_group=10,experiment=Synthetic_Feature_Separation,logging_policy_ranker=ordered,logging_policy_sampler=e_greedy,num_queries=10,policy_temperature=1.0,relevance=deep,relevance_tower=deeper,s_doc=10/checkpoint.
[2026-01-18 15:31:51,744][absl][INFO] - [process=0] /jax/checkpoint/read/bytes_per_sec: 2.2 MiB/s (total bytes: 260.0 KiB) (time elapsed: 116 milliseconds) (per-host)
[2026-01-18 15:31:51,745][absl][INFO] - Finished restoring checkpoint from /Users/stanf/Documents/Uni/Project_AI/two-tower-confounding/results/Synthetic_Feature_Separation/data=Custom_dataset_deep,docs_per_group=10,experiment=Synthetic_Feature_Separation,logging_policy_ranker=ordered,logging_policy_sampler=e_greedy,num_queries=10,policy_temperature=1.0,relevance=deep,relevance_tower=deeper,s_doc=10/checkpoint.
[2026-01-18 15:31:51,745][absl][INFO] - [process=0][thread=MainThread] Skipping global process sync, barrier name: 0_Checkpointer:restore.checkpoint
[2026-01-18 15:31:56,640][jax._src.xla_bridge][INFO] - Unable to initialize backend 'tpu': INTERNAL: Failed to open libtpu.so: dlopen(libtpu.so, 0x0001): tried: 'libtpu.so' (no such file), '/System/Volumes/Preboot/Cryptexes/OSlibtpu.so' (no such file), '/opt/homebrew/Caskroom/miniforge/base/envs/two-tower-confounding-2/lib/python3.10/site-packages/jaxlib/../../../libtpu.so' (no such file), '/opt/homebrew/Caskroom/miniforge/base/envs/two-tower-confounding-2/bin/../lib/libtpu.so' (no such file), '/usr/lib/libtpu.so' (no such file, not in dyld cache), 'libtpu.so' (no such file), '/usr/local/lib/libtpu.so' (no such file), '/usr/lib/libtpu.so' (no such file, not in dyld cache)
[2026-01-18 15:32:04,339][absl][INFO] - orbax-checkpoint version: 0.8.0
[2026-01-18 15:32:04,340][absl][INFO] - [thread=MainThread] Failed to get flag value for EXPERIMENTAL_ORBAX_USE_DISTRIBUTED_PROCESS_ID.
[2026-01-18 15:32:04,340][absl][INFO] - [process=0][thread=MainThread] Using barrier_sync_fn: <function get_barrier_sync_fn.<locals>.<lambda> at 0x337bb9870> timeout: 600 secs and primary_host=0 for async checkpoint writes
[2026-01-18 15:32:04,341][absl][INFO] - Restoring checkpoint from /Users/stanf/Documents/Uni/Project_AI/two-tower-confounding/results/Synthetic_Feature_Separation/data=Custom_dataset_deep,docs_per_group=10,experiment=Synthetic_Feature_Separation,logging_policy_ranker=ordered,logging_policy_sampler=e_greedy,num_queries=10,policy_temperature=1.0,relevance=deep,relevance_tower=deeper,s_doc=10/checkpoint.
[2026-01-18 15:32:04,387][absl][INFO] - [process=0] /jax/checkpoint/read/bytes_per_sec: 5.6 MiB/s (total bytes: 260.0 KiB) (time elapsed: 45 milliseconds) (per-host)
[2026-01-18 15:32:04,387][absl][INFO] - Finished restoring checkpoint from /Users/stanf/Documents/Uni/Project_AI/two-tower-confounding/results/Synthetic_Feature_Separation/data=Custom_dataset_deep,docs_per_group=10,experiment=Synthetic_Feature_Separation,logging_policy_ranker=ordered,logging_policy_sampler=e_greedy,num_queries=10,policy_temperature=1.0,relevance=deep,relevance_tower=deeper,s_doc=10/checkpoint.
[2026-01-18 15:32:04,387][absl][INFO] - [process=0][thread=MainThread] Skipping global process sync, barrier name: 0_Checkpointer:restore.checkpoint
[2026-01-18 15:32:35,505][jax._src.xla_bridge][INFO] - Unable to initialize backend 'tpu': INTERNAL: Failed to open libtpu.so: dlopen(libtpu.so, 0x0001): tried: 'libtpu.so' (no such file), '/System/Volumes/Preboot/Cryptexes/OSlibtpu.so' (no such file), '/opt/homebrew/Caskroom/miniforge/base/envs/two-tower-confounding-2/lib/python3.10/site-packages/jaxlib/../../../libtpu.so' (no such file), '/opt/homebrew/Caskroom/miniforge/base/envs/two-tower-confounding-2/bin/../lib/libtpu.so' (no such file), '/usr/lib/libtpu.so' (no such file, not in dyld cache), 'libtpu.so' (no such file), '/usr/local/lib/libtpu.so' (no such file), '/usr/lib/libtpu.so' (no such file, not in dyld cache)
[2026-01-18 15:32:39,612][absl][INFO] - orbax-checkpoint version: 0.8.0
[2026-01-18 15:32:39,613][absl][INFO] - [thread=MainThread] Failed to get flag value for EXPERIMENTAL_ORBAX_USE_DISTRIBUTED_PROCESS_ID.
[2026-01-18 15:32:39,613][absl][INFO] - [process=0][thread=MainThread] Using barrier_sync_fn: <function get_barrier_sync_fn.<locals>.<lambda> at 0x3417bd870> timeout: 600 secs and primary_host=0 for async checkpoint writes
[2026-01-18 15:32:39,615][absl][INFO] - Restoring checkpoint from /Users/stanf/Documents/Uni/Project_AI/two-tower-confounding/results/Synthetic_Feature_Separation/data=Custom_dataset_deep,docs_per_group=10,experiment=Synthetic_Feature_Separation,logging_policy_ranker=ordered,logging_policy_sampler=e_greedy,num_queries=10,policy_temperature=1.0,relevance=deep,relevance_tower=deeper,s_doc=10/checkpoint.
[2026-01-18 15:32:39,654][absl][INFO] - [process=0] /jax/checkpoint/read/bytes_per_sec: 6.6 MiB/s (total bytes: 260.0 KiB) (time elapsed: 38 milliseconds) (per-host)
[2026-01-18 15:32:39,654][absl][INFO] - Finished restoring checkpoint from /Users/stanf/Documents/Uni/Project_AI/two-tower-confounding/results/Synthetic_Feature_Separation/data=Custom_dataset_deep,docs_per_group=10,experiment=Synthetic_Feature_Separation,logging_policy_ranker=ordered,logging_policy_sampler=e_greedy,num_queries=10,policy_temperature=1.0,relevance=deep,relevance_tower=deeper,s_doc=10/checkpoint.
[2026-01-18 15:32:39,662][absl][INFO] - [process=0][thread=MainThread] Skipping global process sync, barrier name: 0_Checkpointer:restore.checkpoint
[2026-01-18 15:32:44,232][jax._src.xla_bridge][INFO] - Unable to initialize backend 'tpu': INTERNAL: Failed to open libtpu.so: dlopen(libtpu.so, 0x0001): tried: 'libtpu.so' (no such file), '/System/Volumes/Preboot/Cryptexes/OSlibtpu.so' (no such file), '/opt/homebrew/Caskroom/miniforge/base/envs/two-tower-confounding-2/lib/python3.10/site-packages/jaxlib/../../../libtpu.so' (no such file), '/opt/homebrew/Caskroom/miniforge/base/envs/two-tower-confounding-2/bin/../lib/libtpu.so' (no such file), '/usr/lib/libtpu.so' (no such file, not in dyld cache), 'libtpu.so' (no such file), '/usr/local/lib/libtpu.so' (no such file), '/usr/lib/libtpu.so' (no such file, not in dyld cache)
[2026-01-18 15:32:52,155][absl][INFO] - orbax-checkpoint version: 0.8.0
[2026-01-18 15:32:52,155][absl][INFO] - [thread=MainThread] Failed to get flag value for EXPERIMENTAL_ORBAX_USE_DISTRIBUTED_PROCESS_ID.
[2026-01-18 15:32:52,155][absl][INFO] - [process=0][thread=MainThread] Using barrier_sync_fn: <function get_barrier_sync_fn.<locals>.<lambda> at 0x31f9bd870> timeout: 600 secs and primary_host=0 for async checkpoint writes
[2026-01-18 15:32:52,157][absl][INFO] - Restoring checkpoint from /Users/stanf/Documents/Uni/Project_AI/two-tower-confounding/results/Synthetic_Feature_Separation/data=Custom_dataset_deep,docs_per_group=10,experiment=Synthetic_Feature_Separation,logging_policy_ranker=ordered,logging_policy_sampler=e_greedy,num_queries=10,policy_temperature=1.0,relevance=deep,relevance_tower=deeper,s_doc=10/checkpoint.
[2026-01-18 15:32:52,190][absl][INFO] - [process=0] /jax/checkpoint/read/bytes_per_sec: 7.8 MiB/s (total bytes: 260.0 KiB) (time elapsed: 32 milliseconds) (per-host)
[2026-01-18 15:32:52,190][absl][INFO] - Finished restoring checkpoint from /Users/stanf/Documents/Uni/Project_AI/two-tower-confounding/results/Synthetic_Feature_Separation/data=Custom_dataset_deep,docs_per_group=10,experiment=Synthetic_Feature_Separation,logging_policy_ranker=ordered,logging_policy_sampler=e_greedy,num_queries=10,policy_temperature=1.0,relevance=deep,relevance_tower=deeper,s_doc=10/checkpoint.
[2026-01-18 15:32:52,190][absl][INFO] - [process=0][thread=MainThread] Skipping global process sync, barrier name: 0_Checkpointer:restore.checkpoint
[2026-01-18 15:33:23,896][jax._src.xla_bridge][INFO] - Unable to initialize backend 'tpu': INTERNAL: Failed to open libtpu.so: dlopen(libtpu.so, 0x0001): tried: 'libtpu.so' (no such file), '/System/Volumes/Preboot/Cryptexes/OSlibtpu.so' (no such file), '/opt/homebrew/Caskroom/miniforge/base/envs/two-tower-confounding-2/lib/python3.10/site-packages/jaxlib/../../../libtpu.so' (no such file), '/opt/homebrew/Caskroom/miniforge/base/envs/two-tower-confounding-2/bin/../lib/libtpu.so' (no such file), '/usr/lib/libtpu.so' (no such file, not in dyld cache), 'libtpu.so' (no such file), '/usr/local/lib/libtpu.so' (no such file), '/usr/lib/libtpu.so' (no such file, not in dyld cache)
[2026-01-18 15:33:24,721][jax._src.xla_bridge][INFO] - Unable to initialize backend 'tpu': INTERNAL: Failed to open libtpu.so: dlopen(libtpu.so, 0x0001): tried: 'libtpu.so' (no such file), '/System/Volumes/Preboot/Cryptexes/OSlibtpu.so' (no such file), '/opt/homebrew/Caskroom/miniforge/base/envs/two-tower-confounding-2/lib/python3.10/site-packages/jaxlib/../../../libtpu.so' (no such file), '/opt/homebrew/Caskroom/miniforge/base/envs/two-tower-confounding-2/bin/../lib/libtpu.so' (no such file), '/usr/lib/libtpu.so' (no such file, not in dyld cache), 'libtpu.so' (no such file), '/usr/local/lib/libtpu.so' (no such file), '/usr/lib/libtpu.so' (no such file, not in dyld cache)
[2026-01-18 15:33:26,470][jax._src.xla_bridge][INFO] - Unable to initialize backend 'tpu': INTERNAL: Failed to open libtpu.so: dlopen(libtpu.so, 0x0001): tried: 'libtpu.so' (no such file), '/System/Volumes/Preboot/Cryptexes/OSlibtpu.so' (no such file), '/opt/homebrew/Caskroom/miniforge/base/envs/two-tower-confounding-2/lib/python3.10/site-packages/jaxlib/../../../libtpu.so' (no such file), '/opt/homebrew/Caskroom/miniforge/base/envs/two-tower-confounding-2/bin/../lib/libtpu.so' (no such file), '/usr/lib/libtpu.so' (no such file, not in dyld cache), 'libtpu.so' (no such file), '/usr/local/lib/libtpu.so' (no such file), '/usr/lib/libtpu.so' (no such file, not in dyld cache)
[2026-01-18 15:33:27,405][absl][INFO] - orbax-checkpoint version: 0.8.0
[2026-01-18 15:33:27,405][absl][INFO] - [thread=MainThread] Failed to get flag value for EXPERIMENTAL_ORBAX_USE_DISTRIBUTED_PROCESS_ID.
[2026-01-18 15:33:27,405][absl][INFO] - [process=0][thread=MainThread] Using barrier_sync_fn: <function get_barrier_sync_fn.<locals>.<lambda> at 0x32fdb9870> timeout: 600 secs and primary_host=0 for async checkpoint writes
[2026-01-18 15:33:27,406][absl][INFO] - Restoring checkpoint from /Users/stanf/Documents/Uni/Project_AI/two-tower-confounding/results/Synthetic_Feature_Separation/data=Custom_dataset_deep,docs_per_group=10,experiment=Synthetic_Feature_Separation,logging_policy_ranker=ordered,logging_policy_sampler=e_greedy,num_queries=10,policy_temperature=1.0,relevance=deep,relevance_tower=deeper,s_doc=10/checkpoint.
[2026-01-18 15:33:27,429][absl][INFO] - [process=0] /jax/checkpoint/read/bytes_per_sec: 11.5 MiB/s (total bytes: 260.0 KiB) (time elapsed: 22 milliseconds) (per-host)
[2026-01-18 15:33:27,429][absl][INFO] - Finished restoring checkpoint from /Users/stanf/Documents/Uni/Project_AI/two-tower-confounding/results/Synthetic_Feature_Separation/data=Custom_dataset_deep,docs_per_group=10,experiment=Synthetic_Feature_Separation,logging_policy_ranker=ordered,logging_policy_sampler=e_greedy,num_queries=10,policy_temperature=1.0,relevance=deep,relevance_tower=deeper,s_doc=10/checkpoint.
[2026-01-18 15:33:27,429][absl][INFO] - [process=0][thread=MainThread] Skipping global process sync, barrier name: 0_Checkpointer:restore.checkpoint
[2026-01-18 15:33:28,067][absl][INFO] - orbax-checkpoint version: 0.8.0
[2026-01-18 15:33:28,067][absl][INFO] - [thread=MainThread] Failed to get flag value for EXPERIMENTAL_ORBAX_USE_DISTRIBUTED_PROCESS_ID.
[2026-01-18 15:33:28,067][absl][INFO] - [process=0][thread=MainThread] Using barrier_sync_fn: <function get_barrier_sync_fn.<locals>.<lambda> at 0x3406bd870> timeout: 600 secs and primary_host=0 for async checkpoint writes
[2026-01-18 15:33:28,068][absl][INFO] - Restoring checkpoint from /Users/stanf/Documents/Uni/Project_AI/two-tower-confounding/results/Synthetic_Feature_Separation/data=Custom_dataset_deep,docs_per_group=10,experiment=Synthetic_Feature_Separation,logging_policy_ranker=ordered,logging_policy_sampler=e_greedy,num_queries=10,policy_temperature=1.0,relevance=deep,relevance_tower=deeper,s_doc=10/checkpoint.
[2026-01-18 15:33:28,097][absl][INFO] - [process=0] /jax/checkpoint/read/bytes_per_sec: 9.0 MiB/s (total bytes: 260.0 KiB) (time elapsed: 28 milliseconds) (per-host)
[2026-01-18 15:33:28,098][absl][INFO] - Finished restoring checkpoint from /Users/stanf/Documents/Uni/Project_AI/two-tower-confounding/results/Synthetic_Feature_Separation/data=Custom_dataset_deep,docs_per_group=10,experiment=Synthetic_Feature_Separation,logging_policy_ranker=ordered,logging_policy_sampler=e_greedy,num_queries=10,policy_temperature=1.0,relevance=deep,relevance_tower=deeper,s_doc=10/checkpoint.
[2026-01-18 15:33:28,098][absl][INFO] - [process=0][thread=MainThread] Skipping global process sync, barrier name: 0_Checkpointer:restore.checkpoint
[2026-01-18 15:33:30,587][absl][INFO] - orbax-checkpoint version: 0.8.0
[2026-01-18 15:33:30,588][absl][INFO] - [thread=MainThread] Failed to get flag value for EXPERIMENTAL_ORBAX_USE_DISTRIBUTED_PROCESS_ID.
[2026-01-18 15:33:30,588][absl][INFO] - [process=0][thread=MainThread] Using barrier_sync_fn: <function get_barrier_sync_fn.<locals>.<lambda> at 0x345cb9870> timeout: 600 secs and primary_host=0 for async checkpoint writes
[2026-01-18 15:33:30,589][absl][INFO] - Restoring checkpoint from /Users/stanf/Documents/Uni/Project_AI/two-tower-confounding/results/Synthetic_Feature_Separation/data=Custom_dataset_deep,docs_per_group=10,experiment=Synthetic_Feature_Separation,logging_policy_ranker=ordered,logging_policy_sampler=e_greedy,num_queries=10,policy_temperature=1.0,relevance=deep,relevance_tower=deeper,s_doc=10/checkpoint.
[2026-01-18 15:33:30,619][absl][INFO] - [process=0] /jax/checkpoint/read/bytes_per_sec: 8.7 MiB/s (total bytes: 260.0 KiB) (time elapsed: 29 milliseconds) (per-host)
[2026-01-18 15:33:30,619][absl][INFO] - Finished restoring checkpoint from /Users/stanf/Documents/Uni/Project_AI/two-tower-confounding/results/Synthetic_Feature_Separation/data=Custom_dataset_deep,docs_per_group=10,experiment=Synthetic_Feature_Separation,logging_policy_ranker=ordered,logging_policy_sampler=e_greedy,num_queries=10,policy_temperature=1.0,relevance=deep,relevance_tower=deeper,s_doc=10/checkpoint.
[2026-01-18 15:33:30,619][absl][INFO] - [process=0][thread=MainThread] Skipping global process sync, barrier name: 0_Checkpointer:restore.checkpoint
