[2025-11-01 15:32:42,714][jax._src.xla_bridge][INFO] - Unable to initialize backend 'tpu': INTERNAL: Failed to open libtpu.so: libtpu.so: cannot open shared object file: No such file or directory
[2025-11-01 15:34:04,468][absl][INFO] - orbax-checkpoint version: 0.11.25
[2025-11-01 15:34:04,468][absl][INFO] - Created BasePyTreeCheckpointHandler: use_ocdbt=True, use_zarr3=False, pytree_metadata_options=PyTreeMetadataOptions(support_rich_types=False), array_metadata_store=<orbax.checkpoint._src.metadata.array_metadata_store.Store object at 0x14613efd6ad0>, enable_pinned_host_transfer=True, save_concurrent_bytes: 96000000000 (89.4 GiB), restore_concurrent_bytes: 96000000000 (89.4 GiB)
[2025-11-01 15:34:04,469][absl][INFO] - [thread=MainThread] Failed to get flag value for EXPERIMENTAL_ORBAX_USE_DISTRIBUTED_PROCESS_ID.
[2025-11-01 15:34:04,469][absl][INFO] - [process=0][thread=MainThread] Using barrier_sync_fn: <function get_barrier_sync_fn.<locals>.<lambda> at 0x1456f88459e0> timeout: 600 secs and primary_host=0 for async checkpoint writes
[2025-11-01 15:34:04,470][absl][INFO] - [process=0] Started async saving checkpoint to /gpfs/home5/sfris1/two-towers-confounding-project/results/deep_separated/data=Custom_dataset_deep,docs_per_group=10,experiment=deep_separated,logging_policy_ranker=ordered,logging_policy_sampler=e_greedy,num_queries=10,policy_temperature=1.0,relevance=deep,relevance_tower=deep,s_doc=-0.2/checkpoint.
[2025-11-01 15:34:04,471][absl][INFO] - [process=0] Specified `force`: removing existing directory.
[2025-11-01 15:34:04,472][absl][INFO] - Using ThreadSafeKeyValueSignalingClient
[2025-11-01 15:34:04,475][absl][INFO] - Transferring arrays to host memory with options: use_replica_parallel=True, min_slice_bytes_for_replica_parallel=None, max_replicas_for_replica_parallel=None, enable_pinned_host_transfer=True
[2025-11-01 15:34:04,475][absl][INFO] - Creating tmp directory /gpfs/home5/sfris1/two-towers-confounding-project/results/deep_separated/data=Custom_dataset_deep,docs_per_group=10,experiment=deep_separated,logging_policy_ranker=ordered,logging_policy_sampler=e_greedy,num_queries=10,policy_temperature=1.0,relevance=deep,relevance_tower=deep,s_doc=-0.2/checkpoint.orbax-checkpoint-tmp
[2025-11-01 15:34:04,478][absl][INFO] - Wrote Metadata={'item_handlers': None, 'metrics': {}, 'performance_metrics': {}, 'init_timestamp_nsecs': 1762007644477278225, 'commit_timestamp_nsecs': None, 'custom_metadata': {}}, json={"item_handlers": null, "metrics": {}, "performance_metrics": {}, "init_timestamp_nsecs": 1762007644477278225, "commit_timestamp_nsecs": null, "custom_metadata": {}} to /gpfs/home5/sfris1/two-towers-confounding-project/results/deep_separated/data=Custom_dataset_deep,docs_per_group=10,experiment=deep_separated,logging_policy_ranker=ordered,logging_policy_sampler=e_greedy,num_queries=10,policy_temperature=1.0,relevance=deep,relevance_tower=deep,s_doc=-0.2/checkpoint.orbax-checkpoint-tmp/_CHECKPOINT_METADATA
[2025-11-01 15:34:04,479][absl][INFO] - [process=0][thread=MainThread] Initiated "orbax.checkpoint._src.serialization.type_handlers.ArrayHandler".serialize. Time taken: 0.004446s
[2025-11-01 15:34:04,482][absl][INFO] - [process=0] /jax/checkpoint/write/blocking_gbytes_per_sec: 0 Bytes/s (total gbytes: 4.7 KiB) (time elapsed: 9 milliseconds) (per-host)
[2025-11-01 15:34:04,483][absl][INFO] - [process=0][thread=MainThread] Initiated Pytree async_save. Time taken: 0.010765s (batch_requests_ready=0.001355s, total_serialization_initiated=0.007089s, others=0.002321s)
[2025-11-01 15:34:04,485][absl][INFO] - [process=0][thread=async_save] Background save thread started.
[2025-11-01 15:34:04,485][absl][INFO] - Finished blocking save. Time taken: 0.015058s. Continuing background save to /gpfs/home5/sfris1/two-towers-confounding-project/results/deep_separated/data=Custom_dataset_deep,docs_per_group=10,experiment=deep_separated,logging_policy_ranker=ordered,logging_policy_sampler=e_greedy,num_queries=10,policy_temperature=1.0,relevance=deep,relevance_tower=deep,s_doc=-0.2/checkpoint.
[2025-11-01 15:34:04,485][absl][INFO] - [process=0][thread=array_type_handler] Wrote 7 array_metadata.ArrayMetadata to /gpfs/home5/sfris1/two-towers-confounding-project/results/deep_separated/data=Custom_dataset_deep,docs_per_group=10,experiment=deep_separated,logging_policy_ranker=ordered,logging_policy_sampler=e_greedy,num_queries=10,policy_temperature=1.0,relevance=deep,relevance_tower=deep,s_doc=-0.2/checkpoint.orbax-checkpoint-tmp/array_metadatas/process_0
[2025-11-01 15:34:04,485][absl][INFO] - [process=0][thread=MainThread] Waiting for background save thread=async_save.
[2025-11-01 15:34:04,511][absl][INFO] - [process=0][thread=write_metadata_after_commits] Commit + Array metadata written. Time taken: 0.028375s (commit=0.026786s, array_metadata_write=0.001590s)
[2025-11-01 15:34:04,512][absl][INFO] - [process=0] /jax/checkpoint/write/gbytes_per_sec: 0 Bytes/s (total gbytes: 4.7 KiB) (time elapsed: 39 milliseconds) (per-host)
[2025-11-01 15:34:04,512][absl][INFO] - [process=0][thread=async_save] 2 Handler Commit operations completed. Time taken: 0.027027s.
[2025-11-01 15:34:04,513][absl][INFO] - Read Metadata={'item_handlers': None, 'metrics': {}, 'performance_metrics': {}, 'init_timestamp_nsecs': 1762007644477278225, 'commit_timestamp_nsecs': None, 'custom_metadata': {}} from /gpfs/home5/sfris1/two-towers-confounding-project/results/deep_separated/data=Custom_dataset_deep,docs_per_group=10,experiment=deep_separated,logging_policy_ranker=ordered,logging_policy_sampler=e_greedy,num_queries=10,policy_temperature=1.0,relevance=deep,relevance_tower=deep,s_doc=-0.2/checkpoint.orbax-checkpoint-tmp/_CHECKPOINT_METADATA
[2025-11-01 15:34:04,514][absl][INFO] - Updated Metadata={'item_handlers': 'orbax.checkpoint._src.handlers.standard_checkpoint_handler.StandardCheckpointHandler', 'metrics': {}, 'performance_metrics': {}, 'init_timestamp_nsecs': 1762007644477278225, 'commit_timestamp_nsecs': None, 'custom_metadata': {}} to /gpfs/home5/sfris1/two-towers-confounding-project/results/deep_separated/data=Custom_dataset_deep,docs_per_group=10,experiment=deep_separated,logging_policy_ranker=ordered,logging_policy_sampler=e_greedy,num_queries=10,policy_temperature=1.0,relevance=deep,relevance_tower=deep,s_doc=-0.2/checkpoint.orbax-checkpoint-tmp/_CHECKPOINT_METADATA
[2025-11-01 15:34:04,515][absl][INFO] - [process=0][thread=async_save] Skipped cross-host ArrayMetadata validation because only one process is found: process_index=0.
[2025-11-01 15:34:04,520][absl][INFO] - [process=0][thread=async_save] Pytree save finalize (merge_ocdbt + ArrayMetadata validation) completed. Time taken: 0.007626s. use_zarr3=False, enable_post_merge_validation=True, directory=/gpfs/home5/sfris1/two-towers-confounding-project/results/deep_separated/data=Custom_dataset_deep,docs_per_group=10,experiment=deep_separated,logging_policy_ranker=ordered,logging_policy_sampler=e_greedy,num_queries=10,policy_temperature=1.0,relevance=deep,relevance_tower=deep,s_doc=-0.2/checkpoint.orbax-checkpoint-tmp
[2025-11-01 15:34:04,521][absl][INFO] - Renaming /gpfs/home5/sfris1/two-towers-confounding-project/results/deep_separated/data=Custom_dataset_deep,docs_per_group=10,experiment=deep_separated,logging_policy_ranker=ordered,logging_policy_sampler=e_greedy,num_queries=10,policy_temperature=1.0,relevance=deep,relevance_tower=deep,s_doc=-0.2/checkpoint.orbax-checkpoint-tmp to /gpfs/home5/sfris1/two-towers-confounding-project/results/deep_separated/data=Custom_dataset_deep,docs_per_group=10,experiment=deep_separated,logging_policy_ranker=ordered,logging_policy_sampler=e_greedy,num_queries=10,policy_temperature=1.0,relevance=deep,relevance_tower=deep,s_doc=-0.2/checkpoint
[2025-11-01 15:34:04,523][absl][INFO] - [process=0][thread=async_save] Finished saving checkpoint (finalized tmp dir) to `/gpfs/home5/sfris1/two-towers-confounding-project/results/deep_separated/data=Custom_dataset_deep,docs_per_group=10,experiment=deep_separated,logging_policy_ranker=ordered,logging_policy_sampler=e_greedy,num_queries=10,policy_temperature=1.0,relevance=deep,relevance_tower=deep,s_doc=-0.2/checkpoint`.
[2025-11-01 15:34:04,523][absl][INFO] - Finished async_save (blocking + background). Time taken: 0.053734s. directory=/gpfs/home5/sfris1/two-towers-confounding-project/results/deep_separated/data=Custom_dataset_deep,docs_per_group=10,experiment=deep_separated,logging_policy_ranker=ordered,logging_policy_sampler=e_greedy,num_queries=10,policy_temperature=1.0,relevance=deep,relevance_tower=deep,s_doc=-0.2/checkpoint
[2025-11-01 15:34:04,524][absl][INFO] - [process=0][thread=async_save] Background save thread done. Time taken: 0.038736s.
[2025-11-01 15:34:04,524][absl][INFO] - [process=0][thread=MainThread] Done with waiting for background save thread=async_save.
[2025-11-01 15:34:04,524][absl][INFO] - [process=0][thread=MainThread] No errors found in background save thread=async_save.
[2025-11-01 17:00:22,609][jax._src.xla_bridge][INFO] - Unable to initialize backend 'tpu': INTERNAL: Failed to open libtpu.so: libtpu.so: cannot open shared object file: No such file or directory
[2025-11-01 17:01:44,752][absl][INFO] - orbax-checkpoint version: 0.11.25
[2025-11-01 17:01:44,752][absl][INFO] - Created BasePyTreeCheckpointHandler: use_ocdbt=True, use_zarr3=False, pytree_metadata_options=PyTreeMetadataOptions(support_rich_types=False), array_metadata_store=<orbax.checkpoint._src.metadata.array_metadata_store.Store object at 0x14d300e8b010>, enable_pinned_host_transfer=True, save_concurrent_bytes: 96000000000 (89.4 GiB), restore_concurrent_bytes: 96000000000 (89.4 GiB)
[2025-11-01 17:01:44,753][absl][INFO] - [thread=MainThread] Failed to get flag value for EXPERIMENTAL_ORBAX_USE_DISTRIBUTED_PROCESS_ID.
[2025-11-01 17:01:44,753][absl][INFO] - [process=0][thread=MainThread] Using barrier_sync_fn: <function get_barrier_sync_fn.<locals>.<lambda> at 0x14c87e375f80> timeout: 600 secs and primary_host=0 for async checkpoint writes
[2025-11-01 17:01:44,754][absl][INFO] - [process=0] Started async saving checkpoint to /gpfs/home5/sfris1/two-towers-confounding-project/results/deep_separated/data=Custom_dataset_deep,docs_per_group=10,experiment=deep_separated,logging_policy_ranker=ordered,logging_policy_sampler=e_greedy,num_queries=10,policy_temperature=1.0,relevance=deep,relevance_tower=deep,s_doc=-0.2/checkpoint.
[2025-11-01 17:01:44,755][absl][INFO] - [process=0] Specified `force`: removing existing directory.
[2025-11-01 17:01:44,792][absl][INFO] - Using ThreadSafeKeyValueSignalingClient
[2025-11-01 17:01:44,795][absl][INFO] - Transferring arrays to host memory with options: use_replica_parallel=True, min_slice_bytes_for_replica_parallel=None, max_replicas_for_replica_parallel=None, enable_pinned_host_transfer=True
[2025-11-01 17:01:44,795][absl][INFO] - Creating tmp directory /gpfs/home5/sfris1/two-towers-confounding-project/results/deep_separated/data=Custom_dataset_deep,docs_per_group=10,experiment=deep_separated,logging_policy_ranker=ordered,logging_policy_sampler=e_greedy,num_queries=10,policy_temperature=1.0,relevance=deep,relevance_tower=deep,s_doc=-0.2/checkpoint.orbax-checkpoint-tmp
[2025-11-01 17:01:44,799][absl][INFO] - Wrote Metadata={'item_handlers': None, 'metrics': {}, 'performance_metrics': {}, 'init_timestamp_nsecs': 1762012904797296682, 'commit_timestamp_nsecs': None, 'custom_metadata': {}}, json={"item_handlers": null, "metrics": {}, "performance_metrics": {}, "init_timestamp_nsecs": 1762012904797296682, "commit_timestamp_nsecs": null, "custom_metadata": {}} to /gpfs/home5/sfris1/two-towers-confounding-project/results/deep_separated/data=Custom_dataset_deep,docs_per_group=10,experiment=deep_separated,logging_policy_ranker=ordered,logging_policy_sampler=e_greedy,num_queries=10,policy_temperature=1.0,relevance=deep,relevance_tower=deep,s_doc=-0.2/checkpoint.orbax-checkpoint-tmp/_CHECKPOINT_METADATA
[2025-11-01 17:01:44,799][absl][INFO] - [process=0][thread=MainThread] Initiated "orbax.checkpoint._src.serialization.type_handlers.ArrayHandler".serialize. Time taken: 0.004523s
[2025-11-01 17:01:44,803][absl][INFO] - [process=0] /jax/checkpoint/write/blocking_gbytes_per_sec: 0 Bytes/s (total gbytes: 4.7 KiB) (time elapsed: 10 milliseconds) (per-host)
[2025-11-01 17:01:44,804][absl][INFO] - [process=0][thread=MainThread] Initiated Pytree async_save. Time taken: 0.011533s (batch_requests_ready=0.001441s, total_serialization_initiated=0.008438s, others=0.001654s)
[2025-11-01 17:01:44,805][absl][INFO] - [process=0][thread=array_type_handler] Wrote 7 array_metadata.ArrayMetadata to /gpfs/home5/sfris1/two-towers-confounding-project/results/deep_separated/data=Custom_dataset_deep,docs_per_group=10,experiment=deep_separated,logging_policy_ranker=ordered,logging_policy_sampler=e_greedy,num_queries=10,policy_temperature=1.0,relevance=deep,relevance_tower=deep,s_doc=-0.2/checkpoint.orbax-checkpoint-tmp/array_metadatas/process_0
[2025-11-01 17:01:44,806][absl][INFO] - [process=0][thread=async_save] Background save thread started.
[2025-11-01 17:01:44,806][absl][INFO] - Finished blocking save. Time taken: 0.052533s. Continuing background save to /gpfs/home5/sfris1/two-towers-confounding-project/results/deep_separated/data=Custom_dataset_deep,docs_per_group=10,experiment=deep_separated,logging_policy_ranker=ordered,logging_policy_sampler=e_greedy,num_queries=10,policy_temperature=1.0,relevance=deep,relevance_tower=deep,s_doc=-0.2/checkpoint.
[2025-11-01 17:01:44,806][absl][INFO] - [process=0][thread=MainThread] Waiting for background save thread=async_save.
[2025-11-01 17:01:44,831][absl][INFO] - [process=0][thread=write_metadata_after_commits] Commit + Array metadata written. Time taken: 0.027362s (commit=0.025753s, array_metadata_write=0.001608s)
[2025-11-01 17:01:44,831][absl][INFO] - [process=0] /jax/checkpoint/write/gbytes_per_sec: 0 Bytes/s (total gbytes: 4.7 KiB) (time elapsed: 38 milliseconds) (per-host)
[2025-11-01 17:01:44,832][absl][INFO] - [process=0][thread=async_save] 2 Handler Commit operations completed. Time taken: 0.025594s.
[2025-11-01 17:01:44,833][absl][INFO] - Read Metadata={'item_handlers': None, 'metrics': {}, 'performance_metrics': {}, 'init_timestamp_nsecs': 1762012904797296682, 'commit_timestamp_nsecs': None, 'custom_metadata': {}} from /gpfs/home5/sfris1/two-towers-confounding-project/results/deep_separated/data=Custom_dataset_deep,docs_per_group=10,experiment=deep_separated,logging_policy_ranker=ordered,logging_policy_sampler=e_greedy,num_queries=10,policy_temperature=1.0,relevance=deep,relevance_tower=deep,s_doc=-0.2/checkpoint.orbax-checkpoint-tmp/_CHECKPOINT_METADATA
[2025-11-01 17:01:44,834][absl][INFO] - Updated Metadata={'item_handlers': 'orbax.checkpoint._src.handlers.standard_checkpoint_handler.StandardCheckpointHandler', 'metrics': {}, 'performance_metrics': {}, 'init_timestamp_nsecs': 1762012904797296682, 'commit_timestamp_nsecs': None, 'custom_metadata': {}} to /gpfs/home5/sfris1/two-towers-confounding-project/results/deep_separated/data=Custom_dataset_deep,docs_per_group=10,experiment=deep_separated,logging_policy_ranker=ordered,logging_policy_sampler=e_greedy,num_queries=10,policy_temperature=1.0,relevance=deep,relevance_tower=deep,s_doc=-0.2/checkpoint.orbax-checkpoint-tmp/_CHECKPOINT_METADATA
[2025-11-01 17:01:44,835][absl][INFO] - [process=0][thread=async_save] Skipped cross-host ArrayMetadata validation because only one process is found: process_index=0.
[2025-11-01 17:01:44,840][absl][INFO] - [process=0][thread=async_save] Pytree save finalize (merge_ocdbt + ArrayMetadata validation) completed. Time taken: 0.007404s. use_zarr3=False, enable_post_merge_validation=True, directory=/gpfs/home5/sfris1/two-towers-confounding-project/results/deep_separated/data=Custom_dataset_deep,docs_per_group=10,experiment=deep_separated,logging_policy_ranker=ordered,logging_policy_sampler=e_greedy,num_queries=10,policy_temperature=1.0,relevance=deep,relevance_tower=deep,s_doc=-0.2/checkpoint.orbax-checkpoint-tmp
[2025-11-01 17:01:44,840][absl][INFO] - Renaming /gpfs/home5/sfris1/two-towers-confounding-project/results/deep_separated/data=Custom_dataset_deep,docs_per_group=10,experiment=deep_separated,logging_policy_ranker=ordered,logging_policy_sampler=e_greedy,num_queries=10,policy_temperature=1.0,relevance=deep,relevance_tower=deep,s_doc=-0.2/checkpoint.orbax-checkpoint-tmp to /gpfs/home5/sfris1/two-towers-confounding-project/results/deep_separated/data=Custom_dataset_deep,docs_per_group=10,experiment=deep_separated,logging_policy_ranker=ordered,logging_policy_sampler=e_greedy,num_queries=10,policy_temperature=1.0,relevance=deep,relevance_tower=deep,s_doc=-0.2/checkpoint
[2025-11-01 17:01:44,846][absl][INFO] - [process=0][thread=async_save] Finished saving checkpoint (finalized tmp dir) to `/gpfs/home5/sfris1/two-towers-confounding-project/results/deep_separated/data=Custom_dataset_deep,docs_per_group=10,experiment=deep_separated,logging_policy_ranker=ordered,logging_policy_sampler=e_greedy,num_queries=10,policy_temperature=1.0,relevance=deep,relevance_tower=deep,s_doc=-0.2/checkpoint`.
[2025-11-01 17:01:44,847][absl][INFO] - Finished async_save (blocking + background). Time taken: 0.093779s. directory=/gpfs/home5/sfris1/two-towers-confounding-project/results/deep_separated/data=Custom_dataset_deep,docs_per_group=10,experiment=deep_separated,logging_policy_ranker=ordered,logging_policy_sampler=e_greedy,num_queries=10,policy_temperature=1.0,relevance=deep,relevance_tower=deep,s_doc=-0.2/checkpoint
[2025-11-01 17:01:44,847][absl][INFO] - [process=0][thread=async_save] Background save thread done. Time taken: 0.041238s.
[2025-11-01 17:01:44,848][absl][INFO] - [process=0][thread=MainThread] Done with waiting for background save thread=async_save.
[2025-11-01 17:01:44,848][absl][INFO] - [process=0][thread=MainThread] No errors found in background save thread=async_save.
