[2026-01-18 15:06:19,108][jax._src.xla_bridge][INFO] - Unable to initialize backend 'tpu': INTERNAL: Failed to open libtpu.so: dlopen(libtpu.so, 0x0001): tried: 'libtpu.so' (no such file), '/System/Volumes/Preboot/Cryptexes/OSlibtpu.so' (no such file), '/opt/homebrew/Caskroom/miniforge/base/envs/two-tower-confounding-2/lib/python3.10/site-packages/jaxlib/../../../libtpu.so' (no such file), '/opt/homebrew/Caskroom/miniforge/base/envs/two-tower-confounding-2/bin/../lib/libtpu.so' (no such file), '/usr/lib/libtpu.so' (no such file, not in dyld cache), 'libtpu.so' (no such file), '/usr/local/lib/libtpu.so' (no such file), '/usr/lib/libtpu.so' (no such file, not in dyld cache)
[2026-01-18 15:07:41,191][absl][INFO] - orbax-checkpoint version: 0.8.0
[2026-01-18 15:07:41,192][absl][INFO] - [thread=MainThread] Failed to get flag value for EXPERIMENTAL_ORBAX_USE_DISTRIBUTED_PROCESS_ID.
[2026-01-18 15:07:41,192][absl][INFO] - [process=0][thread=MainThread] Using barrier_sync_fn: <function get_barrier_sync_fn.<locals>.<lambda> at 0x349d755a0> timeout: 600 secs and primary_host=0 for async checkpoint writes
[2026-01-18 15:07:41,192][absl][INFO] - [process=0] Started async saving checkpoint to /Users/stanf/Documents/Uni/Project_AI/two-tower-confounding/results/Synthetic_Feature_Separation/data=Custom_dataset_deep,docs_per_group=10,experiment=Synthetic_Feature_Separation,logging_policy_ranker=ordered,logging_policy_sampler=e_greedy,num_queries=1000,policy_temperature=1.0,relevance=deep,relevance_tower=deeper,s_doc=10/checkpoint.
[2026-01-18 15:07:41,192][absl][INFO] - [process=0] Specified `force`: removing existing directory.
[2026-01-18 15:07:41,193][absl][INFO] - [process=0][thread=MainThread] Skipping global process sync, barrier name: 0_create_tmp_directory:pre.checkpoint.1
[2026-01-18 15:07:41,193][absl][INFO] - Creating tmp directory /Users/stanf/Documents/Uni/Project_AI/two-tower-confounding/results/Synthetic_Feature_Separation/data=Custom_dataset_deep,docs_per_group=10,experiment=Synthetic_Feature_Separation,logging_policy_ranker=ordered,logging_policy_sampler=e_greedy,num_queries=1000,policy_temperature=1.0,relevance=deep,relevance_tower=deeper,s_doc=10/checkpoint.orbax-checkpoint-tmp-0
[2026-01-18 15:07:41,193][absl][INFO] - [process=0][thread=MainThread] Skipping global process sync, barrier name: 0_create_tmp_directory:post.checkpoint.2
[2026-01-18 15:07:41,195][absl][INFO] - Wrote CheckpointMetadata=StepMetadata(init_timestamp_nsecs=1768745261193409000, commit_timestamp_nsecs=None), json={"init_timestamp_nsecs": 1768745261193409000, "commit_timestamp_nsecs": null} to /Users/stanf/Documents/Uni/Project_AI/two-tower-confounding/results/Synthetic_Feature_Separation/data=Custom_dataset_deep,docs_per_group=10,experiment=Synthetic_Feature_Separation,logging_policy_ranker=ordered,logging_policy_sampler=e_greedy,num_queries=1000,policy_temperature=1.0,relevance=deep,relevance_tower=deeper,s_doc=10/checkpoint.orbax-checkpoint-tmp-0
[2026-01-18 15:07:41,196][absl][INFO] - [process=0] /jax/checkpoint/write/blocking_bytes_per_sec: 89.7 MiB/s (total bytes: 260.0 KiB) (time elapsed: 2 milliseconds) (per-host)
[2026-01-18 15:07:41,196][absl][INFO] - [process=0][thread=async_save_1] Background save thread started.
[2026-01-18 15:07:41,198][absl][INFO] - [process=0][thread=MainThread] Waiting for background save thread=async_save_1.
[2026-01-18 15:07:41,210][absl][INFO] - ChainedFuture completed 2/2 futures in 0.01 seconds.
[2026-01-18 15:07:41,210][absl][INFO] - [process=0] /jax/checkpoint/write/bytes_per_sec: 15.1 MiB/s (total bytes: 260.0 KiB) (time elapsed: 16 milliseconds) (per-host)
[2026-01-18 15:07:41,210][absl][INFO] - [process=0][thread=async_save_1] 1 Handler Commit operations completed.
[2026-01-18 15:07:41,210][absl][INFO] - [process=0][thread=async_save_1] Async Save Callback [1/3]: Finalizing Handler: <orbax.checkpoint._src.handlers.standard_checkpoint_handler.StandardCheckpointHandler object at 0x358c653f0> on /Users/stanf/Documents/Uni/Project_AI/two-tower-confounding/results/Synthetic_Feature_Separation/data=Custom_dataset_deep,docs_per_group=10,experiment=Synthetic_Feature_Separation,logging_policy_ranker=ordered,logging_policy_sampler=e_greedy,num_queries=1000,policy_temperature=1.0,relevance=deep,relevance_tower=deeper,s_doc=10/checkpoint.orbax-checkpoint-tmp-0
[2026-01-18 15:07:41,219][absl][INFO] - [process=0][thread=async_save_1] Validating params in TensorStore KvStore.
[2026-01-18 15:07:41,219][absl][INFO] - [process=0][thread=async_save_1] Async Save Callback [2/3]: Running post_finalization_callback: None on /Users/stanf/Documents/Uni/Project_AI/two-tower-confounding/results/Synthetic_Feature_Separation/data=Custom_dataset_deep,docs_per_group=10,experiment=Synthetic_Feature_Separation,logging_policy_ranker=ordered,logging_policy_sampler=e_greedy,num_queries=1000,policy_temperature=1.0,relevance=deep,relevance_tower=deeper,s_doc=10/checkpoint
[2026-01-18 15:07:41,219][absl][INFO] - [process=0][thread=async_save_1] Async Save Callback [3/3]: Finalizing checkpoint directory: /Users/stanf/Documents/Uni/Project_AI/two-tower-confounding/results/Synthetic_Feature_Separation/data=Custom_dataset_deep,docs_per_group=10,experiment=Synthetic_Feature_Separation,logging_policy_ranker=ordered,logging_policy_sampler=e_greedy,num_queries=1000,policy_temperature=1.0,relevance=deep,relevance_tower=deeper,s_doc=10/checkpoint.orbax-checkpoint-tmp-0
[2026-01-18 15:07:41,219][absl][INFO] - Renaming /Users/stanf/Documents/Uni/Project_AI/two-tower-confounding/results/Synthetic_Feature_Separation/data=Custom_dataset_deep,docs_per_group=10,experiment=Synthetic_Feature_Separation,logging_policy_ranker=ordered,logging_policy_sampler=e_greedy,num_queries=1000,policy_temperature=1.0,relevance=deep,relevance_tower=deeper,s_doc=10/checkpoint.orbax-checkpoint-tmp-0 to /Users/stanf/Documents/Uni/Project_AI/two-tower-confounding/results/Synthetic_Feature_Separation/data=Custom_dataset_deep,docs_per_group=10,experiment=Synthetic_Feature_Separation,logging_policy_ranker=ordered,logging_policy_sampler=e_greedy,num_queries=1000,policy_temperature=1.0,relevance=deep,relevance_tower=deeper,s_doc=10/checkpoint
[2026-01-18 15:07:41,220][absl][INFO] - Read CheckpointMetadata=StepMetadata(init_timestamp_nsecs=1768745261193409000, commit_timestamp_nsecs=None) from /Users/stanf/Documents/Uni/Project_AI/two-tower-confounding/results/Synthetic_Feature_Separation/data=Custom_dataset_deep,docs_per_group=10,experiment=Synthetic_Feature_Separation,logging_policy_ranker=ordered,logging_policy_sampler=e_greedy,num_queries=1000,policy_temperature=1.0,relevance=deep,relevance_tower=deeper,s_doc=10/checkpoint.orbax-checkpoint-tmp-0
[2026-01-18 15:07:41,220][absl][INFO] - Updated CheckpointMetadata=StepMetadata(init_timestamp_nsecs=1768745261193409000, commit_timestamp_nsecs=1768745261219909000) to /Users/stanf/Documents/Uni/Project_AI/two-tower-confounding/results/Synthetic_Feature_Separation/data=Custom_dataset_deep,docs_per_group=10,experiment=Synthetic_Feature_Separation,logging_policy_ranker=ordered,logging_policy_sampler=e_greedy,num_queries=1000,policy_temperature=1.0,relevance=deep,relevance_tower=deeper,s_doc=10/checkpoint.orbax-checkpoint-tmp-0
[2026-01-18 15:07:41,220][absl][INFO] - [process=0][thread=async_save_1] Finished saving checkpoint (finalized tmp dir) to `/Users/stanf/Documents/Uni/Project_AI/two-tower-confounding/results/Synthetic_Feature_Separation/data=Custom_dataset_deep,docs_per_group=10,experiment=Synthetic_Feature_Separation,logging_policy_ranker=ordered,logging_policy_sampler=e_greedy,num_queries=1000,policy_temperature=1.0,relevance=deep,relevance_tower=deeper,s_doc=10/checkpoint`.
[2026-01-18 15:07:41,220][absl][INFO] - [process=0][thread=async_save_1] Background save thread done.
[2026-01-18 15:07:41,220][absl][INFO] - [process=0][thread=MainThread] Done with waiting for background save thread=async_save_1.
[2026-01-18 15:07:41,220][absl][INFO] - [process=0][thread=MainThread] No errors found in background save thread=async_save_1.
[2026-01-18 16:43:28,687][jax._src.xla_bridge][INFO] - Unable to initialize backend 'tpu': INTERNAL: Failed to open libtpu.so: dlopen(libtpu.so, 0x0001): tried: 'libtpu.so' (no such file), '/System/Volumes/Preboot/Cryptexes/OSlibtpu.so' (no such file), '/opt/homebrew/Caskroom/miniforge/base/envs/two-tower-confounding-2/lib/python3.10/site-packages/jaxlib/../../../libtpu.so' (no such file), '/opt/homebrew/Caskroom/miniforge/base/envs/two-tower-confounding-2/bin/../lib/libtpu.so' (no such file), '/usr/lib/libtpu.so' (no such file, not in dyld cache), 'libtpu.so' (no such file), '/usr/local/lib/libtpu.so' (no such file), '/usr/lib/libtpu.so' (no such file, not in dyld cache)
[2026-01-18 16:50:40,981][absl][INFO] - orbax-checkpoint version: 0.8.0
[2026-01-18 16:50:40,982][absl][INFO] - [thread=MainThread] Failed to get flag value for EXPERIMENTAL_ORBAX_USE_DISTRIBUTED_PROCESS_ID.
[2026-01-18 16:50:40,982][absl][INFO] - [process=0][thread=MainThread] Using barrier_sync_fn: <function get_barrier_sync_fn.<locals>.<lambda> at 0x3470f1750> timeout: 600 secs and primary_host=0 for async checkpoint writes
[2026-01-18 16:50:40,982][absl][INFO] - [process=0] Started async saving checkpoint to /Users/stanf/Documents/Uni/Project_AI/two-tower-confounding/results/Synthetic_Feature_Separation/data=Custom_dataset_deep,docs_per_group=10,experiment=Synthetic_Feature_Separation,logging_policy_ranker=ordered,logging_policy_sampler=e_greedy,num_queries=1000,policy_temperature=1.0,relevance=deep,relevance_tower=deeper,s_doc=10/checkpoint.
[2026-01-18 16:50:40,983][absl][INFO] - [process=0] Specified `force`: removing existing directory.
[2026-01-18 16:50:40,985][absl][INFO] - [process=0][thread=MainThread] Skipping global process sync, barrier name: 0_create_tmp_directory:pre.checkpoint.1
[2026-01-18 16:50:40,985][absl][INFO] - Creating tmp directory /Users/stanf/Documents/Uni/Project_AI/two-tower-confounding/results/Synthetic_Feature_Separation/data=Custom_dataset_deep,docs_per_group=10,experiment=Synthetic_Feature_Separation,logging_policy_ranker=ordered,logging_policy_sampler=e_greedy,num_queries=1000,policy_temperature=1.0,relevance=deep,relevance_tower=deeper,s_doc=10/checkpoint.orbax-checkpoint-tmp-0
[2026-01-18 16:50:40,986][absl][INFO] - Wrote CheckpointMetadata=StepMetadata(init_timestamp_nsecs=1768751440986216000, commit_timestamp_nsecs=None), json={"init_timestamp_nsecs": 1768751440986216000, "commit_timestamp_nsecs": null} to /Users/stanf/Documents/Uni/Project_AI/two-tower-confounding/results/Synthetic_Feature_Separation/data=Custom_dataset_deep,docs_per_group=10,experiment=Synthetic_Feature_Separation,logging_policy_ranker=ordered,logging_policy_sampler=e_greedy,num_queries=1000,policy_temperature=1.0,relevance=deep,relevance_tower=deeper,s_doc=10/checkpoint.orbax-checkpoint-tmp-0
[2026-01-18 16:50:40,986][absl][INFO] - [process=0][thread=MainThread] Skipping global process sync, barrier name: 0_create_tmp_directory:post.checkpoint.2
[2026-01-18 16:50:40,991][absl][INFO] - [process=0] /jax/checkpoint/write/blocking_bytes_per_sec: 53.4 MiB/s (total bytes: 260.0 KiB) (time elapsed: 4 milliseconds) (per-host)
[2026-01-18 16:50:40,992][absl][INFO] - [process=0][thread=async_save_1] Background save thread started.
[2026-01-18 16:50:40,993][absl][INFO] - [process=0][thread=MainThread] Waiting for background save thread=async_save_1.
[2026-01-18 16:50:41,009][absl][INFO] - ChainedFuture completed 2/2 futures in 0.02 seconds.
[2026-01-18 16:50:41,010][absl][INFO] - [process=0] /jax/checkpoint/write/bytes_per_sec: 11.1 MiB/s (total bytes: 260.0 KiB) (time elapsed: 22 milliseconds) (per-host)
[2026-01-18 16:50:41,010][absl][INFO] - [process=0][thread=async_save_1] 1 Handler Commit operations completed.
[2026-01-18 16:50:41,010][absl][INFO] - [process=0][thread=async_save_1] Async Save Callback [1/3]: Finalizing Handler: <orbax.checkpoint._src.handlers.standard_checkpoint_handler.StandardCheckpointHandler object at 0x334445cf0> on /Users/stanf/Documents/Uni/Project_AI/two-tower-confounding/results/Synthetic_Feature_Separation/data=Custom_dataset_deep,docs_per_group=10,experiment=Synthetic_Feature_Separation,logging_policy_ranker=ordered,logging_policy_sampler=e_greedy,num_queries=1000,policy_temperature=1.0,relevance=deep,relevance_tower=deeper,s_doc=10/checkpoint.orbax-checkpoint-tmp-0
[2026-01-18 16:50:41,016][absl][INFO] - [process=0][thread=async_save_1] Validating params in TensorStore KvStore.
[2026-01-18 16:50:41,017][absl][INFO] - [process=0][thread=async_save_1] Async Save Callback [2/3]: Running post_finalization_callback: None on /Users/stanf/Documents/Uni/Project_AI/two-tower-confounding/results/Synthetic_Feature_Separation/data=Custom_dataset_deep,docs_per_group=10,experiment=Synthetic_Feature_Separation,logging_policy_ranker=ordered,logging_policy_sampler=e_greedy,num_queries=1000,policy_temperature=1.0,relevance=deep,relevance_tower=deeper,s_doc=10/checkpoint
[2026-01-18 16:50:41,017][absl][INFO] - [process=0][thread=async_save_1] Async Save Callback [3/3]: Finalizing checkpoint directory: /Users/stanf/Documents/Uni/Project_AI/two-tower-confounding/results/Synthetic_Feature_Separation/data=Custom_dataset_deep,docs_per_group=10,experiment=Synthetic_Feature_Separation,logging_policy_ranker=ordered,logging_policy_sampler=e_greedy,num_queries=1000,policy_temperature=1.0,relevance=deep,relevance_tower=deeper,s_doc=10/checkpoint.orbax-checkpoint-tmp-0
[2026-01-18 16:50:41,017][absl][INFO] - Renaming /Users/stanf/Documents/Uni/Project_AI/two-tower-confounding/results/Synthetic_Feature_Separation/data=Custom_dataset_deep,docs_per_group=10,experiment=Synthetic_Feature_Separation,logging_policy_ranker=ordered,logging_policy_sampler=e_greedy,num_queries=1000,policy_temperature=1.0,relevance=deep,relevance_tower=deeper,s_doc=10/checkpoint.orbax-checkpoint-tmp-0 to /Users/stanf/Documents/Uni/Project_AI/two-tower-confounding/results/Synthetic_Feature_Separation/data=Custom_dataset_deep,docs_per_group=10,experiment=Synthetic_Feature_Separation,logging_policy_ranker=ordered,logging_policy_sampler=e_greedy,num_queries=1000,policy_temperature=1.0,relevance=deep,relevance_tower=deeper,s_doc=10/checkpoint
[2026-01-18 16:50:41,017][absl][INFO] - Read CheckpointMetadata=StepMetadata(init_timestamp_nsecs=1768751440986216000, commit_timestamp_nsecs=None) from /Users/stanf/Documents/Uni/Project_AI/two-tower-confounding/results/Synthetic_Feature_Separation/data=Custom_dataset_deep,docs_per_group=10,experiment=Synthetic_Feature_Separation,logging_policy_ranker=ordered,logging_policy_sampler=e_greedy,num_queries=1000,policy_temperature=1.0,relevance=deep,relevance_tower=deeper,s_doc=10/checkpoint.orbax-checkpoint-tmp-0
[2026-01-18 16:50:41,017][absl][INFO] - Updated CheckpointMetadata=StepMetadata(init_timestamp_nsecs=1768751440986216000, commit_timestamp_nsecs=1768751441017487000) to /Users/stanf/Documents/Uni/Project_AI/two-tower-confounding/results/Synthetic_Feature_Separation/data=Custom_dataset_deep,docs_per_group=10,experiment=Synthetic_Feature_Separation,logging_policy_ranker=ordered,logging_policy_sampler=e_greedy,num_queries=1000,policy_temperature=1.0,relevance=deep,relevance_tower=deeper,s_doc=10/checkpoint.orbax-checkpoint-tmp-0
[2026-01-18 16:50:41,018][absl][INFO] - [process=0][thread=async_save_1] Finished saving checkpoint (finalized tmp dir) to `/Users/stanf/Documents/Uni/Project_AI/two-tower-confounding/results/Synthetic_Feature_Separation/data=Custom_dataset_deep,docs_per_group=10,experiment=Synthetic_Feature_Separation,logging_policy_ranker=ordered,logging_policy_sampler=e_greedy,num_queries=1000,policy_temperature=1.0,relevance=deep,relevance_tower=deeper,s_doc=10/checkpoint`.
[2026-01-18 16:50:41,018][absl][INFO] - [process=0][thread=async_save_1] Background save thread done.
[2026-01-18 16:50:41,018][absl][INFO] - [process=0][thread=MainThread] Done with waiting for background save thread=async_save_1.
[2026-01-18 16:50:41,018][absl][INFO] - [process=0][thread=MainThread] No errors found in background save thread=async_save_1.
[2026-01-18 18:33:14,698][jax._src.xla_bridge][INFO] - Unable to initialize backend 'tpu': INTERNAL: Failed to open libtpu.so: dlopen(libtpu.so, 0x0001): tried: 'libtpu.so' (no such file), '/System/Volumes/Preboot/Cryptexes/OSlibtpu.so' (no such file), '/opt/homebrew/Caskroom/miniforge/base/envs/two-tower-confounding-2/lib/python3.10/site-packages/jaxlib/../../../libtpu.so' (no such file), '/opt/homebrew/Caskroom/miniforge/base/envs/two-tower-confounding-2/bin/../lib/libtpu.so' (no such file), '/usr/lib/libtpu.so' (no such file, not in dyld cache), 'libtpu.so' (no such file), '/usr/local/lib/libtpu.so' (no such file), '/usr/lib/libtpu.so' (no such file, not in dyld cache)
[2026-01-18 18:37:07,483][absl][INFO] - orbax-checkpoint version: 0.8.0
[2026-01-18 18:37:07,483][absl][INFO] - [thread=MainThread] Failed to get flag value for EXPERIMENTAL_ORBAX_USE_DISTRIBUTED_PROCESS_ID.
[2026-01-18 18:37:07,484][absl][INFO] - [process=0][thread=MainThread] Using barrier_sync_fn: <function get_barrier_sync_fn.<locals>.<lambda> at 0x33a4ed750> timeout: 600 secs and primary_host=0 for async checkpoint writes
[2026-01-18 18:37:07,484][absl][INFO] - [process=0] Started async saving checkpoint to /Users/stanf/Documents/Uni/Project_AI/two-tower-confounding/results/Synthetic_Feature_Separation/data=Custom_dataset_deep,docs_per_group=10,experiment=Synthetic_Feature_Separation,logging_policy_ranker=ordered,logging_policy_sampler=e_greedy,num_queries=1000,policy_temperature=1.0,relevance=deep,relevance_tower=deeper,s_doc=10/checkpoint.
[2026-01-18 18:37:07,484][absl][INFO] - [process=0] Specified `force`: removing existing directory.
[2026-01-18 18:37:07,486][absl][INFO] - [process=0][thread=MainThread] Skipping global process sync, barrier name: 0_create_tmp_directory:pre.checkpoint.1
[2026-01-18 18:37:07,486][absl][INFO] - Creating tmp directory /Users/stanf/Documents/Uni/Project_AI/two-tower-confounding/results/Synthetic_Feature_Separation/data=Custom_dataset_deep,docs_per_group=10,experiment=Synthetic_Feature_Separation,logging_policy_ranker=ordered,logging_policy_sampler=e_greedy,num_queries=1000,policy_temperature=1.0,relevance=deep,relevance_tower=deeper,s_doc=10/checkpoint.orbax-checkpoint-tmp-0
[2026-01-18 18:37:07,486][absl][INFO] - [process=0][thread=MainThread] Skipping global process sync, barrier name: 0_create_tmp_directory:post.checkpoint.2
[2026-01-18 18:37:07,487][absl][INFO] - Wrote CheckpointMetadata=StepMetadata(init_timestamp_nsecs=1768757827486614000, commit_timestamp_nsecs=None), json={"init_timestamp_nsecs": 1768757827486614000, "commit_timestamp_nsecs": null} to /Users/stanf/Documents/Uni/Project_AI/two-tower-confounding/results/Synthetic_Feature_Separation/data=Custom_dataset_deep,docs_per_group=10,experiment=Synthetic_Feature_Separation,logging_policy_ranker=ordered,logging_policy_sampler=e_greedy,num_queries=1000,policy_temperature=1.0,relevance=deep,relevance_tower=deeper,s_doc=10/checkpoint.orbax-checkpoint-tmp-0
[2026-01-18 18:37:07,496][absl][INFO] - [process=0] /jax/checkpoint/write/blocking_bytes_per_sec: 27.4 MiB/s (total bytes: 260.0 KiB) (time elapsed: 9 milliseconds) (per-host)
[2026-01-18 18:37:07,496][absl][INFO] - [process=0][thread=async_save_1] Background save thread started.
[2026-01-18 18:37:07,498][absl][INFO] - [process=0][thread=MainThread] Waiting for background save thread=async_save_1.
[2026-01-18 18:37:07,510][absl][INFO] - ChainedFuture completed 2/2 futures in 0.01 seconds.
[2026-01-18 18:37:07,510][absl][INFO] - [process=0] /jax/checkpoint/write/bytes_per_sec: 10.7 MiB/s (total bytes: 260.0 KiB) (time elapsed: 23 milliseconds) (per-host)
[2026-01-18 18:37:07,510][absl][INFO] - [process=0][thread=async_save_1] 1 Handler Commit operations completed.
[2026-01-18 18:37:07,510][absl][INFO] - [process=0][thread=async_save_1] Async Save Callback [1/3]: Finalizing Handler: <orbax.checkpoint._src.handlers.standard_checkpoint_handler.StandardCheckpointHandler object at 0x339f6a740> on /Users/stanf/Documents/Uni/Project_AI/two-tower-confounding/results/Synthetic_Feature_Separation/data=Custom_dataset_deep,docs_per_group=10,experiment=Synthetic_Feature_Separation,logging_policy_ranker=ordered,logging_policy_sampler=e_greedy,num_queries=1000,policy_temperature=1.0,relevance=deep,relevance_tower=deeper,s_doc=10/checkpoint.orbax-checkpoint-tmp-0
[2026-01-18 18:37:07,514][absl][INFO] - [process=0][thread=async_save_1] Validating params in TensorStore KvStore.
[2026-01-18 18:37:07,514][absl][INFO] - [process=0][thread=async_save_1] Async Save Callback [2/3]: Running post_finalization_callback: None on /Users/stanf/Documents/Uni/Project_AI/two-tower-confounding/results/Synthetic_Feature_Separation/data=Custom_dataset_deep,docs_per_group=10,experiment=Synthetic_Feature_Separation,logging_policy_ranker=ordered,logging_policy_sampler=e_greedy,num_queries=1000,policy_temperature=1.0,relevance=deep,relevance_tower=deeper,s_doc=10/checkpoint
[2026-01-18 18:37:07,515][absl][INFO] - [process=0][thread=async_save_1] Async Save Callback [3/3]: Finalizing checkpoint directory: /Users/stanf/Documents/Uni/Project_AI/two-tower-confounding/results/Synthetic_Feature_Separation/data=Custom_dataset_deep,docs_per_group=10,experiment=Synthetic_Feature_Separation,logging_policy_ranker=ordered,logging_policy_sampler=e_greedy,num_queries=1000,policy_temperature=1.0,relevance=deep,relevance_tower=deeper,s_doc=10/checkpoint.orbax-checkpoint-tmp-0
[2026-01-18 18:37:07,515][absl][INFO] - Renaming /Users/stanf/Documents/Uni/Project_AI/two-tower-confounding/results/Synthetic_Feature_Separation/data=Custom_dataset_deep,docs_per_group=10,experiment=Synthetic_Feature_Separation,logging_policy_ranker=ordered,logging_policy_sampler=e_greedy,num_queries=1000,policy_temperature=1.0,relevance=deep,relevance_tower=deeper,s_doc=10/checkpoint.orbax-checkpoint-tmp-0 to /Users/stanf/Documents/Uni/Project_AI/two-tower-confounding/results/Synthetic_Feature_Separation/data=Custom_dataset_deep,docs_per_group=10,experiment=Synthetic_Feature_Separation,logging_policy_ranker=ordered,logging_policy_sampler=e_greedy,num_queries=1000,policy_temperature=1.0,relevance=deep,relevance_tower=deeper,s_doc=10/checkpoint
[2026-01-18 18:37:07,515][absl][INFO] - Read CheckpointMetadata=StepMetadata(init_timestamp_nsecs=1768757827486614000, commit_timestamp_nsecs=None) from /Users/stanf/Documents/Uni/Project_AI/two-tower-confounding/results/Synthetic_Feature_Separation/data=Custom_dataset_deep,docs_per_group=10,experiment=Synthetic_Feature_Separation,logging_policy_ranker=ordered,logging_policy_sampler=e_greedy,num_queries=1000,policy_temperature=1.0,relevance=deep,relevance_tower=deeper,s_doc=10/checkpoint.orbax-checkpoint-tmp-0
[2026-01-18 18:37:07,515][absl][INFO] - Updated CheckpointMetadata=StepMetadata(init_timestamp_nsecs=1768757827486614000, commit_timestamp_nsecs=1768757827515073000) to /Users/stanf/Documents/Uni/Project_AI/two-tower-confounding/results/Synthetic_Feature_Separation/data=Custom_dataset_deep,docs_per_group=10,experiment=Synthetic_Feature_Separation,logging_policy_ranker=ordered,logging_policy_sampler=e_greedy,num_queries=1000,policy_temperature=1.0,relevance=deep,relevance_tower=deeper,s_doc=10/checkpoint.orbax-checkpoint-tmp-0
[2026-01-18 18:37:07,515][absl][INFO] - [process=0][thread=async_save_1] Finished saving checkpoint (finalized tmp dir) to `/Users/stanf/Documents/Uni/Project_AI/two-tower-confounding/results/Synthetic_Feature_Separation/data=Custom_dataset_deep,docs_per_group=10,experiment=Synthetic_Feature_Separation,logging_policy_ranker=ordered,logging_policy_sampler=e_greedy,num_queries=1000,policy_temperature=1.0,relevance=deep,relevance_tower=deeper,s_doc=10/checkpoint`.
[2026-01-18 18:37:07,515][absl][INFO] - [process=0][thread=async_save_1] Background save thread done.
[2026-01-18 18:37:07,515][absl][INFO] - [process=0][thread=MainThread] Done with waiting for background save thread=async_save_1.
[2026-01-18 18:37:07,515][absl][INFO] - [process=0][thread=MainThread] No errors found in background save thread=async_save_1.
