[2026-01-18 15:43:13,843][jax._src.xla_bridge][INFO] - Unable to initialize backend 'tpu': INTERNAL: Failed to open libtpu.so: dlopen(libtpu.so, 0x0001): tried: 'libtpu.so' (no such file), '/System/Volumes/Preboot/Cryptexes/OSlibtpu.so' (no such file), '/opt/homebrew/Caskroom/miniforge/base/envs/two-tower-confounding-2/lib/python3.10/site-packages/jaxlib/../../../libtpu.so' (no such file), '/opt/homebrew/Caskroom/miniforge/base/envs/two-tower-confounding-2/bin/../lib/libtpu.so' (no such file), '/usr/lib/libtpu.so' (no such file, not in dyld cache), 'libtpu.so' (no such file), '/usr/local/lib/libtpu.so' (no such file), '/usr/lib/libtpu.so' (no such file, not in dyld cache)
[2026-01-18 15:43:17,121][jax._src.xla_bridge][INFO] - Unable to initialize backend 'tpu': INTERNAL: Failed to open libtpu.so: dlopen(libtpu.so, 0x0001): tried: 'libtpu.so' (no such file), '/System/Volumes/Preboot/Cryptexes/OSlibtpu.so' (no such file), '/opt/homebrew/Caskroom/miniforge/base/envs/two-tower-confounding-2/lib/python3.10/site-packages/jaxlib/../../../libtpu.so' (no such file), '/opt/homebrew/Caskroom/miniforge/base/envs/two-tower-confounding-2/bin/../lib/libtpu.so' (no such file), '/usr/lib/libtpu.so' (no such file, not in dyld cache), 'libtpu.so' (no such file), '/usr/local/lib/libtpu.so' (no such file), '/usr/lib/libtpu.so' (no such file, not in dyld cache)
[2026-01-18 15:43:18,258][absl][INFO] - orbax-checkpoint version: 0.8.0
[2026-01-18 15:43:18,258][absl][INFO] - [thread=MainThread] Failed to get flag value for EXPERIMENTAL_ORBAX_USE_DISTRIBUTED_PROCESS_ID.
[2026-01-18 15:43:18,259][absl][INFO] - [process=0][thread=MainThread] Using barrier_sync_fn: <function get_barrier_sync_fn.<locals>.<lambda> at 0x3331c1ab0> timeout: 600 secs and primary_host=0 for async checkpoint writes
[2026-01-18 15:43:18,260][absl][INFO] - Restoring checkpoint from /Users/stanf/Documents/Uni/Project_AI/two-tower-confounding/results/Synthetic_Feature_Separation/data=Custom_dataset_deep,docs_per_group=10,experiment=Synthetic_Feature_Separation,logging_policy_ranker=ordered,logging_policy_sampler=e_greedy,num_queries=1000,policy_temperature=1.0,relevance=deep,relevance_tower=deeper,s_doc=10/checkpoint.
[2026-01-18 15:43:18,298][absl][INFO] - [process=0] /jax/checkpoint/read/bytes_per_sec: 6.8 MiB/s (total bytes: 260.0 KiB) (time elapsed: 37 milliseconds) (per-host)
[2026-01-18 15:43:18,299][absl][INFO] - Finished restoring checkpoint from /Users/stanf/Documents/Uni/Project_AI/two-tower-confounding/results/Synthetic_Feature_Separation/data=Custom_dataset_deep,docs_per_group=10,experiment=Synthetic_Feature_Separation,logging_policy_ranker=ordered,logging_policy_sampler=e_greedy,num_queries=1000,policy_temperature=1.0,relevance=deep,relevance_tower=deeper,s_doc=10/checkpoint.
[2026-01-18 15:43:18,299][absl][INFO] - [process=0][thread=MainThread] Skipping global process sync, barrier name: 0_Checkpointer:restore.checkpoint
[2026-01-18 15:43:25,129][absl][INFO] - orbax-checkpoint version: 0.8.0
[2026-01-18 15:43:25,131][absl][INFO] - [thread=MainThread] Failed to get flag value for EXPERIMENTAL_ORBAX_USE_DISTRIBUTED_PROCESS_ID.
[2026-01-18 15:43:25,131][absl][INFO] - [process=0][thread=MainThread] Using barrier_sync_fn: <function get_barrier_sync_fn.<locals>.<lambda> at 0x3458b1ab0> timeout: 600 secs and primary_host=0 for async checkpoint writes
[2026-01-18 15:43:25,132][absl][INFO] - Restoring checkpoint from /Users/stanf/Documents/Uni/Project_AI/two-tower-confounding/results/Synthetic_Feature_Separation/data=Custom_dataset_deep,docs_per_group=10,experiment=Synthetic_Feature_Separation,logging_policy_ranker=ordered,logging_policy_sampler=e_greedy,num_queries=1000,policy_temperature=1.0,relevance=deep,relevance_tower=deeper,s_doc=10/checkpoint.
[2026-01-18 15:43:25,162][absl][INFO] - [process=0] /jax/checkpoint/read/bytes_per_sec: 8.5 MiB/s (total bytes: 260.0 KiB) (time elapsed: 29 milliseconds) (per-host)
[2026-01-18 15:43:25,163][absl][INFO] - Finished restoring checkpoint from /Users/stanf/Documents/Uni/Project_AI/two-tower-confounding/results/Synthetic_Feature_Separation/data=Custom_dataset_deep,docs_per_group=10,experiment=Synthetic_Feature_Separation,logging_policy_ranker=ordered,logging_policy_sampler=e_greedy,num_queries=1000,policy_temperature=1.0,relevance=deep,relevance_tower=deeper,s_doc=10/checkpoint.
[2026-01-18 15:43:25,163][absl][INFO] - [process=0][thread=MainThread] Skipping global process sync, barrier name: 0_Checkpointer:restore.checkpoint
[2026-01-18 15:44:04,715][jax._src.xla_bridge][INFO] - Unable to initialize backend 'tpu': INTERNAL: Failed to open libtpu.so: dlopen(libtpu.so, 0x0001): tried: 'libtpu.so' (no such file), '/System/Volumes/Preboot/Cryptexes/OSlibtpu.so' (no such file), '/opt/homebrew/Caskroom/miniforge/base/envs/two-tower-confounding-2/lib/python3.10/site-packages/jaxlib/../../../libtpu.so' (no such file), '/opt/homebrew/Caskroom/miniforge/base/envs/two-tower-confounding-2/bin/../lib/libtpu.so' (no such file), '/usr/lib/libtpu.so' (no such file, not in dyld cache), 'libtpu.so' (no such file), '/usr/local/lib/libtpu.so' (no such file), '/usr/lib/libtpu.so' (no such file, not in dyld cache)
[2026-01-18 15:44:09,714][absl][INFO] - orbax-checkpoint version: 0.8.0
[2026-01-18 15:44:09,715][absl][INFO] - [thread=MainThread] Failed to get flag value for EXPERIMENTAL_ORBAX_USE_DISTRIBUTED_PROCESS_ID.
[2026-01-18 15:44:09,715][absl][INFO] - [process=0][thread=MainThread] Using barrier_sync_fn: <function get_barrier_sync_fn.<locals>.<lambda> at 0x3267c1ab0> timeout: 600 secs and primary_host=0 for async checkpoint writes
[2026-01-18 15:44:09,716][absl][INFO] - Restoring checkpoint from /Users/stanf/Documents/Uni/Project_AI/two-tower-confounding/results/Synthetic_Feature_Separation/data=Custom_dataset_deep,docs_per_group=10,experiment=Synthetic_Feature_Separation,logging_policy_ranker=ordered,logging_policy_sampler=e_greedy,num_queries=1000,policy_temperature=1.0,relevance=deep,relevance_tower=deeper,s_doc=10/checkpoint.
[2026-01-18 15:44:09,794][absl][INFO] - [process=0] /jax/checkpoint/read/bytes_per_sec: 3.3 MiB/s (total bytes: 260.0 KiB) (time elapsed: 77 milliseconds) (per-host)
[2026-01-18 15:44:09,795][absl][INFO] - Finished restoring checkpoint from /Users/stanf/Documents/Uni/Project_AI/two-tower-confounding/results/Synthetic_Feature_Separation/data=Custom_dataset_deep,docs_per_group=10,experiment=Synthetic_Feature_Separation,logging_policy_ranker=ordered,logging_policy_sampler=e_greedy,num_queries=1000,policy_temperature=1.0,relevance=deep,relevance_tower=deeper,s_doc=10/checkpoint.
[2026-01-18 15:44:09,795][absl][INFO] - [process=0][thread=MainThread] Skipping global process sync, barrier name: 0_Checkpointer:restore.checkpoint
[2026-01-18 15:44:10,566][jax._src.xla_bridge][INFO] - Unable to initialize backend 'tpu': INTERNAL: Failed to open libtpu.so: dlopen(libtpu.so, 0x0001): tried: 'libtpu.so' (no such file), '/System/Volumes/Preboot/Cryptexes/OSlibtpu.so' (no such file), '/opt/homebrew/Caskroom/miniforge/base/envs/two-tower-confounding-2/lib/python3.10/site-packages/jaxlib/../../../libtpu.so' (no such file), '/opt/homebrew/Caskroom/miniforge/base/envs/two-tower-confounding-2/bin/../lib/libtpu.so' (no such file), '/usr/lib/libtpu.so' (no such file, not in dyld cache), 'libtpu.so' (no such file), '/usr/local/lib/libtpu.so' (no such file), '/usr/lib/libtpu.so' (no such file, not in dyld cache)
[2026-01-18 15:44:19,665][absl][INFO] - orbax-checkpoint version: 0.8.0
[2026-01-18 15:44:19,666][absl][INFO] - [thread=MainThread] Failed to get flag value for EXPERIMENTAL_ORBAX_USE_DISTRIBUTED_PROCESS_ID.
[2026-01-18 15:44:19,666][absl][INFO] - [process=0][thread=MainThread] Using barrier_sync_fn: <function get_barrier_sync_fn.<locals>.<lambda> at 0x33acc1ab0> timeout: 600 secs and primary_host=0 for async checkpoint writes
[2026-01-18 15:44:19,667][absl][INFO] - Restoring checkpoint from /Users/stanf/Documents/Uni/Project_AI/two-tower-confounding/results/Synthetic_Feature_Separation/data=Custom_dataset_deep,docs_per_group=10,experiment=Synthetic_Feature_Separation,logging_policy_ranker=ordered,logging_policy_sampler=e_greedy,num_queries=1000,policy_temperature=1.0,relevance=deep,relevance_tower=deeper,s_doc=10/checkpoint.
[2026-01-18 15:44:19,698][absl][INFO] - [process=0] /jax/checkpoint/read/bytes_per_sec: 8.4 MiB/s (total bytes: 260.0 KiB) (time elapsed: 30 milliseconds) (per-host)
[2026-01-18 15:44:19,699][absl][INFO] - Finished restoring checkpoint from /Users/stanf/Documents/Uni/Project_AI/two-tower-confounding/results/Synthetic_Feature_Separation/data=Custom_dataset_deep,docs_per_group=10,experiment=Synthetic_Feature_Separation,logging_policy_ranker=ordered,logging_policy_sampler=e_greedy,num_queries=1000,policy_temperature=1.0,relevance=deep,relevance_tower=deeper,s_doc=10/checkpoint.
[2026-01-18 15:44:19,699][absl][INFO] - [process=0][thread=MainThread] Skipping global process sync, barrier name: 0_Checkpointer:restore.checkpoint
[2026-01-18 15:44:29,592][jax._src.xla_bridge][INFO] - Unable to initialize backend 'tpu': INTERNAL: Failed to open libtpu.so: dlopen(libtpu.so, 0x0001): tried: 'libtpu.so' (no such file), '/System/Volumes/Preboot/Cryptexes/OSlibtpu.so' (no such file), '/opt/homebrew/Caskroom/miniforge/base/envs/two-tower-confounding-2/lib/python3.10/site-packages/jaxlib/../../../libtpu.so' (no such file), '/opt/homebrew/Caskroom/miniforge/base/envs/two-tower-confounding-2/bin/../lib/libtpu.so' (no such file), '/usr/lib/libtpu.so' (no such file, not in dyld cache), 'libtpu.so' (no such file), '/usr/local/lib/libtpu.so' (no such file), '/usr/lib/libtpu.so' (no such file, not in dyld cache)
[2026-01-18 15:44:34,222][absl][INFO] - orbax-checkpoint version: 0.8.0
[2026-01-18 15:44:34,222][absl][INFO] - [thread=MainThread] Failed to get flag value for EXPERIMENTAL_ORBAX_USE_DISTRIBUTED_PROCESS_ID.
[2026-01-18 15:44:34,222][absl][INFO] - [process=0][thread=MainThread] Using barrier_sync_fn: <function get_barrier_sync_fn.<locals>.<lambda> at 0x33c2c1ab0> timeout: 600 secs and primary_host=0 for async checkpoint writes
[2026-01-18 15:44:34,224][absl][INFO] - Restoring checkpoint from /Users/stanf/Documents/Uni/Project_AI/two-tower-confounding/results/Synthetic_Feature_Separation/data=Custom_dataset_deep,docs_per_group=10,experiment=Synthetic_Feature_Separation,logging_policy_ranker=ordered,logging_policy_sampler=e_greedy,num_queries=1000,policy_temperature=1.0,relevance=deep,relevance_tower=deeper,s_doc=10/checkpoint.
[2026-01-18 15:44:34,260][absl][INFO] - [process=0] /jax/checkpoint/read/bytes_per_sec: 7.4 MiB/s (total bytes: 260.0 KiB) (time elapsed: 34 milliseconds) (per-host)
[2026-01-18 15:44:34,260][absl][INFO] - Finished restoring checkpoint from /Users/stanf/Documents/Uni/Project_AI/two-tower-confounding/results/Synthetic_Feature_Separation/data=Custom_dataset_deep,docs_per_group=10,experiment=Synthetic_Feature_Separation,logging_policy_ranker=ordered,logging_policy_sampler=e_greedy,num_queries=1000,policy_temperature=1.0,relevance=deep,relevance_tower=deeper,s_doc=10/checkpoint.
[2026-01-18 15:44:34,261][absl][INFO] - [process=0][thread=MainThread] Skipping global process sync, barrier name: 0_Checkpointer:restore.checkpoint
[2026-01-18 15:44:34,832][jax._src.xla_bridge][INFO] - Unable to initialize backend 'tpu': INTERNAL: Failed to open libtpu.so: dlopen(libtpu.so, 0x0001): tried: 'libtpu.so' (no such file), '/System/Volumes/Preboot/Cryptexes/OSlibtpu.so' (no such file), '/opt/homebrew/Caskroom/miniforge/base/envs/two-tower-confounding-2/lib/python3.10/site-packages/jaxlib/../../../libtpu.so' (no such file), '/opt/homebrew/Caskroom/miniforge/base/envs/two-tower-confounding-2/bin/../lib/libtpu.so' (no such file), '/usr/lib/libtpu.so' (no such file, not in dyld cache), 'libtpu.so' (no such file), '/usr/local/lib/libtpu.so' (no such file), '/usr/lib/libtpu.so' (no such file, not in dyld cache)
[2026-01-18 15:44:44,478][absl][INFO] - orbax-checkpoint version: 0.8.0
[2026-01-18 15:44:44,479][absl][INFO] - [thread=MainThread] Failed to get flag value for EXPERIMENTAL_ORBAX_USE_DISTRIBUTED_PROCESS_ID.
[2026-01-18 15:44:44,479][absl][INFO] - [process=0][thread=MainThread] Using barrier_sync_fn: <function get_barrier_sync_fn.<locals>.<lambda> at 0x32cec1ab0> timeout: 600 secs and primary_host=0 for async checkpoint writes
[2026-01-18 15:44:44,481][absl][INFO] - Restoring checkpoint from /Users/stanf/Documents/Uni/Project_AI/two-tower-confounding/results/Synthetic_Feature_Separation/data=Custom_dataset_deep,docs_per_group=10,experiment=Synthetic_Feature_Separation,logging_policy_ranker=ordered,logging_policy_sampler=e_greedy,num_queries=1000,policy_temperature=1.0,relevance=deep,relevance_tower=deeper,s_doc=10/checkpoint.
[2026-01-18 15:44:44,546][absl][INFO] - [process=0] /jax/checkpoint/read/bytes_per_sec: 3.9 MiB/s (total bytes: 260.0 KiB) (time elapsed: 64 milliseconds) (per-host)
[2026-01-18 15:44:44,546][absl][INFO] - Finished restoring checkpoint from /Users/stanf/Documents/Uni/Project_AI/two-tower-confounding/results/Synthetic_Feature_Separation/data=Custom_dataset_deep,docs_per_group=10,experiment=Synthetic_Feature_Separation,logging_policy_ranker=ordered,logging_policy_sampler=e_greedy,num_queries=1000,policy_temperature=1.0,relevance=deep,relevance_tower=deeper,s_doc=10/checkpoint.
[2026-01-18 15:44:44,546][absl][INFO] - [process=0][thread=MainThread] Skipping global process sync, barrier name: 0_Checkpointer:restore.checkpoint
[2026-01-18 15:45:18,542][jax._src.xla_bridge][INFO] - Unable to initialize backend 'tpu': INTERNAL: Failed to open libtpu.so: dlopen(libtpu.so, 0x0001): tried: 'libtpu.so' (no such file), '/System/Volumes/Preboot/Cryptexes/OSlibtpu.so' (no such file), '/opt/homebrew/Caskroom/miniforge/base/envs/two-tower-confounding-2/lib/python3.10/site-packages/jaxlib/../../../libtpu.so' (no such file), '/opt/homebrew/Caskroom/miniforge/base/envs/two-tower-confounding-2/bin/../lib/libtpu.so' (no such file), '/usr/lib/libtpu.so' (no such file, not in dyld cache), 'libtpu.so' (no such file), '/usr/local/lib/libtpu.so' (no such file), '/usr/lib/libtpu.so' (no such file, not in dyld cache)
[2026-01-18 15:45:22,501][absl][INFO] - orbax-checkpoint version: 0.8.0
[2026-01-18 15:45:22,502][absl][INFO] - [thread=MainThread] Failed to get flag value for EXPERIMENTAL_ORBAX_USE_DISTRIBUTED_PROCESS_ID.
[2026-01-18 15:45:22,502][absl][INFO] - [process=0][thread=MainThread] Using barrier_sync_fn: <function get_barrier_sync_fn.<locals>.<lambda> at 0x326bc1ab0> timeout: 600 secs and primary_host=0 for async checkpoint writes
[2026-01-18 15:45:22,503][absl][INFO] - Restoring checkpoint from /Users/stanf/Documents/Uni/Project_AI/two-tower-confounding/results/Synthetic_Feature_Separation/data=Custom_dataset_deep,docs_per_group=10,experiment=Synthetic_Feature_Separation,logging_policy_ranker=ordered,logging_policy_sampler=e_greedy,num_queries=1000,policy_temperature=1.0,relevance=deep,relevance_tower=deeper,s_doc=10/checkpoint.
[2026-01-18 15:45:22,533][absl][INFO] - [process=0] /jax/checkpoint/read/bytes_per_sec: 8.8 MiB/s (total bytes: 260.0 KiB) (time elapsed: 28 milliseconds) (per-host)
[2026-01-18 15:45:22,533][absl][INFO] - Finished restoring checkpoint from /Users/stanf/Documents/Uni/Project_AI/two-tower-confounding/results/Synthetic_Feature_Separation/data=Custom_dataset_deep,docs_per_group=10,experiment=Synthetic_Feature_Separation,logging_policy_ranker=ordered,logging_policy_sampler=e_greedy,num_queries=1000,policy_temperature=1.0,relevance=deep,relevance_tower=deeper,s_doc=10/checkpoint.
[2026-01-18 15:45:22,533][absl][INFO] - [process=0][thread=MainThread] Skipping global process sync, barrier name: 0_Checkpointer:restore.checkpoint
[2026-01-18 17:19:37,775][jax._src.xla_bridge][INFO] - Unable to initialize backend 'tpu': INTERNAL: Failed to open libtpu.so: dlopen(libtpu.so, 0x0001): tried: 'libtpu.so' (no such file), '/System/Volumes/Preboot/Cryptexes/OSlibtpu.so' (no such file), '/opt/homebrew/Caskroom/miniforge/base/envs/two-tower-confounding-2/lib/python3.10/site-packages/jaxlib/../../../libtpu.so' (no such file), '/opt/homebrew/Caskroom/miniforge/base/envs/two-tower-confounding-2/bin/../lib/libtpu.so' (no such file), '/usr/lib/libtpu.so' (no such file, not in dyld cache), 'libtpu.so' (no such file), '/usr/local/lib/libtpu.so' (no such file), '/usr/lib/libtpu.so' (no such file, not in dyld cache)
[2026-01-18 17:20:47,646][absl][INFO] - orbax-checkpoint version: 0.8.0
[2026-01-18 17:20:47,648][absl][INFO] - [thread=MainThread] Failed to get flag value for EXPERIMENTAL_ORBAX_USE_DISTRIBUTED_PROCESS_ID.
[2026-01-18 17:20:47,648][absl][INFO] - [process=0][thread=MainThread] Using barrier_sync_fn: <function get_barrier_sync_fn.<locals>.<lambda> at 0x3428c1ab0> timeout: 600 secs and primary_host=0 for async checkpoint writes
[2026-01-18 17:20:47,650][absl][INFO] - Restoring checkpoint from /Users/stanf/Documents/Uni/Project_AI/two-tower-confounding/results/Synthetic_Feature_Separation/data=Custom_dataset_deep,docs_per_group=10,experiment=Synthetic_Feature_Separation,logging_policy_ranker=ordered,logging_policy_sampler=e_greedy,num_queries=1000,policy_temperature=1.0,relevance=deep,relevance_tower=deeper,s_doc=10/checkpoint.
[2026-01-18 17:20:47,753][absl][INFO] - [process=0] /jax/checkpoint/read/bytes_per_sec: 2.5 MiB/s (total bytes: 260.0 KiB) (time elapsed: 101 milliseconds) (per-host)
[2026-01-18 17:20:47,753][absl][INFO] - Finished restoring checkpoint from /Users/stanf/Documents/Uni/Project_AI/two-tower-confounding/results/Synthetic_Feature_Separation/data=Custom_dataset_deep,docs_per_group=10,experiment=Synthetic_Feature_Separation,logging_policy_ranker=ordered,logging_policy_sampler=e_greedy,num_queries=1000,policy_temperature=1.0,relevance=deep,relevance_tower=deeper,s_doc=10/checkpoint.
[2026-01-18 17:20:47,753][absl][INFO] - [process=0][thread=MainThread] Skipping global process sync, barrier name: 0_Checkpointer:restore.checkpoint
[2026-01-18 17:22:12,928][jax._src.xla_bridge][INFO] - Unable to initialize backend 'tpu': INTERNAL: Failed to open libtpu.so: dlopen(libtpu.so, 0x0001): tried: 'libtpu.so' (no such file), '/System/Volumes/Preboot/Cryptexes/OSlibtpu.so' (no such file), '/opt/homebrew/Caskroom/miniforge/base/envs/two-tower-confounding-2/lib/python3.10/site-packages/jaxlib/../../../libtpu.so' (no such file), '/opt/homebrew/Caskroom/miniforge/base/envs/two-tower-confounding-2/bin/../lib/libtpu.so' (no such file), '/usr/lib/libtpu.so' (no such file, not in dyld cache), 'libtpu.so' (no such file), '/usr/local/lib/libtpu.so' (no such file), '/usr/lib/libtpu.so' (no such file, not in dyld cache)
[2026-01-18 17:24:23,098][absl][INFO] - orbax-checkpoint version: 0.8.0
[2026-01-18 17:24:23,099][absl][INFO] - [thread=MainThread] Failed to get flag value for EXPERIMENTAL_ORBAX_USE_DISTRIBUTED_PROCESS_ID.
[2026-01-18 17:24:23,099][absl][INFO] - [process=0][thread=MainThread] Using barrier_sync_fn: <function get_barrier_sync_fn.<locals>.<lambda> at 0x3465d5ab0> timeout: 600 secs and primary_host=0 for async checkpoint writes
[2026-01-18 17:24:23,101][absl][INFO] - Restoring checkpoint from /Users/stanf/Documents/Uni/Project_AI/two-tower-confounding/results/Synthetic_Feature_Separation/data=Custom_dataset_deep,docs_per_group=10,experiment=Synthetic_Feature_Separation,logging_policy_ranker=ordered,logging_policy_sampler=e_greedy,num_queries=1000,policy_temperature=1.0,relevance=deep,relevance_tower=deeper,s_doc=10/checkpoint.
[2026-01-18 17:24:23,132][absl][INFO] - [process=0] /jax/checkpoint/read/bytes_per_sec: 8.4 MiB/s (total bytes: 260.0 KiB) (time elapsed: 30 milliseconds) (per-host)
[2026-01-18 17:24:23,132][absl][INFO] - Finished restoring checkpoint from /Users/stanf/Documents/Uni/Project_AI/two-tower-confounding/results/Synthetic_Feature_Separation/data=Custom_dataset_deep,docs_per_group=10,experiment=Synthetic_Feature_Separation,logging_policy_ranker=ordered,logging_policy_sampler=e_greedy,num_queries=1000,policy_temperature=1.0,relevance=deep,relevance_tower=deeper,s_doc=10/checkpoint.
[2026-01-18 17:24:23,132][absl][INFO] - [process=0][thread=MainThread] Skipping global process sync, barrier name: 0_Checkpointer:restore.checkpoint
[2026-01-18 17:25:33,344][jax._src.xla_bridge][INFO] - Unable to initialize backend 'tpu': INTERNAL: Failed to open libtpu.so: dlopen(libtpu.so, 0x0001): tried: 'libtpu.so' (no such file), '/System/Volumes/Preboot/Cryptexes/OSlibtpu.so' (no such file), '/opt/homebrew/Caskroom/miniforge/base/envs/two-tower-confounding-2/lib/python3.10/site-packages/jaxlib/../../../libtpu.so' (no such file), '/opt/homebrew/Caskroom/miniforge/base/envs/two-tower-confounding-2/bin/../lib/libtpu.so' (no such file), '/usr/lib/libtpu.so' (no such file, not in dyld cache), 'libtpu.so' (no such file), '/usr/local/lib/libtpu.so' (no such file), '/usr/lib/libtpu.so' (no such file, not in dyld cache)
[2026-01-18 17:25:41,422][jax._src.xla_bridge][INFO] - Unable to initialize backend 'tpu': INTERNAL: Failed to open libtpu.so: dlopen(libtpu.so, 0x0001): tried: 'libtpu.so' (no such file), '/System/Volumes/Preboot/Cryptexes/OSlibtpu.so' (no such file), '/opt/homebrew/Caskroom/miniforge/base/envs/two-tower-confounding-2/lib/python3.10/site-packages/jaxlib/../../../libtpu.so' (no such file), '/opt/homebrew/Caskroom/miniforge/base/envs/two-tower-confounding-2/bin/../lib/libtpu.so' (no such file), '/usr/lib/libtpu.so' (no such file, not in dyld cache), 'libtpu.so' (no such file), '/usr/local/lib/libtpu.so' (no such file), '/usr/lib/libtpu.so' (no such file, not in dyld cache)
[2026-01-18 17:26:09,009][absl][INFO] - orbax-checkpoint version: 0.8.0
[2026-01-18 17:26:09,011][absl][INFO] - [thread=MainThread] Failed to get flag value for EXPERIMENTAL_ORBAX_USE_DISTRIBUTED_PROCESS_ID.
[2026-01-18 17:26:09,011][absl][INFO] - [process=0][thread=MainThread] Using barrier_sync_fn: <function get_barrier_sync_fn.<locals>.<lambda> at 0x33cbc1ab0> timeout: 600 secs and primary_host=0 for async checkpoint writes
[2026-01-18 17:26:09,012][absl][INFO] - Restoring checkpoint from /Users/stanf/Documents/Uni/Project_AI/two-tower-confounding/results/Synthetic_Feature_Separation/data=Custom_dataset_deep,docs_per_group=10,experiment=Synthetic_Feature_Separation,logging_policy_ranker=ordered,logging_policy_sampler=e_greedy,num_queries=1000,policy_temperature=1.0,relevance=deep,relevance_tower=deeper,s_doc=10/checkpoint.
[2026-01-18 17:26:09,036][absl][INFO] - [process=0] /jax/checkpoint/read/bytes_per_sec: 11.0 MiB/s (total bytes: 260.0 KiB) (time elapsed: 23 milliseconds) (per-host)
[2026-01-18 17:26:09,036][absl][INFO] - Finished restoring checkpoint from /Users/stanf/Documents/Uni/Project_AI/two-tower-confounding/results/Synthetic_Feature_Separation/data=Custom_dataset_deep,docs_per_group=10,experiment=Synthetic_Feature_Separation,logging_policy_ranker=ordered,logging_policy_sampler=e_greedy,num_queries=1000,policy_temperature=1.0,relevance=deep,relevance_tower=deeper,s_doc=10/checkpoint.
[2026-01-18 17:26:09,036][absl][INFO] - [process=0][thread=MainThread] Skipping global process sync, barrier name: 0_Checkpointer:restore.checkpoint
[2026-01-18 17:26:21,897][absl][INFO] - orbax-checkpoint version: 0.8.0
[2026-01-18 17:26:21,899][absl][INFO] - [thread=MainThread] Failed to get flag value for EXPERIMENTAL_ORBAX_USE_DISTRIBUTED_PROCESS_ID.
[2026-01-18 17:26:21,899][absl][INFO] - [process=0][thread=MainThread] Using barrier_sync_fn: <function get_barrier_sync_fn.<locals>.<lambda> at 0x31e8c1ab0> timeout: 600 secs and primary_host=0 for async checkpoint writes
[2026-01-18 17:26:21,901][absl][INFO] - Restoring checkpoint from /Users/stanf/Documents/Uni/Project_AI/two-tower-confounding/results/Synthetic_Feature_Separation/data=Custom_dataset_deep,docs_per_group=10,experiment=Synthetic_Feature_Separation,logging_policy_ranker=ordered,logging_policy_sampler=e_greedy,num_queries=1000,policy_temperature=1.0,relevance=deep,relevance_tower=deeper,s_doc=10/checkpoint.
[2026-01-18 17:26:21,926][absl][INFO] - [process=0] /jax/checkpoint/read/bytes_per_sec: 10.2 MiB/s (total bytes: 260.0 KiB) (time elapsed: 24 milliseconds) (per-host)
[2026-01-18 17:26:21,928][absl][INFO] - Finished restoring checkpoint from /Users/stanf/Documents/Uni/Project_AI/two-tower-confounding/results/Synthetic_Feature_Separation/data=Custom_dataset_deep,docs_per_group=10,experiment=Synthetic_Feature_Separation,logging_policy_ranker=ordered,logging_policy_sampler=e_greedy,num_queries=1000,policy_temperature=1.0,relevance=deep,relevance_tower=deeper,s_doc=10/checkpoint.
[2026-01-18 17:26:21,928][absl][INFO] - [process=0][thread=MainThread] Skipping global process sync, barrier name: 0_Checkpointer:restore.checkpoint
[2026-01-18 17:30:25,043][jax._src.xla_bridge][INFO] - Unable to initialize backend 'tpu': INTERNAL: Failed to open libtpu.so: dlopen(libtpu.so, 0x0001): tried: 'libtpu.so' (no such file), '/System/Volumes/Preboot/Cryptexes/OSlibtpu.so' (no such file), '/opt/homebrew/Caskroom/miniforge/base/envs/two-tower-confounding-2/lib/python3.10/site-packages/jaxlib/../../../libtpu.so' (no such file), '/opt/homebrew/Caskroom/miniforge/base/envs/two-tower-confounding-2/bin/../lib/libtpu.so' (no such file), '/usr/lib/libtpu.so' (no such file, not in dyld cache), 'libtpu.so' (no such file), '/usr/local/lib/libtpu.so' (no such file), '/usr/lib/libtpu.so' (no such file, not in dyld cache)
[2026-01-18 17:30:54,542][jax._src.xla_bridge][INFO] - Unable to initialize backend 'tpu': INTERNAL: Failed to open libtpu.so: dlopen(libtpu.so, 0x0001): tried: 'libtpu.so' (no such file), '/System/Volumes/Preboot/Cryptexes/OSlibtpu.so' (no such file), '/opt/homebrew/Caskroom/miniforge/base/envs/two-tower-confounding-2/lib/python3.10/site-packages/jaxlib/../../../libtpu.so' (no such file), '/opt/homebrew/Caskroom/miniforge/base/envs/two-tower-confounding-2/bin/../lib/libtpu.so' (no such file), '/usr/lib/libtpu.so' (no such file, not in dyld cache), 'libtpu.so' (no such file), '/usr/local/lib/libtpu.so' (no such file), '/usr/lib/libtpu.so' (no such file, not in dyld cache)
[2026-01-18 17:31:06,504][absl][INFO] - orbax-checkpoint version: 0.8.0
[2026-01-18 17:31:06,505][absl][INFO] - [thread=MainThread] Failed to get flag value for EXPERIMENTAL_ORBAX_USE_DISTRIBUTED_PROCESS_ID.
[2026-01-18 17:31:06,505][absl][INFO] - [process=0][thread=MainThread] Using barrier_sync_fn: <function get_barrier_sync_fn.<locals>.<lambda> at 0x3454c1ab0> timeout: 600 secs and primary_host=0 for async checkpoint writes
[2026-01-18 17:31:06,507][absl][INFO] - Restoring checkpoint from /Users/stanf/Documents/Uni/Project_AI/two-tower-confounding/results/Synthetic_Feature_Separation/data=Custom_dataset_deep,docs_per_group=10,experiment=Synthetic_Feature_Separation,logging_policy_ranker=ordered,logging_policy_sampler=e_greedy,num_queries=1000,policy_temperature=1.0,relevance=deep,relevance_tower=deeper,s_doc=10/checkpoint.
[2026-01-18 17:31:06,550][absl][INFO] - [process=0] /jax/checkpoint/read/bytes_per_sec: 6.4 MiB/s (total bytes: 260.0 KiB) (time elapsed: 39 milliseconds) (per-host)
[2026-01-18 17:31:06,552][absl][INFO] - Finished restoring checkpoint from /Users/stanf/Documents/Uni/Project_AI/two-tower-confounding/results/Synthetic_Feature_Separation/data=Custom_dataset_deep,docs_per_group=10,experiment=Synthetic_Feature_Separation,logging_policy_ranker=ordered,logging_policy_sampler=e_greedy,num_queries=1000,policy_temperature=1.0,relevance=deep,relevance_tower=deeper,s_doc=10/checkpoint.
[2026-01-18 17:31:06,552][absl][INFO] - [process=0][thread=MainThread] Skipping global process sync, barrier name: 0_Checkpointer:restore.checkpoint
[2026-01-18 17:31:11,504][jax._src.xla_bridge][INFO] - Unable to initialize backend 'tpu': INTERNAL: Failed to open libtpu.so: dlopen(libtpu.so, 0x0001): tried: 'libtpu.so' (no such file), '/System/Volumes/Preboot/Cryptexes/OSlibtpu.so' (no such file), '/opt/homebrew/Caskroom/miniforge/base/envs/two-tower-confounding-2/lib/python3.10/site-packages/jaxlib/../../../libtpu.so' (no such file), '/opt/homebrew/Caskroom/miniforge/base/envs/two-tower-confounding-2/bin/../lib/libtpu.so' (no such file), '/usr/lib/libtpu.so' (no such file, not in dyld cache), 'libtpu.so' (no such file), '/usr/local/lib/libtpu.so' (no such file), '/usr/lib/libtpu.so' (no such file, not in dyld cache)
[2026-01-18 17:31:28,344][absl][INFO] - orbax-checkpoint version: 0.8.0
[2026-01-18 17:31:28,345][absl][INFO] - [thread=MainThread] Failed to get flag value for EXPERIMENTAL_ORBAX_USE_DISTRIBUTED_PROCESS_ID.
[2026-01-18 17:31:28,345][absl][INFO] - [process=0][thread=MainThread] Using barrier_sync_fn: <function get_barrier_sync_fn.<locals>.<lambda> at 0x3105c1ab0> timeout: 600 secs and primary_host=0 for async checkpoint writes
[2026-01-18 17:31:28,346][absl][INFO] - Restoring checkpoint from /Users/stanf/Documents/Uni/Project_AI/two-tower-confounding/results/Synthetic_Feature_Separation/data=Custom_dataset_deep,docs_per_group=10,experiment=Synthetic_Feature_Separation,logging_policy_ranker=ordered,logging_policy_sampler=e_greedy,num_queries=1000,policy_temperature=1.0,relevance=deep,relevance_tower=deeper,s_doc=10/checkpoint.
[2026-01-18 17:31:28,377][absl][INFO] - [process=0] /jax/checkpoint/read/bytes_per_sec: 8.3 MiB/s (total bytes: 260.0 KiB) (time elapsed: 30 milliseconds) (per-host)
[2026-01-18 17:31:28,379][absl][INFO] - Finished restoring checkpoint from /Users/stanf/Documents/Uni/Project_AI/two-tower-confounding/results/Synthetic_Feature_Separation/data=Custom_dataset_deep,docs_per_group=10,experiment=Synthetic_Feature_Separation,logging_policy_ranker=ordered,logging_policy_sampler=e_greedy,num_queries=1000,policy_temperature=1.0,relevance=deep,relevance_tower=deeper,s_doc=10/checkpoint.
[2026-01-18 17:31:28,379][absl][INFO] - [process=0][thread=MainThread] Skipping global process sync, barrier name: 0_Checkpointer:restore.checkpoint
[2026-01-18 17:32:01,263][absl][INFO] - orbax-checkpoint version: 0.8.0
[2026-01-18 17:32:01,268][absl][INFO] - [thread=MainThread] Failed to get flag value for EXPERIMENTAL_ORBAX_USE_DISTRIBUTED_PROCESS_ID.
[2026-01-18 17:32:01,268][absl][INFO] - [process=0][thread=MainThread] Using barrier_sync_fn: <function get_barrier_sync_fn.<locals>.<lambda> at 0x3370c1ab0> timeout: 600 secs and primary_host=0 for async checkpoint writes
[2026-01-18 17:32:01,270][absl][INFO] - Restoring checkpoint from /Users/stanf/Documents/Uni/Project_AI/two-tower-confounding/results/Synthetic_Feature_Separation/data=Custom_dataset_deep,docs_per_group=10,experiment=Synthetic_Feature_Separation,logging_policy_ranker=ordered,logging_policy_sampler=e_greedy,num_queries=1000,policy_temperature=1.0,relevance=deep,relevance_tower=deeper,s_doc=10/checkpoint.
[2026-01-18 17:32:01,366][absl][INFO] - [process=0] /jax/checkpoint/read/bytes_per_sec: 2.7 MiB/s (total bytes: 260.0 KiB) (time elapsed: 95 milliseconds) (per-host)
[2026-01-18 17:32:01,366][absl][INFO] - Finished restoring checkpoint from /Users/stanf/Documents/Uni/Project_AI/two-tower-confounding/results/Synthetic_Feature_Separation/data=Custom_dataset_deep,docs_per_group=10,experiment=Synthetic_Feature_Separation,logging_policy_ranker=ordered,logging_policy_sampler=e_greedy,num_queries=1000,policy_temperature=1.0,relevance=deep,relevance_tower=deeper,s_doc=10/checkpoint.
[2026-01-18 17:32:01,367][absl][INFO] - [process=0][thread=MainThread] Skipping global process sync, barrier name: 0_Checkpointer:restore.checkpoint
[2026-01-18 18:37:11,420][jax._src.xla_bridge][INFO] - Unable to initialize backend 'tpu': INTERNAL: Failed to open libtpu.so: dlopen(libtpu.so, 0x0001): tried: 'libtpu.so' (no such file), '/System/Volumes/Preboot/Cryptexes/OSlibtpu.so' (no such file), '/opt/homebrew/Caskroom/miniforge/base/envs/two-tower-confounding-2/lib/python3.10/site-packages/jaxlib/../../../libtpu.so' (no such file), '/opt/homebrew/Caskroom/miniforge/base/envs/two-tower-confounding-2/bin/../lib/libtpu.so' (no such file), '/usr/lib/libtpu.so' (no such file, not in dyld cache), 'libtpu.so' (no such file), '/usr/local/lib/libtpu.so' (no such file), '/usr/lib/libtpu.so' (no such file, not in dyld cache)
[2026-01-18 18:37:11,425][jax._src.xla_bridge][INFO] - Unable to initialize backend 'tpu': INTERNAL: Failed to open libtpu.so: dlopen(libtpu.so, 0x0001): tried: 'libtpu.so' (no such file), '/System/Volumes/Preboot/Cryptexes/OSlibtpu.so' (no such file), '/opt/homebrew/Caskroom/miniforge/base/envs/two-tower-confounding-2/lib/python3.10/site-packages/jaxlib/../../../libtpu.so' (no such file), '/opt/homebrew/Caskroom/miniforge/base/envs/two-tower-confounding-2/bin/../lib/libtpu.so' (no such file), '/usr/lib/libtpu.so' (no such file, not in dyld cache), 'libtpu.so' (no such file), '/usr/local/lib/libtpu.so' (no such file), '/usr/lib/libtpu.so' (no such file, not in dyld cache)
[2026-01-18 18:37:11,425][jax._src.xla_bridge][INFO] - Unable to initialize backend 'tpu': INTERNAL: Failed to open libtpu.so: dlopen(libtpu.so, 0x0001): tried: 'libtpu.so' (no such file), '/System/Volumes/Preboot/Cryptexes/OSlibtpu.so' (no such file), '/opt/homebrew/Caskroom/miniforge/base/envs/two-tower-confounding-2/lib/python3.10/site-packages/jaxlib/../../../libtpu.so' (no such file), '/opt/homebrew/Caskroom/miniforge/base/envs/two-tower-confounding-2/bin/../lib/libtpu.so' (no such file), '/usr/lib/libtpu.so' (no such file, not in dyld cache), 'libtpu.so' (no such file), '/usr/local/lib/libtpu.so' (no such file), '/usr/lib/libtpu.so' (no such file, not in dyld cache)
[2026-01-18 18:37:11,429][jax._src.xla_bridge][INFO] - Unable to initialize backend 'tpu': INTERNAL: Failed to open libtpu.so: dlopen(libtpu.so, 0x0001): tried: 'libtpu.so' (no such file), '/System/Volumes/Preboot/Cryptexes/OSlibtpu.so' (no such file), '/opt/homebrew/Caskroom/miniforge/base/envs/two-tower-confounding-2/lib/python3.10/site-packages/jaxlib/../../../libtpu.so' (no such file), '/opt/homebrew/Caskroom/miniforge/base/envs/two-tower-confounding-2/bin/../lib/libtpu.so' (no such file), '/usr/lib/libtpu.so' (no such file, not in dyld cache), 'libtpu.so' (no such file), '/usr/local/lib/libtpu.so' (no such file), '/usr/lib/libtpu.so' (no such file, not in dyld cache)
[2026-01-18 18:37:11,430][jax._src.xla_bridge][INFO] - Unable to initialize backend 'tpu': INTERNAL: Failed to open libtpu.so: dlopen(libtpu.so, 0x0001): tried: 'libtpu.so' (no such file), '/System/Volumes/Preboot/Cryptexes/OSlibtpu.so' (no such file), '/opt/homebrew/Caskroom/miniforge/base/envs/two-tower-confounding-2/lib/python3.10/site-packages/jaxlib/../../../libtpu.so' (no such file), '/opt/homebrew/Caskroom/miniforge/base/envs/two-tower-confounding-2/bin/../lib/libtpu.so' (no such file), '/usr/lib/libtpu.so' (no such file, not in dyld cache), 'libtpu.so' (no such file), '/usr/local/lib/libtpu.so' (no such file), '/usr/lib/libtpu.so' (no such file, not in dyld cache)
[2026-01-18 18:37:42,206][absl][INFO] - orbax-checkpoint version: 0.8.0
[2026-01-18 18:37:42,209][absl][INFO] - [thread=MainThread] Failed to get flag value for EXPERIMENTAL_ORBAX_USE_DISTRIBUTED_PROCESS_ID.
[2026-01-18 18:37:42,209][absl][INFO] - [process=0][thread=MainThread] Using barrier_sync_fn: <function get_barrier_sync_fn.<locals>.<lambda> at 0x33cec1ab0> timeout: 600 secs and primary_host=0 for async checkpoint writes
[2026-01-18 18:37:42,211][absl][INFO] - Restoring checkpoint from /Users/stanf/Documents/Uni/Project_AI/two-tower-confounding/results/Synthetic_Feature_Separation/data=Custom_dataset_deep,docs_per_group=10,experiment=Synthetic_Feature_Separation,logging_policy_ranker=ordered,logging_policy_sampler=e_greedy,num_queries=1000,policy_temperature=1.0,relevance=deep,relevance_tower=deeper,s_doc=10/checkpoint.
[2026-01-18 18:37:42,248][absl][INFO] - [process=0] /jax/checkpoint/read/bytes_per_sec: 7.0 MiB/s (total bytes: 260.0 KiB) (time elapsed: 36 milliseconds) (per-host)
[2026-01-18 18:37:42,248][absl][INFO] - Finished restoring checkpoint from /Users/stanf/Documents/Uni/Project_AI/two-tower-confounding/results/Synthetic_Feature_Separation/data=Custom_dataset_deep,docs_per_group=10,experiment=Synthetic_Feature_Separation,logging_policy_ranker=ordered,logging_policy_sampler=e_greedy,num_queries=1000,policy_temperature=1.0,relevance=deep,relevance_tower=deeper,s_doc=10/checkpoint.
[2026-01-18 18:37:42,248][absl][INFO] - [process=0][thread=MainThread] Skipping global process sync, barrier name: 0_Checkpointer:restore.checkpoint
[2026-01-18 18:37:42,444][absl][INFO] - orbax-checkpoint version: 0.8.0
[2026-01-18 18:37:42,444][absl][INFO] - [thread=MainThread] Failed to get flag value for EXPERIMENTAL_ORBAX_USE_DISTRIBUTED_PROCESS_ID.
[2026-01-18 18:37:42,444][absl][INFO] - [process=0][thread=MainThread] Using barrier_sync_fn: <function get_barrier_sync_fn.<locals>.<lambda> at 0x3468c5ab0> timeout: 600 secs and primary_host=0 for async checkpoint writes
[2026-01-18 18:37:42,446][absl][INFO] - Restoring checkpoint from /Users/stanf/Documents/Uni/Project_AI/two-tower-confounding/results/Synthetic_Feature_Separation/data=Custom_dataset_deep,docs_per_group=10,experiment=Synthetic_Feature_Separation,logging_policy_ranker=ordered,logging_policy_sampler=e_greedy,num_queries=1000,policy_temperature=1.0,relevance=deep,relevance_tower=deeper,s_doc=10/checkpoint.
[2026-01-18 18:37:42,468][absl][INFO] - [process=0] /jax/checkpoint/read/bytes_per_sec: 11.7 MiB/s (total bytes: 260.0 KiB) (time elapsed: 21 milliseconds) (per-host)
[2026-01-18 18:37:42,468][absl][INFO] - Finished restoring checkpoint from /Users/stanf/Documents/Uni/Project_AI/two-tower-confounding/results/Synthetic_Feature_Separation/data=Custom_dataset_deep,docs_per_group=10,experiment=Synthetic_Feature_Separation,logging_policy_ranker=ordered,logging_policy_sampler=e_greedy,num_queries=1000,policy_temperature=1.0,relevance=deep,relevance_tower=deeper,s_doc=10/checkpoint.
[2026-01-18 18:37:42,468][absl][INFO] - [process=0][thread=MainThread] Skipping global process sync, barrier name: 0_Checkpointer:restore.checkpoint
[2026-01-18 18:37:42,500][absl][INFO] - orbax-checkpoint version: 0.8.0
[2026-01-18 18:37:42,501][absl][INFO] - [thread=MainThread] Failed to get flag value for EXPERIMENTAL_ORBAX_USE_DISTRIBUTED_PROCESS_ID.
[2026-01-18 18:37:42,501][absl][INFO] - [process=0][thread=MainThread] Using barrier_sync_fn: <function get_barrier_sync_fn.<locals>.<lambda> at 0x3438c1ab0> timeout: 600 secs and primary_host=0 for async checkpoint writes
[2026-01-18 18:37:42,505][absl][INFO] - Restoring checkpoint from /Users/stanf/Documents/Uni/Project_AI/two-tower-confounding/results/Synthetic_Feature_Separation/data=Custom_dataset_deep,docs_per_group=10,experiment=Synthetic_Feature_Separation,logging_policy_ranker=ordered,logging_policy_sampler=e_greedy,num_queries=1000,policy_temperature=1.0,relevance=deep,relevance_tower=deeper,s_doc=10/checkpoint.
[2026-01-18 18:37:42,533][absl][INFO] - [process=0] /jax/checkpoint/read/bytes_per_sec: 9.4 MiB/s (total bytes: 260.0 KiB) (time elapsed: 27 milliseconds) (per-host)
[2026-01-18 18:37:42,533][absl][INFO] - Finished restoring checkpoint from /Users/stanf/Documents/Uni/Project_AI/two-tower-confounding/results/Synthetic_Feature_Separation/data=Custom_dataset_deep,docs_per_group=10,experiment=Synthetic_Feature_Separation,logging_policy_ranker=ordered,logging_policy_sampler=e_greedy,num_queries=1000,policy_temperature=1.0,relevance=deep,relevance_tower=deeper,s_doc=10/checkpoint.
[2026-01-18 18:37:42,533][absl][INFO] - [process=0][thread=MainThread] Skipping global process sync, barrier name: 0_Checkpointer:restore.checkpoint
[2026-01-18 18:37:42,746][absl][INFO] - orbax-checkpoint version: 0.8.0
[2026-01-18 18:37:42,747][absl][INFO] - [thread=MainThread] Failed to get flag value for EXPERIMENTAL_ORBAX_USE_DISTRIBUTED_PROCESS_ID.
[2026-01-18 18:37:42,747][absl][INFO] - [process=0][thread=MainThread] Using barrier_sync_fn: <function get_barrier_sync_fn.<locals>.<lambda> at 0x3449c5ab0> timeout: 600 secs and primary_host=0 for async checkpoint writes
[2026-01-18 18:37:42,749][absl][INFO] - Restoring checkpoint from /Users/stanf/Documents/Uni/Project_AI/two-tower-confounding/results/Synthetic_Feature_Separation/data=Custom_dataset_deep,docs_per_group=10,experiment=Synthetic_Feature_Separation,logging_policy_ranker=ordered,logging_policy_sampler=e_greedy,num_queries=1000,policy_temperature=1.0,relevance=deep,relevance_tower=deeper,s_doc=10/checkpoint.
[2026-01-18 18:37:42,753][absl][INFO] - orbax-checkpoint version: 0.8.0
[2026-01-18 18:37:42,754][absl][INFO] - [thread=MainThread] Failed to get flag value for EXPERIMENTAL_ORBAX_USE_DISTRIBUTED_PROCESS_ID.
[2026-01-18 18:37:42,754][absl][INFO] - [process=0][thread=MainThread] Using barrier_sync_fn: <function get_barrier_sync_fn.<locals>.<lambda> at 0x343cc5ab0> timeout: 600 secs and primary_host=0 for async checkpoint writes
[2026-01-18 18:37:42,756][absl][INFO] - Restoring checkpoint from /Users/stanf/Documents/Uni/Project_AI/two-tower-confounding/results/Synthetic_Feature_Separation/data=Custom_dataset_deep,docs_per_group=10,experiment=Synthetic_Feature_Separation,logging_policy_ranker=ordered,logging_policy_sampler=e_greedy,num_queries=1000,policy_temperature=1.0,relevance=deep,relevance_tower=deeper,s_doc=10/checkpoint.
[2026-01-18 18:37:42,770][absl][INFO] - [process=0] /jax/checkpoint/read/bytes_per_sec: 12.3 MiB/s (total bytes: 260.0 KiB) (time elapsed: 20 milliseconds) (per-host)
[2026-01-18 18:37:42,771][absl][INFO] - Finished restoring checkpoint from /Users/stanf/Documents/Uni/Project_AI/two-tower-confounding/results/Synthetic_Feature_Separation/data=Custom_dataset_deep,docs_per_group=10,experiment=Synthetic_Feature_Separation,logging_policy_ranker=ordered,logging_policy_sampler=e_greedy,num_queries=1000,policy_temperature=1.0,relevance=deep,relevance_tower=deeper,s_doc=10/checkpoint.
[2026-01-18 18:37:42,771][absl][INFO] - [process=0][thread=MainThread] Skipping global process sync, barrier name: 0_Checkpointer:restore.checkpoint
[2026-01-18 18:37:42,779][absl][INFO] - [process=0] /jax/checkpoint/read/bytes_per_sec: 11.3 MiB/s (total bytes: 260.0 KiB) (time elapsed: 22 milliseconds) (per-host)
[2026-01-18 18:37:42,779][absl][INFO] - Finished restoring checkpoint from /Users/stanf/Documents/Uni/Project_AI/two-tower-confounding/results/Synthetic_Feature_Separation/data=Custom_dataset_deep,docs_per_group=10,experiment=Synthetic_Feature_Separation,logging_policy_ranker=ordered,logging_policy_sampler=e_greedy,num_queries=1000,policy_temperature=1.0,relevance=deep,relevance_tower=deeper,s_doc=10/checkpoint.
[2026-01-18 18:37:42,779][absl][INFO] - [process=0][thread=MainThread] Skipping global process sync, barrier name: 0_Checkpointer:restore.checkpoint
[2026-01-18 18:44:09,690][jax._src.xla_bridge][INFO] - Unable to initialize backend 'tpu': INTERNAL: Failed to open libtpu.so: dlopen(libtpu.so, 0x0001): tried: 'libtpu.so' (no such file), '/System/Volumes/Preboot/Cryptexes/OSlibtpu.so' (no such file), '/opt/homebrew/Caskroom/miniforge/base/envs/two-tower-confounding-2/lib/python3.10/site-packages/jaxlib/../../../libtpu.so' (no such file), '/opt/homebrew/Caskroom/miniforge/base/envs/two-tower-confounding-2/bin/../lib/libtpu.so' (no such file), '/usr/lib/libtpu.so' (no such file, not in dyld cache), 'libtpu.so' (no such file), '/usr/local/lib/libtpu.so' (no such file), '/usr/lib/libtpu.so' (no such file, not in dyld cache)
[2026-01-18 18:44:09,966][jax._src.xla_bridge][INFO] - Unable to initialize backend 'tpu': INTERNAL: Failed to open libtpu.so: dlopen(libtpu.so, 0x0001): tried: 'libtpu.so' (no such file), '/System/Volumes/Preboot/Cryptexes/OSlibtpu.so' (no such file), '/opt/homebrew/Caskroom/miniforge/base/envs/two-tower-confounding-2/lib/python3.10/site-packages/jaxlib/../../../libtpu.so' (no such file), '/opt/homebrew/Caskroom/miniforge/base/envs/two-tower-confounding-2/bin/../lib/libtpu.so' (no such file), '/usr/lib/libtpu.so' (no such file, not in dyld cache), 'libtpu.so' (no such file), '/usr/local/lib/libtpu.so' (no such file), '/usr/lib/libtpu.so' (no such file, not in dyld cache)
[2026-01-18 18:44:37,415][absl][INFO] - orbax-checkpoint version: 0.8.0
[2026-01-18 18:44:37,417][absl][INFO] - [thread=MainThread] Failed to get flag value for EXPERIMENTAL_ORBAX_USE_DISTRIBUTED_PROCESS_ID.
[2026-01-18 18:44:37,417][absl][INFO] - [process=0][thread=MainThread] Using barrier_sync_fn: <function get_barrier_sync_fn.<locals>.<lambda> at 0x33e1c5ab0> timeout: 600 secs and primary_host=0 for async checkpoint writes
[2026-01-18 18:44:37,419][absl][INFO] - Restoring checkpoint from /Users/stanf/Documents/Uni/Project_AI/two-tower-confounding/results/Synthetic_Feature_Separation/data=Custom_dataset_deep,docs_per_group=10,experiment=Synthetic_Feature_Separation,logging_policy_ranker=ordered,logging_policy_sampler=e_greedy,num_queries=1000,policy_temperature=1.0,relevance=deep,relevance_tower=deeper,s_doc=10/checkpoint.
[2026-01-18 18:44:37,444][absl][INFO] - [process=0] /jax/checkpoint/read/bytes_per_sec: 10.4 MiB/s (total bytes: 260.0 KiB) (time elapsed: 24 milliseconds) (per-host)
[2026-01-18 18:44:37,444][absl][INFO] - Finished restoring checkpoint from /Users/stanf/Documents/Uni/Project_AI/two-tower-confounding/results/Synthetic_Feature_Separation/data=Custom_dataset_deep,docs_per_group=10,experiment=Synthetic_Feature_Separation,logging_policy_ranker=ordered,logging_policy_sampler=e_greedy,num_queries=1000,policy_temperature=1.0,relevance=deep,relevance_tower=deeper,s_doc=10/checkpoint.
[2026-01-18 18:44:37,444][absl][INFO] - [process=0][thread=MainThread] Skipping global process sync, barrier name: 0_Checkpointer:restore.checkpoint
[2026-01-18 18:44:37,628][absl][INFO] - orbax-checkpoint version: 0.8.0
[2026-01-18 18:44:37,628][absl][INFO] - [thread=MainThread] Failed to get flag value for EXPERIMENTAL_ORBAX_USE_DISTRIBUTED_PROCESS_ID.
[2026-01-18 18:44:37,629][absl][INFO] - [process=0][thread=MainThread] Using barrier_sync_fn: <function get_barrier_sync_fn.<locals>.<lambda> at 0x343cd1ab0> timeout: 600 secs and primary_host=0 for async checkpoint writes
[2026-01-18 18:44:37,631][absl][INFO] - Restoring checkpoint from /Users/stanf/Documents/Uni/Project_AI/two-tower-confounding/results/Synthetic_Feature_Separation/data=Custom_dataset_deep,docs_per_group=10,experiment=Synthetic_Feature_Separation,logging_policy_ranker=ordered,logging_policy_sampler=e_greedy,num_queries=1000,policy_temperature=1.0,relevance=deep,relevance_tower=deeper,s_doc=10/checkpoint.
[2026-01-18 18:44:37,657][absl][INFO] - [process=0] /jax/checkpoint/read/bytes_per_sec: 9.7 MiB/s (total bytes: 260.0 KiB) (time elapsed: 26 milliseconds) (per-host)
[2026-01-18 18:44:37,658][absl][INFO] - Finished restoring checkpoint from /Users/stanf/Documents/Uni/Project_AI/two-tower-confounding/results/Synthetic_Feature_Separation/data=Custom_dataset_deep,docs_per_group=10,experiment=Synthetic_Feature_Separation,logging_policy_ranker=ordered,logging_policy_sampler=e_greedy,num_queries=1000,policy_temperature=1.0,relevance=deep,relevance_tower=deeper,s_doc=10/checkpoint.
[2026-01-18 18:44:37,658][absl][INFO] - [process=0][thread=MainThread] Skipping global process sync, barrier name: 0_Checkpointer:restore.checkpoint
