[2025-10-27 22:16:45,671][jax._src.xla_bridge][INFO] - Unable to initialize backend 'tpu': INTERNAL: Failed to open libtpu.so: libtpu.so: cannot open shared object file: No such file or directory
[2025-10-27 22:19:14,267][absl][INFO] - orbax-checkpoint version: 0.11.25
[2025-10-27 22:19:14,267][absl][INFO] - Created BasePyTreeCheckpointHandler: use_ocdbt=True, use_zarr3=False, pytree_metadata_options=PyTreeMetadataOptions(support_rich_types=False), array_metadata_store=<orbax.checkpoint._src.metadata.array_metadata_store.Store object at 0x1484b0703690>, enable_pinned_host_transfer=True, save_concurrent_bytes: 96000000000 (89.4 GiB), restore_concurrent_bytes: 96000000000 (89.4 GiB)
[2025-10-27 22:19:14,268][absl][INFO] - [thread=MainThread] Failed to get flag value for EXPERIMENTAL_ORBAX_USE_DISTRIBUTED_PROCESS_ID.
[2025-10-27 22:19:14,268][absl][INFO] - [process=0][thread=MainThread] Using barrier_sync_fn: <function get_barrier_sync_fn.<locals>.<lambda> at 0x147b512d91c0> timeout: 600 secs and primary_host=0 for async checkpoint writes
[2025-10-27 22:19:14,269][absl][INFO] - [process=0] Started async saving checkpoint to /gpfs/home5/sfris1/two-towers-confounding-project/results/deep_target_label/data=Custom_dataset,experiment=deep_target_label,logging_policy_ranker=deep,logging_policy_sampler=e_greedy,policy_strength=1,policy_temperature=1.0,random_state=2021,relevance=deep,relevance_tower=deep/checkpoint.
[2025-10-27 22:19:14,270][absl][INFO] - [process=0] Specified `force`: removing existing directory.
[2025-10-27 22:19:14,270][absl][INFO] - Using ThreadSafeKeyValueSignalingClient
[2025-10-27 22:19:14,273][absl][INFO] - Transferring arrays to host memory with options: use_replica_parallel=True, min_slice_bytes_for_replica_parallel=None, max_replicas_for_replica_parallel=None, enable_pinned_host_transfer=True
[2025-10-27 22:19:14,274][absl][INFO] - Creating tmp directory /gpfs/home5/sfris1/two-towers-confounding-project/results/deep_target_label/data=Custom_dataset,experiment=deep_target_label,logging_policy_ranker=deep,logging_policy_sampler=e_greedy,policy_strength=1,policy_temperature=1.0,random_state=2021,relevance=deep,relevance_tower=deep/checkpoint.orbax-checkpoint-tmp
[2025-10-27 22:19:14,280][absl][INFO] - Wrote Metadata={'item_handlers': None, 'metrics': {}, 'performance_metrics': {}, 'init_timestamp_nsecs': 1761599954275513639, 'commit_timestamp_nsecs': None, 'custom_metadata': {}}, json={"item_handlers": null, "metrics": {}, "performance_metrics": {}, "init_timestamp_nsecs": 1761599954275513639, "commit_timestamp_nsecs": null, "custom_metadata": {}} to /gpfs/home5/sfris1/two-towers-confounding-project/results/deep_target_label/data=Custom_dataset,experiment=deep_target_label,logging_policy_ranker=deep,logging_policy_sampler=e_greedy,policy_strength=1,policy_temperature=1.0,random_state=2021,relevance=deep,relevance_tower=deep/checkpoint.orbax-checkpoint-tmp/_CHECKPOINT_METADATA
[2025-10-27 22:19:14,283][absl][INFO] - [process=0][thread=MainThread] Initiated "orbax.checkpoint._src.serialization.type_handlers.ArrayHandler".serialize. Time taken: 0.009827s
[2025-10-27 22:19:14,294][absl][INFO] - [process=0] /jax/checkpoint/write/blocking_gbytes_per_sec: 0 Bytes/s (total gbytes: 16.9 KiB) (time elapsed: 23 milliseconds) (per-host)
[2025-10-27 22:19:14,295][absl][INFO] - [process=0][thread=MainThread] Initiated Pytree async_save. Time taken: 0.023748s (batch_requests_ready=0.001409s, total_serialization_initiated=0.021425s, others=0.000915s)
[2025-10-27 22:19:14,297][absl][INFO] - [process=0][thread=async_save] Background save thread started.
[2025-10-27 22:19:14,297][absl][INFO] - Finished blocking save. Time taken: 0.028727s. Continuing background save to /gpfs/home5/sfris1/two-towers-confounding-project/results/deep_target_label/data=Custom_dataset,experiment=deep_target_label,logging_policy_ranker=deep,logging_policy_sampler=e_greedy,policy_strength=1,policy_temperature=1.0,random_state=2021,relevance=deep,relevance_tower=deep/checkpoint.
[2025-10-27 22:19:14,298][absl][INFO] - [process=0][thread=array_type_handler] Wrote 7 array_metadata.ArrayMetadata to /gpfs/home5/sfris1/two-towers-confounding-project/results/deep_target_label/data=Custom_dataset,experiment=deep_target_label,logging_policy_ranker=deep,logging_policy_sampler=e_greedy,policy_strength=1,policy_temperature=1.0,random_state=2021,relevance=deep,relevance_tower=deep/checkpoint.orbax-checkpoint-tmp/array_metadatas/process_0
[2025-10-27 22:19:14,298][absl][INFO] - [process=0][thread=MainThread] Waiting for background save thread=async_save.
[2025-10-27 22:19:14,319][absl][INFO] - [process=0][thread=write_metadata_after_commits] Commit + Array metadata written. Time taken: 0.023580s (commit=0.021979s, array_metadata_write=0.001601s)
[2025-10-27 22:19:14,320][absl][INFO] - [process=0] /jax/checkpoint/write/gbytes_per_sec: 0 Bytes/s (total gbytes: 16.9 KiB) (time elapsed: 48 milliseconds) (per-host)
[2025-10-27 22:19:14,320][absl][INFO] - [process=0][thread=async_save] 2 Handler Commit operations completed. Time taken: 0.022660s.
[2025-10-27 22:19:14,321][absl][INFO] - Read Metadata={'item_handlers': None, 'metrics': {}, 'performance_metrics': {}, 'init_timestamp_nsecs': 1761599954275513639, 'commit_timestamp_nsecs': None, 'custom_metadata': {}} from /gpfs/home5/sfris1/two-towers-confounding-project/results/deep_target_label/data=Custom_dataset,experiment=deep_target_label,logging_policy_ranker=deep,logging_policy_sampler=e_greedy,policy_strength=1,policy_temperature=1.0,random_state=2021,relevance=deep,relevance_tower=deep/checkpoint.orbax-checkpoint-tmp/_CHECKPOINT_METADATA
[2025-10-27 22:19:14,322][absl][INFO] - Updated Metadata={'item_handlers': 'orbax.checkpoint._src.handlers.standard_checkpoint_handler.StandardCheckpointHandler', 'metrics': {}, 'performance_metrics': {}, 'init_timestamp_nsecs': 1761599954275513639, 'commit_timestamp_nsecs': None, 'custom_metadata': {}} to /gpfs/home5/sfris1/two-towers-confounding-project/results/deep_target_label/data=Custom_dataset,experiment=deep_target_label,logging_policy_ranker=deep,logging_policy_sampler=e_greedy,policy_strength=1,policy_temperature=1.0,random_state=2021,relevance=deep,relevance_tower=deep/checkpoint.orbax-checkpoint-tmp/_CHECKPOINT_METADATA
[2025-10-27 22:19:14,323][absl][INFO] - [process=0][thread=async_save] Skipped cross-host ArrayMetadata validation because only one process is found: process_index=0.
[2025-10-27 22:19:14,328][absl][INFO] - [process=0][thread=async_save] Pytree save finalize (merge_ocdbt + ArrayMetadata validation) completed. Time taken: 0.007248s. use_zarr3=False, enable_post_merge_validation=True, directory=/gpfs/home5/sfris1/two-towers-confounding-project/results/deep_target_label/data=Custom_dataset,experiment=deep_target_label,logging_policy_ranker=deep,logging_policy_sampler=e_greedy,policy_strength=1,policy_temperature=1.0,random_state=2021,relevance=deep,relevance_tower=deep/checkpoint.orbax-checkpoint-tmp
[2025-10-27 22:19:14,328][absl][INFO] - Renaming /gpfs/home5/sfris1/two-towers-confounding-project/results/deep_target_label/data=Custom_dataset,experiment=deep_target_label,logging_policy_ranker=deep,logging_policy_sampler=e_greedy,policy_strength=1,policy_temperature=1.0,random_state=2021,relevance=deep,relevance_tower=deep/checkpoint.orbax-checkpoint-tmp to /gpfs/home5/sfris1/two-towers-confounding-project/results/deep_target_label/data=Custom_dataset,experiment=deep_target_label,logging_policy_ranker=deep,logging_policy_sampler=e_greedy,policy_strength=1,policy_temperature=1.0,random_state=2021,relevance=deep,relevance_tower=deep/checkpoint
[2025-10-27 22:19:14,330][absl][INFO] - [process=0][thread=async_save] Finished saving checkpoint (finalized tmp dir) to `/gpfs/home5/sfris1/two-towers-confounding-project/results/deep_target_label/data=Custom_dataset,experiment=deep_target_label,logging_policy_ranker=deep,logging_policy_sampler=e_greedy,policy_strength=1,policy_temperature=1.0,random_state=2021,relevance=deep,relevance_tower=deep/checkpoint`.
[2025-10-27 22:19:14,330][absl][INFO] - Finished async_save (blocking + background). Time taken: 0.062008s. directory=/gpfs/home5/sfris1/two-towers-confounding-project/results/deep_target_label/data=Custom_dataset,experiment=deep_target_label,logging_policy_ranker=deep,logging_policy_sampler=e_greedy,policy_strength=1,policy_temperature=1.0,random_state=2021,relevance=deep,relevance_tower=deep/checkpoint
[2025-10-27 22:19:14,331][absl][INFO] - [process=0][thread=async_save] Background save thread done. Time taken: 0.033396s.
[2025-10-27 22:19:14,331][absl][INFO] - [process=0][thread=MainThread] Done with waiting for background save thread=async_save.
[2025-10-27 22:19:14,331][absl][INFO] - [process=0][thread=MainThread] No errors found in background save thread=async_save.
