[2025-11-03 21:22:52,330][jax._src.xla_bridge][INFO] - Unable to initialize backend 'tpu': INTERNAL: Failed to open libtpu.so: libtpu.so: cannot open shared object file: No such file or directory
[2025-11-03 21:24:25,720][absl][INFO] - orbax-checkpoint version: 0.11.25
[2025-11-03 21:24:25,721][absl][INFO] - Created BasePyTreeCheckpointHandler: use_ocdbt=True, use_zarr3=False, pytree_metadata_options=PyTreeMetadataOptions(support_rich_types=False), array_metadata_store=<orbax.checkpoint._src.metadata.array_metadata_store.Store object at 0x14a56ef74b90>, enable_pinned_host_transfer=True, save_concurrent_bytes: 96000000000 (89.4 GiB), restore_concurrent_bytes: 96000000000 (89.4 GiB)
[2025-11-03 21:24:25,721][absl][INFO] - [thread=MainThread] Failed to get flag value for EXPERIMENTAL_ORBAX_USE_DISTRIBUTED_PROCESS_ID.
[2025-11-03 21:24:25,721][absl][INFO] - [process=0][thread=MainThread] Using barrier_sync_fn: <function get_barrier_sync_fn.<locals>.<lambda> at 0x14a53c7ad440> timeout: 600 secs and primary_host=0 for async checkpoint writes
[2025-11-03 21:24:25,722][absl][INFO] - [process=0] Started async saving checkpoint to /gpfs/home5/sfris1/two-towers-confounding-project/results/deep_separated/data=Custom_dataset_deep,docs_per_group=10,experiment=deep_separated,logging_policy_ranker=ordered,logging_policy_sampler=e_greedy,num_queries=1000,policy_temperature=1.0,relevance=deep,relevance_tower=deeper,s_doc=0.5/checkpoint.
[2025-11-03 21:24:25,723][absl][INFO] - [process=0] Specified `force`: removing existing directory.
[2025-11-03 21:24:25,723][absl][INFO] - Using ThreadSafeKeyValueSignalingClient
[2025-11-03 21:24:25,727][absl][INFO] - Transferring arrays to host memory with options: use_replica_parallel=True, min_slice_bytes_for_replica_parallel=None, max_replicas_for_replica_parallel=None, enable_pinned_host_transfer=True
[2025-11-03 21:24:25,728][absl][INFO] - Creating tmp directory /gpfs/home5/sfris1/two-towers-confounding-project/results/deep_separated/data=Custom_dataset_deep,docs_per_group=10,experiment=deep_separated,logging_policy_ranker=ordered,logging_policy_sampler=e_greedy,num_queries=1000,policy_temperature=1.0,relevance=deep,relevance_tower=deeper,s_doc=0.5/checkpoint.orbax-checkpoint-tmp
[2025-11-03 21:24:25,732][absl][INFO] - Wrote Metadata={'item_handlers': None, 'metrics': {}, 'performance_metrics': {}, 'init_timestamp_nsecs': 1762201465729676873, 'commit_timestamp_nsecs': None, 'custom_metadata': {}}, json={"item_handlers": null, "metrics": {}, "performance_metrics": {}, "init_timestamp_nsecs": 1762201465729676873, "commit_timestamp_nsecs": null, "custom_metadata": {}} to /gpfs/home5/sfris1/two-towers-confounding-project/results/deep_separated/data=Custom_dataset_deep,docs_per_group=10,experiment=deep_separated,logging_policy_ranker=ordered,logging_policy_sampler=e_greedy,num_queries=1000,policy_temperature=1.0,relevance=deep,relevance_tower=deeper,s_doc=0.5/checkpoint.orbax-checkpoint-tmp/_CHECKPOINT_METADATA
[2025-11-03 21:24:25,735][absl][INFO] - [process=0][thread=MainThread] Initiated "orbax.checkpoint._src.serialization.type_handlers.ArrayHandler".serialize. Time taken: 0.008169s
[2025-11-03 21:24:25,748][absl][INFO] - [process=0] /jax/checkpoint/write/blocking_gbytes_per_sec: 0 Bytes/s (total gbytes: 260.0 KiB) (time elapsed: 23 milliseconds) (per-host)
[2025-11-03 21:24:25,748][absl][INFO] - [process=0][thread=MainThread] Initiated Pytree async_save. Time taken: 0.023979s (batch_requests_ready=0.001755s, total_serialization_initiated=0.009655s, others=0.012568s)
[2025-11-03 21:24:25,751][absl][INFO] - [process=0][thread=async_save] Background save thread started.
[2025-11-03 21:24:25,751][absl][INFO] - Finished blocking save. Time taken: 0.029680s. Continuing background save to /gpfs/home5/sfris1/two-towers-confounding-project/results/deep_separated/data=Custom_dataset_deep,docs_per_group=10,experiment=deep_separated,logging_policy_ranker=ordered,logging_policy_sampler=e_greedy,num_queries=1000,policy_temperature=1.0,relevance=deep,relevance_tower=deeper,s_doc=0.5/checkpoint.
[2025-11-03 21:24:25,752][absl][INFO] - [process=0][thread=MainThread] Waiting for background save thread=async_save.
[2025-11-03 21:24:27,856][absl][INFO] - [process=0][thread=array_type_handler] Wrote 13 array_metadata.ArrayMetadata to /gpfs/home5/sfris1/two-towers-confounding-project/results/deep_separated/data=Custom_dataset_deep,docs_per_group=10,experiment=deep_separated,logging_policy_ranker=ordered,logging_policy_sampler=e_greedy,num_queries=1000,policy_temperature=1.0,relevance=deep,relevance_tower=deeper,s_doc=0.5/checkpoint.orbax-checkpoint-tmp/array_metadatas/process_0
[2025-11-03 21:24:27,879][absl][INFO] - [process=0][thread=write_metadata_after_commits] Commit + Array metadata written. Time taken: 2.132079s (commit=2.130050s, array_metadata_write=0.002029s)
[2025-11-03 21:24:27,880][absl][INFO] - [process=0] /jax/checkpoint/write/gbytes_per_sec: 0 Bytes/s (total gbytes: 260.0 KiB) (time elapsed: 2 seconds) (per-host)
[2025-11-03 21:24:27,881][absl][INFO] - [process=0][thread=async_save] 2 Handler Commit operations completed. Time taken: 2.129040s.
[2025-11-03 21:24:27,882][absl][INFO] - Read Metadata={'item_handlers': None, 'metrics': {}, 'performance_metrics': {}, 'init_timestamp_nsecs': 1762201465729676873, 'commit_timestamp_nsecs': None, 'custom_metadata': {}} from /gpfs/home5/sfris1/two-towers-confounding-project/results/deep_separated/data=Custom_dataset_deep,docs_per_group=10,experiment=deep_separated,logging_policy_ranker=ordered,logging_policy_sampler=e_greedy,num_queries=1000,policy_temperature=1.0,relevance=deep,relevance_tower=deeper,s_doc=0.5/checkpoint.orbax-checkpoint-tmp/_CHECKPOINT_METADATA
[2025-11-03 21:24:27,883][absl][INFO] - Updated Metadata={'item_handlers': 'orbax.checkpoint._src.handlers.standard_checkpoint_handler.StandardCheckpointHandler', 'metrics': {}, 'performance_metrics': {}, 'init_timestamp_nsecs': 1762201465729676873, 'commit_timestamp_nsecs': None, 'custom_metadata': {}} to /gpfs/home5/sfris1/two-towers-confounding-project/results/deep_separated/data=Custom_dataset_deep,docs_per_group=10,experiment=deep_separated,logging_policy_ranker=ordered,logging_policy_sampler=e_greedy,num_queries=1000,policy_temperature=1.0,relevance=deep,relevance_tower=deeper,s_doc=0.5/checkpoint.orbax-checkpoint-tmp/_CHECKPOINT_METADATA
[2025-11-03 21:24:27,884][absl][INFO] - [process=0][thread=async_save] Skipped cross-host ArrayMetadata validation because only one process is found: process_index=0.
[2025-11-03 21:24:27,889][absl][INFO] - [process=0][thread=async_save] Pytree save finalize (merge_ocdbt + ArrayMetadata validation) completed. Time taken: 0.007639s. use_zarr3=False, enable_post_merge_validation=True, directory=/gpfs/home5/sfris1/two-towers-confounding-project/results/deep_separated/data=Custom_dataset_deep,docs_per_group=10,experiment=deep_separated,logging_policy_ranker=ordered,logging_policy_sampler=e_greedy,num_queries=1000,policy_temperature=1.0,relevance=deep,relevance_tower=deeper,s_doc=0.5/checkpoint.orbax-checkpoint-tmp
[2025-11-03 21:24:27,890][absl][INFO] - Renaming /gpfs/home5/sfris1/two-towers-confounding-project/results/deep_separated/data=Custom_dataset_deep,docs_per_group=10,experiment=deep_separated,logging_policy_ranker=ordered,logging_policy_sampler=e_greedy,num_queries=1000,policy_temperature=1.0,relevance=deep,relevance_tower=deeper,s_doc=0.5/checkpoint.orbax-checkpoint-tmp to /gpfs/home5/sfris1/two-towers-confounding-project/results/deep_separated/data=Custom_dataset_deep,docs_per_group=10,experiment=deep_separated,logging_policy_ranker=ordered,logging_policy_sampler=e_greedy,num_queries=1000,policy_temperature=1.0,relevance=deep,relevance_tower=deeper,s_doc=0.5/checkpoint
[2025-11-03 21:24:27,891][absl][INFO] - [process=0][thread=async_save] Finished saving checkpoint (finalized tmp dir) to `/gpfs/home5/sfris1/two-towers-confounding-project/results/deep_separated/data=Custom_dataset_deep,docs_per_group=10,experiment=deep_separated,logging_policy_ranker=ordered,logging_policy_sampler=e_greedy,num_queries=1000,policy_temperature=1.0,relevance=deep,relevance_tower=deeper,s_doc=0.5/checkpoint`.
[2025-11-03 21:24:27,892][absl][INFO] - Finished async_save (blocking + background). Time taken: 2.170034s. directory=/gpfs/home5/sfris1/two-towers-confounding-project/results/deep_separated/data=Custom_dataset_deep,docs_per_group=10,experiment=deep_separated,logging_policy_ranker=ordered,logging_policy_sampler=e_greedy,num_queries=1000,policy_temperature=1.0,relevance=deep,relevance_tower=deeper,s_doc=0.5/checkpoint
[2025-11-03 21:24:27,892][absl][INFO] - [process=0][thread=async_save] Background save thread done. Time taken: 2.140285s.
[2025-11-03 21:24:27,892][absl][INFO] - [process=0][thread=MainThread] Done with waiting for background save thread=async_save.
[2025-11-03 21:24:27,892][absl][INFO] - [process=0][thread=MainThread] No errors found in background save thread=async_save.
