[2025-11-03 21:24:53,947][jax._src.xla_bridge][INFO] - Unable to initialize backend 'tpu': INTERNAL: Failed to open libtpu.so: libtpu.so: cannot open shared object file: No such file or directory
[2025-11-03 21:24:53,998][jax._src.xla_bridge][INFO] - Unable to initialize backend 'tpu': INTERNAL: Failed to open libtpu.so: libtpu.so: cannot open shared object file: No such file or directory
[2025-11-03 21:24:55,063][jax._src.xla_bridge][INFO] - Unable to initialize backend 'tpu': INTERNAL: Failed to open libtpu.so: libtpu.so: cannot open shared object file: No such file or directory
[2025-11-03 21:24:55,096][jax._src.xla_bridge][INFO] - Unable to initialize backend 'tpu': INTERNAL: Failed to open libtpu.so: libtpu.so: cannot open shared object file: No such file or directory
[2025-11-03 21:24:55,117][jax._src.xla_bridge][INFO] - Unable to initialize backend 'tpu': INTERNAL: Failed to open libtpu.so: libtpu.so: cannot open shared object file: No such file or directory
[2025-11-03 21:24:55,193][jax._src.xla_bridge][INFO] - Unable to initialize backend 'tpu': INTERNAL: Failed to open libtpu.so: libtpu.so: cannot open shared object file: No such file or directory
[2025-11-03 21:24:55,193][jax._src.xla_bridge][INFO] - Unable to initialize backend 'tpu': INTERNAL: Failed to open libtpu.so: libtpu.so: cannot open shared object file: No such file or directory
[2025-11-03 21:25:10,222][absl][INFO] - orbax-checkpoint version: 0.11.25
[2025-11-03 21:25:10,228][absl][INFO] - Created BasePyTreeCheckpointHandler: use_ocdbt=True, use_zarr3=False, pytree_metadata_options=PyTreeMetadataOptions(support_rich_types=False), array_metadata_store=<orbax.checkpoint._src.metadata.array_metadata_store.Store object at 0x1474162b0f50>, enable_pinned_host_transfer=True, save_concurrent_bytes: 96000000000 (89.4 GiB), restore_concurrent_bytes: 96000000000 (89.4 GiB)
[2025-11-03 21:25:10,229][absl][INFO] - [thread=MainThread] Failed to get flag value for EXPERIMENTAL_ORBAX_USE_DISTRIBUTED_PROCESS_ID.
[2025-11-03 21:25:10,229][absl][INFO] - [process=0][thread=MainThread] Using barrier_sync_fn: <function get_barrier_sync_fn.<locals>.<lambda> at 0x1473dba8b7e0> timeout: 600 secs and primary_host=0 for async checkpoint writes
[2025-11-03 21:25:10,233][absl][INFO] - Restoring checkpoint from /gpfs/home5/sfris1/two-towers-confounding-project/results/deep_separated/data=Custom_dataset_deep,docs_per_group=10,experiment=deep_separated,logging_policy_ranker=ordered,logging_policy_sampler=e_greedy,num_queries=1000,policy_temperature=1.0,relevance=deep,relevance_tower=deeper,s_doc=0.5/checkpoint.
[2025-11-03 21:25:10,280][absl][INFO] - [process=0] /jax/checkpoint/read/gbytes_per_sec: 0 Bytes/s (total gbytes: 260.0 KiB) (time elapsed: 43 milliseconds) (per-host)
[2025-11-03 21:25:10,280][absl][INFO] - Finished restoring checkpoint in 0.05 seconds from /gpfs/home5/sfris1/two-towers-confounding-project/results/deep_separated/data=Custom_dataset_deep,docs_per_group=10,experiment=deep_separated,logging_policy_ranker=ordered,logging_policy_sampler=e_greedy,num_queries=1000,policy_temperature=1.0,relevance=deep,relevance_tower=deeper,s_doc=0.5/checkpoint.
[2025-11-03 21:25:10,354][absl][INFO] - orbax-checkpoint version: 0.11.25
[2025-11-03 21:25:10,357][absl][INFO] - Created BasePyTreeCheckpointHandler: use_ocdbt=True, use_zarr3=False, pytree_metadata_options=PyTreeMetadataOptions(support_rich_types=False), array_metadata_store=<orbax.checkpoint._src.metadata.array_metadata_store.Store object at 0x14d56dc2e010>, enable_pinned_host_transfer=True, save_concurrent_bytes: 96000000000 (89.4 GiB), restore_concurrent_bytes: 96000000000 (89.4 GiB)
[2025-11-03 21:25:10,358][absl][INFO] - [thread=MainThread] Failed to get flag value for EXPERIMENTAL_ORBAX_USE_DISTRIBUTED_PROCESS_ID.
[2025-11-03 21:25:10,358][absl][INFO] - [process=0][thread=MainThread] Using barrier_sync_fn: <function get_barrier_sync_fn.<locals>.<lambda> at 0x14d53858f7e0> timeout: 600 secs and primary_host=0 for async checkpoint writes
[2025-11-03 21:25:10,363][absl][INFO] - Restoring checkpoint from /gpfs/home5/sfris1/two-towers-confounding-project/results/deep_separated/data=Custom_dataset_deep,docs_per_group=10,experiment=deep_separated,logging_policy_ranker=ordered,logging_policy_sampler=e_greedy,num_queries=1000,policy_temperature=1.0,relevance=deep,relevance_tower=deeper,s_doc=0.5/checkpoint.
[2025-11-03 21:25:10,404][absl][INFO] - [process=0] /jax/checkpoint/read/gbytes_per_sec: 0 Bytes/s (total gbytes: 260.0 KiB) (time elapsed: 39 milliseconds) (per-host)
[2025-11-03 21:25:10,404][absl][INFO] - Finished restoring checkpoint in 0.04 seconds from /gpfs/home5/sfris1/two-towers-confounding-project/results/deep_separated/data=Custom_dataset_deep,docs_per_group=10,experiment=deep_separated,logging_policy_ranker=ordered,logging_policy_sampler=e_greedy,num_queries=1000,policy_temperature=1.0,relevance=deep,relevance_tower=deeper,s_doc=0.5/checkpoint.
[2025-11-03 21:25:11,364][absl][INFO] - orbax-checkpoint version: 0.11.25
[2025-11-03 21:25:11,470][absl][INFO] - Created BasePyTreeCheckpointHandler: use_ocdbt=True, use_zarr3=False, pytree_metadata_options=PyTreeMetadataOptions(support_rich_types=False), array_metadata_store=<orbax.checkpoint._src.metadata.array_metadata_store.Store object at 0x14eb416e60d0>, enable_pinned_host_transfer=True, save_concurrent_bytes: 96000000000 (89.4 GiB), restore_concurrent_bytes: 96000000000 (89.4 GiB)
[2025-11-03 21:25:11,470][absl][INFO] - [thread=MainThread] Failed to get flag value for EXPERIMENTAL_ORBAX_USE_DISTRIBUTED_PROCESS_ID.
[2025-11-03 21:25:11,470][absl][INFO] - [process=0][thread=MainThread] Using barrier_sync_fn: <function get_barrier_sync_fn.<locals>.<lambda> at 0x14eb102ab880> timeout: 600 secs and primary_host=0 for async checkpoint writes
[2025-11-03 21:25:11,475][absl][INFO] - Restoring checkpoint from /gpfs/home5/sfris1/two-towers-confounding-project/results/deep_separated/data=Custom_dataset_deep,docs_per_group=10,experiment=deep_separated,logging_policy_ranker=ordered,logging_policy_sampler=e_greedy,num_queries=1000,policy_temperature=1.0,relevance=deep,relevance_tower=deeper,s_doc=0.5/checkpoint.
[2025-11-03 21:25:11,516][absl][INFO] - [process=0] /jax/checkpoint/read/gbytes_per_sec: 0 Bytes/s (total gbytes: 260.0 KiB) (time elapsed: 39 milliseconds) (per-host)
[2025-11-03 21:25:11,516][absl][INFO] - Finished restoring checkpoint in 0.04 seconds from /gpfs/home5/sfris1/two-towers-confounding-project/results/deep_separated/data=Custom_dataset_deep,docs_per_group=10,experiment=deep_separated,logging_policy_ranker=ordered,logging_policy_sampler=e_greedy,num_queries=1000,policy_temperature=1.0,relevance=deep,relevance_tower=deeper,s_doc=0.5/checkpoint.
[2025-11-03 21:25:11,540][absl][INFO] - orbax-checkpoint version: 0.11.25
[2025-11-03 21:25:11,543][absl][INFO] - Created BasePyTreeCheckpointHandler: use_ocdbt=True, use_zarr3=False, pytree_metadata_options=PyTreeMetadataOptions(support_rich_types=False), array_metadata_store=<orbax.checkpoint._src.metadata.array_metadata_store.Store object at 0x15036e6cd6d0>, enable_pinned_host_transfer=True, save_concurrent_bytes: 96000000000 (89.4 GiB), restore_concurrent_bytes: 96000000000 (89.4 GiB)
[2025-11-03 21:25:11,544][absl][INFO] - [thread=MainThread] Failed to get flag value for EXPERIMENTAL_ORBAX_USE_DISTRIBUTED_PROCESS_ID.
[2025-11-03 21:25:11,544][absl][INFO] - [process=0][thread=MainThread] Using barrier_sync_fn: <function get_barrier_sync_fn.<locals>.<lambda> at 0x150333e177e0> timeout: 600 secs and primary_host=0 for async checkpoint writes
[2025-11-03 21:25:11,548][absl][INFO] - Restoring checkpoint from /gpfs/home5/sfris1/two-towers-confounding-project/results/deep_separated/data=Custom_dataset_deep,docs_per_group=10,experiment=deep_separated,logging_policy_ranker=ordered,logging_policy_sampler=e_greedy,num_queries=1000,policy_temperature=1.0,relevance=deep,relevance_tower=deeper,s_doc=0.5/checkpoint.
[2025-11-03 21:25:11,590][absl][INFO] - [process=0] /jax/checkpoint/read/gbytes_per_sec: 0 Bytes/s (total gbytes: 260.0 KiB) (time elapsed: 39 milliseconds) (per-host)
[2025-11-03 21:25:11,590][absl][INFO] - Finished restoring checkpoint in 0.04 seconds from /gpfs/home5/sfris1/two-towers-confounding-project/results/deep_separated/data=Custom_dataset_deep,docs_per_group=10,experiment=deep_separated,logging_policy_ranker=ordered,logging_policy_sampler=e_greedy,num_queries=1000,policy_temperature=1.0,relevance=deep,relevance_tower=deeper,s_doc=0.5/checkpoint.
[2025-11-03 21:25:24,510][absl][INFO] - orbax-checkpoint version: 0.11.25
[2025-11-03 21:25:24,516][absl][INFO] - Created BasePyTreeCheckpointHandler: use_ocdbt=True, use_zarr3=False, pytree_metadata_options=PyTreeMetadataOptions(support_rich_types=False), array_metadata_store=<orbax.checkpoint._src.metadata.array_metadata_store.Store object at 0x14a0efe96f50>, enable_pinned_host_transfer=True, save_concurrent_bytes: 96000000000 (89.4 GiB), restore_concurrent_bytes: 96000000000 (89.4 GiB)
[2025-11-03 21:25:24,516][absl][INFO] - [thread=MainThread] Failed to get flag value for EXPERIMENTAL_ORBAX_USE_DISTRIBUTED_PROCESS_ID.
[2025-11-03 21:25:24,516][absl][INFO] - [process=0][thread=MainThread] Using barrier_sync_fn: <function get_barrier_sync_fn.<locals>.<lambda> at 0x14a0b2857100> timeout: 600 secs and primary_host=0 for async checkpoint writes
[2025-11-03 21:25:24,522][absl][INFO] - Restoring checkpoint from /gpfs/home5/sfris1/two-towers-confounding-project/results/deep_separated/data=Custom_dataset_deep,docs_per_group=10,experiment=deep_separated,logging_policy_ranker=ordered,logging_policy_sampler=e_greedy,num_queries=1000,policy_temperature=1.0,relevance=deep,relevance_tower=deeper,s_doc=0.5/checkpoint.
[2025-11-03 21:25:24,583][absl][INFO] - [process=0] /jax/checkpoint/read/gbytes_per_sec: 0 Bytes/s (total gbytes: 260.0 KiB) (time elapsed: 58 milliseconds) (per-host)
[2025-11-03 21:25:24,584][absl][INFO] - Finished restoring checkpoint in 0.06 seconds from /gpfs/home5/sfris1/two-towers-confounding-project/results/deep_separated/data=Custom_dataset_deep,docs_per_group=10,experiment=deep_separated,logging_policy_ranker=ordered,logging_policy_sampler=e_greedy,num_queries=1000,policy_temperature=1.0,relevance=deep,relevance_tower=deeper,s_doc=0.5/checkpoint.
[2025-11-03 21:25:25,718][absl][INFO] - orbax-checkpoint version: 0.11.25
[2025-11-03 21:25:25,727][absl][INFO] - Created BasePyTreeCheckpointHandler: use_ocdbt=True, use_zarr3=False, pytree_metadata_options=PyTreeMetadataOptions(support_rich_types=False), array_metadata_store=<orbax.checkpoint._src.metadata.array_metadata_store.Store object at 0x152b29cdd450>, enable_pinned_host_transfer=True, save_concurrent_bytes: 96000000000 (89.4 GiB), restore_concurrent_bytes: 96000000000 (89.4 GiB)
[2025-11-03 21:25:25,728][absl][INFO] - [thread=MainThread] Failed to get flag value for EXPERIMENTAL_ORBAX_USE_DISTRIBUTED_PROCESS_ID.
[2025-11-03 21:25:25,728][absl][INFO] - [process=0][thread=MainThread] Using barrier_sync_fn: <function get_barrier_sync_fn.<locals>.<lambda> at 0x152aef5228e0> timeout: 600 secs and primary_host=0 for async checkpoint writes
[2025-11-03 21:25:25,733][absl][INFO] - Restoring checkpoint from /gpfs/home5/sfris1/two-towers-confounding-project/results/deep_separated/data=Custom_dataset_deep,docs_per_group=10,experiment=deep_separated,logging_policy_ranker=ordered,logging_policy_sampler=e_greedy,num_queries=1000,policy_temperature=1.0,relevance=deep,relevance_tower=deeper,s_doc=0.5/checkpoint.
[2025-11-03 21:25:25,795][absl][INFO] - [process=0] /jax/checkpoint/read/gbytes_per_sec: 0 Bytes/s (total gbytes: 260.0 KiB) (time elapsed: 59 milliseconds) (per-host)
[2025-11-03 21:25:25,795][absl][INFO] - Finished restoring checkpoint in 0.06 seconds from /gpfs/home5/sfris1/two-towers-confounding-project/results/deep_separated/data=Custom_dataset_deep,docs_per_group=10,experiment=deep_separated,logging_policy_ranker=ordered,logging_policy_sampler=e_greedy,num_queries=1000,policy_temperature=1.0,relevance=deep,relevance_tower=deeper,s_doc=0.5/checkpoint.
[2025-11-03 21:25:28,550][absl][INFO] - orbax-checkpoint version: 0.11.25
[2025-11-03 21:25:28,556][absl][INFO] - Created BasePyTreeCheckpointHandler: use_ocdbt=True, use_zarr3=False, pytree_metadata_options=PyTreeMetadataOptions(support_rich_types=False), array_metadata_store=<orbax.checkpoint._src.metadata.array_metadata_store.Store object at 0x14b52af10910>, enable_pinned_host_transfer=True, save_concurrent_bytes: 96000000000 (89.4 GiB), restore_concurrent_bytes: 96000000000 (89.4 GiB)
[2025-11-03 21:25:28,558][absl][INFO] - [thread=MainThread] Failed to get flag value for EXPERIMENTAL_ORBAX_USE_DISTRIBUTED_PROCESS_ID.
[2025-11-03 21:25:28,558][absl][INFO] - [process=0][thread=MainThread] Using barrier_sync_fn: <function get_barrier_sync_fn.<locals>.<lambda> at 0x14b4f86a7c40> timeout: 600 secs and primary_host=0 for async checkpoint writes
[2025-11-03 21:25:28,563][absl][INFO] - Restoring checkpoint from /gpfs/home5/sfris1/two-towers-confounding-project/results/deep_separated/data=Custom_dataset_deep,docs_per_group=10,experiment=deep_separated,logging_policy_ranker=ordered,logging_policy_sampler=e_greedy,num_queries=1000,policy_temperature=1.0,relevance=deep,relevance_tower=deeper,s_doc=0.5/checkpoint.
[2025-11-03 21:25:28,612][absl][INFO] - [process=0] /jax/checkpoint/read/gbytes_per_sec: 0 Bytes/s (total gbytes: 260.0 KiB) (time elapsed: 47 milliseconds) (per-host)
[2025-11-03 21:25:28,612][absl][INFO] - Finished restoring checkpoint in 0.05 seconds from /gpfs/home5/sfris1/two-towers-confounding-project/results/deep_separated/data=Custom_dataset_deep,docs_per_group=10,experiment=deep_separated,logging_policy_ranker=ordered,logging_policy_sampler=e_greedy,num_queries=1000,policy_temperature=1.0,relevance=deep,relevance_tower=deeper,s_doc=0.5/checkpoint.
