[2025-11-05 13:54:01,518][jax._src.xla_bridge][ERROR] - Jax plugin configuration error: Exception when calling jax_plugins.xla_cuda12.initialize()
Traceback (most recent call last):
  File "/gpfs/home5/sfris1/two-towers-confounding-project/.venv/lib/python3.11/site-packages/jax/_src/xla_bridge.py", line 485, in discover_pjrt_plugins
    plugin_module.initialize()
  File "/gpfs/home5/sfris1/two-towers-confounding-project/.venv/lib/python3.11/site-packages/jax_plugins/xla_cuda12/__init__.py", line 328, in initialize
    _check_cuda_versions(raise_on_first_error=True)
  File "/gpfs/home5/sfris1/two-towers-confounding-project/.venv/lib/python3.11/site-packages/jax_plugins/xla_cuda12/__init__.py", line 285, in _check_cuda_versions
    local_device_count = cuda_versions.cuda_device_count()
                         ^^^^^^^^^^^^^^^^^^^^^^^^^^^^^^^^^
RuntimeError: jaxlib/cuda/versions_helpers.cc:113: operation cuInit(0) failed: CUDA_ERROR_NO_DEVICE
[2025-11-05 13:54:01,527][jax._src.xla_bridge][INFO] - Unable to initialize backend 'tpu': INTERNAL: Failed to open libtpu.so: libtpu.so: cannot open shared object file: No such file or directory
[2025-11-05 13:55:47,621][absl][INFO] - orbax-checkpoint version: 0.11.25
[2025-11-05 13:55:47,622][absl][INFO] - Created BasePyTreeCheckpointHandler: use_ocdbt=True, use_zarr3=False, pytree_metadata_options=PyTreeMetadataOptions(support_rich_types=False), array_metadata_store=<orbax.checkpoint._src.metadata.array_metadata_store.Store object at 0x14a1bbcb3590>, enable_pinned_host_transfer=False, save_concurrent_bytes: 96000000000 (89.4 GiB), restore_concurrent_bytes: 96000000000 (89.4 GiB)
[2025-11-05 13:55:47,622][absl][INFO] - [thread=MainThread] Failed to get flag value for EXPERIMENTAL_ORBAX_USE_DISTRIBUTED_PROCESS_ID.
[2025-11-05 13:55:47,623][absl][INFO] - [process=0][thread=MainThread] Using barrier_sync_fn: <function get_barrier_sync_fn.<locals>.<lambda> at 0x14a1083698a0> timeout: 600 secs and primary_host=0 for async checkpoint writes
[2025-11-05 13:55:47,624][absl][INFO] - [process=0] Started async saving checkpoint to /gpfs/home5/sfris1/two-towers-confounding-project/results/deep_separated/data=Custom_dataset_deep,docs_per_group=10,experiment=deep_separated,logging_policy_ranker=ordered,logging_policy_sampler=e_greedy,num_queries=1,policy_temperature=1.0,relevance=deep,relevance_tower=deeper,s_doc=10/checkpoint.
[2025-11-05 13:55:47,625][absl][INFO] - [process=0] Specified `force`: removing existing directory.
[2025-11-05 13:55:47,626][absl][INFO] - Using ThreadSafeKeyValueSignalingClient
[2025-11-05 13:55:47,630][absl][INFO] - Transferring arrays to host memory with options: use_replica_parallel=True, min_slice_bytes_for_replica_parallel=None, max_replicas_for_replica_parallel=None, enable_pinned_host_transfer=False
[2025-11-05 13:55:47,632][absl][INFO] - Creating tmp directory /gpfs/home5/sfris1/two-towers-confounding-project/results/deep_separated/data=Custom_dataset_deep,docs_per_group=10,experiment=deep_separated,logging_policy_ranker=ordered,logging_policy_sampler=e_greedy,num_queries=1,policy_temperature=1.0,relevance=deep,relevance_tower=deeper,s_doc=10/checkpoint.orbax-checkpoint-tmp
[2025-11-05 13:55:47,632][absl][INFO] - [process=0][thread=MainThread] Initiated "orbax.checkpoint._src.serialization.type_handlers.ArrayHandler".serialize. Time taken: 0.002670s
[2025-11-05 13:55:47,633][absl][INFO] - [process=0] /jax/checkpoint/write/blocking_gbytes_per_sec: 0 Bytes/s (total gbytes: 260.0 KiB) (time elapsed: 6 milliseconds) (per-host)
[2025-11-05 13:55:47,634][absl][INFO] - [process=0][thread=MainThread] Initiated Pytree async_save. Time taken: 0.006974s (batch_requests_ready=0.001923s, total_serialization_initiated=0.004520s, others=0.000531s)
[2025-11-05 13:55:47,636][absl][INFO] - [process=0][thread=async_save] Background save thread started.
[2025-11-05 13:55:47,636][absl][INFO] - Wrote Metadata={'item_handlers': None, 'metrics': {}, 'performance_metrics': {}, 'init_timestamp_nsecs': 1762347347634938488, 'commit_timestamp_nsecs': None, 'custom_metadata': {}}, json={"item_handlers": null, "metrics": {}, "performance_metrics": {}, "init_timestamp_nsecs": 1762347347634938488, "commit_timestamp_nsecs": null, "custom_metadata": {}} to /gpfs/home5/sfris1/two-towers-confounding-project/results/deep_separated/data=Custom_dataset_deep,docs_per_group=10,experiment=deep_separated,logging_policy_ranker=ordered,logging_policy_sampler=e_greedy,num_queries=1,policy_temperature=1.0,relevance=deep,relevance_tower=deeper,s_doc=10/checkpoint.orbax-checkpoint-tmp/_CHECKPOINT_METADATA
[2025-11-05 13:55:47,636][absl][INFO] - Finished blocking save. Time taken: 0.013372s. Continuing background save to /gpfs/home5/sfris1/two-towers-confounding-project/results/deep_separated/data=Custom_dataset_deep,docs_per_group=10,experiment=deep_separated,logging_policy_ranker=ordered,logging_policy_sampler=e_greedy,num_queries=1,policy_temperature=1.0,relevance=deep,relevance_tower=deeper,s_doc=10/checkpoint.
[2025-11-05 13:55:47,641][absl][INFO] - [process=0][thread=MainThread] Waiting for background save thread=async_save.
[2025-11-05 13:55:47,643][absl][INFO] - [process=0][thread=array_type_handler] Wrote 13 array_metadata.ArrayMetadata to /gpfs/home5/sfris1/two-towers-confounding-project/results/deep_separated/data=Custom_dataset_deep,docs_per_group=10,experiment=deep_separated,logging_policy_ranker=ordered,logging_policy_sampler=e_greedy,num_queries=1,policy_temperature=1.0,relevance=deep,relevance_tower=deeper,s_doc=10/checkpoint.orbax-checkpoint-tmp/array_metadatas/process_0
[2025-11-05 13:55:47,667][absl][INFO] - [process=0][thread=write_metadata_after_commits] Commit + Array metadata written. Time taken: 0.030380s (commit=0.027913s, array_metadata_write=0.002466s)
[2025-11-05 13:55:47,668][absl][INFO] - [process=0] /jax/checkpoint/write/gbytes_per_sec: 0 Bytes/s (total gbytes: 260.0 KiB) (time elapsed: 41 milliseconds) (per-host)
[2025-11-05 13:55:47,669][absl][INFO] - [process=0][thread=async_save] 2 Handler Commit operations completed. Time taken: 0.032511s.
[2025-11-05 13:55:47,670][absl][INFO] - Read Metadata={'item_handlers': None, 'metrics': {}, 'performance_metrics': {}, 'init_timestamp_nsecs': 1762347347634938488, 'commit_timestamp_nsecs': None, 'custom_metadata': {}} from /gpfs/home5/sfris1/two-towers-confounding-project/results/deep_separated/data=Custom_dataset_deep,docs_per_group=10,experiment=deep_separated,logging_policy_ranker=ordered,logging_policy_sampler=e_greedy,num_queries=1,policy_temperature=1.0,relevance=deep,relevance_tower=deeper,s_doc=10/checkpoint.orbax-checkpoint-tmp/_CHECKPOINT_METADATA
[2025-11-05 13:55:47,671][absl][INFO] - Updated Metadata={'item_handlers': 'orbax.checkpoint._src.handlers.standard_checkpoint_handler.StandardCheckpointHandler', 'metrics': {}, 'performance_metrics': {}, 'init_timestamp_nsecs': 1762347347634938488, 'commit_timestamp_nsecs': None, 'custom_metadata': {}} to /gpfs/home5/sfris1/two-towers-confounding-project/results/deep_separated/data=Custom_dataset_deep,docs_per_group=10,experiment=deep_separated,logging_policy_ranker=ordered,logging_policy_sampler=e_greedy,num_queries=1,policy_temperature=1.0,relevance=deep,relevance_tower=deeper,s_doc=10/checkpoint.orbax-checkpoint-tmp/_CHECKPOINT_METADATA
[2025-11-05 13:55:47,672][absl][INFO] - [process=0][thread=async_save] Skipped cross-host ArrayMetadata validation because only one process is found: process_index=0.
[2025-11-05 13:55:47,677][absl][INFO] - [process=0][thread=async_save] Pytree save finalize (merge_ocdbt + ArrayMetadata validation) completed. Time taken: 0.007481s. use_zarr3=False, enable_post_merge_validation=True, directory=/gpfs/home5/sfris1/two-towers-confounding-project/results/deep_separated/data=Custom_dataset_deep,docs_per_group=10,experiment=deep_separated,logging_policy_ranker=ordered,logging_policy_sampler=e_greedy,num_queries=1,policy_temperature=1.0,relevance=deep,relevance_tower=deeper,s_doc=10/checkpoint.orbax-checkpoint-tmp
[2025-11-05 13:55:47,677][absl][INFO] - Renaming /gpfs/home5/sfris1/two-towers-confounding-project/results/deep_separated/data=Custom_dataset_deep,docs_per_group=10,experiment=deep_separated,logging_policy_ranker=ordered,logging_policy_sampler=e_greedy,num_queries=1,policy_temperature=1.0,relevance=deep,relevance_tower=deeper,s_doc=10/checkpoint.orbax-checkpoint-tmp to /gpfs/home5/sfris1/two-towers-confounding-project/results/deep_separated/data=Custom_dataset_deep,docs_per_group=10,experiment=deep_separated,logging_policy_ranker=ordered,logging_policy_sampler=e_greedy,num_queries=1,policy_temperature=1.0,relevance=deep,relevance_tower=deeper,s_doc=10/checkpoint
[2025-11-05 13:55:47,680][absl][INFO] - [process=0][thread=async_save] Finished saving checkpoint (finalized tmp dir) to `/gpfs/home5/sfris1/two-towers-confounding-project/results/deep_separated/data=Custom_dataset_deep,docs_per_group=10,experiment=deep_separated,logging_policy_ranker=ordered,logging_policy_sampler=e_greedy,num_queries=1,policy_temperature=1.0,relevance=deep,relevance_tower=deeper,s_doc=10/checkpoint`.
[2025-11-05 13:55:47,680][absl][INFO] - Finished async_save (blocking + background). Time taken: 0.057564s. directory=/gpfs/home5/sfris1/two-towers-confounding-project/results/deep_separated/data=Custom_dataset_deep,docs_per_group=10,experiment=deep_separated,logging_policy_ranker=ordered,logging_policy_sampler=e_greedy,num_queries=1,policy_temperature=1.0,relevance=deep,relevance_tower=deeper,s_doc=10/checkpoint
[2025-11-05 13:55:47,681][absl][INFO] - [process=0][thread=async_save] Background save thread done. Time taken: 0.044617s.
[2025-11-05 13:55:47,681][absl][INFO] - [process=0][thread=MainThread] Done with waiting for background save thread=async_save.
[2025-11-05 13:55:47,681][absl][INFO] - [process=0][thread=MainThread] No errors found in background save thread=async_save.
