[2025-11-01 17:23:10,403][jax._src.xla_bridge][INFO] - Unable to initialize backend 'tpu': INTERNAL: Failed to open libtpu.so: libtpu.so: cannot open shared object file: No such file or directory
[2025-11-01 17:23:10,762][jax._src.xla_bridge][INFO] - Unable to initialize backend 'tpu': INTERNAL: Failed to open libtpu.so: libtpu.so: cannot open shared object file: No such file or directory
[2025-11-01 17:23:10,867][jax._src.xla_bridge][INFO] - Unable to initialize backend 'tpu': INTERNAL: Failed to open libtpu.so: libtpu.so: cannot open shared object file: No such file or directory
[2025-11-01 17:23:11,101][jax._src.xla_bridge][INFO] - Unable to initialize backend 'tpu': INTERNAL: Failed to open libtpu.so: libtpu.so: cannot open shared object file: No such file or directory
[2025-11-01 17:23:21,135][jax._src.xla_bridge][INFO] - Unable to initialize backend 'tpu': INTERNAL: Failed to open libtpu.so: libtpu.so: cannot open shared object file: No such file or directory
[2025-11-01 17:23:21,143][absl][INFO] - orbax-checkpoint version: 0.11.25
[2025-11-01 17:23:21,146][absl][INFO] - Created BasePyTreeCheckpointHandler: use_ocdbt=True, use_zarr3=False, pytree_metadata_options=PyTreeMetadataOptions(support_rich_types=False), array_metadata_store=<orbax.checkpoint._src.metadata.array_metadata_store.Store object at 0x147c9798d590>, enable_pinned_host_transfer=True, save_concurrent_bytes: 96000000000 (89.4 GiB), restore_concurrent_bytes: 96000000000 (89.4 GiB)
[2025-11-01 17:23:21,146][absl][INFO] - [thread=MainThread] Failed to get flag value for EXPERIMENTAL_ORBAX_USE_DISTRIBUTED_PROCESS_ID.
[2025-11-01 17:23:21,146][absl][INFO] - [process=0][thread=MainThread] Using barrier_sync_fn: <function get_barrier_sync_fn.<locals>.<lambda> at 0x147c5a522ac0> timeout: 600 secs and primary_host=0 for async checkpoint writes
[2025-11-01 17:23:21,150][absl][INFO] - Restoring checkpoint from /gpfs/home5/sfris1/two-towers-confounding-project/results/deep_separated/data=Custom_dataset_deep,docs_per_group=10,experiment=deep_separated,logging_policy_ranker=ordered,logging_policy_sampler=e_greedy,num_queries=2,policy_temperature=1.0,relevance=deep,relevance_tower=deep,s_doc=-0.2/checkpoint.
[2025-11-01 17:23:21,177][absl][INFO] - [process=0] /jax/checkpoint/read/gbytes_per_sec: 0 Bytes/s (total gbytes: 4.7 KiB) (time elapsed: 25 milliseconds) (per-host)
[2025-11-01 17:23:21,178][absl][INFO] - Finished restoring checkpoint in 0.03 seconds from /gpfs/home5/sfris1/two-towers-confounding-project/results/deep_separated/data=Custom_dataset_deep,docs_per_group=10,experiment=deep_separated,logging_policy_ranker=ordered,logging_policy_sampler=e_greedy,num_queries=2,policy_temperature=1.0,relevance=deep,relevance_tower=deep,s_doc=-0.2/checkpoint.
[2025-11-01 17:23:21,314][absl][INFO] - orbax-checkpoint version: 0.11.25
[2025-11-01 17:23:21,315][absl][INFO] - Created BasePyTreeCheckpointHandler: use_ocdbt=True, use_zarr3=False, pytree_metadata_options=PyTreeMetadataOptions(support_rich_types=False), array_metadata_store=<orbax.checkpoint._src.metadata.array_metadata_store.Store object at 0x14b70d08db90>, enable_pinned_host_transfer=True, save_concurrent_bytes: 96000000000 (89.4 GiB), restore_concurrent_bytes: 96000000000 (89.4 GiB)
[2025-11-01 17:23:21,315][absl][INFO] - [thread=MainThread] Failed to get flag value for EXPERIMENTAL_ORBAX_USE_DISTRIBUTED_PROCESS_ID.
[2025-11-01 17:23:21,315][absl][INFO] - [process=0][thread=MainThread] Using barrier_sync_fn: <function get_barrier_sync_fn.<locals>.<lambda> at 0x14b6e0785120> timeout: 600 secs and primary_host=0 for async checkpoint writes
[2025-11-01 17:23:21,319][absl][INFO] - Restoring checkpoint from /gpfs/home5/sfris1/two-towers-confounding-project/results/deep_separated/data=Custom_dataset_deep,docs_per_group=10,experiment=deep_separated,logging_policy_ranker=ordered,logging_policy_sampler=e_greedy,num_queries=2,policy_temperature=1.0,relevance=deep,relevance_tower=deep,s_doc=-0.2/checkpoint.
[2025-11-01 17:23:21,342][absl][INFO] - [process=0] /jax/checkpoint/read/gbytes_per_sec: 0 Bytes/s (total gbytes: 4.7 KiB) (time elapsed: 21 milliseconds) (per-host)
[2025-11-01 17:23:21,342][absl][INFO] - Finished restoring checkpoint in 0.03 seconds from /gpfs/home5/sfris1/two-towers-confounding-project/results/deep_separated/data=Custom_dataset_deep,docs_per_group=10,experiment=deep_separated,logging_policy_ranker=ordered,logging_policy_sampler=e_greedy,num_queries=2,policy_temperature=1.0,relevance=deep,relevance_tower=deep,s_doc=-0.2/checkpoint.
[2025-11-01 17:23:21,704][absl][INFO] - orbax-checkpoint version: 0.11.25
[2025-11-01 17:23:21,708][absl][INFO] - Created BasePyTreeCheckpointHandler: use_ocdbt=True, use_zarr3=False, pytree_metadata_options=PyTreeMetadataOptions(support_rich_types=False), array_metadata_store=<orbax.checkpoint._src.metadata.array_metadata_store.Store object at 0x14bb540bc4d0>, enable_pinned_host_transfer=True, save_concurrent_bytes: 96000000000 (89.4 GiB), restore_concurrent_bytes: 96000000000 (89.4 GiB)
[2025-11-01 17:23:21,708][absl][INFO] - [thread=MainThread] Failed to get flag value for EXPERIMENTAL_ORBAX_USE_DISTRIBUTED_PROCESS_ID.
[2025-11-01 17:23:21,709][absl][INFO] - [process=0][thread=MainThread] Using barrier_sync_fn: <function get_barrier_sync_fn.<locals>.<lambda> at 0x14bb1812c900> timeout: 600 secs and primary_host=0 for async checkpoint writes
[2025-11-01 17:23:21,712][absl][INFO] - Restoring checkpoint from /gpfs/home5/sfris1/two-towers-confounding-project/results/deep_separated/data=Custom_dataset_deep,docs_per_group=10,experiment=deep_separated,logging_policy_ranker=ordered,logging_policy_sampler=e_greedy,num_queries=2,policy_temperature=1.0,relevance=deep,relevance_tower=deep,s_doc=-0.2/checkpoint.
[2025-11-01 17:23:21,731][absl][INFO] - orbax-checkpoint version: 0.11.25
[2025-11-01 17:23:21,731][absl][INFO] - Created BasePyTreeCheckpointHandler: use_ocdbt=True, use_zarr3=False, pytree_metadata_options=PyTreeMetadataOptions(support_rich_types=False), array_metadata_store=<orbax.checkpoint._src.metadata.array_metadata_store.Store object at 0x154247f63190>, enable_pinned_host_transfer=True, save_concurrent_bytes: 96000000000 (89.4 GiB), restore_concurrent_bytes: 96000000000 (89.4 GiB)
[2025-11-01 17:23:21,732][absl][INFO] - [thread=MainThread] Failed to get flag value for EXPERIMENTAL_ORBAX_USE_DISTRIBUTED_PROCESS_ID.
[2025-11-01 17:23:21,732][absl][INFO] - [process=0][thread=MainThread] Using barrier_sync_fn: <function get_barrier_sync_fn.<locals>.<lambda> at 0x15420ab05da0> timeout: 600 secs and primary_host=0 for async checkpoint writes
[2025-11-01 17:23:21,735][absl][INFO] - Restoring checkpoint from /gpfs/home5/sfris1/two-towers-confounding-project/results/deep_separated/data=Custom_dataset_deep,docs_per_group=10,experiment=deep_separated,logging_policy_ranker=ordered,logging_policy_sampler=e_greedy,num_queries=2,policy_temperature=1.0,relevance=deep,relevance_tower=deep,s_doc=-0.2/checkpoint.
[2025-11-01 17:23:21,736][absl][INFO] - [process=0] /jax/checkpoint/read/gbytes_per_sec: 0 Bytes/s (total gbytes: 4.7 KiB) (time elapsed: 22 milliseconds) (per-host)
[2025-11-01 17:23:21,736][absl][INFO] - Finished restoring checkpoint in 0.03 seconds from /gpfs/home5/sfris1/two-towers-confounding-project/results/deep_separated/data=Custom_dataset_deep,docs_per_group=10,experiment=deep_separated,logging_policy_ranker=ordered,logging_policy_sampler=e_greedy,num_queries=2,policy_temperature=1.0,relevance=deep,relevance_tower=deep,s_doc=-0.2/checkpoint.
[2025-11-01 17:23:21,756][absl][INFO] - [process=0] /jax/checkpoint/read/gbytes_per_sec: 0 Bytes/s (total gbytes: 4.7 KiB) (time elapsed: 20 milliseconds) (per-host)
[2025-11-01 17:23:21,757][absl][INFO] - Finished restoring checkpoint in 0.02 seconds from /gpfs/home5/sfris1/two-towers-confounding-project/results/deep_separated/data=Custom_dataset_deep,docs_per_group=10,experiment=deep_separated,logging_policy_ranker=ordered,logging_policy_sampler=e_greedy,num_queries=2,policy_temperature=1.0,relevance=deep,relevance_tower=deep,s_doc=-0.2/checkpoint.
[2025-11-01 17:23:32,169][absl][INFO] - orbax-checkpoint version: 0.11.25
[2025-11-01 17:23:32,172][absl][INFO] - Created BasePyTreeCheckpointHandler: use_ocdbt=True, use_zarr3=False, pytree_metadata_options=PyTreeMetadataOptions(support_rich_types=False), array_metadata_store=<orbax.checkpoint._src.metadata.array_metadata_store.Store object at 0x15524a725450>, enable_pinned_host_transfer=True, save_concurrent_bytes: 96000000000 (89.4 GiB), restore_concurrent_bytes: 96000000000 (89.4 GiB)
[2025-11-01 17:23:32,172][absl][INFO] - [thread=MainThread] Failed to get flag value for EXPERIMENTAL_ORBAX_USE_DISTRIBUTED_PROCESS_ID.
[2025-11-01 17:23:32,173][absl][INFO] - [process=0][thread=MainThread] Using barrier_sync_fn: <function get_barrier_sync_fn.<locals>.<lambda> at 0x15520c136d40> timeout: 600 secs and primary_host=0 for async checkpoint writes
[2025-11-01 17:23:32,176][absl][INFO] - Restoring checkpoint from /gpfs/home5/sfris1/two-towers-confounding-project/results/deep_separated/data=Custom_dataset_deep,docs_per_group=10,experiment=deep_separated,logging_policy_ranker=ordered,logging_policy_sampler=e_greedy,num_queries=2,policy_temperature=1.0,relevance=deep,relevance_tower=deep,s_doc=-0.2/checkpoint.
[2025-11-01 17:23:32,199][absl][INFO] - [process=0] /jax/checkpoint/read/gbytes_per_sec: 0 Bytes/s (total gbytes: 4.7 KiB) (time elapsed: 21 milliseconds) (per-host)
[2025-11-01 17:23:32,200][absl][INFO] - Finished restoring checkpoint in 0.03 seconds from /gpfs/home5/sfris1/two-towers-confounding-project/results/deep_separated/data=Custom_dataset_deep,docs_per_group=10,experiment=deep_separated,logging_policy_ranker=ordered,logging_policy_sampler=e_greedy,num_queries=2,policy_temperature=1.0,relevance=deep,relevance_tower=deep,s_doc=-0.2/checkpoint.
[2025-11-01 17:23:39,193][jax._src.xla_bridge][INFO] - Unable to initialize backend 'tpu': INTERNAL: Failed to open libtpu.so: libtpu.so: cannot open shared object file: No such file or directory
[2025-11-01 17:23:39,421][jax._src.xla_bridge][INFO] - Unable to initialize backend 'tpu': INTERNAL: Failed to open libtpu.so: libtpu.so: cannot open shared object file: No such file or directory
[2025-11-01 17:23:50,050][absl][INFO] - orbax-checkpoint version: 0.11.25
[2025-11-01 17:23:50,051][absl][INFO] - Created BasePyTreeCheckpointHandler: use_ocdbt=True, use_zarr3=False, pytree_metadata_options=PyTreeMetadataOptions(support_rich_types=False), array_metadata_store=<orbax.checkpoint._src.metadata.array_metadata_store.Store object at 0x146b3c34c8d0>, enable_pinned_host_transfer=True, save_concurrent_bytes: 96000000000 (89.4 GiB), restore_concurrent_bytes: 96000000000 (89.4 GiB)
[2025-11-01 17:23:50,051][absl][INFO] - [thread=MainThread] Failed to get flag value for EXPERIMENTAL_ORBAX_USE_DISTRIBUTED_PROCESS_ID.
[2025-11-01 17:23:50,051][absl][INFO] - [process=0][thread=MainThread] Using barrier_sync_fn: <function get_barrier_sync_fn.<locals>.<lambda> at 0x146b01afdda0> timeout: 600 secs and primary_host=0 for async checkpoint writes
[2025-11-01 17:23:50,055][absl][INFO] - Restoring checkpoint from /gpfs/home5/sfris1/two-towers-confounding-project/results/deep_separated/data=Custom_dataset_deep,docs_per_group=10,experiment=deep_separated,logging_policy_ranker=ordered,logging_policy_sampler=e_greedy,num_queries=2,policy_temperature=1.0,relevance=deep,relevance_tower=deep,s_doc=-0.2/checkpoint.
[2025-11-01 17:23:50,079][absl][INFO] - [process=0] /jax/checkpoint/read/gbytes_per_sec: 0 Bytes/s (total gbytes: 4.7 KiB) (time elapsed: 22 milliseconds) (per-host)
[2025-11-01 17:23:50,080][absl][INFO] - Finished restoring checkpoint in 0.03 seconds from /gpfs/home5/sfris1/two-towers-confounding-project/results/deep_separated/data=Custom_dataset_deep,docs_per_group=10,experiment=deep_separated,logging_policy_ranker=ordered,logging_policy_sampler=e_greedy,num_queries=2,policy_temperature=1.0,relevance=deep,relevance_tower=deep,s_doc=-0.2/checkpoint.
[2025-11-01 17:23:50,200][absl][INFO] - orbax-checkpoint version: 0.11.25
[2025-11-01 17:23:50,200][absl][INFO] - Created BasePyTreeCheckpointHandler: use_ocdbt=True, use_zarr3=False, pytree_metadata_options=PyTreeMetadataOptions(support_rich_types=False), array_metadata_store=<orbax.checkpoint._src.metadata.array_metadata_store.Store object at 0x14ff969ebf10>, enable_pinned_host_transfer=True, save_concurrent_bytes: 96000000000 (89.4 GiB), restore_concurrent_bytes: 96000000000 (89.4 GiB)
[2025-11-01 17:23:50,201][absl][INFO] - [thread=MainThread] Failed to get flag value for EXPERIMENTAL_ORBAX_USE_DISTRIBUTED_PROCESS_ID.
[2025-11-01 17:23:50,201][absl][INFO] - [process=0][thread=MainThread] Using barrier_sync_fn: <function get_barrier_sync_fn.<locals>.<lambda> at 0x14ff680868e0> timeout: 600 secs and primary_host=0 for async checkpoint writes
[2025-11-01 17:23:50,204][absl][INFO] - Restoring checkpoint from /gpfs/home5/sfris1/two-towers-confounding-project/results/deep_separated/data=Custom_dataset_deep,docs_per_group=10,experiment=deep_separated,logging_policy_ranker=ordered,logging_policy_sampler=e_greedy,num_queries=2,policy_temperature=1.0,relevance=deep,relevance_tower=deep,s_doc=-0.2/checkpoint.
[2025-11-01 17:23:50,225][absl][INFO] - [process=0] /jax/checkpoint/read/gbytes_per_sec: 0 Bytes/s (total gbytes: 4.7 KiB) (time elapsed: 20 milliseconds) (per-host)
[2025-11-01 17:23:50,226][absl][INFO] - Finished restoring checkpoint in 0.02 seconds from /gpfs/home5/sfris1/two-towers-confounding-project/results/deep_separated/data=Custom_dataset_deep,docs_per_group=10,experiment=deep_separated,logging_policy_ranker=ordered,logging_policy_sampler=e_greedy,num_queries=2,policy_temperature=1.0,relevance=deep,relevance_tower=deep,s_doc=-0.2/checkpoint.
