[2025-10-31 17:08:37,214][jax._src.xla_bridge][INFO] - Unable to initialize backend 'tpu': INTERNAL: Failed to open libtpu.so: libtpu.so: cannot open shared object file: No such file or directory
[2025-10-31 17:08:41,681][jax._src.xla_bridge][INFO] - Unable to initialize backend 'tpu': INTERNAL: Failed to open libtpu.so: libtpu.so: cannot open shared object file: No such file or directory
[2025-10-31 17:08:45,929][jax._src.xla_bridge][INFO] - Unable to initialize backend 'tpu': INTERNAL: Failed to open libtpu.so: libtpu.so: cannot open shared object file: No such file or directory
[2025-10-31 17:08:47,856][absl][INFO] - orbax-checkpoint version: 0.11.25
[2025-10-31 17:08:47,859][absl][INFO] - Created BasePyTreeCheckpointHandler: use_ocdbt=True, use_zarr3=False, pytree_metadata_options=PyTreeMetadataOptions(support_rich_types=False), array_metadata_store=<orbax.checkpoint._src.metadata.array_metadata_store.Store object at 0x14b7ffab19d0>, enable_pinned_host_transfer=True, save_concurrent_bytes: 96000000000 (89.4 GiB), restore_concurrent_bytes: 96000000000 (89.4 GiB)
[2025-10-31 17:08:47,859][absl][INFO] - [thread=MainThread] Failed to get flag value for EXPERIMENTAL_ORBAX_USE_DISTRIBUTED_PROCESS_ID.
[2025-10-31 17:08:47,859][absl][INFO] - [process=0][thread=MainThread] Using barrier_sync_fn: <function get_barrier_sync_fn.<locals>.<lambda> at 0x14b7d263cfe0> timeout: 600 secs and primary_host=0 for async checkpoint writes
[2025-10-31 17:08:47,863][absl][INFO] - Restoring checkpoint from /gpfs/home5/sfris1/two-towers-confounding-project/results/deep_target_label_ranked/data=Custom_dataset_deep,docs_per_group=10,experiment=deep_target_label_ranked,logging_policy_ranker=ordered,logging_policy_sampler=e_greedy,num_queries=10,policy_strength=1,policy_temperature=1.0,random_state=2021,relevance=deep,relevance_tower=deep/checkpoint.
[2025-10-31 17:08:47,897][absl][INFO] - [process=0] /jax/checkpoint/read/gbytes_per_sec: 0 Bytes/s (total gbytes: 4.7 KiB) (time elapsed: 31 milliseconds) (per-host)
[2025-10-31 17:08:47,897][absl][INFO] - Finished restoring checkpoint in 0.04 seconds from /gpfs/home5/sfris1/two-towers-confounding-project/results/deep_target_label_ranked/data=Custom_dataset_deep,docs_per_group=10,experiment=deep_target_label_ranked,logging_policy_ranker=ordered,logging_policy_sampler=e_greedy,num_queries=10,policy_strength=1,policy_temperature=1.0,random_state=2021,relevance=deep,relevance_tower=deep/checkpoint.
[2025-10-31 17:08:51,437][jax._src.xla_bridge][INFO] - Unable to initialize backend 'tpu': INTERNAL: Failed to open libtpu.so: libtpu.so: cannot open shared object file: No such file or directory
[2025-10-31 17:08:52,313][absl][INFO] - orbax-checkpoint version: 0.11.25
[2025-10-31 17:08:52,315][absl][INFO] - Created BasePyTreeCheckpointHandler: use_ocdbt=True, use_zarr3=False, pytree_metadata_options=PyTreeMetadataOptions(support_rich_types=False), array_metadata_store=<orbax.checkpoint._src.metadata.array_metadata_store.Store object at 0x154d6f680950>, enable_pinned_host_transfer=True, save_concurrent_bytes: 96000000000 (89.4 GiB), restore_concurrent_bytes: 96000000000 (89.4 GiB)
[2025-10-31 17:08:52,315][absl][INFO] - [thread=MainThread] Failed to get flag value for EXPERIMENTAL_ORBAX_USE_DISTRIBUTED_PROCESS_ID.
[2025-10-31 17:08:52,315][absl][INFO] - [process=0][thread=MainThread] Using barrier_sync_fn: <function get_barrier_sync_fn.<locals>.<lambda> at 0x154cd41b3c40> timeout: 600 secs and primary_host=0 for async checkpoint writes
[2025-10-31 17:08:52,318][absl][INFO] - Restoring checkpoint from /gpfs/home5/sfris1/two-towers-confounding-project/results/deep_target_label_ranked/data=Custom_dataset_deep,docs_per_group=10,experiment=deep_target_label_ranked,logging_policy_ranker=ordered,logging_policy_sampler=e_greedy,num_queries=10,policy_strength=1,policy_temperature=1.0,random_state=2021,relevance=deep,relevance_tower=deep/checkpoint.
[2025-10-31 17:08:52,342][absl][INFO] - [process=0] /jax/checkpoint/read/gbytes_per_sec: 0 Bytes/s (total gbytes: 4.7 KiB) (time elapsed: 21 milliseconds) (per-host)
[2025-10-31 17:08:52,342][absl][INFO] - Finished restoring checkpoint in 0.03 seconds from /gpfs/home5/sfris1/two-towers-confounding-project/results/deep_target_label_ranked/data=Custom_dataset_deep,docs_per_group=10,experiment=deep_target_label_ranked,logging_policy_ranker=ordered,logging_policy_sampler=e_greedy,num_queries=10,policy_strength=1,policy_temperature=1.0,random_state=2021,relevance=deep,relevance_tower=deep/checkpoint.
[2025-10-31 17:08:53,545][jax._src.xla_bridge][INFO] - Unable to initialize backend 'tpu': INTERNAL: Failed to open libtpu.so: libtpu.so: cannot open shared object file: No such file or directory
[2025-10-31 17:08:55,884][jax._src.xla_bridge][INFO] - Unable to initialize backend 'tpu': INTERNAL: Failed to open libtpu.so: libtpu.so: cannot open shared object file: No such file or directory
[2025-10-31 17:08:56,488][absl][INFO] - orbax-checkpoint version: 0.11.25
[2025-10-31 17:08:56,491][absl][INFO] - Created BasePyTreeCheckpointHandler: use_ocdbt=True, use_zarr3=False, pytree_metadata_options=PyTreeMetadataOptions(support_rich_types=False), array_metadata_store=<orbax.checkpoint._src.metadata.array_metadata_store.Store object at 0x14cdc4f223d0>, enable_pinned_host_transfer=True, save_concurrent_bytes: 96000000000 (89.4 GiB), restore_concurrent_bytes: 96000000000 (89.4 GiB)
[2025-10-31 17:08:56,492][absl][INFO] - [thread=MainThread] Failed to get flag value for EXPERIMENTAL_ORBAX_USE_DISTRIBUTED_PROCESS_ID.
[2025-10-31 17:08:56,492][absl][INFO] - [process=0][thread=MainThread] Using barrier_sync_fn: <function get_barrier_sync_fn.<locals>.<lambda> at 0x14cd87ae5580> timeout: 600 secs and primary_host=0 for async checkpoint writes
[2025-10-31 17:08:56,495][absl][INFO] - Restoring checkpoint from /gpfs/home5/sfris1/two-towers-confounding-project/results/deep_target_label_ranked/data=Custom_dataset_deep,docs_per_group=10,experiment=deep_target_label_ranked,logging_policy_ranker=ordered,logging_policy_sampler=e_greedy,num_queries=10,policy_strength=1,policy_temperature=1.0,random_state=2021,relevance=deep,relevance_tower=deep/checkpoint.
[2025-10-31 17:08:56,521][absl][INFO] - [process=0] /jax/checkpoint/read/gbytes_per_sec: 0 Bytes/s (total gbytes: 4.7 KiB) (time elapsed: 24 milliseconds) (per-host)
[2025-10-31 17:08:56,521][absl][INFO] - Finished restoring checkpoint in 0.03 seconds from /gpfs/home5/sfris1/two-towers-confounding-project/results/deep_target_label_ranked/data=Custom_dataset_deep,docs_per_group=10,experiment=deep_target_label_ranked,logging_policy_ranker=ordered,logging_policy_sampler=e_greedy,num_queries=10,policy_strength=1,policy_temperature=1.0,random_state=2021,relevance=deep,relevance_tower=deep/checkpoint.
[2025-10-31 17:08:57,269][jax._src.xla_bridge][INFO] - Unable to initialize backend 'tpu': INTERNAL: Failed to open libtpu.so: libtpu.so: cannot open shared object file: No such file or directory
[2025-10-31 17:08:59,281][jax._src.xla_bridge][INFO] - Unable to initialize backend 'tpu': INTERNAL: Failed to open libtpu.so: libtpu.so: cannot open shared object file: No such file or directory
[2025-10-31 17:09:01,856][absl][INFO] - orbax-checkpoint version: 0.11.25
[2025-10-31 17:09:01,859][absl][INFO] - Created BasePyTreeCheckpointHandler: use_ocdbt=True, use_zarr3=False, pytree_metadata_options=PyTreeMetadataOptions(support_rich_types=False), array_metadata_store=<orbax.checkpoint._src.metadata.array_metadata_store.Store object at 0x148cbe658c50>, enable_pinned_host_transfer=True, save_concurrent_bytes: 96000000000 (89.4 GiB), restore_concurrent_bytes: 96000000000 (89.4 GiB)
[2025-10-31 17:09:01,859][absl][INFO] - [thread=MainThread] Failed to get flag value for EXPERIMENTAL_ORBAX_USE_DISTRIBUTED_PROCESS_ID.
[2025-10-31 17:09:01,860][absl][INFO] - [process=0][thread=MainThread] Using barrier_sync_fn: <function get_barrier_sync_fn.<locals>.<lambda> at 0x148c93c28fe0> timeout: 600 secs and primary_host=0 for async checkpoint writes
[2025-10-31 17:09:01,863][absl][INFO] - Restoring checkpoint from /gpfs/home5/sfris1/two-towers-confounding-project/results/deep_target_label_ranked/data=Custom_dataset_deep,docs_per_group=10,experiment=deep_target_label_ranked,logging_policy_ranker=ordered,logging_policy_sampler=e_greedy,num_queries=10,policy_strength=1,policy_temperature=1.0,random_state=2021,relevance=deep,relevance_tower=deep/checkpoint.
[2025-10-31 17:09:01,887][absl][INFO] - [process=0] /jax/checkpoint/read/gbytes_per_sec: 0 Bytes/s (total gbytes: 4.7 KiB) (time elapsed: 22 milliseconds) (per-host)
[2025-10-31 17:09:01,888][absl][INFO] - Finished restoring checkpoint in 0.03 seconds from /gpfs/home5/sfris1/two-towers-confounding-project/results/deep_target_label_ranked/data=Custom_dataset_deep,docs_per_group=10,experiment=deep_target_label_ranked,logging_policy_ranker=ordered,logging_policy_sampler=e_greedy,num_queries=10,policy_strength=1,policy_temperature=1.0,random_state=2021,relevance=deep,relevance_tower=deep/checkpoint.
[2025-10-31 17:09:04,014][jax._src.xla_bridge][INFO] - Unable to initialize backend 'tpu': INTERNAL: Failed to open libtpu.so: libtpu.so: cannot open shared object file: No such file or directory
[2025-10-31 17:09:04,159][absl][INFO] - orbax-checkpoint version: 0.11.25
[2025-10-31 17:09:04,162][absl][INFO] - Created BasePyTreeCheckpointHandler: use_ocdbt=True, use_zarr3=False, pytree_metadata_options=PyTreeMetadataOptions(support_rich_types=False), array_metadata_store=<orbax.checkpoint._src.metadata.array_metadata_store.Store object at 0x1479059d91d0>, enable_pinned_host_transfer=True, save_concurrent_bytes: 96000000000 (89.4 GiB), restore_concurrent_bytes: 96000000000 (89.4 GiB)
[2025-10-31 17:09:04,162][absl][INFO] - [thread=MainThread] Failed to get flag value for EXPERIMENTAL_ORBAX_USE_DISTRIBUTED_PROCESS_ID.
[2025-10-31 17:09:04,162][absl][INFO] - [process=0][thread=MainThread] Using barrier_sync_fn: <function get_barrier_sync_fn.<locals>.<lambda> at 0x1478cb131760> timeout: 600 secs and primary_host=0 for async checkpoint writes
[2025-10-31 17:09:04,165][absl][INFO] - Restoring checkpoint from /gpfs/home5/sfris1/two-towers-confounding-project/results/deep_target_label_ranked/data=Custom_dataset_deep,docs_per_group=10,experiment=deep_target_label_ranked,logging_policy_ranker=ordered,logging_policy_sampler=e_greedy,num_queries=10,policy_strength=1,policy_temperature=1.0,random_state=2021,relevance=deep,relevance_tower=deep/checkpoint.
[2025-10-31 17:09:04,187][absl][INFO] - [process=0] /jax/checkpoint/read/gbytes_per_sec: 0 Bytes/s (total gbytes: 4.7 KiB) (time elapsed: 20 milliseconds) (per-host)
[2025-10-31 17:09:04,187][absl][INFO] - Finished restoring checkpoint in 0.02 seconds from /gpfs/home5/sfris1/two-towers-confounding-project/results/deep_target_label_ranked/data=Custom_dataset_deep,docs_per_group=10,experiment=deep_target_label_ranked,logging_policy_ranker=ordered,logging_policy_sampler=e_greedy,num_queries=10,policy_strength=1,policy_temperature=1.0,random_state=2021,relevance=deep,relevance_tower=deep/checkpoint.
[2025-10-31 17:09:05,833][jax._src.xla_bridge][INFO] - Unable to initialize backend 'tpu': INTERNAL: Failed to open libtpu.so: libtpu.so: cannot open shared object file: No such file or directory
[2025-10-31 17:09:06,072][jax._src.xla_bridge][INFO] - Unable to initialize backend 'tpu': INTERNAL: Failed to open libtpu.so: libtpu.so: cannot open shared object file: No such file or directory
[2025-10-31 17:09:06,418][absl][INFO] - orbax-checkpoint version: 0.11.25
[2025-10-31 17:09:06,422][absl][INFO] - Created BasePyTreeCheckpointHandler: use_ocdbt=True, use_zarr3=False, pytree_metadata_options=PyTreeMetadataOptions(support_rich_types=False), array_metadata_store=<orbax.checkpoint._src.metadata.array_metadata_store.Store object at 0x1470499e0f50>, enable_pinned_host_transfer=True, save_concurrent_bytes: 96000000000 (89.4 GiB), restore_concurrent_bytes: 96000000000 (89.4 GiB)
[2025-10-31 17:09:06,422][absl][INFO] - [thread=MainThread] Failed to get flag value for EXPERIMENTAL_ORBAX_USE_DISTRIBUTED_PROCESS_ID.
[2025-10-31 17:09:06,422][absl][INFO] - [process=0][thread=MainThread] Using barrier_sync_fn: <function get_barrier_sync_fn.<locals>.<lambda> at 0x146fc81a3c40> timeout: 600 secs and primary_host=0 for async checkpoint writes
[2025-10-31 17:09:06,426][absl][INFO] - Restoring checkpoint from /gpfs/home5/sfris1/two-towers-confounding-project/results/deep_target_label_ranked/data=Custom_dataset_deep,docs_per_group=10,experiment=deep_target_label_ranked,logging_policy_ranker=ordered,logging_policy_sampler=e_greedy,num_queries=10,policy_strength=1,policy_temperature=1.0,random_state=2021,relevance=deep,relevance_tower=deep/checkpoint.
[2025-10-31 17:09:06,462][absl][INFO] - [process=0] /jax/checkpoint/read/gbytes_per_sec: 0 Bytes/s (total gbytes: 4.7 KiB) (time elapsed: 33 milliseconds) (per-host)
[2025-10-31 17:09:06,462][absl][INFO] - Finished restoring checkpoint in 0.04 seconds from /gpfs/home5/sfris1/two-towers-confounding-project/results/deep_target_label_ranked/data=Custom_dataset_deep,docs_per_group=10,experiment=deep_target_label_ranked,logging_policy_ranker=ordered,logging_policy_sampler=e_greedy,num_queries=10,policy_strength=1,policy_temperature=1.0,random_state=2021,relevance=deep,relevance_tower=deep/checkpoint.
[2025-10-31 17:09:06,700][jax._src.xla_bridge][INFO] - Unable to initialize backend 'tpu': INTERNAL: Failed to open libtpu.so: libtpu.so: cannot open shared object file: No such file or directory
[2025-10-31 17:09:07,654][absl][INFO] - orbax-checkpoint version: 0.11.25
[2025-10-31 17:09:07,657][absl][INFO] - Created BasePyTreeCheckpointHandler: use_ocdbt=True, use_zarr3=False, pytree_metadata_options=PyTreeMetadataOptions(support_rich_types=False), array_metadata_store=<orbax.checkpoint._src.metadata.array_metadata_store.Store object at 0x14dbbec73090>, enable_pinned_host_transfer=True, save_concurrent_bytes: 96000000000 (89.4 GiB), restore_concurrent_bytes: 96000000000 (89.4 GiB)
[2025-10-31 17:09:07,657][absl][INFO] - [thread=MainThread] Failed to get flag value for EXPERIMENTAL_ORBAX_USE_DISTRIBUTED_PROCESS_ID.
[2025-10-31 17:09:07,657][absl][INFO] - [process=0][thread=MainThread] Using barrier_sync_fn: <function get_barrier_sync_fn.<locals>.<lambda> at 0x14db913cf560> timeout: 600 secs and primary_host=0 for async checkpoint writes
[2025-10-31 17:09:07,660][absl][INFO] - Restoring checkpoint from /gpfs/home5/sfris1/two-towers-confounding-project/results/deep_target_label_ranked/data=Custom_dataset_deep,docs_per_group=10,experiment=deep_target_label_ranked,logging_policy_ranker=ordered,logging_policy_sampler=e_greedy,num_queries=10,policy_strength=1,policy_temperature=1.0,random_state=2021,relevance=deep,relevance_tower=deep/checkpoint.
[2025-10-31 17:09:07,691][absl][INFO] - [process=0] /jax/checkpoint/read/gbytes_per_sec: 0 Bytes/s (total gbytes: 4.7 KiB) (time elapsed: 28 milliseconds) (per-host)
[2025-10-31 17:09:07,691][absl][INFO] - Finished restoring checkpoint in 0.03 seconds from /gpfs/home5/sfris1/two-towers-confounding-project/results/deep_target_label_ranked/data=Custom_dataset_deep,docs_per_group=10,experiment=deep_target_label_ranked,logging_policy_ranker=ordered,logging_policy_sampler=e_greedy,num_queries=10,policy_strength=1,policy_temperature=1.0,random_state=2021,relevance=deep,relevance_tower=deep/checkpoint.
[2025-10-31 17:09:08,447][jax._src.xla_bridge][INFO] - Unable to initialize backend 'tpu': INTERNAL: Failed to open libtpu.so: libtpu.so: cannot open shared object file: No such file or directory
[2025-10-31 17:09:09,685][absl][INFO] - orbax-checkpoint version: 0.11.25
[2025-10-31 17:09:09,689][absl][INFO] - Created BasePyTreeCheckpointHandler: use_ocdbt=True, use_zarr3=False, pytree_metadata_options=PyTreeMetadataOptions(support_rich_types=False), array_metadata_store=<orbax.checkpoint._src.metadata.array_metadata_store.Store object at 0x145eda916050>, enable_pinned_host_transfer=True, save_concurrent_bytes: 96000000000 (89.4 GiB), restore_concurrent_bytes: 96000000000 (89.4 GiB)
[2025-10-31 17:09:09,689][absl][INFO] - [thread=MainThread] Failed to get flag value for EXPERIMENTAL_ORBAX_USE_DISTRIBUTED_PROCESS_ID.
[2025-10-31 17:09:09,690][absl][INFO] - [process=0][thread=MainThread] Using barrier_sync_fn: <function get_barrier_sync_fn.<locals>.<lambda> at 0x145e5810ba60> timeout: 600 secs and primary_host=0 for async checkpoint writes
[2025-10-31 17:09:09,693][absl][INFO] - Restoring checkpoint from /gpfs/home5/sfris1/two-towers-confounding-project/results/deep_target_label_ranked/data=Custom_dataset_deep,docs_per_group=10,experiment=deep_target_label_ranked,logging_policy_ranker=ordered,logging_policy_sampler=e_greedy,num_queries=10,policy_strength=1,policy_temperature=1.0,random_state=2021,relevance=deep,relevance_tower=deep/checkpoint.
[2025-10-31 17:09:09,724][absl][INFO] - [process=0] /jax/checkpoint/read/gbytes_per_sec: 0 Bytes/s (total gbytes: 4.7 KiB) (time elapsed: 29 milliseconds) (per-host)
[2025-10-31 17:09:09,725][absl][INFO] - Finished restoring checkpoint in 0.03 seconds from /gpfs/home5/sfris1/two-towers-confounding-project/results/deep_target_label_ranked/data=Custom_dataset_deep,docs_per_group=10,experiment=deep_target_label_ranked,logging_policy_ranker=ordered,logging_policy_sampler=e_greedy,num_queries=10,policy_strength=1,policy_temperature=1.0,random_state=2021,relevance=deep,relevance_tower=deep/checkpoint.
[2025-10-31 17:09:14,447][absl][INFO] - orbax-checkpoint version: 0.11.25
[2025-10-31 17:09:14,450][absl][INFO] - Created BasePyTreeCheckpointHandler: use_ocdbt=True, use_zarr3=False, pytree_metadata_options=PyTreeMetadataOptions(support_rich_types=False), array_metadata_store=<orbax.checkpoint._src.metadata.array_metadata_store.Store object at 0x14f387ed6410>, enable_pinned_host_transfer=True, save_concurrent_bytes: 96000000000 (89.4 GiB), restore_concurrent_bytes: 96000000000 (89.4 GiB)
[2025-10-31 17:09:14,450][absl][INFO] - [thread=MainThread] Failed to get flag value for EXPERIMENTAL_ORBAX_USE_DISTRIBUTED_PROCESS_ID.
[2025-10-31 17:09:14,450][absl][INFO] - [process=0][thread=MainThread] Using barrier_sync_fn: <function get_barrier_sync_fn.<locals>.<lambda> at 0x14f34aa21120> timeout: 600 secs and primary_host=0 for async checkpoint writes
[2025-10-31 17:09:14,454][absl][INFO] - Restoring checkpoint from /gpfs/home5/sfris1/two-towers-confounding-project/results/deep_target_label_ranked/data=Custom_dataset_deep,docs_per_group=10,experiment=deep_target_label_ranked,logging_policy_ranker=ordered,logging_policy_sampler=e_greedy,num_queries=10,policy_strength=1,policy_temperature=1.0,random_state=2021,relevance=deep,relevance_tower=deep/checkpoint.
[2025-10-31 17:09:14,482][absl][INFO] - [process=0] /jax/checkpoint/read/gbytes_per_sec: 0 Bytes/s (total gbytes: 4.7 KiB) (time elapsed: 26 milliseconds) (per-host)
[2025-10-31 17:09:14,483][absl][INFO] - Finished restoring checkpoint in 0.03 seconds from /gpfs/home5/sfris1/two-towers-confounding-project/results/deep_target_label_ranked/data=Custom_dataset_deep,docs_per_group=10,experiment=deep_target_label_ranked,logging_policy_ranker=ordered,logging_policy_sampler=e_greedy,num_queries=10,policy_strength=1,policy_temperature=1.0,random_state=2021,relevance=deep,relevance_tower=deep/checkpoint.
[2025-10-31 17:09:17,526][absl][INFO] - orbax-checkpoint version: 0.11.25
[2025-10-31 17:09:17,532][absl][INFO] - Created BasePyTreeCheckpointHandler: use_ocdbt=True, use_zarr3=False, pytree_metadata_options=PyTreeMetadataOptions(support_rich_types=False), array_metadata_store=<orbax.checkpoint._src.metadata.array_metadata_store.Store object at 0x14fc1c40e750>, enable_pinned_host_transfer=True, save_concurrent_bytes: 96000000000 (89.4 GiB), restore_concurrent_bytes: 96000000000 (89.4 GiB)
[2025-10-31 17:09:17,532][absl][INFO] - [thread=MainThread] Failed to get flag value for EXPERIMENTAL_ORBAX_USE_DISTRIBUTED_PROCESS_ID.
[2025-10-31 17:09:17,532][absl][INFO] - [process=0][thread=MainThread] Using barrier_sync_fn: <function get_barrier_sync_fn.<locals>.<lambda> at 0x14fbdef8d8a0> timeout: 600 secs and primary_host=0 for async checkpoint writes
[2025-10-31 17:09:17,542][absl][INFO] - Restoring checkpoint from /gpfs/home5/sfris1/two-towers-confounding-project/results/deep_target_label_ranked/data=Custom_dataset_deep,docs_per_group=10,experiment=deep_target_label_ranked,logging_policy_ranker=ordered,logging_policy_sampler=e_greedy,num_queries=10,policy_strength=1,policy_temperature=1.0,random_state=2021,relevance=deep,relevance_tower=deep/checkpoint.
[2025-10-31 17:09:17,565][absl][INFO] - orbax-checkpoint version: 0.11.25
[2025-10-31 17:09:17,565][absl][INFO] - Created BasePyTreeCheckpointHandler: use_ocdbt=True, use_zarr3=False, pytree_metadata_options=PyTreeMetadataOptions(support_rich_types=False), array_metadata_store=<orbax.checkpoint._src.metadata.array_metadata_store.Store object at 0x150391ae59d0>, enable_pinned_host_transfer=True, save_concurrent_bytes: 96000000000 (89.4 GiB), restore_concurrent_bytes: 96000000000 (89.4 GiB)
[2025-10-31 17:09:17,565][absl][INFO] - [thread=MainThread] Failed to get flag value for EXPERIMENTAL_ORBAX_USE_DISTRIBUTED_PROCESS_ID.
[2025-10-31 17:09:17,566][absl][INFO] - [process=0][thread=MainThread] Using barrier_sync_fn: <function get_barrier_sync_fn.<locals>.<lambda> at 0x150269a327a0> timeout: 600 secs and primary_host=0 for async checkpoint writes
[2025-10-31 17:09:17,570][absl][INFO] - Restoring checkpoint from /gpfs/home5/sfris1/two-towers-confounding-project/results/deep_target_label_ranked/data=Custom_dataset_deep,docs_per_group=10,experiment=deep_target_label_ranked,logging_policy_ranker=ordered,logging_policy_sampler=e_greedy,num_queries=10,policy_strength=1,policy_temperature=1.0,random_state=2021,relevance=deep,relevance_tower=deep/checkpoint.
[2025-10-31 17:09:17,610][absl][INFO] - [process=0] /jax/checkpoint/read/gbytes_per_sec: 0 Bytes/s (total gbytes: 4.7 KiB) (time elapsed: 63 milliseconds) (per-host)
[2025-10-31 17:09:17,610][absl][INFO] - Finished restoring checkpoint in 0.07 seconds from /gpfs/home5/sfris1/two-towers-confounding-project/results/deep_target_label_ranked/data=Custom_dataset_deep,docs_per_group=10,experiment=deep_target_label_ranked,logging_policy_ranker=ordered,logging_policy_sampler=e_greedy,num_queries=10,policy_strength=1,policy_temperature=1.0,random_state=2021,relevance=deep,relevance_tower=deep/checkpoint.
[2025-10-31 17:09:17,611][absl][INFO] - [process=0] /jax/checkpoint/read/gbytes_per_sec: 0 Bytes/s (total gbytes: 4.7 KiB) (time elapsed: 39 milliseconds) (per-host)
[2025-10-31 17:09:17,611][absl][INFO] - Finished restoring checkpoint in 0.04 seconds from /gpfs/home5/sfris1/two-towers-confounding-project/results/deep_target_label_ranked/data=Custom_dataset_deep,docs_per_group=10,experiment=deep_target_label_ranked,logging_policy_ranker=ordered,logging_policy_sampler=e_greedy,num_queries=10,policy_strength=1,policy_temperature=1.0,random_state=2021,relevance=deep,relevance_tower=deep/checkpoint.
[2025-10-31 17:09:17,647][absl][INFO] - orbax-checkpoint version: 0.11.25
[2025-10-31 17:09:17,651][absl][INFO] - Created BasePyTreeCheckpointHandler: use_ocdbt=True, use_zarr3=False, pytree_metadata_options=PyTreeMetadataOptions(support_rich_types=False), array_metadata_store=<orbax.checkpoint._src.metadata.array_metadata_store.Store object at 0x146f15f1a390>, enable_pinned_host_transfer=True, save_concurrent_bytes: 96000000000 (89.4 GiB), restore_concurrent_bytes: 96000000000 (89.4 GiB)
[2025-10-31 17:09:17,651][absl][INFO] - [thread=MainThread] Failed to get flag value for EXPERIMENTAL_ORBAX_USE_DISTRIBUTED_PROCESS_ID.
[2025-10-31 17:09:17,652][absl][INFO] - [process=0][thread=MainThread] Using barrier_sync_fn: <function get_barrier_sync_fn.<locals>.<lambda> at 0x146ed8178a40> timeout: 600 secs and primary_host=0 for async checkpoint writes
[2025-10-31 17:09:17,655][absl][INFO] - Restoring checkpoint from /gpfs/home5/sfris1/two-towers-confounding-project/results/deep_target_label_ranked/data=Custom_dataset_deep,docs_per_group=10,experiment=deep_target_label_ranked,logging_policy_ranker=ordered,logging_policy_sampler=e_greedy,num_queries=10,policy_strength=1,policy_temperature=1.0,random_state=2021,relevance=deep,relevance_tower=deep/checkpoint.
[2025-10-31 17:09:17,684][absl][INFO] - [process=0] /jax/checkpoint/read/gbytes_per_sec: 0 Bytes/s (total gbytes: 4.7 KiB) (time elapsed: 26 milliseconds) (per-host)
[2025-10-31 17:09:17,684][absl][INFO] - Finished restoring checkpoint in 0.03 seconds from /gpfs/home5/sfris1/two-towers-confounding-project/results/deep_target_label_ranked/data=Custom_dataset_deep,docs_per_group=10,experiment=deep_target_label_ranked,logging_policy_ranker=ordered,logging_policy_sampler=e_greedy,num_queries=10,policy_strength=1,policy_temperature=1.0,random_state=2021,relevance=deep,relevance_tower=deep/checkpoint.
[2025-10-31 17:09:19,540][absl][INFO] - orbax-checkpoint version: 0.11.25
[2025-10-31 17:09:19,545][absl][INFO] - Created BasePyTreeCheckpointHandler: use_ocdbt=True, use_zarr3=False, pytree_metadata_options=PyTreeMetadataOptions(support_rich_types=False), array_metadata_store=<orbax.checkpoint._src.metadata.array_metadata_store.Store object at 0x14cafb8fe010>, enable_pinned_host_transfer=True, save_concurrent_bytes: 96000000000 (89.4 GiB), restore_concurrent_bytes: 96000000000 (89.4 GiB)
[2025-10-31 17:09:19,545][absl][INFO] - [thread=MainThread] Failed to get flag value for EXPERIMENTAL_ORBAX_USE_DISTRIBUTED_PROCESS_ID.
[2025-10-31 17:09:19,545][absl][INFO] - [process=0][thread=MainThread] Using barrier_sync_fn: <function get_barrier_sync_fn.<locals>.<lambda> at 0x14cace484860> timeout: 600 secs and primary_host=0 for async checkpoint writes
[2025-10-31 17:09:19,550][absl][INFO] - Restoring checkpoint from /gpfs/home5/sfris1/two-towers-confounding-project/results/deep_target_label_ranked/data=Custom_dataset_deep,docs_per_group=10,experiment=deep_target_label_ranked,logging_policy_ranker=ordered,logging_policy_sampler=e_greedy,num_queries=10,policy_strength=1,policy_temperature=1.0,random_state=2021,relevance=deep,relevance_tower=deep/checkpoint.
[2025-10-31 17:09:19,586][absl][INFO] - [process=0] /jax/checkpoint/read/gbytes_per_sec: 0 Bytes/s (total gbytes: 4.7 KiB) (time elapsed: 33 milliseconds) (per-host)
[2025-10-31 17:09:19,587][absl][INFO] - Finished restoring checkpoint in 0.04 seconds from /gpfs/home5/sfris1/two-towers-confounding-project/results/deep_target_label_ranked/data=Custom_dataset_deep,docs_per_group=10,experiment=deep_target_label_ranked,logging_policy_ranker=ordered,logging_policy_sampler=e_greedy,num_queries=10,policy_strength=1,policy_temperature=1.0,random_state=2021,relevance=deep,relevance_tower=deep/checkpoint.
[2025-10-31 17:09:56,348][jax._src.xla_bridge][INFO] - Unable to initialize backend 'tpu': INTERNAL: Failed to open libtpu.so: libtpu.so: cannot open shared object file: No such file or directory
[2025-10-31 17:10:08,428][absl][INFO] - orbax-checkpoint version: 0.11.25
[2025-10-31 17:10:08,429][absl][INFO] - Created BasePyTreeCheckpointHandler: use_ocdbt=True, use_zarr3=False, pytree_metadata_options=PyTreeMetadataOptions(support_rich_types=False), array_metadata_store=<orbax.checkpoint._src.metadata.array_metadata_store.Store object at 0x1465e8946950>, enable_pinned_host_transfer=True, save_concurrent_bytes: 96000000000 (89.4 GiB), restore_concurrent_bytes: 96000000000 (89.4 GiB)
[2025-10-31 17:10:08,429][absl][INFO] - [thread=MainThread] Failed to get flag value for EXPERIMENTAL_ORBAX_USE_DISTRIBUTED_PROCESS_ID.
[2025-10-31 17:10:08,429][absl][INFO] - [process=0][thread=MainThread] Using barrier_sync_fn: <function get_barrier_sync_fn.<locals>.<lambda> at 0x1465aaa76020> timeout: 600 secs and primary_host=0 for async checkpoint writes
[2025-10-31 17:10:08,434][absl][INFO] - Restoring checkpoint from /gpfs/home5/sfris1/two-towers-confounding-project/results/deep_target_label_ranked/data=Custom_dataset_deep,docs_per_group=10,experiment=deep_target_label_ranked,logging_policy_ranker=ordered,logging_policy_sampler=e_greedy,num_queries=10,policy_strength=1,policy_temperature=1.0,random_state=2021,relevance=deep,relevance_tower=deep/checkpoint.
[2025-10-31 17:10:08,458][absl][INFO] - [process=0] /jax/checkpoint/read/gbytes_per_sec: 0 Bytes/s (total gbytes: 4.7 KiB) (time elapsed: 22 milliseconds) (per-host)
[2025-10-31 17:10:08,459][absl][INFO] - Finished restoring checkpoint in 0.03 seconds from /gpfs/home5/sfris1/two-towers-confounding-project/results/deep_target_label_ranked/data=Custom_dataset_deep,docs_per_group=10,experiment=deep_target_label_ranked,logging_policy_ranker=ordered,logging_policy_sampler=e_greedy,num_queries=10,policy_strength=1,policy_temperature=1.0,random_state=2021,relevance=deep,relevance_tower=deep/checkpoint.
