[2025-11-12 11:58:40,941][jax._src.xla_bridge][ERROR] - Jax plugin configuration error: Exception when calling jax_plugins.xla_cuda12.initialize()
Traceback (most recent call last):
  File "/gpfs/home5/sfris1/two-towers-confounding-project/.venv/lib/python3.11/site-packages/jax/_src/xla_bridge.py", line 485, in discover_pjrt_plugins
    plugin_module.initialize()
  File "/gpfs/home5/sfris1/two-towers-confounding-project/.venv/lib/python3.11/site-packages/jax_plugins/xla_cuda12/__init__.py", line 328, in initialize
    _check_cuda_versions(raise_on_first_error=True)
  File "/gpfs/home5/sfris1/two-towers-confounding-project/.venv/lib/python3.11/site-packages/jax_plugins/xla_cuda12/__init__.py", line 285, in _check_cuda_versions
    local_device_count = cuda_versions.cuda_device_count()
                         ^^^^^^^^^^^^^^^^^^^^^^^^^^^^^^^^^
RuntimeError: jaxlib/cuda/versions_helpers.cc:113: operation cuInit(0) failed: CUDA_ERROR_NO_DEVICE
[2025-11-12 11:58:40,950][jax._src.xla_bridge][INFO] - Unable to initialize backend 'tpu': INTERNAL: Failed to open libtpu.so: libtpu.so: cannot open shared object file: No such file or directory
[2025-11-12 11:58:42,832][jax._src.xla_bridge][ERROR] - Jax plugin configuration error: Exception when calling jax_plugins.xla_cuda12.initialize()
Traceback (most recent call last):
  File "/gpfs/home5/sfris1/two-towers-confounding-project/.venv/lib/python3.11/site-packages/jax/_src/xla_bridge.py", line 485, in discover_pjrt_plugins
    plugin_module.initialize()
  File "/gpfs/home5/sfris1/two-towers-confounding-project/.venv/lib/python3.11/site-packages/jax_plugins/xla_cuda12/__init__.py", line 328, in initialize
    _check_cuda_versions(raise_on_first_error=True)
  File "/gpfs/home5/sfris1/two-towers-confounding-project/.venv/lib/python3.11/site-packages/jax_plugins/xla_cuda12/__init__.py", line 285, in _check_cuda_versions
    local_device_count = cuda_versions.cuda_device_count()
                         ^^^^^^^^^^^^^^^^^^^^^^^^^^^^^^^^^
RuntimeError: jaxlib/cuda/versions_helpers.cc:113: operation cuInit(0) failed: CUDA_ERROR_NO_DEVICE
[2025-11-12 11:58:42,841][jax._src.xla_bridge][INFO] - Unable to initialize backend 'tpu': INTERNAL: Failed to open libtpu.so: libtpu.so: cannot open shared object file: No such file or directory
[2025-11-12 11:58:46,052][jax._src.xla_bridge][ERROR] - Jax plugin configuration error: Exception when calling jax_plugins.xla_cuda12.initialize()
Traceback (most recent call last):
  File "/gpfs/home5/sfris1/two-towers-confounding-project/.venv/lib/python3.11/site-packages/jax/_src/xla_bridge.py", line 485, in discover_pjrt_plugins
    plugin_module.initialize()
  File "/gpfs/home5/sfris1/two-towers-confounding-project/.venv/lib/python3.11/site-packages/jax_plugins/xla_cuda12/__init__.py", line 328, in initialize
    _check_cuda_versions(raise_on_first_error=True)
  File "/gpfs/home5/sfris1/two-towers-confounding-project/.venv/lib/python3.11/site-packages/jax_plugins/xla_cuda12/__init__.py", line 285, in _check_cuda_versions
    local_device_count = cuda_versions.cuda_device_count()
                         ^^^^^^^^^^^^^^^^^^^^^^^^^^^^^^^^^
RuntimeError: jaxlib/cuda/versions_helpers.cc:113: operation cuInit(0) failed: CUDA_ERROR_NO_DEVICE
[2025-11-12 11:58:46,052][jax._src.xla_bridge][ERROR] - Jax plugin configuration error: Exception when calling jax_plugins.xla_cuda12.initialize()
Traceback (most recent call last):
  File "/gpfs/home5/sfris1/two-towers-confounding-project/.venv/lib/python3.11/site-packages/jax/_src/xla_bridge.py", line 485, in discover_pjrt_plugins
    plugin_module.initialize()
  File "/gpfs/home5/sfris1/two-towers-confounding-project/.venv/lib/python3.11/site-packages/jax_plugins/xla_cuda12/__init__.py", line 328, in initialize
    _check_cuda_versions(raise_on_first_error=True)
  File "/gpfs/home5/sfris1/two-towers-confounding-project/.venv/lib/python3.11/site-packages/jax_plugins/xla_cuda12/__init__.py", line 285, in _check_cuda_versions
    local_device_count = cuda_versions.cuda_device_count()
                         ^^^^^^^^^^^^^^^^^^^^^^^^^^^^^^^^^
RuntimeError: jaxlib/cuda/versions_helpers.cc:113: operation cuInit(0) failed: CUDA_ERROR_NO_DEVICE
[2025-11-12 11:58:46,067][jax._src.xla_bridge][INFO] - Unable to initialize backend 'tpu': INTERNAL: Failed to open libtpu.so: libtpu.so: cannot open shared object file: No such file or directory
[2025-11-12 11:58:46,067][jax._src.xla_bridge][INFO] - Unable to initialize backend 'tpu': INTERNAL: Failed to open libtpu.so: libtpu.so: cannot open shared object file: No such file or directory
[2025-11-12 11:58:46,127][jax._src.xla_bridge][ERROR] - Jax plugin configuration error: Exception when calling jax_plugins.xla_cuda12.initialize()
Traceback (most recent call last):
  File "/gpfs/home5/sfris1/two-towers-confounding-project/.venv/lib/python3.11/site-packages/jax/_src/xla_bridge.py", line 485, in discover_pjrt_plugins
    plugin_module.initialize()
  File "/gpfs/home5/sfris1/two-towers-confounding-project/.venv/lib/python3.11/site-packages/jax_plugins/xla_cuda12/__init__.py", line 328, in initialize
    _check_cuda_versions(raise_on_first_error=True)
  File "/gpfs/home5/sfris1/two-towers-confounding-project/.venv/lib/python3.11/site-packages/jax_plugins/xla_cuda12/__init__.py", line 285, in _check_cuda_versions
    local_device_count = cuda_versions.cuda_device_count()
                         ^^^^^^^^^^^^^^^^^^^^^^^^^^^^^^^^^
RuntimeError: jaxlib/cuda/versions_helpers.cc:113: operation cuInit(0) failed: CUDA_ERROR_NO_DEVICE
[2025-11-12 11:58:46,135][jax._src.xla_bridge][INFO] - Unable to initialize backend 'tpu': INTERNAL: Failed to open libtpu.so: libtpu.so: cannot open shared object file: No such file or directory
[2025-11-12 11:58:51,300][jax._src.xla_bridge][ERROR] - Jax plugin configuration error: Exception when calling jax_plugins.xla_cuda12.initialize()
Traceback (most recent call last):
  File "/gpfs/home5/sfris1/two-towers-confounding-project/.venv/lib/python3.11/site-packages/jax/_src/xla_bridge.py", line 485, in discover_pjrt_plugins
    plugin_module.initialize()
  File "/gpfs/home5/sfris1/two-towers-confounding-project/.venv/lib/python3.11/site-packages/jax_plugins/xla_cuda12/__init__.py", line 328, in initialize
    _check_cuda_versions(raise_on_first_error=True)
  File "/gpfs/home5/sfris1/two-towers-confounding-project/.venv/lib/python3.11/site-packages/jax_plugins/xla_cuda12/__init__.py", line 285, in _check_cuda_versions
    local_device_count = cuda_versions.cuda_device_count()
                         ^^^^^^^^^^^^^^^^^^^^^^^^^^^^^^^^^
RuntimeError: jaxlib/cuda/versions_helpers.cc:113: operation cuInit(0) failed: CUDA_ERROR_NO_DEVICE
[2025-11-12 11:58:51,308][jax._src.xla_bridge][INFO] - Unable to initialize backend 'tpu': INTERNAL: Failed to open libtpu.so: libtpu.so: cannot open shared object file: No such file or directory
[2025-11-12 11:58:55,745][jax._src.xla_bridge][ERROR] - Jax plugin configuration error: Exception when calling jax_plugins.xla_cuda12.initialize()
Traceback (most recent call last):
  File "/gpfs/home5/sfris1/two-towers-confounding-project/.venv/lib/python3.11/site-packages/jax/_src/xla_bridge.py", line 485, in discover_pjrt_plugins
    plugin_module.initialize()
  File "/gpfs/home5/sfris1/two-towers-confounding-project/.venv/lib/python3.11/site-packages/jax_plugins/xla_cuda12/__init__.py", line 328, in initialize
    _check_cuda_versions(raise_on_first_error=True)
  File "/gpfs/home5/sfris1/two-towers-confounding-project/.venv/lib/python3.11/site-packages/jax_plugins/xla_cuda12/__init__.py", line 285, in _check_cuda_versions
    local_device_count = cuda_versions.cuda_device_count()
                         ^^^^^^^^^^^^^^^^^^^^^^^^^^^^^^^^^
RuntimeError: jaxlib/cuda/versions_helpers.cc:113: operation cuInit(0) failed: CUDA_ERROR_NO_DEVICE
[2025-11-12 11:58:55,753][jax._src.xla_bridge][INFO] - Unable to initialize backend 'tpu': INTERNAL: Failed to open libtpu.so: libtpu.so: cannot open shared object file: No such file or directory
[2025-11-12 12:00:19,823][absl][INFO] - orbax-checkpoint version: 0.11.25
[2025-11-12 12:00:19,825][absl][INFO] - Created BasePyTreeCheckpointHandler: use_ocdbt=True, use_zarr3=False, pytree_metadata_options=PyTreeMetadataOptions(support_rich_types=False), array_metadata_store=<orbax.checkpoint._src.metadata.array_metadata_store.Store object at 0x147d47b92b90>, enable_pinned_host_transfer=False, save_concurrent_bytes: 96000000000 (89.4 GiB), restore_concurrent_bytes: 96000000000 (89.4 GiB)
[2025-11-12 12:00:19,826][absl][INFO] - [thread=MainThread] Failed to get flag value for EXPERIMENTAL_ORBAX_USE_DISTRIBUTED_PROCESS_ID.
[2025-11-12 12:00:19,826][absl][INFO] - [process=0][thread=MainThread] Using barrier_sync_fn: <function get_barrier_sync_fn.<locals>.<lambda> at 0x147d2235e980> timeout: 600 secs and primary_host=0 for async checkpoint writes
[2025-11-12 12:00:19,831][absl][INFO] - Restoring checkpoint from /gpfs/home5/sfris1/two-towers-confounding-project/results/deep_separated/data=Custom_dataset_deep,docs_per_group=10,experiment=deep_separated,logging_policy_ranker=ordered,logging_policy_sampler=e_greedy,num_queries=100,policy_temperature=1.0,relevance=deep,relevance_tower=deeper,s_doc=10/checkpoint.
[2025-11-12 12:00:19,881][absl][INFO] - [process=0] /jax/checkpoint/read/gbytes_per_sec: 0 Bytes/s (total gbytes: 260.0 KiB) (time elapsed: 47 milliseconds) (per-host)
[2025-11-12 12:00:19,881][absl][INFO] - Finished restoring checkpoint in 0.05 seconds from /gpfs/home5/sfris1/two-towers-confounding-project/results/deep_separated/data=Custom_dataset_deep,docs_per_group=10,experiment=deep_separated,logging_policy_ranker=ordered,logging_policy_sampler=e_greedy,num_queries=100,policy_temperature=1.0,relevance=deep,relevance_tower=deeper,s_doc=10/checkpoint.
[2025-11-12 12:00:24,736][absl][INFO] - orbax-checkpoint version: 0.11.25
[2025-11-12 12:00:24,736][absl][INFO] - Created BasePyTreeCheckpointHandler: use_ocdbt=True, use_zarr3=False, pytree_metadata_options=PyTreeMetadataOptions(support_rich_types=False), array_metadata_store=<orbax.checkpoint._src.metadata.array_metadata_store.Store object at 0x14f4ad72d210>, enable_pinned_host_transfer=False, save_concurrent_bytes: 96000000000 (89.4 GiB), restore_concurrent_bytes: 96000000000 (89.4 GiB)
[2025-11-12 12:00:24,737][absl][INFO] - [thread=MainThread] Failed to get flag value for EXPERIMENTAL_ORBAX_USE_DISTRIBUTED_PROCESS_ID.
[2025-11-12 12:00:24,737][absl][INFO] - [process=0][thread=MainThread] Using barrier_sync_fn: <function get_barrier_sync_fn.<locals>.<lambda> at 0x14f3d43285e0> timeout: 600 secs and primary_host=0 for async checkpoint writes
[2025-11-12 12:00:24,741][absl][INFO] - Restoring checkpoint from /gpfs/home5/sfris1/two-towers-confounding-project/results/deep_separated/data=Custom_dataset_deep,docs_per_group=10,experiment=deep_separated,logging_policy_ranker=ordered,logging_policy_sampler=e_greedy,num_queries=100,policy_temperature=1.0,relevance=deep,relevance_tower=deeper,s_doc=10/checkpoint.
[2025-11-12 12:00:24,781][absl][INFO] - [process=0] /jax/checkpoint/read/gbytes_per_sec: 0 Bytes/s (total gbytes: 260.0 KiB) (time elapsed: 38 milliseconds) (per-host)
[2025-11-12 12:00:24,782][absl][INFO] - Finished restoring checkpoint in 0.04 seconds from /gpfs/home5/sfris1/two-towers-confounding-project/results/deep_separated/data=Custom_dataset_deep,docs_per_group=10,experiment=deep_separated,logging_policy_ranker=ordered,logging_policy_sampler=e_greedy,num_queries=100,policy_temperature=1.0,relevance=deep,relevance_tower=deeper,s_doc=10/checkpoint.
[2025-11-12 12:00:25,963][absl][INFO] - orbax-checkpoint version: 0.11.25
[2025-11-12 12:00:25,966][absl][INFO] - Created BasePyTreeCheckpointHandler: use_ocdbt=True, use_zarr3=False, pytree_metadata_options=PyTreeMetadataOptions(support_rich_types=False), array_metadata_store=<orbax.checkpoint._src.metadata.array_metadata_store.Store object at 0x14af7e225c50>, enable_pinned_host_transfer=False, save_concurrent_bytes: 96000000000 (89.4 GiB), restore_concurrent_bytes: 96000000000 (89.4 GiB)
[2025-11-12 12:00:25,967][absl][INFO] - [thread=MainThread] Failed to get flag value for EXPERIMENTAL_ORBAX_USE_DISTRIBUTED_PROCESS_ID.
[2025-11-12 12:00:25,967][absl][INFO] - [process=0][thread=MainThread] Using barrier_sync_fn: <function get_barrier_sync_fn.<locals>.<lambda> at 0x14af4429afc0> timeout: 600 secs and primary_host=0 for async checkpoint writes
[2025-11-12 12:00:25,971][absl][INFO] - Restoring checkpoint from /gpfs/home5/sfris1/two-towers-confounding-project/results/deep_separated/data=Custom_dataset_deep,docs_per_group=10,experiment=deep_separated,logging_policy_ranker=ordered,logging_policy_sampler=e_greedy,num_queries=100,policy_temperature=1.0,relevance=deep,relevance_tower=deeper,s_doc=10/checkpoint.
[2025-11-12 12:00:26,016][absl][INFO] - [process=0] /jax/checkpoint/read/gbytes_per_sec: 0 Bytes/s (total gbytes: 260.0 KiB) (time elapsed: 43 milliseconds) (per-host)
[2025-11-12 12:00:26,016][absl][INFO] - Finished restoring checkpoint in 0.05 seconds from /gpfs/home5/sfris1/two-towers-confounding-project/results/deep_separated/data=Custom_dataset_deep,docs_per_group=10,experiment=deep_separated,logging_policy_ranker=ordered,logging_policy_sampler=e_greedy,num_queries=100,policy_temperature=1.0,relevance=deep,relevance_tower=deeper,s_doc=10/checkpoint.
[2025-11-12 12:00:26,404][absl][INFO] - orbax-checkpoint version: 0.11.25
[2025-11-12 12:00:26,405][absl][INFO] - Created BasePyTreeCheckpointHandler: use_ocdbt=True, use_zarr3=False, pytree_metadata_options=PyTreeMetadataOptions(support_rich_types=False), array_metadata_store=<orbax.checkpoint._src.metadata.array_metadata_store.Store object at 0x1505e9c06c50>, enable_pinned_host_transfer=False, save_concurrent_bytes: 96000000000 (89.4 GiB), restore_concurrent_bytes: 96000000000 (89.4 GiB)
[2025-11-12 12:00:26,406][absl][INFO] - [thread=MainThread] Failed to get flag value for EXPERIMENTAL_ORBAX_USE_DISTRIBUTED_PROCESS_ID.
[2025-11-12 12:00:26,406][absl][INFO] - [process=0][thread=MainThread] Using barrier_sync_fn: <function get_barrier_sync_fn.<locals>.<lambda> at 0x1505b3687920> timeout: 600 secs and primary_host=0 for async checkpoint writes
[2025-11-12 12:00:26,410][absl][INFO] - Restoring checkpoint from /gpfs/home5/sfris1/two-towers-confounding-project/results/deep_separated/data=Custom_dataset_deep,docs_per_group=10,experiment=deep_separated,logging_policy_ranker=ordered,logging_policy_sampler=e_greedy,num_queries=100,policy_temperature=1.0,relevance=deep,relevance_tower=deeper,s_doc=10/checkpoint.
[2025-11-12 12:00:26,450][absl][INFO] - [process=0] /jax/checkpoint/read/gbytes_per_sec: 0 Bytes/s (total gbytes: 260.0 KiB) (time elapsed: 38 milliseconds) (per-host)
[2025-11-12 12:00:26,450][absl][INFO] - Finished restoring checkpoint in 0.04 seconds from /gpfs/home5/sfris1/two-towers-confounding-project/results/deep_separated/data=Custom_dataset_deep,docs_per_group=10,experiment=deep_separated,logging_policy_ranker=ordered,logging_policy_sampler=e_greedy,num_queries=100,policy_temperature=1.0,relevance=deep,relevance_tower=deeper,s_doc=10/checkpoint.
[2025-11-12 12:00:27,258][absl][INFO] - orbax-checkpoint version: 0.11.25
[2025-11-12 12:00:27,258][absl][INFO] - Created BasePyTreeCheckpointHandler: use_ocdbt=True, use_zarr3=False, pytree_metadata_options=PyTreeMetadataOptions(support_rich_types=False), array_metadata_store=<orbax.checkpoint._src.metadata.array_metadata_store.Store object at 0x152eef021910>, enable_pinned_host_transfer=False, save_concurrent_bytes: 96000000000 (89.4 GiB), restore_concurrent_bytes: 96000000000 (89.4 GiB)
[2025-11-12 12:00:27,259][absl][INFO] - [thread=MainThread] Failed to get flag value for EXPERIMENTAL_ORBAX_USE_DISTRIBUTED_PROCESS_ID.
[2025-11-12 12:00:27,259][absl][INFO] - [process=0][thread=MainThread] Using barrier_sync_fn: <function get_barrier_sync_fn.<locals>.<lambda> at 0x152db012b2e0> timeout: 600 secs and primary_host=0 for async checkpoint writes
[2025-11-12 12:00:27,263][absl][INFO] - Restoring checkpoint from /gpfs/home5/sfris1/two-towers-confounding-project/results/deep_separated/data=Custom_dataset_deep,docs_per_group=10,experiment=deep_separated,logging_policy_ranker=ordered,logging_policy_sampler=e_greedy,num_queries=100,policy_temperature=1.0,relevance=deep,relevance_tower=deeper,s_doc=10/checkpoint.
[2025-11-12 12:00:27,304][absl][INFO] - [process=0] /jax/checkpoint/read/gbytes_per_sec: 0 Bytes/s (total gbytes: 260.0 KiB) (time elapsed: 38 milliseconds) (per-host)
[2025-11-12 12:00:27,304][absl][INFO] - Finished restoring checkpoint in 0.04 seconds from /gpfs/home5/sfris1/two-towers-confounding-project/results/deep_separated/data=Custom_dataset_deep,docs_per_group=10,experiment=deep_separated,logging_policy_ranker=ordered,logging_policy_sampler=e_greedy,num_queries=100,policy_temperature=1.0,relevance=deep,relevance_tower=deeper,s_doc=10/checkpoint.
[2025-11-12 12:00:32,885][absl][INFO] - orbax-checkpoint version: 0.11.25
[2025-11-12 12:00:32,885][absl][INFO] - Created BasePyTreeCheckpointHandler: use_ocdbt=True, use_zarr3=False, pytree_metadata_options=PyTreeMetadataOptions(support_rich_types=False), array_metadata_store=<orbax.checkpoint._src.metadata.array_metadata_store.Store object at 0x1488a9fb0590>, enable_pinned_host_transfer=False, save_concurrent_bytes: 96000000000 (89.4 GiB), restore_concurrent_bytes: 96000000000 (89.4 GiB)
[2025-11-12 12:00:32,886][absl][INFO] - [thread=MainThread] Failed to get flag value for EXPERIMENTAL_ORBAX_USE_DISTRIBUTED_PROCESS_ID.
[2025-11-12 12:00:32,886][absl][INFO] - [process=0][thread=MainThread] Using barrier_sync_fn: <function get_barrier_sync_fn.<locals>.<lambda> at 0x148873a1ff60> timeout: 600 secs and primary_host=0 for async checkpoint writes
[2025-11-12 12:00:32,890][absl][INFO] - Restoring checkpoint from /gpfs/home5/sfris1/two-towers-confounding-project/results/deep_separated/data=Custom_dataset_deep,docs_per_group=10,experiment=deep_separated,logging_policy_ranker=ordered,logging_policy_sampler=e_greedy,num_queries=100,policy_temperature=1.0,relevance=deep,relevance_tower=deeper,s_doc=10/checkpoint.
[2025-11-12 12:00:32,931][absl][INFO] - [process=0] /jax/checkpoint/read/gbytes_per_sec: 0 Bytes/s (total gbytes: 260.0 KiB) (time elapsed: 39 milliseconds) (per-host)
[2025-11-12 12:00:32,932][absl][INFO] - Finished restoring checkpoint in 0.04 seconds from /gpfs/home5/sfris1/two-towers-confounding-project/results/deep_separated/data=Custom_dataset_deep,docs_per_group=10,experiment=deep_separated,logging_policy_ranker=ordered,logging_policy_sampler=e_greedy,num_queries=100,policy_temperature=1.0,relevance=deep,relevance_tower=deeper,s_doc=10/checkpoint.
[2025-11-12 12:00:36,288][absl][INFO] - orbax-checkpoint version: 0.11.25
[2025-11-12 12:00:36,288][absl][INFO] - Created BasePyTreeCheckpointHandler: use_ocdbt=True, use_zarr3=False, pytree_metadata_options=PyTreeMetadataOptions(support_rich_types=False), array_metadata_store=<orbax.checkpoint._src.metadata.array_metadata_store.Store object at 0x14b890b78710>, enable_pinned_host_transfer=False, save_concurrent_bytes: 96000000000 (89.4 GiB), restore_concurrent_bytes: 96000000000 (89.4 GiB)
[2025-11-12 12:00:36,289][absl][INFO] - [thread=MainThread] Failed to get flag value for EXPERIMENTAL_ORBAX_USE_DISTRIBUTED_PROCESS_ID.
[2025-11-12 12:00:36,289][absl][INFO] - [process=0][thread=MainThread] Using barrier_sync_fn: <function get_barrier_sync_fn.<locals>.<lambda> at 0x14b85828af20> timeout: 600 secs and primary_host=0 for async checkpoint writes
[2025-11-12 12:00:36,293][absl][INFO] - Restoring checkpoint from /gpfs/home5/sfris1/two-towers-confounding-project/results/deep_separated/data=Custom_dataset_deep,docs_per_group=10,experiment=deep_separated,logging_policy_ranker=ordered,logging_policy_sampler=e_greedy,num_queries=100,policy_temperature=1.0,relevance=deep,relevance_tower=deeper,s_doc=10/checkpoint.
[2025-11-12 12:00:36,334][absl][INFO] - [process=0] /jax/checkpoint/read/gbytes_per_sec: 0 Bytes/s (total gbytes: 260.0 KiB) (time elapsed: 39 milliseconds) (per-host)
[2025-11-12 12:00:36,334][absl][INFO] - Finished restoring checkpoint in 0.04 seconds from /gpfs/home5/sfris1/two-towers-confounding-project/results/deep_separated/data=Custom_dataset_deep,docs_per_group=10,experiment=deep_separated,logging_policy_ranker=ordered,logging_policy_sampler=e_greedy,num_queries=100,policy_temperature=1.0,relevance=deep,relevance_tower=deeper,s_doc=10/checkpoint.
