[2025-10-27 20:54:16,688][jax._src.xla_bridge][INFO] - Unable to initialize backend 'tpu': INTERNAL: Failed to open libtpu.so: libtpu.so: cannot open shared object file: No such file or directory
[2025-10-27 20:54:17,396][jax._src.xla_bridge][INFO] - Unable to initialize backend 'tpu': INTERNAL: Failed to open libtpu.so: libtpu.so: cannot open shared object file: No such file or directory
[2025-10-27 20:54:17,502][jax._src.xla_bridge][INFO] - Unable to initialize backend 'tpu': INTERNAL: Failed to open libtpu.so: libtpu.so: cannot open shared object file: No such file or directory
[2025-10-27 20:54:38,682][jax._src.xla_bridge][INFO] - Unable to initialize backend 'tpu': INTERNAL: Failed to open libtpu.so: libtpu.so: cannot open shared object file: No such file or directory
[2025-10-27 20:54:45,717][jax._src.xla_bridge][INFO] - Unable to initialize backend 'tpu': INTERNAL: Failed to open libtpu.so: libtpu.so: cannot open shared object file: No such file or directory
[2025-10-27 20:54:51,825][absl][INFO] - orbax-checkpoint version: 0.11.25
[2025-10-27 20:54:51,827][absl][INFO] - Created BasePyTreeCheckpointHandler: use_ocdbt=True, use_zarr3=False, pytree_metadata_options=PyTreeMetadataOptions(support_rich_types=False), array_metadata_store=<orbax.checkpoint._src.metadata.array_metadata_store.Store object at 0x14b07038cf50>, enable_pinned_host_transfer=True, save_concurrent_bytes: 96000000000 (89.4 GiB), restore_concurrent_bytes: 96000000000 (89.4 GiB)
[2025-10-27 20:54:51,828][absl][INFO] - [thread=MainThread] Failed to get flag value for EXPERIMENTAL_ORBAX_USE_DISTRIBUTED_PROCESS_ID.
[2025-10-27 20:54:51,828][absl][INFO] - [process=0][thread=MainThread] Using barrier_sync_fn: <function get_barrier_sync_fn.<locals>.<lambda> at 0x14afb4139760> timeout: 600 secs and primary_host=0 for async checkpoint writes
[2025-10-27 20:54:51,833][absl][INFO] - Restoring checkpoint from /gpfs/home5/sfris1/two-towers-confounding-project/results/deep_target_label/data=Custom_dataset_deep,docs_per_group=5,experiment=deep_target_label,logging_policy_ranker=deep,logging_policy_sampler=e_greedy,num_queries=5,policy_strength=1,policy_temperature=1.0,random_state=2021,relevance=deep,relevance_tower=deep/checkpoint.
[2025-10-27 20:54:51,869][absl][INFO] - [process=0] /jax/checkpoint/read/gbytes_per_sec: 0 Bytes/s (total gbytes: 4.7 KiB) (time elapsed: 31 milliseconds) (per-host)
[2025-10-27 20:54:51,869][absl][INFO] - Finished restoring checkpoint in 0.04 seconds from /gpfs/home5/sfris1/two-towers-confounding-project/results/deep_target_label/data=Custom_dataset_deep,docs_per_group=5,experiment=deep_target_label,logging_policy_ranker=deep,logging_policy_sampler=e_greedy,num_queries=5,policy_strength=1,policy_temperature=1.0,random_state=2021,relevance=deep,relevance_tower=deep/checkpoint.
[2025-10-27 20:54:51,892][absl][INFO] - orbax-checkpoint version: 0.11.25
[2025-10-27 20:54:51,893][absl][INFO] - Created BasePyTreeCheckpointHandler: use_ocdbt=True, use_zarr3=False, pytree_metadata_options=PyTreeMetadataOptions(support_rich_types=False), array_metadata_store=<orbax.checkpoint._src.metadata.array_metadata_store.Store object at 0x14f108eca050>, enable_pinned_host_transfer=True, save_concurrent_bytes: 96000000000 (89.4 GiB), restore_concurrent_bytes: 96000000000 (89.4 GiB)
[2025-10-27 20:54:51,893][absl][INFO] - [thread=MainThread] Failed to get flag value for EXPERIMENTAL_ORBAX_USE_DISTRIBUTED_PROCESS_ID.
[2025-10-27 20:54:51,893][absl][INFO] - [process=0][thread=MainThread] Using barrier_sync_fn: <function get_barrier_sync_fn.<locals>.<lambda> at 0x14f064162660> timeout: 600 secs and primary_host=0 for async checkpoint writes
[2025-10-27 20:54:51,897][absl][INFO] - Restoring checkpoint from /gpfs/home5/sfris1/two-towers-confounding-project/results/deep_target_label/data=Custom_dataset_deep,docs_per_group=5,experiment=deep_target_label,logging_policy_ranker=deep,logging_policy_sampler=e_greedy,num_queries=5,policy_strength=1,policy_temperature=1.0,random_state=2021,relevance=deep,relevance_tower=deep/checkpoint.
[2025-10-27 20:54:51,919][absl][INFO] - [process=0] /jax/checkpoint/read/gbytes_per_sec: 0 Bytes/s (total gbytes: 4.7 KiB) (time elapsed: 20 milliseconds) (per-host)
[2025-10-27 20:54:51,920][absl][INFO] - Finished restoring checkpoint in 0.02 seconds from /gpfs/home5/sfris1/two-towers-confounding-project/results/deep_target_label/data=Custom_dataset_deep,docs_per_group=5,experiment=deep_target_label,logging_policy_ranker=deep,logging_policy_sampler=e_greedy,num_queries=5,policy_strength=1,policy_temperature=1.0,random_state=2021,relevance=deep,relevance_tower=deep/checkpoint.
[2025-10-27 20:54:52,146][absl][INFO] - orbax-checkpoint version: 0.11.25
[2025-10-27 20:54:52,150][absl][INFO] - Created BasePyTreeCheckpointHandler: use_ocdbt=True, use_zarr3=False, pytree_metadata_options=PyTreeMetadataOptions(support_rich_types=False), array_metadata_store=<orbax.checkpoint._src.metadata.array_metadata_store.Store object at 0x1548f40aced0>, enable_pinned_host_transfer=True, save_concurrent_bytes: 96000000000 (89.4 GiB), restore_concurrent_bytes: 96000000000 (89.4 GiB)
[2025-10-27 20:54:52,151][absl][INFO] - [thread=MainThread] Failed to get flag value for EXPERIMENTAL_ORBAX_USE_DISTRIBUTED_PROCESS_ID.
[2025-10-27 20:54:52,151][absl][INFO] - [process=0][thread=MainThread] Using barrier_sync_fn: <function get_barrier_sync_fn.<locals>.<lambda> at 0x15487013dc60> timeout: 600 secs and primary_host=0 for async checkpoint writes
[2025-10-27 20:54:52,155][absl][INFO] - Restoring checkpoint from /gpfs/home5/sfris1/two-towers-confounding-project/results/deep_target_label/data=Custom_dataset_deep,docs_per_group=5,experiment=deep_target_label,logging_policy_ranker=deep,logging_policy_sampler=e_greedy,num_queries=5,policy_strength=1,policy_temperature=1.0,random_state=2021,relevance=deep,relevance_tower=deep/checkpoint.
[2025-10-27 20:54:52,181][absl][INFO] - [process=0] /jax/checkpoint/read/gbytes_per_sec: 0 Bytes/s (total gbytes: 4.7 KiB) (time elapsed: 24 milliseconds) (per-host)
[2025-10-27 20:54:52,181][absl][INFO] - Finished restoring checkpoint in 0.03 seconds from /gpfs/home5/sfris1/two-towers-confounding-project/results/deep_target_label/data=Custom_dataset_deep,docs_per_group=5,experiment=deep_target_label,logging_policy_ranker=deep,logging_policy_sampler=e_greedy,num_queries=5,policy_strength=1,policy_temperature=1.0,random_state=2021,relevance=deep,relevance_tower=deep/checkpoint.
[2025-10-27 20:54:58,549][jax._src.xla_bridge][INFO] - Unable to initialize backend 'tpu': INTERNAL: Failed to open libtpu.so: libtpu.so: cannot open shared object file: No such file or directory
[2025-10-27 20:55:13,514][absl][INFO] - orbax-checkpoint version: 0.11.25
[2025-10-27 20:55:13,517][absl][INFO] - Created BasePyTreeCheckpointHandler: use_ocdbt=True, use_zarr3=False, pytree_metadata_options=PyTreeMetadataOptions(support_rich_types=False), array_metadata_store=<orbax.checkpoint._src.metadata.array_metadata_store.Store object at 0x1461894e4d90>, enable_pinned_host_transfer=True, save_concurrent_bytes: 96000000000 (89.4 GiB), restore_concurrent_bytes: 96000000000 (89.4 GiB)
[2025-10-27 20:55:13,517][absl][INFO] - [thread=MainThread] Failed to get flag value for EXPERIMENTAL_ORBAX_USE_DISTRIBUTED_PROCESS_ID.
[2025-10-27 20:55:13,518][absl][INFO] - [process=0][thread=MainThread] Using barrier_sync_fn: <function get_barrier_sync_fn.<locals>.<lambda> at 0x146108170900> timeout: 600 secs and primary_host=0 for async checkpoint writes
[2025-10-27 20:55:13,521][absl][INFO] - Restoring checkpoint from /gpfs/home5/sfris1/two-towers-confounding-project/results/deep_target_label/data=Custom_dataset_deep,docs_per_group=5,experiment=deep_target_label,logging_policy_ranker=deep,logging_policy_sampler=e_greedy,num_queries=5,policy_strength=1,policy_temperature=1.0,random_state=2021,relevance=deep,relevance_tower=deep/checkpoint.
[2025-10-27 20:55:13,547][absl][INFO] - [process=0] /jax/checkpoint/read/gbytes_per_sec: 0 Bytes/s (total gbytes: 4.7 KiB) (time elapsed: 23 milliseconds) (per-host)
[2025-10-27 20:55:13,547][absl][INFO] - Finished restoring checkpoint in 0.03 seconds from /gpfs/home5/sfris1/two-towers-confounding-project/results/deep_target_label/data=Custom_dataset_deep,docs_per_group=5,experiment=deep_target_label,logging_policy_ranker=deep,logging_policy_sampler=e_greedy,num_queries=5,policy_strength=1,policy_temperature=1.0,random_state=2021,relevance=deep,relevance_tower=deep/checkpoint.
[2025-10-27 20:55:20,796][absl][INFO] - orbax-checkpoint version: 0.11.25
[2025-10-27 20:55:20,799][absl][INFO] - Created BasePyTreeCheckpointHandler: use_ocdbt=True, use_zarr3=False, pytree_metadata_options=PyTreeMetadataOptions(support_rich_types=False), array_metadata_store=<orbax.checkpoint._src.metadata.array_metadata_store.Store object at 0x14e05b9dfdd0>, enable_pinned_host_transfer=True, save_concurrent_bytes: 96000000000 (89.4 GiB), restore_concurrent_bytes: 96000000000 (89.4 GiB)
[2025-10-27 20:55:20,800][absl][INFO] - [thread=MainThread] Failed to get flag value for EXPERIMENTAL_ORBAX_USE_DISTRIBUTED_PROCESS_ID.
[2025-10-27 20:55:20,800][absl][INFO] - [process=0][thread=MainThread] Using barrier_sync_fn: <function get_barrier_sync_fn.<locals>.<lambda> at 0x14dfc81496c0> timeout: 600 secs and primary_host=0 for async checkpoint writes
[2025-10-27 20:55:20,803][absl][INFO] - Restoring checkpoint from /gpfs/home5/sfris1/two-towers-confounding-project/results/deep_target_label/data=Custom_dataset_deep,docs_per_group=5,experiment=deep_target_label,logging_policy_ranker=deep,logging_policy_sampler=e_greedy,num_queries=5,policy_strength=1,policy_temperature=1.0,random_state=2021,relevance=deep,relevance_tower=deep/checkpoint.
[2025-10-27 20:55:20,825][absl][INFO] - [process=0] /jax/checkpoint/read/gbytes_per_sec: 0 Bytes/s (total gbytes: 4.7 KiB) (time elapsed: 20 milliseconds) (per-host)
[2025-10-27 20:55:20,825][absl][INFO] - Finished restoring checkpoint in 0.02 seconds from /gpfs/home5/sfris1/two-towers-confounding-project/results/deep_target_label/data=Custom_dataset_deep,docs_per_group=5,experiment=deep_target_label,logging_policy_ranker=deep,logging_policy_sampler=e_greedy,num_queries=5,policy_strength=1,policy_temperature=1.0,random_state=2021,relevance=deep,relevance_tower=deep/checkpoint.
[2025-10-27 20:55:32,975][absl][INFO] - orbax-checkpoint version: 0.11.25
[2025-10-27 20:55:32,979][absl][INFO] - Created BasePyTreeCheckpointHandler: use_ocdbt=True, use_zarr3=False, pytree_metadata_options=PyTreeMetadataOptions(support_rich_types=False), array_metadata_store=<orbax.checkpoint._src.metadata.array_metadata_store.Store object at 0x1457fe06cb90>, enable_pinned_host_transfer=True, save_concurrent_bytes: 96000000000 (89.4 GiB), restore_concurrent_bytes: 96000000000 (89.4 GiB)
[2025-10-27 20:55:32,979][absl][INFO] - [thread=MainThread] Failed to get flag value for EXPERIMENTAL_ORBAX_USE_DISTRIBUTED_PROCESS_ID.
[2025-10-27 20:55:32,979][absl][INFO] - [process=0][thread=MainThread] Using barrier_sync_fn: <function get_barrier_sync_fn.<locals>.<lambda> at 0x14577c16aa20> timeout: 600 secs and primary_host=0 for async checkpoint writes
[2025-10-27 20:55:32,983][absl][INFO] - Restoring checkpoint from /gpfs/home5/sfris1/two-towers-confounding-project/results/deep_target_label/data=Custom_dataset_deep,docs_per_group=5,experiment=deep_target_label,logging_policy_ranker=deep,logging_policy_sampler=e_greedy,num_queries=5,policy_strength=1,policy_temperature=1.0,random_state=2021,relevance=deep,relevance_tower=deep/checkpoint.
[2025-10-27 20:55:33,009][absl][INFO] - [process=0] /jax/checkpoint/read/gbytes_per_sec: 0 Bytes/s (total gbytes: 4.7 KiB) (time elapsed: 24 milliseconds) (per-host)
[2025-10-27 20:55:33,009][absl][INFO] - Finished restoring checkpoint in 0.03 seconds from /gpfs/home5/sfris1/two-towers-confounding-project/results/deep_target_label/data=Custom_dataset_deep,docs_per_group=5,experiment=deep_target_label,logging_policy_ranker=deep,logging_policy_sampler=e_greedy,num_queries=5,policy_strength=1,policy_temperature=1.0,random_state=2021,relevance=deep,relevance_tower=deep/checkpoint.
[2025-10-27 20:55:40,691][jax._src.xla_bridge][INFO] - Unable to initialize backend 'tpu': INTERNAL: Failed to open libtpu.so: libtpu.so: cannot open shared object file: No such file or directory
[2025-10-27 20:56:16,477][absl][INFO] - orbax-checkpoint version: 0.11.25
[2025-10-27 20:56:16,477][absl][INFO] - Created BasePyTreeCheckpointHandler: use_ocdbt=True, use_zarr3=False, pytree_metadata_options=PyTreeMetadataOptions(support_rich_types=False), array_metadata_store=<orbax.checkpoint._src.metadata.array_metadata_store.Store object at 0x1462314a6450>, enable_pinned_host_transfer=True, save_concurrent_bytes: 96000000000 (89.4 GiB), restore_concurrent_bytes: 96000000000 (89.4 GiB)
[2025-10-27 20:56:16,478][absl][INFO] - [thread=MainThread] Failed to get flag value for EXPERIMENTAL_ORBAX_USE_DISTRIBUTED_PROCESS_ID.
[2025-10-27 20:56:16,478][absl][INFO] - [process=0][thread=MainThread] Using barrier_sync_fn: <function get_barrier_sync_fn.<locals>.<lambda> at 0x146158185e40> timeout: 600 secs and primary_host=0 for async checkpoint writes
[2025-10-27 20:56:16,484][absl][INFO] - Restoring checkpoint from /gpfs/home5/sfris1/two-towers-confounding-project/results/deep_target_label/data=Custom_dataset_deep,docs_per_group=5,experiment=deep_target_label,logging_policy_ranker=deep,logging_policy_sampler=e_greedy,num_queries=5,policy_strength=1,policy_temperature=1.0,random_state=2021,relevance=deep,relevance_tower=deep/checkpoint.
[2025-10-27 20:56:16,531][absl][INFO] - [process=0] /jax/checkpoint/read/gbytes_per_sec: 0 Bytes/s (total gbytes: 4.7 KiB) (time elapsed: 44 milliseconds) (per-host)
[2025-10-27 20:56:16,532][absl][INFO] - Finished restoring checkpoint in 0.05 seconds from /gpfs/home5/sfris1/two-towers-confounding-project/results/deep_target_label/data=Custom_dataset_deep,docs_per_group=5,experiment=deep_target_label,logging_policy_ranker=deep,logging_policy_sampler=e_greedy,num_queries=5,policy_strength=1,policy_temperature=1.0,random_state=2021,relevance=deep,relevance_tower=deep/checkpoint.
