[2025-11-01 15:32:42,402][jax._src.xla_bridge][INFO] - Unable to initialize backend 'tpu': INTERNAL: Failed to open libtpu.so: libtpu.so: cannot open shared object file: No such file or directory
[2025-11-01 15:34:03,227][absl][INFO] - orbax-checkpoint version: 0.11.25
[2025-11-01 15:34:03,228][absl][INFO] - Created BasePyTreeCheckpointHandler: use_ocdbt=True, use_zarr3=False, pytree_metadata_options=PyTreeMetadataOptions(support_rich_types=False), array_metadata_store=<orbax.checkpoint._src.metadata.array_metadata_store.Store object at 0x14f46bd63b10>, enable_pinned_host_transfer=True, save_concurrent_bytes: 96000000000 (89.4 GiB), restore_concurrent_bytes: 96000000000 (89.4 GiB)
[2025-11-01 15:34:03,228][absl][INFO] - [thread=MainThread] Failed to get flag value for EXPERIMENTAL_ORBAX_USE_DISTRIBUTED_PROCESS_ID.
[2025-11-01 15:34:03,228][absl][INFO] - [process=0][thread=MainThread] Using barrier_sync_fn: <function get_barrier_sync_fn.<locals>.<lambda> at 0x14f2b4724c20> timeout: 600 secs and primary_host=0 for async checkpoint writes
[2025-11-01 15:34:03,229][absl][INFO] - [process=0] Started async saving checkpoint to /gpfs/home5/sfris1/two-towers-confounding-project/results/deep_separated/data=Custom_dataset_deep,docs_per_group=10,experiment=deep_separated,logging_policy_ranker=ordered,logging_policy_sampler=e_greedy,num_queries=1,policy_temperature=1.0,relevance=deep,relevance_tower=deep,s_doc=0.3/checkpoint.
[2025-11-01 15:34:03,230][absl][INFO] - [process=0] Specified `force`: removing existing directory.
[2025-11-01 15:34:03,231][absl][INFO] - Using ThreadSafeKeyValueSignalingClient
[2025-11-01 15:34:03,235][absl][INFO] - Transferring arrays to host memory with options: use_replica_parallel=True, min_slice_bytes_for_replica_parallel=None, max_replicas_for_replica_parallel=None, enable_pinned_host_transfer=True
[2025-11-01 15:34:03,236][absl][INFO] - Creating tmp directory /gpfs/home5/sfris1/two-towers-confounding-project/results/deep_separated/data=Custom_dataset_deep,docs_per_group=10,experiment=deep_separated,logging_policy_ranker=ordered,logging_policy_sampler=e_greedy,num_queries=1,policy_temperature=1.0,relevance=deep,relevance_tower=deep,s_doc=0.3/checkpoint.orbax-checkpoint-tmp
[2025-11-01 15:34:03,239][absl][INFO] - [process=0][thread=MainThread] Initiated "orbax.checkpoint._src.serialization.type_handlers.ArrayHandler".serialize. Time taken: 0.004128s
[2025-11-01 15:34:03,240][absl][INFO] - [process=0] /jax/checkpoint/write/blocking_gbytes_per_sec: 0 Bytes/s (total gbytes: 4.7 KiB) (time elapsed: 7 milliseconds) (per-host)
[2025-11-01 15:34:03,240][absl][INFO] - [process=0][thread=MainThread] Initiated Pytree async_save. Time taken: 0.007816s (batch_requests_ready=0.001412s, total_serialization_initiated=0.005164s, others=0.001240s)
[2025-11-01 15:34:03,242][absl][INFO] - Wrote Metadata={'item_handlers': None, 'metrics': {}, 'performance_metrics': {}, 'init_timestamp_nsecs': 1762007643238303040, 'commit_timestamp_nsecs': None, 'custom_metadata': {}}, json={"item_handlers": null, "metrics": {}, "performance_metrics": {}, "init_timestamp_nsecs": 1762007643238303040, "commit_timestamp_nsecs": null, "custom_metadata": {}} to /gpfs/home5/sfris1/two-towers-confounding-project/results/deep_separated/data=Custom_dataset_deep,docs_per_group=10,experiment=deep_separated,logging_policy_ranker=ordered,logging_policy_sampler=e_greedy,num_queries=1,policy_temperature=1.0,relevance=deep,relevance_tower=deep,s_doc=0.3/checkpoint.orbax-checkpoint-tmp/_CHECKPOINT_METADATA
[2025-11-01 15:34:03,249][absl][INFO] - [process=0][thread=async_save] Background save thread started.
[2025-11-01 15:34:03,249][absl][INFO] - Finished blocking save. Time taken: 0.020456s. Continuing background save to /gpfs/home5/sfris1/two-towers-confounding-project/results/deep_separated/data=Custom_dataset_deep,docs_per_group=10,experiment=deep_separated,logging_policy_ranker=ordered,logging_policy_sampler=e_greedy,num_queries=1,policy_temperature=1.0,relevance=deep,relevance_tower=deep,s_doc=0.3/checkpoint.
[2025-11-01 15:34:03,250][absl][INFO] - [process=0][thread=MainThread] Waiting for background save thread=async_save.
[2025-11-01 15:34:03,253][absl][INFO] - [process=0][thread=array_type_handler] Wrote 7 array_metadata.ArrayMetadata to /gpfs/home5/sfris1/two-towers-confounding-project/results/deep_separated/data=Custom_dataset_deep,docs_per_group=10,experiment=deep_separated,logging_policy_ranker=ordered,logging_policy_sampler=e_greedy,num_queries=1,policy_temperature=1.0,relevance=deep,relevance_tower=deep,s_doc=0.3/checkpoint.orbax-checkpoint-tmp/array_metadatas/process_0
[2025-11-01 15:34:03,322][absl][INFO] - [process=0][thread=write_metadata_after_commits] Commit + Array metadata written. Time taken: 0.074417s (commit=0.069226s, array_metadata_write=0.005191s)
[2025-11-01 15:34:03,323][absl][INFO] - [process=0] /jax/checkpoint/write/gbytes_per_sec: 0 Bytes/s (total gbytes: 4.7 KiB) (time elapsed: 90 milliseconds) (per-host)
[2025-11-01 15:34:03,323][absl][INFO] - [process=0][thread=async_save] 2 Handler Commit operations completed. Time taken: 0.074221s.
[2025-11-01 15:34:03,326][absl][INFO] - [process=0][thread=async_save] Skipped cross-host ArrayMetadata validation because only one process is found: process_index=0.
[2025-11-01 15:34:03,326][absl][INFO] - Read Metadata={'item_handlers': None, 'metrics': {}, 'performance_metrics': {}, 'init_timestamp_nsecs': 1762007643238303040, 'commit_timestamp_nsecs': None, 'custom_metadata': {}} from /gpfs/home5/sfris1/two-towers-confounding-project/results/deep_separated/data=Custom_dataset_deep,docs_per_group=10,experiment=deep_separated,logging_policy_ranker=ordered,logging_policy_sampler=e_greedy,num_queries=1,policy_temperature=1.0,relevance=deep,relevance_tower=deep,s_doc=0.3/checkpoint.orbax-checkpoint-tmp/_CHECKPOINT_METADATA
[2025-11-01 15:34:03,328][absl][INFO] - Updated Metadata={'item_handlers': 'orbax.checkpoint._src.handlers.standard_checkpoint_handler.StandardCheckpointHandler', 'metrics': {}, 'performance_metrics': {}, 'init_timestamp_nsecs': 1762007643238303040, 'commit_timestamp_nsecs': None, 'custom_metadata': {}} to /gpfs/home5/sfris1/two-towers-confounding-project/results/deep_separated/data=Custom_dataset_deep,docs_per_group=10,experiment=deep_separated,logging_policy_ranker=ordered,logging_policy_sampler=e_greedy,num_queries=1,policy_temperature=1.0,relevance=deep,relevance_tower=deep,s_doc=0.3/checkpoint.orbax-checkpoint-tmp/_CHECKPOINT_METADATA
[2025-11-01 15:34:03,344][absl][INFO] - [process=0][thread=async_save] Pytree save finalize (merge_ocdbt + ArrayMetadata validation) completed. Time taken: 0.019571s. use_zarr3=False, enable_post_merge_validation=True, directory=/gpfs/home5/sfris1/two-towers-confounding-project/results/deep_separated/data=Custom_dataset_deep,docs_per_group=10,experiment=deep_separated,logging_policy_ranker=ordered,logging_policy_sampler=e_greedy,num_queries=1,policy_temperature=1.0,relevance=deep,relevance_tower=deep,s_doc=0.3/checkpoint.orbax-checkpoint-tmp
[2025-11-01 15:34:03,345][absl][INFO] - Renaming /gpfs/home5/sfris1/two-towers-confounding-project/results/deep_separated/data=Custom_dataset_deep,docs_per_group=10,experiment=deep_separated,logging_policy_ranker=ordered,logging_policy_sampler=e_greedy,num_queries=1,policy_temperature=1.0,relevance=deep,relevance_tower=deep,s_doc=0.3/checkpoint.orbax-checkpoint-tmp to /gpfs/home5/sfris1/two-towers-confounding-project/results/deep_separated/data=Custom_dataset_deep,docs_per_group=10,experiment=deep_separated,logging_policy_ranker=ordered,logging_policy_sampler=e_greedy,num_queries=1,policy_temperature=1.0,relevance=deep,relevance_tower=deep,s_doc=0.3/checkpoint
[2025-11-01 15:34:03,347][absl][INFO] - [process=0][thread=async_save] Finished saving checkpoint (finalized tmp dir) to `/gpfs/home5/sfris1/two-towers-confounding-project/results/deep_separated/data=Custom_dataset_deep,docs_per_group=10,experiment=deep_separated,logging_policy_ranker=ordered,logging_policy_sampler=e_greedy,num_queries=1,policy_temperature=1.0,relevance=deep,relevance_tower=deep,s_doc=0.3/checkpoint`.
[2025-11-01 15:34:03,348][absl][INFO] - Finished async_save (blocking + background). Time taken: 0.119298s. directory=/gpfs/home5/sfris1/two-towers-confounding-project/results/deep_separated/data=Custom_dataset_deep,docs_per_group=10,experiment=deep_separated,logging_policy_ranker=ordered,logging_policy_sampler=e_greedy,num_queries=1,policy_temperature=1.0,relevance=deep,relevance_tower=deep,s_doc=0.3/checkpoint
[2025-11-01 15:34:03,348][absl][INFO] - [process=0][thread=async_save] Background save thread done. Time taken: 0.098918s.
[2025-11-01 15:34:03,348][absl][INFO] - [process=0][thread=MainThread] Done with waiting for background save thread=async_save.
[2025-11-01 15:34:03,349][absl][INFO] - [process=0][thread=MainThread] No errors found in background save thread=async_save.
[2025-11-01 17:00:26,105][jax._src.xla_bridge][INFO] - Unable to initialize backend 'tpu': INTERNAL: Failed to open libtpu.so: libtpu.so: cannot open shared object file: No such file or directory
[2025-11-01 17:01:46,186][absl][INFO] - orbax-checkpoint version: 0.11.25
[2025-11-01 17:01:46,187][absl][INFO] - Created BasePyTreeCheckpointHandler: use_ocdbt=True, use_zarr3=False, pytree_metadata_options=PyTreeMetadataOptions(support_rich_types=False), array_metadata_store=<orbax.checkpoint._src.metadata.array_metadata_store.Store object at 0x14c4c0667a10>, enable_pinned_host_transfer=True, save_concurrent_bytes: 96000000000 (89.4 GiB), restore_concurrent_bytes: 96000000000 (89.4 GiB)
[2025-11-01 17:01:46,187][absl][INFO] - [thread=MainThread] Failed to get flag value for EXPERIMENTAL_ORBAX_USE_DISTRIBUTED_PROCESS_ID.
[2025-11-01 17:01:46,187][absl][INFO] - [process=0][thread=MainThread] Using barrier_sync_fn: <function get_barrier_sync_fn.<locals>.<lambda> at 0x14bac8c54220> timeout: 600 secs and primary_host=0 for async checkpoint writes
[2025-11-01 17:01:46,188][absl][INFO] - [process=0] Started async saving checkpoint to /gpfs/home5/sfris1/two-towers-confounding-project/results/deep_separated/data=Custom_dataset_deep,docs_per_group=10,experiment=deep_separated,logging_policy_ranker=ordered,logging_policy_sampler=e_greedy,num_queries=1,policy_temperature=1.0,relevance=deep,relevance_tower=deep,s_doc=0.3/checkpoint.
[2025-11-01 17:01:46,189][absl][INFO] - [process=0] Specified `force`: removing existing directory.
[2025-11-01 17:01:46,249][absl][INFO] - Using ThreadSafeKeyValueSignalingClient
[2025-11-01 17:01:46,252][absl][INFO] - Transferring arrays to host memory with options: use_replica_parallel=True, min_slice_bytes_for_replica_parallel=None, max_replicas_for_replica_parallel=None, enable_pinned_host_transfer=True
[2025-11-01 17:01:46,253][absl][INFO] - Creating tmp directory /gpfs/home5/sfris1/two-towers-confounding-project/results/deep_separated/data=Custom_dataset_deep,docs_per_group=10,experiment=deep_separated,logging_policy_ranker=ordered,logging_policy_sampler=e_greedy,num_queries=1,policy_temperature=1.0,relevance=deep,relevance_tower=deep,s_doc=0.3/checkpoint.orbax-checkpoint-tmp
[2025-11-01 17:01:46,256][absl][INFO] - Wrote Metadata={'item_handlers': None, 'metrics': {}, 'performance_metrics': {}, 'init_timestamp_nsecs': 1762012906254789546, 'commit_timestamp_nsecs': None, 'custom_metadata': {}}, json={"item_handlers": null, "metrics": {}, "performance_metrics": {}, "init_timestamp_nsecs": 1762012906254789546, "commit_timestamp_nsecs": null, "custom_metadata": {}} to /gpfs/home5/sfris1/two-towers-confounding-project/results/deep_separated/data=Custom_dataset_deep,docs_per_group=10,experiment=deep_separated,logging_policy_ranker=ordered,logging_policy_sampler=e_greedy,num_queries=1,policy_temperature=1.0,relevance=deep,relevance_tower=deep,s_doc=0.3/checkpoint.orbax-checkpoint-tmp/_CHECKPOINT_METADATA
[2025-11-01 17:01:46,258][absl][INFO] - [process=0][thread=MainThread] Initiated "orbax.checkpoint._src.serialization.type_handlers.ArrayHandler".serialize. Time taken: 0.005257s
[2025-11-01 17:01:46,279][absl][INFO] - [process=0] /jax/checkpoint/write/blocking_gbytes_per_sec: 0 Bytes/s (total gbytes: 4.7 KiB) (time elapsed: 29 milliseconds) (per-host)
[2025-11-01 17:01:46,280][absl][INFO] - [process=0][thread=MainThread] Initiated Pytree async_save. Time taken: 0.030047s (batch_requests_ready=0.001451s, total_serialization_initiated=0.026227s, others=0.002369s)
[2025-11-01 17:01:46,283][absl][INFO] - [process=0][thread=async_save] Background save thread started.
[2025-11-01 17:01:46,283][absl][INFO] - [process=0][thread=array_type_handler] Wrote 7 array_metadata.ArrayMetadata to /gpfs/home5/sfris1/two-towers-confounding-project/results/deep_separated/data=Custom_dataset_deep,docs_per_group=10,experiment=deep_separated,logging_policy_ranker=ordered,logging_policy_sampler=e_greedy,num_queries=1,policy_temperature=1.0,relevance=deep,relevance_tower=deep,s_doc=0.3/checkpoint.orbax-checkpoint-tmp/array_metadatas/process_0
[2025-11-01 17:01:46,283][absl][INFO] - Finished blocking save. Time taken: 0.095188s. Continuing background save to /gpfs/home5/sfris1/two-towers-confounding-project/results/deep_separated/data=Custom_dataset_deep,docs_per_group=10,experiment=deep_separated,logging_policy_ranker=ordered,logging_policy_sampler=e_greedy,num_queries=1,policy_temperature=1.0,relevance=deep,relevance_tower=deep,s_doc=0.3/checkpoint.
[2025-11-01 17:01:46,284][absl][INFO] - [process=0][thread=MainThread] Waiting for background save thread=async_save.
[2025-11-01 17:01:46,305][absl][INFO] - [process=0][thread=write_metadata_after_commits] Commit + Array metadata written. Time taken: 0.024920s (commit=0.022878s, array_metadata_write=0.002042s)
[2025-11-01 17:01:46,305][absl][INFO] - [process=0] /jax/checkpoint/write/gbytes_per_sec: 0 Bytes/s (total gbytes: 4.7 KiB) (time elapsed: 55 milliseconds) (per-host)
[2025-11-01 17:01:46,306][absl][INFO] - [process=0][thread=async_save] 2 Handler Commit operations completed. Time taken: 0.022336s.
[2025-11-01 17:01:46,307][absl][INFO] - Read Metadata={'item_handlers': None, 'metrics': {}, 'performance_metrics': {}, 'init_timestamp_nsecs': 1762012906254789546, 'commit_timestamp_nsecs': None, 'custom_metadata': {}} from /gpfs/home5/sfris1/two-towers-confounding-project/results/deep_separated/data=Custom_dataset_deep,docs_per_group=10,experiment=deep_separated,logging_policy_ranker=ordered,logging_policy_sampler=e_greedy,num_queries=1,policy_temperature=1.0,relevance=deep,relevance_tower=deep,s_doc=0.3/checkpoint.orbax-checkpoint-tmp/_CHECKPOINT_METADATA
[2025-11-01 17:01:46,308][absl][INFO] - Updated Metadata={'item_handlers': 'orbax.checkpoint._src.handlers.standard_checkpoint_handler.StandardCheckpointHandler', 'metrics': {}, 'performance_metrics': {}, 'init_timestamp_nsecs': 1762012906254789546, 'commit_timestamp_nsecs': None, 'custom_metadata': {}} to /gpfs/home5/sfris1/two-towers-confounding-project/results/deep_separated/data=Custom_dataset_deep,docs_per_group=10,experiment=deep_separated,logging_policy_ranker=ordered,logging_policy_sampler=e_greedy,num_queries=1,policy_temperature=1.0,relevance=deep,relevance_tower=deep,s_doc=0.3/checkpoint.orbax-checkpoint-tmp/_CHECKPOINT_METADATA
[2025-11-01 17:01:46,309][absl][INFO] - [process=0][thread=async_save] Skipped cross-host ArrayMetadata validation because only one process is found: process_index=0.
[2025-11-01 17:01:46,314][absl][INFO] - [process=0][thread=async_save] Pytree save finalize (merge_ocdbt + ArrayMetadata validation) completed. Time taken: 0.007537s. use_zarr3=False, enable_post_merge_validation=True, directory=/gpfs/home5/sfris1/two-towers-confounding-project/results/deep_separated/data=Custom_dataset_deep,docs_per_group=10,experiment=deep_separated,logging_policy_ranker=ordered,logging_policy_sampler=e_greedy,num_queries=1,policy_temperature=1.0,relevance=deep,relevance_tower=deep,s_doc=0.3/checkpoint.orbax-checkpoint-tmp
[2025-11-01 17:01:46,315][absl][INFO] - Renaming /gpfs/home5/sfris1/two-towers-confounding-project/results/deep_separated/data=Custom_dataset_deep,docs_per_group=10,experiment=deep_separated,logging_policy_ranker=ordered,logging_policy_sampler=e_greedy,num_queries=1,policy_temperature=1.0,relevance=deep,relevance_tower=deep,s_doc=0.3/checkpoint.orbax-checkpoint-tmp to /gpfs/home5/sfris1/two-towers-confounding-project/results/deep_separated/data=Custom_dataset_deep,docs_per_group=10,experiment=deep_separated,logging_policy_ranker=ordered,logging_policy_sampler=e_greedy,num_queries=1,policy_temperature=1.0,relevance=deep,relevance_tower=deep,s_doc=0.3/checkpoint
[2025-11-01 17:01:46,324][absl][INFO] - [process=0][thread=async_save] Finished saving checkpoint (finalized tmp dir) to `/gpfs/home5/sfris1/two-towers-confounding-project/results/deep_separated/data=Custom_dataset_deep,docs_per_group=10,experiment=deep_separated,logging_policy_ranker=ordered,logging_policy_sampler=e_greedy,num_queries=1,policy_temperature=1.0,relevance=deep,relevance_tower=deep,s_doc=0.3/checkpoint`.
[2025-11-01 17:01:46,325][absl][INFO] - Finished async_save (blocking + background). Time taken: 0.137184s. directory=/gpfs/home5/sfris1/two-towers-confounding-project/results/deep_separated/data=Custom_dataset_deep,docs_per_group=10,experiment=deep_separated,logging_policy_ranker=ordered,logging_policy_sampler=e_greedy,num_queries=1,policy_temperature=1.0,relevance=deep,relevance_tower=deep,s_doc=0.3/checkpoint
[2025-11-01 17:01:46,325][absl][INFO] - [process=0][thread=async_save] Background save thread done. Time taken: 0.041915s.
[2025-11-01 17:01:46,325][absl][INFO] - [process=0][thread=MainThread] Done with waiting for background save thread=async_save.
[2025-11-01 17:01:46,326][absl][INFO] - [process=0][thread=MainThread] No errors found in background save thread=async_save.
