[2026-01-18 12:59:38,044][jax._src.xla_bridge][INFO] - Unable to initialize backend 'tpu': INTERNAL: Failed to open libtpu.so: dlopen(libtpu.so, 0x0001): tried: 'libtpu.so' (no such file), '/System/Volumes/Preboot/Cryptexes/OSlibtpu.so' (no such file), '/opt/homebrew/Caskroom/miniforge/base/envs/two-tower-confounding-2/lib/python3.10/site-packages/jaxlib/../../../libtpu.so' (no such file), '/opt/homebrew/Caskroom/miniforge/base/envs/two-tower-confounding-2/bin/../lib/libtpu.so' (no such file), '/usr/lib/libtpu.so' (no such file, not in dyld cache), 'libtpu.so' (no such file), '/usr/local/lib/libtpu.so' (no such file), '/usr/lib/libtpu.so' (no such file, not in dyld cache)
[2026-01-18 12:59:42,652][absl][INFO] - orbax-checkpoint version: 0.8.0
[2026-01-18 12:59:42,653][absl][INFO] - [thread=MainThread] Failed to get flag value for EXPERIMENTAL_ORBAX_USE_DISTRIBUTED_PROCESS_ID.
[2026-01-18 12:59:42,653][absl][INFO] - [process=0][thread=MainThread] Using barrier_sync_fn: <function get_barrier_sync_fn.<locals>.<lambda> at 0x34da6cc10> timeout: 600 secs and primary_host=0 for async checkpoint writes
[2026-01-18 12:59:42,654][absl][INFO] - Restoring checkpoint from /Users/stanf/Documents/Uni/Project_AI/two-tower-confounding/results/deterministic_custom_data/data=Custom_dataset,experiment=Deterministic_Custom_Data,logging_policy_ranker=deep,logging_policy_sampler=e_greedy,policy_temperature=1.0,relevance=deep,relevance_tower=deep/checkpoint.
[2026-01-18 12:59:42,679][absl][INFO] - [process=0] /jax/checkpoint/read/bytes_per_sec: 747.0 KiB/s (total bytes: 16.9 KiB) (time elapsed: 22 milliseconds) (per-host)
[2026-01-18 12:59:42,679][absl][INFO] - Finished restoring checkpoint from /Users/stanf/Documents/Uni/Project_AI/two-tower-confounding/results/deterministic_custom_data/data=Custom_dataset,experiment=Deterministic_Custom_Data,logging_policy_ranker=deep,logging_policy_sampler=e_greedy,policy_temperature=1.0,relevance=deep,relevance_tower=deep/checkpoint.
[2026-01-18 12:59:42,679][absl][INFO] - [process=0][thread=MainThread] Skipping global process sync, barrier name: 0_Checkpointer:restore.checkpoint
[2026-01-18 12:59:56,345][jax._src.xla_bridge][INFO] - Unable to initialize backend 'tpu': INTERNAL: Failed to open libtpu.so: dlopen(libtpu.so, 0x0001): tried: 'libtpu.so' (no such file), '/System/Volumes/Preboot/Cryptexes/OSlibtpu.so' (no such file), '/opt/homebrew/Caskroom/miniforge/base/envs/two-tower-confounding-2/lib/python3.10/site-packages/jaxlib/../../../libtpu.so' (no such file), '/opt/homebrew/Caskroom/miniforge/base/envs/two-tower-confounding-2/bin/../lib/libtpu.so' (no such file), '/usr/lib/libtpu.so' (no such file, not in dyld cache), 'libtpu.so' (no such file), '/usr/local/lib/libtpu.so' (no such file), '/usr/lib/libtpu.so' (no such file, not in dyld cache)
[2026-01-18 13:00:01,660][absl][INFO] - orbax-checkpoint version: 0.8.0
[2026-01-18 13:00:01,661][absl][INFO] - [thread=MainThread] Failed to get flag value for EXPERIMENTAL_ORBAX_USE_DISTRIBUTED_PROCESS_ID.
[2026-01-18 13:00:01,661][absl][INFO] - [process=0][thread=MainThread] Using barrier_sync_fn: <function get_barrier_sync_fn.<locals>.<lambda> at 0x34ed6cc10> timeout: 600 secs and primary_host=0 for async checkpoint writes
[2026-01-18 13:00:01,662][absl][INFO] - Restoring checkpoint from /Users/stanf/Documents/Uni/Project_AI/two-tower-confounding/results/deterministic_custom_data/data=Custom_dataset,experiment=Deterministic_Custom_Data,logging_policy_ranker=deep,logging_policy_sampler=e_greedy,policy_temperature=1.0,relevance=deep,relevance_tower=deep/checkpoint.
[2026-01-18 13:00:01,696][absl][INFO] - [process=0] /jax/checkpoint/read/bytes_per_sec: 497.7 KiB/s (total bytes: 16.9 KiB) (time elapsed: 33 milliseconds) (per-host)
[2026-01-18 13:00:01,696][absl][INFO] - Finished restoring checkpoint from /Users/stanf/Documents/Uni/Project_AI/two-tower-confounding/results/deterministic_custom_data/data=Custom_dataset,experiment=Deterministic_Custom_Data,logging_policy_ranker=deep,logging_policy_sampler=e_greedy,policy_temperature=1.0,relevance=deep,relevance_tower=deep/checkpoint.
[2026-01-18 13:00:01,696][absl][INFO] - [process=0][thread=MainThread] Skipping global process sync, barrier name: 0_Checkpointer:restore.checkpoint
[2026-01-18 13:00:11,316][jax._src.xla_bridge][INFO] - Unable to initialize backend 'tpu': INTERNAL: Failed to open libtpu.so: dlopen(libtpu.so, 0x0001): tried: 'libtpu.so' (no such file), '/System/Volumes/Preboot/Cryptexes/OSlibtpu.so' (no such file), '/opt/homebrew/Caskroom/miniforge/base/envs/two-tower-confounding-2/lib/python3.10/site-packages/jaxlib/../../../libtpu.so' (no such file), '/opt/homebrew/Caskroom/miniforge/base/envs/two-tower-confounding-2/bin/../lib/libtpu.so' (no such file), '/usr/lib/libtpu.so' (no such file, not in dyld cache), 'libtpu.so' (no such file), '/usr/local/lib/libtpu.so' (no such file), '/usr/lib/libtpu.so' (no such file, not in dyld cache)
[2026-01-18 13:00:16,139][absl][INFO] - orbax-checkpoint version: 0.8.0
[2026-01-18 13:00:16,139][absl][INFO] - [thread=MainThread] Failed to get flag value for EXPERIMENTAL_ORBAX_USE_DISTRIBUTED_PROCESS_ID.
[2026-01-18 13:00:16,140][absl][INFO] - [process=0][thread=MainThread] Using barrier_sync_fn: <function get_barrier_sync_fn.<locals>.<lambda> at 0x34a0fcc10> timeout: 600 secs and primary_host=0 for async checkpoint writes
[2026-01-18 13:00:16,140][absl][INFO] - Restoring checkpoint from /Users/stanf/Documents/Uni/Project_AI/two-tower-confounding/results/deterministic_custom_data/data=Custom_dataset,experiment=Deterministic_Custom_Data,logging_policy_ranker=deep,logging_policy_sampler=e_greedy,policy_temperature=1.0,relevance=deep,relevance_tower=deep/checkpoint.
[2026-01-18 13:00:16,158][absl][INFO] - [process=0] /jax/checkpoint/read/bytes_per_sec: 975.0 KiB/s (total bytes: 16.9 KiB) (time elapsed: 17 milliseconds) (per-host)
[2026-01-18 13:00:16,158][absl][INFO] - Finished restoring checkpoint from /Users/stanf/Documents/Uni/Project_AI/two-tower-confounding/results/deterministic_custom_data/data=Custom_dataset,experiment=Deterministic_Custom_Data,logging_policy_ranker=deep,logging_policy_sampler=e_greedy,policy_temperature=1.0,relevance=deep,relevance_tower=deep/checkpoint.
[2026-01-18 13:00:16,159][absl][INFO] - [process=0][thread=MainThread] Skipping global process sync, barrier name: 0_Checkpointer:restore.checkpoint
[2026-01-18 13:00:21,227][jax._src.xla_bridge][INFO] - Unable to initialize backend 'tpu': INTERNAL: Failed to open libtpu.so: dlopen(libtpu.so, 0x0001): tried: 'libtpu.so' (no such file), '/System/Volumes/Preboot/Cryptexes/OSlibtpu.so' (no such file), '/opt/homebrew/Caskroom/miniforge/base/envs/two-tower-confounding-2/lib/python3.10/site-packages/jaxlib/../../../libtpu.so' (no such file), '/opt/homebrew/Caskroom/miniforge/base/envs/two-tower-confounding-2/bin/../lib/libtpu.so' (no such file), '/usr/lib/libtpu.so' (no such file, not in dyld cache), 'libtpu.so' (no such file), '/usr/local/lib/libtpu.so' (no such file), '/usr/lib/libtpu.so' (no such file, not in dyld cache)
[2026-01-18 13:00:21,781][jax._src.xla_bridge][INFO] - Unable to initialize backend 'tpu': INTERNAL: Failed to open libtpu.so: dlopen(libtpu.so, 0x0001): tried: 'libtpu.so' (no such file), '/System/Volumes/Preboot/Cryptexes/OSlibtpu.so' (no such file), '/opt/homebrew/Caskroom/miniforge/base/envs/two-tower-confounding-2/lib/python3.10/site-packages/jaxlib/../../../libtpu.so' (no such file), '/opt/homebrew/Caskroom/miniforge/base/envs/two-tower-confounding-2/bin/../lib/libtpu.so' (no such file), '/usr/lib/libtpu.so' (no such file, not in dyld cache), 'libtpu.so' (no such file), '/usr/local/lib/libtpu.so' (no such file), '/usr/lib/libtpu.so' (no such file, not in dyld cache)
[2026-01-18 13:00:25,965][absl][INFO] - orbax-checkpoint version: 0.8.0
[2026-01-18 13:00:25,966][absl][INFO] - [thread=MainThread] Failed to get flag value for EXPERIMENTAL_ORBAX_USE_DISTRIBUTED_PROCESS_ID.
[2026-01-18 13:00:25,966][absl][INFO] - [process=0][thread=MainThread] Using barrier_sync_fn: <function get_barrier_sync_fn.<locals>.<lambda> at 0x34bf14c10> timeout: 600 secs and primary_host=0 for async checkpoint writes
[2026-01-18 13:00:25,968][absl][INFO] - Restoring checkpoint from /Users/stanf/Documents/Uni/Project_AI/two-tower-confounding/results/deterministic_custom_data/data=Custom_dataset,experiment=Deterministic_Custom_Data,logging_policy_ranker=deep,logging_policy_sampler=e_greedy,policy_temperature=1.0,relevance=deep,relevance_tower=deep/checkpoint.
[2026-01-18 13:00:25,984][absl][INFO] - [process=0] /jax/checkpoint/read/bytes_per_sec: 1.0 MiB/s (total bytes: 16.9 KiB) (time elapsed: 16 milliseconds) (per-host)
[2026-01-18 13:00:25,985][absl][INFO] - Finished restoring checkpoint from /Users/stanf/Documents/Uni/Project_AI/two-tower-confounding/results/deterministic_custom_data/data=Custom_dataset,experiment=Deterministic_Custom_Data,logging_policy_ranker=deep,logging_policy_sampler=e_greedy,policy_temperature=1.0,relevance=deep,relevance_tower=deep/checkpoint.
[2026-01-18 13:00:25,985][absl][INFO] - [process=0][thread=MainThread] Skipping global process sync, barrier name: 0_Checkpointer:restore.checkpoint
[2026-01-18 13:00:26,493][absl][INFO] - orbax-checkpoint version: 0.8.0
[2026-01-18 13:00:26,494][absl][INFO] - [thread=MainThread] Failed to get flag value for EXPERIMENTAL_ORBAX_USE_DISTRIBUTED_PROCESS_ID.
[2026-01-18 13:00:26,494][absl][INFO] - [process=0][thread=MainThread] Using barrier_sync_fn: <function get_barrier_sync_fn.<locals>.<lambda> at 0x34aa6cc10> timeout: 600 secs and primary_host=0 for async checkpoint writes
[2026-01-18 13:00:26,495][absl][INFO] - Restoring checkpoint from /Users/stanf/Documents/Uni/Project_AI/two-tower-confounding/results/deterministic_custom_data/data=Custom_dataset,experiment=Deterministic_Custom_Data,logging_policy_ranker=deep,logging_policy_sampler=e_greedy,policy_temperature=1.0,relevance=deep,relevance_tower=deep/checkpoint.
[2026-01-18 13:00:26,513][absl][INFO] - [process=0] /jax/checkpoint/read/bytes_per_sec: 972.5 KiB/s (total bytes: 16.9 KiB) (time elapsed: 17 milliseconds) (per-host)
[2026-01-18 13:00:26,513][absl][INFO] - Finished restoring checkpoint from /Users/stanf/Documents/Uni/Project_AI/two-tower-confounding/results/deterministic_custom_data/data=Custom_dataset,experiment=Deterministic_Custom_Data,logging_policy_ranker=deep,logging_policy_sampler=e_greedy,policy_temperature=1.0,relevance=deep,relevance_tower=deep/checkpoint.
[2026-01-18 13:00:26,513][absl][INFO] - [process=0][thread=MainThread] Skipping global process sync, barrier name: 0_Checkpointer:restore.checkpoint
[2026-01-18 13:00:26,665][jax._src.xla_bridge][INFO] - Unable to initialize backend 'tpu': INTERNAL: Failed to open libtpu.so: dlopen(libtpu.so, 0x0001): tried: 'libtpu.so' (no such file), '/System/Volumes/Preboot/Cryptexes/OSlibtpu.so' (no such file), '/opt/homebrew/Caskroom/miniforge/base/envs/two-tower-confounding-2/lib/python3.10/site-packages/jaxlib/../../../libtpu.so' (no such file), '/opt/homebrew/Caskroom/miniforge/base/envs/two-tower-confounding-2/bin/../lib/libtpu.so' (no such file), '/usr/lib/libtpu.so' (no such file, not in dyld cache), 'libtpu.so' (no such file), '/usr/local/lib/libtpu.so' (no such file), '/usr/lib/libtpu.so' (no such file, not in dyld cache)
[2026-01-18 13:00:28,253][jax._src.xla_bridge][INFO] - Unable to initialize backend 'tpu': INTERNAL: Failed to open libtpu.so: dlopen(libtpu.so, 0x0001): tried: 'libtpu.so' (no such file), '/System/Volumes/Preboot/Cryptexes/OSlibtpu.so' (no such file), '/opt/homebrew/Caskroom/miniforge/base/envs/two-tower-confounding-2/lib/python3.10/site-packages/jaxlib/../../../libtpu.so' (no such file), '/opt/homebrew/Caskroom/miniforge/base/envs/two-tower-confounding-2/bin/../lib/libtpu.so' (no such file), '/usr/lib/libtpu.so' (no such file, not in dyld cache), 'libtpu.so' (no such file), '/usr/local/lib/libtpu.so' (no such file), '/usr/lib/libtpu.so' (no such file, not in dyld cache)
[2026-01-18 13:00:31,629][absl][INFO] - orbax-checkpoint version: 0.8.0
[2026-01-18 13:00:31,630][absl][INFO] - [thread=MainThread] Failed to get flag value for EXPERIMENTAL_ORBAX_USE_DISTRIBUTED_PROCESS_ID.
[2026-01-18 13:00:31,631][absl][INFO] - [process=0][thread=MainThread] Using barrier_sync_fn: <function get_barrier_sync_fn.<locals>.<lambda> at 0x34be6cc10> timeout: 600 secs and primary_host=0 for async checkpoint writes
[2026-01-18 13:00:31,632][absl][INFO] - Restoring checkpoint from /Users/stanf/Documents/Uni/Project_AI/two-tower-confounding/results/deterministic_custom_data/data=Custom_dataset,experiment=Deterministic_Custom_Data,logging_policy_ranker=deep,logging_policy_sampler=e_greedy,policy_temperature=1.0,relevance=deep,relevance_tower=deep/checkpoint.
[2026-01-18 13:00:31,649][absl][INFO] - [process=0] /jax/checkpoint/read/bytes_per_sec: 1.0 MiB/s (total bytes: 16.9 KiB) (time elapsed: 16 milliseconds) (per-host)
[2026-01-18 13:00:31,649][absl][INFO] - Finished restoring checkpoint from /Users/stanf/Documents/Uni/Project_AI/two-tower-confounding/results/deterministic_custom_data/data=Custom_dataset,experiment=Deterministic_Custom_Data,logging_policy_ranker=deep,logging_policy_sampler=e_greedy,policy_temperature=1.0,relevance=deep,relevance_tower=deep/checkpoint.
[2026-01-18 13:00:31,649][absl][INFO] - [process=0][thread=MainThread] Skipping global process sync, barrier name: 0_Checkpointer:restore.checkpoint
[2026-01-18 13:00:33,065][absl][INFO] - orbax-checkpoint version: 0.8.0
[2026-01-18 13:00:33,065][absl][INFO] - [thread=MainThread] Failed to get flag value for EXPERIMENTAL_ORBAX_USE_DISTRIBUTED_PROCESS_ID.
[2026-01-18 13:00:33,065][absl][INFO] - [process=0][thread=MainThread] Using barrier_sync_fn: <function get_barrier_sync_fn.<locals>.<lambda> at 0x34a66cc10> timeout: 600 secs and primary_host=0 for async checkpoint writes
[2026-01-18 13:00:33,066][absl][INFO] - Restoring checkpoint from /Users/stanf/Documents/Uni/Project_AI/two-tower-confounding/results/deterministic_custom_data/data=Custom_dataset,experiment=Deterministic_Custom_Data,logging_policy_ranker=deep,logging_policy_sampler=e_greedy,policy_temperature=1.0,relevance=deep,relevance_tower=deep/checkpoint.
[2026-01-18 13:00:33,091][absl][INFO] - [process=0] /jax/checkpoint/read/bytes_per_sec: 688.6 KiB/s (total bytes: 16.9 KiB) (time elapsed: 24 milliseconds) (per-host)
[2026-01-18 13:00:33,092][absl][INFO] - Finished restoring checkpoint from /Users/stanf/Documents/Uni/Project_AI/two-tower-confounding/results/deterministic_custom_data/data=Custom_dataset,experiment=Deterministic_Custom_Data,logging_policy_ranker=deep,logging_policy_sampler=e_greedy,policy_temperature=1.0,relevance=deep,relevance_tower=deep/checkpoint.
[2026-01-18 13:00:33,092][absl][INFO] - [process=0][thread=MainThread] Skipping global process sync, barrier name: 0_Checkpointer:restore.checkpoint
[2026-01-18 13:00:35,183][jax._src.xla_bridge][INFO] - Unable to initialize backend 'tpu': INTERNAL: Failed to open libtpu.so: dlopen(libtpu.so, 0x0001): tried: 'libtpu.so' (no such file), '/System/Volumes/Preboot/Cryptexes/OSlibtpu.so' (no such file), '/opt/homebrew/Caskroom/miniforge/base/envs/two-tower-confounding-2/lib/python3.10/site-packages/jaxlib/../../../libtpu.so' (no such file), '/opt/homebrew/Caskroom/miniforge/base/envs/two-tower-confounding-2/bin/../lib/libtpu.so' (no such file), '/usr/lib/libtpu.so' (no such file, not in dyld cache), 'libtpu.so' (no such file), '/usr/local/lib/libtpu.so' (no such file), '/usr/lib/libtpu.so' (no such file, not in dyld cache)
[2026-01-18 13:00:40,096][absl][INFO] - orbax-checkpoint version: 0.8.0
[2026-01-18 13:00:40,097][absl][INFO] - [thread=MainThread] Failed to get flag value for EXPERIMENTAL_ORBAX_USE_DISTRIBUTED_PROCESS_ID.
[2026-01-18 13:00:40,097][absl][INFO] - [process=0][thread=MainThread] Using barrier_sync_fn: <function get_barrier_sync_fn.<locals>.<lambda> at 0x34b46cc10> timeout: 600 secs and primary_host=0 for async checkpoint writes
[2026-01-18 13:00:40,098][absl][INFO] - Restoring checkpoint from /Users/stanf/Documents/Uni/Project_AI/two-tower-confounding/results/deterministic_custom_data/data=Custom_dataset,experiment=Deterministic_Custom_Data,logging_policy_ranker=deep,logging_policy_sampler=e_greedy,policy_temperature=1.0,relevance=deep,relevance_tower=deep/checkpoint.
[2026-01-18 13:00:40,119][absl][INFO] - [process=0] /jax/checkpoint/read/bytes_per_sec: 812.5 KiB/s (total bytes: 16.9 KiB) (time elapsed: 20 milliseconds) (per-host)
[2026-01-18 13:00:40,120][absl][INFO] - Finished restoring checkpoint from /Users/stanf/Documents/Uni/Project_AI/two-tower-confounding/results/deterministic_custom_data/data=Custom_dataset,experiment=Deterministic_Custom_Data,logging_policy_ranker=deep,logging_policy_sampler=e_greedy,policy_temperature=1.0,relevance=deep,relevance_tower=deep/checkpoint.
[2026-01-18 13:00:40,120][absl][INFO] - [process=0][thread=MainThread] Skipping global process sync, barrier name: 0_Checkpointer:restore.checkpoint
[2026-01-18 13:00:45,609][jax._src.xla_bridge][INFO] - Unable to initialize backend 'tpu': INTERNAL: Failed to open libtpu.so: dlopen(libtpu.so, 0x0001): tried: 'libtpu.so' (no such file), '/System/Volumes/Preboot/Cryptexes/OSlibtpu.so' (no such file), '/opt/homebrew/Caskroom/miniforge/base/envs/two-tower-confounding-2/lib/python3.10/site-packages/jaxlib/../../../libtpu.so' (no such file), '/opt/homebrew/Caskroom/miniforge/base/envs/two-tower-confounding-2/bin/../lib/libtpu.so' (no such file), '/usr/lib/libtpu.so' (no such file, not in dyld cache), 'libtpu.so' (no such file), '/usr/local/lib/libtpu.so' (no such file), '/usr/lib/libtpu.so' (no such file, not in dyld cache)
[2026-01-18 13:00:50,515][absl][INFO] - orbax-checkpoint version: 0.8.0
[2026-01-18 13:00:50,516][absl][INFO] - [thread=MainThread] Failed to get flag value for EXPERIMENTAL_ORBAX_USE_DISTRIBUTED_PROCESS_ID.
[2026-01-18 13:00:50,516][absl][INFO] - [process=0][thread=MainThread] Using barrier_sync_fn: <function get_barrier_sync_fn.<locals>.<lambda> at 0x34a7b4c10> timeout: 600 secs and primary_host=0 for async checkpoint writes
[2026-01-18 13:00:50,517][absl][INFO] - Restoring checkpoint from /Users/stanf/Documents/Uni/Project_AI/two-tower-confounding/results/deterministic_custom_data/data=Custom_dataset,experiment=Deterministic_Custom_Data,logging_policy_ranker=deep,logging_policy_sampler=e_greedy,policy_temperature=1.0,relevance=deep,relevance_tower=deep/checkpoint.
[2026-01-18 13:00:50,533][absl][INFO] - [process=0] /jax/checkpoint/read/bytes_per_sec: 1.0 MiB/s (total bytes: 16.9 KiB) (time elapsed: 16 milliseconds) (per-host)
[2026-01-18 13:00:50,533][absl][INFO] - Finished restoring checkpoint from /Users/stanf/Documents/Uni/Project_AI/two-tower-confounding/results/deterministic_custom_data/data=Custom_dataset,experiment=Deterministic_Custom_Data,logging_policy_ranker=deep,logging_policy_sampler=e_greedy,policy_temperature=1.0,relevance=deep,relevance_tower=deep/checkpoint.
[2026-01-18 13:00:50,534][absl][INFO] - [process=0][thread=MainThread] Skipping global process sync, barrier name: 0_Checkpointer:restore.checkpoint
[2026-01-18 13:00:51,468][jax._src.xla_bridge][INFO] - Unable to initialize backend 'tpu': INTERNAL: Failed to open libtpu.so: dlopen(libtpu.so, 0x0001): tried: 'libtpu.so' (no such file), '/System/Volumes/Preboot/Cryptexes/OSlibtpu.so' (no such file), '/opt/homebrew/Caskroom/miniforge/base/envs/two-tower-confounding-2/lib/python3.10/site-packages/jaxlib/../../../libtpu.so' (no such file), '/opt/homebrew/Caskroom/miniforge/base/envs/two-tower-confounding-2/bin/../lib/libtpu.so' (no such file), '/usr/lib/libtpu.so' (no such file, not in dyld cache), 'libtpu.so' (no such file), '/usr/local/lib/libtpu.so' (no such file), '/usr/lib/libtpu.so' (no such file, not in dyld cache)
[2026-01-18 13:00:52,761][jax._src.xla_bridge][INFO] - Unable to initialize backend 'tpu': INTERNAL: Failed to open libtpu.so: dlopen(libtpu.so, 0x0001): tried: 'libtpu.so' (no such file), '/System/Volumes/Preboot/Cryptexes/OSlibtpu.so' (no such file), '/opt/homebrew/Caskroom/miniforge/base/envs/two-tower-confounding-2/lib/python3.10/site-packages/jaxlib/../../../libtpu.so' (no such file), '/opt/homebrew/Caskroom/miniforge/base/envs/two-tower-confounding-2/bin/../lib/libtpu.so' (no such file), '/usr/lib/libtpu.so' (no such file, not in dyld cache), 'libtpu.so' (no such file), '/usr/local/lib/libtpu.so' (no such file), '/usr/lib/libtpu.so' (no such file, not in dyld cache)
[2026-01-18 13:00:52,916][jax._src.xla_bridge][INFO] - Unable to initialize backend 'tpu': INTERNAL: Failed to open libtpu.so: dlopen(libtpu.so, 0x0001): tried: 'libtpu.so' (no such file), '/System/Volumes/Preboot/Cryptexes/OSlibtpu.so' (no such file), '/opt/homebrew/Caskroom/miniforge/base/envs/two-tower-confounding-2/lib/python3.10/site-packages/jaxlib/../../../libtpu.so' (no such file), '/opt/homebrew/Caskroom/miniforge/base/envs/two-tower-confounding-2/bin/../lib/libtpu.so' (no such file), '/usr/lib/libtpu.so' (no such file, not in dyld cache), 'libtpu.so' (no such file), '/usr/local/lib/libtpu.so' (no such file), '/usr/lib/libtpu.so' (no such file, not in dyld cache)
[2026-01-18 13:00:56,110][absl][INFO] - orbax-checkpoint version: 0.8.0
[2026-01-18 13:00:56,111][absl][INFO] - [thread=MainThread] Failed to get flag value for EXPERIMENTAL_ORBAX_USE_DISTRIBUTED_PROCESS_ID.
[2026-01-18 13:00:56,111][absl][INFO] - [process=0][thread=MainThread] Using barrier_sync_fn: <function get_barrier_sync_fn.<locals>.<lambda> at 0x3488d8c10> timeout: 600 secs and primary_host=0 for async checkpoint writes
[2026-01-18 13:00:56,112][absl][INFO] - Restoring checkpoint from /Users/stanf/Documents/Uni/Project_AI/two-tower-confounding/results/deterministic_custom_data/data=Custom_dataset,experiment=Deterministic_Custom_Data,logging_policy_ranker=deep,logging_policy_sampler=e_greedy,policy_temperature=1.0,relevance=deep,relevance_tower=deep/checkpoint.
[2026-01-18 13:00:56,129][absl][INFO] - [process=0] /jax/checkpoint/read/bytes_per_sec: 1023.1 KiB/s (total bytes: 16.9 KiB) (time elapsed: 16 milliseconds) (per-host)
[2026-01-18 13:00:56,129][absl][INFO] - Finished restoring checkpoint from /Users/stanf/Documents/Uni/Project_AI/two-tower-confounding/results/deterministic_custom_data/data=Custom_dataset,experiment=Deterministic_Custom_Data,logging_policy_ranker=deep,logging_policy_sampler=e_greedy,policy_temperature=1.0,relevance=deep,relevance_tower=deep/checkpoint.
[2026-01-18 13:00:56,129][absl][INFO] - [process=0][thread=MainThread] Skipping global process sync, barrier name: 0_Checkpointer:restore.checkpoint
[2026-01-18 13:00:57,501][absl][INFO] - orbax-checkpoint version: 0.8.0
[2026-01-18 13:00:57,502][absl][INFO] - [thread=MainThread] Failed to get flag value for EXPERIMENTAL_ORBAX_USE_DISTRIBUTED_PROCESS_ID.
[2026-01-18 13:00:57,502][absl][INFO] - [process=0][thread=MainThread] Using barrier_sync_fn: <function get_barrier_sync_fn.<locals>.<lambda> at 0x34a0d8c10> timeout: 600 secs and primary_host=0 for async checkpoint writes
[2026-01-18 13:00:57,503][absl][INFO] - Restoring checkpoint from /Users/stanf/Documents/Uni/Project_AI/two-tower-confounding/results/deterministic_custom_data/data=Custom_dataset,experiment=Deterministic_Custom_Data,logging_policy_ranker=deep,logging_policy_sampler=e_greedy,policy_temperature=1.0,relevance=deep,relevance_tower=deep/checkpoint.
[2026-01-18 13:00:57,522][absl][INFO] - [process=0] /jax/checkpoint/read/bytes_per_sec: 913.1 KiB/s (total bytes: 16.9 KiB) (time elapsed: 18 milliseconds) (per-host)
[2026-01-18 13:00:57,522][absl][INFO] - Finished restoring checkpoint from /Users/stanf/Documents/Uni/Project_AI/two-tower-confounding/results/deterministic_custom_data/data=Custom_dataset,experiment=Deterministic_Custom_Data,logging_policy_ranker=deep,logging_policy_sampler=e_greedy,policy_temperature=1.0,relevance=deep,relevance_tower=deep/checkpoint.
[2026-01-18 13:00:57,523][absl][INFO] - [process=0][thread=MainThread] Skipping global process sync, barrier name: 0_Checkpointer:restore.checkpoint
[2026-01-18 13:00:57,559][absl][INFO] - orbax-checkpoint version: 0.8.0
[2026-01-18 13:00:57,559][absl][INFO] - [thread=MainThread] Failed to get flag value for EXPERIMENTAL_ORBAX_USE_DISTRIBUTED_PROCESS_ID.
[2026-01-18 13:00:57,559][absl][INFO] - [process=0][thread=MainThread] Using barrier_sync_fn: <function get_barrier_sync_fn.<locals>.<lambda> at 0x34c76cc10> timeout: 600 secs and primary_host=0 for async checkpoint writes
[2026-01-18 13:00:57,560][absl][INFO] - Restoring checkpoint from /Users/stanf/Documents/Uni/Project_AI/two-tower-confounding/results/deterministic_custom_data/data=Custom_dataset,experiment=Deterministic_Custom_Data,logging_policy_ranker=deep,logging_policy_sampler=e_greedy,policy_temperature=1.0,relevance=deep,relevance_tower=deep/checkpoint.
[2026-01-18 13:00:57,578][absl][INFO] - [process=0] /jax/checkpoint/read/bytes_per_sec: 989.7 KiB/s (total bytes: 16.9 KiB) (time elapsed: 17 milliseconds) (per-host)
[2026-01-18 13:00:57,578][absl][INFO] - Finished restoring checkpoint from /Users/stanf/Documents/Uni/Project_AI/two-tower-confounding/results/deterministic_custom_data/data=Custom_dataset,experiment=Deterministic_Custom_Data,logging_policy_ranker=deep,logging_policy_sampler=e_greedy,policy_temperature=1.0,relevance=deep,relevance_tower=deep/checkpoint.
[2026-01-18 13:00:57,579][absl][INFO] - [process=0][thread=MainThread] Skipping global process sync, barrier name: 0_Checkpointer:restore.checkpoint
[2026-01-18 13:00:59,579][jax._src.xla_bridge][INFO] - Unable to initialize backend 'tpu': INTERNAL: Failed to open libtpu.so: dlopen(libtpu.so, 0x0001): tried: 'libtpu.so' (no such file), '/System/Volumes/Preboot/Cryptexes/OSlibtpu.so' (no such file), '/opt/homebrew/Caskroom/miniforge/base/envs/two-tower-confounding-2/lib/python3.10/site-packages/jaxlib/../../../libtpu.so' (no such file), '/opt/homebrew/Caskroom/miniforge/base/envs/two-tower-confounding-2/bin/../lib/libtpu.so' (no such file), '/usr/lib/libtpu.so' (no such file, not in dyld cache), 'libtpu.so' (no such file), '/usr/local/lib/libtpu.so' (no such file), '/usr/lib/libtpu.so' (no such file, not in dyld cache)
[2026-01-18 13:01:04,622][absl][INFO] - orbax-checkpoint version: 0.8.0
[2026-01-18 13:01:04,623][absl][INFO] - [thread=MainThread] Failed to get flag value for EXPERIMENTAL_ORBAX_USE_DISTRIBUTED_PROCESS_ID.
[2026-01-18 13:01:04,623][absl][INFO] - [process=0][thread=MainThread] Using barrier_sync_fn: <function get_barrier_sync_fn.<locals>.<lambda> at 0x34a76cc10> timeout: 600 secs and primary_host=0 for async checkpoint writes
[2026-01-18 13:01:04,624][absl][INFO] - Restoring checkpoint from /Users/stanf/Documents/Uni/Project_AI/two-tower-confounding/results/deterministic_custom_data/data=Custom_dataset,experiment=Deterministic_Custom_Data,logging_policy_ranker=deep,logging_policy_sampler=e_greedy,policy_temperature=1.0,relevance=deep,relevance_tower=deep/checkpoint.
[2026-01-18 13:01:04,644][absl][INFO] - [process=0] /jax/checkpoint/read/bytes_per_sec: 872.6 KiB/s (total bytes: 16.9 KiB) (time elapsed: 19 milliseconds) (per-host)
[2026-01-18 13:01:04,644][absl][INFO] - Finished restoring checkpoint from /Users/stanf/Documents/Uni/Project_AI/two-tower-confounding/results/deterministic_custom_data/data=Custom_dataset,experiment=Deterministic_Custom_Data,logging_policy_ranker=deep,logging_policy_sampler=e_greedy,policy_temperature=1.0,relevance=deep,relevance_tower=deep/checkpoint.
[2026-01-18 13:01:04,644][absl][INFO] - [process=0][thread=MainThread] Skipping global process sync, barrier name: 0_Checkpointer:restore.checkpoint
[2026-01-18 13:01:09,975][jax._src.xla_bridge][INFO] - Unable to initialize backend 'tpu': INTERNAL: Failed to open libtpu.so: dlopen(libtpu.so, 0x0001): tried: 'libtpu.so' (no such file), '/System/Volumes/Preboot/Cryptexes/OSlibtpu.so' (no such file), '/opt/homebrew/Caskroom/miniforge/base/envs/two-tower-confounding-2/lib/python3.10/site-packages/jaxlib/../../../libtpu.so' (no such file), '/opt/homebrew/Caskroom/miniforge/base/envs/two-tower-confounding-2/bin/../lib/libtpu.so' (no such file), '/usr/lib/libtpu.so' (no such file, not in dyld cache), 'libtpu.so' (no such file), '/usr/local/lib/libtpu.so' (no such file), '/usr/lib/libtpu.so' (no such file, not in dyld cache)
[2026-01-18 13:01:14,840][absl][INFO] - orbax-checkpoint version: 0.8.0
[2026-01-18 13:01:14,841][absl][INFO] - [thread=MainThread] Failed to get flag value for EXPERIMENTAL_ORBAX_USE_DISTRIBUTED_PROCESS_ID.
[2026-01-18 13:01:14,842][absl][INFO] - [process=0][thread=MainThread] Using barrier_sync_fn: <function get_barrier_sync_fn.<locals>.<lambda> at 0x346f68c10> timeout: 600 secs and primary_host=0 for async checkpoint writes
[2026-01-18 13:01:14,842][absl][INFO] - Restoring checkpoint from /Users/stanf/Documents/Uni/Project_AI/two-tower-confounding/results/deterministic_custom_data/data=Custom_dataset,experiment=Deterministic_Custom_Data,logging_policy_ranker=deep,logging_policy_sampler=e_greedy,policy_temperature=1.0,relevance=deep,relevance_tower=deep/checkpoint.
[2026-01-18 13:01:14,887][absl][INFO] - [process=0] /jax/checkpoint/read/bytes_per_sec: 384.5 KiB/s (total bytes: 16.9 KiB) (time elapsed: 43 milliseconds) (per-host)
[2026-01-18 13:01:14,887][absl][INFO] - Finished restoring checkpoint from /Users/stanf/Documents/Uni/Project_AI/two-tower-confounding/results/deterministic_custom_data/data=Custom_dataset,experiment=Deterministic_Custom_Data,logging_policy_ranker=deep,logging_policy_sampler=e_greedy,policy_temperature=1.0,relevance=deep,relevance_tower=deep/checkpoint.
[2026-01-18 13:01:14,887][absl][INFO] - [process=0][thread=MainThread] Skipping global process sync, barrier name: 0_Checkpointer:restore.checkpoint
[2026-01-18 13:01:15,683][jax._src.xla_bridge][INFO] - Unable to initialize backend 'tpu': INTERNAL: Failed to open libtpu.so: dlopen(libtpu.so, 0x0001): tried: 'libtpu.so' (no such file), '/System/Volumes/Preboot/Cryptexes/OSlibtpu.so' (no such file), '/opt/homebrew/Caskroom/miniforge/base/envs/two-tower-confounding-2/lib/python3.10/site-packages/jaxlib/../../../libtpu.so' (no such file), '/opt/homebrew/Caskroom/miniforge/base/envs/two-tower-confounding-2/bin/../lib/libtpu.so' (no such file), '/usr/lib/libtpu.so' (no such file, not in dyld cache), 'libtpu.so' (no such file), '/usr/local/lib/libtpu.so' (no such file), '/usr/lib/libtpu.so' (no such file, not in dyld cache)
[2026-01-18 13:01:18,069][jax._src.xla_bridge][INFO] - Unable to initialize backend 'tpu': INTERNAL: Failed to open libtpu.so: dlopen(libtpu.so, 0x0001): tried: 'libtpu.so' (no such file), '/System/Volumes/Preboot/Cryptexes/OSlibtpu.so' (no such file), '/opt/homebrew/Caskroom/miniforge/base/envs/two-tower-confounding-2/lib/python3.10/site-packages/jaxlib/../../../libtpu.so' (no such file), '/opt/homebrew/Caskroom/miniforge/base/envs/two-tower-confounding-2/bin/../lib/libtpu.so' (no such file), '/usr/lib/libtpu.so' (no such file, not in dyld cache), 'libtpu.so' (no such file), '/usr/local/lib/libtpu.so' (no such file), '/usr/lib/libtpu.so' (no such file, not in dyld cache)
[2026-01-18 13:01:18,206][jax._src.xla_bridge][INFO] - Unable to initialize backend 'tpu': INTERNAL: Failed to open libtpu.so: dlopen(libtpu.so, 0x0001): tried: 'libtpu.so' (no such file), '/System/Volumes/Preboot/Cryptexes/OSlibtpu.so' (no such file), '/opt/homebrew/Caskroom/miniforge/base/envs/two-tower-confounding-2/lib/python3.10/site-packages/jaxlib/../../../libtpu.so' (no such file), '/opt/homebrew/Caskroom/miniforge/base/envs/two-tower-confounding-2/bin/../lib/libtpu.so' (no such file), '/usr/lib/libtpu.so' (no such file, not in dyld cache), 'libtpu.so' (no such file), '/usr/local/lib/libtpu.so' (no such file), '/usr/lib/libtpu.so' (no such file, not in dyld cache)
[2026-01-18 13:01:22,023][absl][INFO] - orbax-checkpoint version: 0.8.0
[2026-01-18 13:01:22,025][absl][INFO] - [thread=MainThread] Failed to get flag value for EXPERIMENTAL_ORBAX_USE_DISTRIBUTED_PROCESS_ID.
[2026-01-18 13:01:22,025][absl][INFO] - [process=0][thread=MainThread] Using barrier_sync_fn: <function get_barrier_sync_fn.<locals>.<lambda> at 0x34e910c10> timeout: 600 secs and primary_host=0 for async checkpoint writes
[2026-01-18 13:01:22,027][absl][INFO] - Restoring checkpoint from /Users/stanf/Documents/Uni/Project_AI/two-tower-confounding/results/deterministic_custom_data/data=Custom_dataset,experiment=Deterministic_Custom_Data,logging_policy_ranker=deep,logging_policy_sampler=e_greedy,policy_temperature=1.0,relevance=deep,relevance_tower=deep/checkpoint.
[2026-01-18 13:01:22,050][absl][INFO] - [process=0] /jax/checkpoint/read/bytes_per_sec: 744.6 KiB/s (total bytes: 16.9 KiB) (time elapsed: 22 milliseconds) (per-host)
[2026-01-18 13:01:22,051][absl][INFO] - Finished restoring checkpoint from /Users/stanf/Documents/Uni/Project_AI/two-tower-confounding/results/deterministic_custom_data/data=Custom_dataset,experiment=Deterministic_Custom_Data,logging_policy_ranker=deep,logging_policy_sampler=e_greedy,policy_temperature=1.0,relevance=deep,relevance_tower=deep/checkpoint.
[2026-01-18 13:01:22,051][absl][INFO] - [process=0][thread=MainThread] Skipping global process sync, barrier name: 0_Checkpointer:restore.checkpoint
[2026-01-18 13:01:23,710][absl][INFO] - orbax-checkpoint version: 0.8.0
[2026-01-18 13:01:23,711][absl][INFO] - [thread=MainThread] Failed to get flag value for EXPERIMENTAL_ORBAX_USE_DISTRIBUTED_PROCESS_ID.
[2026-01-18 13:01:23,711][absl][INFO] - [process=0][thread=MainThread] Using barrier_sync_fn: <function get_barrier_sync_fn.<locals>.<lambda> at 0x3493fcc10> timeout: 600 secs and primary_host=0 for async checkpoint writes
[2026-01-18 13:01:23,712][absl][INFO] - Restoring checkpoint from /Users/stanf/Documents/Uni/Project_AI/two-tower-confounding/results/deterministic_custom_data/data=Custom_dataset,experiment=Deterministic_Custom_Data,logging_policy_ranker=deep,logging_policy_sampler=e_greedy,policy_temperature=1.0,relevance=deep,relevance_tower=deep/checkpoint.
[2026-01-18 13:01:23,733][absl][INFO] - [process=0] /jax/checkpoint/read/bytes_per_sec: 831.2 KiB/s (total bytes: 16.9 KiB) (time elapsed: 20 milliseconds) (per-host)
[2026-01-18 13:01:23,734][absl][INFO] - Finished restoring checkpoint from /Users/stanf/Documents/Uni/Project_AI/two-tower-confounding/results/deterministic_custom_data/data=Custom_dataset,experiment=Deterministic_Custom_Data,logging_policy_ranker=deep,logging_policy_sampler=e_greedy,policy_temperature=1.0,relevance=deep,relevance_tower=deep/checkpoint.
[2026-01-18 13:01:23,734][absl][INFO] - [process=0][thread=MainThread] Skipping global process sync, barrier name: 0_Checkpointer:restore.checkpoint
[2026-01-18 13:01:23,823][absl][INFO] - orbax-checkpoint version: 0.8.0
[2026-01-18 13:01:23,824][absl][INFO] - [thread=MainThread] Failed to get flag value for EXPERIMENTAL_ORBAX_USE_DISTRIBUTED_PROCESS_ID.
[2026-01-18 13:01:23,824][absl][INFO] - [process=0][thread=MainThread] Using barrier_sync_fn: <function get_barrier_sync_fn.<locals>.<lambda> at 0x349304c10> timeout: 600 secs and primary_host=0 for async checkpoint writes
[2026-01-18 13:01:23,826][absl][INFO] - Restoring checkpoint from /Users/stanf/Documents/Uni/Project_AI/two-tower-confounding/results/deterministic_custom_data/data=Custom_dataset,experiment=Deterministic_Custom_Data,logging_policy_ranker=deep,logging_policy_sampler=e_greedy,policy_temperature=1.0,relevance=deep,relevance_tower=deep/checkpoint.
[2026-01-18 13:01:23,844][absl][INFO] - [process=0] /jax/checkpoint/read/bytes_per_sec: 956.4 KiB/s (total bytes: 16.9 KiB) (time elapsed: 17 milliseconds) (per-host)
[2026-01-18 13:01:23,845][absl][INFO] - Finished restoring checkpoint from /Users/stanf/Documents/Uni/Project_AI/two-tower-confounding/results/deterministic_custom_data/data=Custom_dataset,experiment=Deterministic_Custom_Data,logging_policy_ranker=deep,logging_policy_sampler=e_greedy,policy_temperature=1.0,relevance=deep,relevance_tower=deep/checkpoint.
[2026-01-18 13:01:23,845][absl][INFO] - [process=0][thread=MainThread] Skipping global process sync, barrier name: 0_Checkpointer:restore.checkpoint
[2026-01-18 13:01:26,198][jax._src.xla_bridge][INFO] - Unable to initialize backend 'tpu': INTERNAL: Failed to open libtpu.so: dlopen(libtpu.so, 0x0001): tried: 'libtpu.so' (no such file), '/System/Volumes/Preboot/Cryptexes/OSlibtpu.so' (no such file), '/opt/homebrew/Caskroom/miniforge/base/envs/two-tower-confounding-2/lib/python3.10/site-packages/jaxlib/../../../libtpu.so' (no such file), '/opt/homebrew/Caskroom/miniforge/base/envs/two-tower-confounding-2/bin/../lib/libtpu.so' (no such file), '/usr/lib/libtpu.so' (no such file, not in dyld cache), 'libtpu.so' (no such file), '/usr/local/lib/libtpu.so' (no such file), '/usr/lib/libtpu.so' (no such file, not in dyld cache)
[2026-01-18 13:01:32,068][absl][INFO] - orbax-checkpoint version: 0.8.0
[2026-01-18 13:01:32,070][absl][INFO] - [thread=MainThread] Failed to get flag value for EXPERIMENTAL_ORBAX_USE_DISTRIBUTED_PROCESS_ID.
[2026-01-18 13:01:32,070][absl][INFO] - [process=0][thread=MainThread] Using barrier_sync_fn: <function get_barrier_sync_fn.<locals>.<lambda> at 0x3496d4c10> timeout: 600 secs and primary_host=0 for async checkpoint writes
[2026-01-18 13:01:32,071][absl][INFO] - Restoring checkpoint from /Users/stanf/Documents/Uni/Project_AI/two-tower-confounding/results/deterministic_custom_data/data=Custom_dataset,experiment=Deterministic_Custom_Data,logging_policy_ranker=deep,logging_policy_sampler=e_greedy,policy_temperature=1.0,relevance=deep,relevance_tower=deep/checkpoint.
[2026-01-18 13:01:32,094][absl][INFO] - [process=0] /jax/checkpoint/read/bytes_per_sec: 746.1 KiB/s (total bytes: 16.9 KiB) (time elapsed: 22 milliseconds) (per-host)
[2026-01-18 13:01:32,094][absl][INFO] - Finished restoring checkpoint from /Users/stanf/Documents/Uni/Project_AI/two-tower-confounding/results/deterministic_custom_data/data=Custom_dataset,experiment=Deterministic_Custom_Data,logging_policy_ranker=deep,logging_policy_sampler=e_greedy,policy_temperature=1.0,relevance=deep,relevance_tower=deep/checkpoint.
[2026-01-18 13:01:32,094][absl][INFO] - [process=0][thread=MainThread] Skipping global process sync, barrier name: 0_Checkpointer:restore.checkpoint
[2026-01-18 13:01:39,675][jax._src.xla_bridge][INFO] - Unable to initialize backend 'tpu': INTERNAL: Failed to open libtpu.so: dlopen(libtpu.so, 0x0001): tried: 'libtpu.so' (no such file), '/System/Volumes/Preboot/Cryptexes/OSlibtpu.so' (no such file), '/opt/homebrew/Caskroom/miniforge/base/envs/two-tower-confounding-2/lib/python3.10/site-packages/jaxlib/../../../libtpu.so' (no such file), '/opt/homebrew/Caskroom/miniforge/base/envs/two-tower-confounding-2/bin/../lib/libtpu.so' (no such file), '/usr/lib/libtpu.so' (no such file, not in dyld cache), 'libtpu.so' (no such file), '/usr/local/lib/libtpu.so' (no such file), '/usr/lib/libtpu.so' (no such file, not in dyld cache)
[2026-01-18 13:01:46,554][absl][INFO] - orbax-checkpoint version: 0.8.0
[2026-01-18 13:01:46,554][absl][INFO] - [thread=MainThread] Failed to get flag value for EXPERIMENTAL_ORBAX_USE_DISTRIBUTED_PROCESS_ID.
[2026-01-18 13:01:46,555][absl][INFO] - [process=0][thread=MainThread] Using barrier_sync_fn: <function get_barrier_sync_fn.<locals>.<lambda> at 0x349b6cc10> timeout: 600 secs and primary_host=0 for async checkpoint writes
[2026-01-18 13:01:46,556][absl][INFO] - Restoring checkpoint from /Users/stanf/Documents/Uni/Project_AI/two-tower-confounding/results/deterministic_custom_data/data=Custom_dataset,experiment=Deterministic_Custom_Data,logging_policy_ranker=deep,logging_policy_sampler=e_greedy,policy_temperature=1.0,relevance=deep,relevance_tower=deep/checkpoint.
[2026-01-18 13:01:46,576][absl][INFO] - [process=0] /jax/checkpoint/read/bytes_per_sec: 860.2 KiB/s (total bytes: 16.9 KiB) (time elapsed: 19 milliseconds) (per-host)
[2026-01-18 13:01:46,577][absl][INFO] - Finished restoring checkpoint from /Users/stanf/Documents/Uni/Project_AI/two-tower-confounding/results/deterministic_custom_data/data=Custom_dataset,experiment=Deterministic_Custom_Data,logging_policy_ranker=deep,logging_policy_sampler=e_greedy,policy_temperature=1.0,relevance=deep,relevance_tower=deep/checkpoint.
[2026-01-18 13:01:46,577][absl][INFO] - [process=0][thread=MainThread] Skipping global process sync, barrier name: 0_Checkpointer:restore.checkpoint
[2026-01-18 13:01:48,452][jax._src.xla_bridge][INFO] - Unable to initialize backend 'tpu': INTERNAL: Failed to open libtpu.so: dlopen(libtpu.so, 0x0001): tried: 'libtpu.so' (no such file), '/System/Volumes/Preboot/Cryptexes/OSlibtpu.so' (no such file), '/opt/homebrew/Caskroom/miniforge/base/envs/two-tower-confounding-2/lib/python3.10/site-packages/jaxlib/../../../libtpu.so' (no such file), '/opt/homebrew/Caskroom/miniforge/base/envs/two-tower-confounding-2/bin/../lib/libtpu.so' (no such file), '/usr/lib/libtpu.so' (no such file, not in dyld cache), 'libtpu.so' (no such file), '/usr/local/lib/libtpu.so' (no such file), '/usr/lib/libtpu.so' (no such file, not in dyld cache)
[2026-01-18 13:01:54,468][absl][INFO] - orbax-checkpoint version: 0.8.0
[2026-01-18 13:01:54,469][absl][INFO] - [thread=MainThread] Failed to get flag value for EXPERIMENTAL_ORBAX_USE_DISTRIBUTED_PROCESS_ID.
[2026-01-18 13:01:54,469][absl][INFO] - [process=0][thread=MainThread] Using barrier_sync_fn: <function get_barrier_sync_fn.<locals>.<lambda> at 0x34e410c10> timeout: 600 secs and primary_host=0 for async checkpoint writes
[2026-01-18 13:01:54,470][absl][INFO] - Restoring checkpoint from /Users/stanf/Documents/Uni/Project_AI/two-tower-confounding/results/deterministic_custom_data/data=Custom_dataset,experiment=Deterministic_Custom_Data,logging_policy_ranker=deep,logging_policy_sampler=e_greedy,policy_temperature=1.0,relevance=deep,relevance_tower=deep/checkpoint.
[2026-01-18 13:01:54,492][absl][INFO] - [process=0] /jax/checkpoint/read/bytes_per_sec: 791.5 KiB/s (total bytes: 16.9 KiB) (time elapsed: 21 milliseconds) (per-host)
[2026-01-18 13:01:54,492][absl][INFO] - Finished restoring checkpoint from /Users/stanf/Documents/Uni/Project_AI/two-tower-confounding/results/deterministic_custom_data/data=Custom_dataset,experiment=Deterministic_Custom_Data,logging_policy_ranker=deep,logging_policy_sampler=e_greedy,policy_temperature=1.0,relevance=deep,relevance_tower=deep/checkpoint.
[2026-01-18 13:01:54,492][absl][INFO] - [process=0][thread=MainThread] Skipping global process sync, barrier name: 0_Checkpointer:restore.checkpoint
[2026-01-18 13:02:03,282][jax._src.xla_bridge][INFO] - Unable to initialize backend 'tpu': INTERNAL: Failed to open libtpu.so: dlopen(libtpu.so, 0x0001): tried: 'libtpu.so' (no such file), '/System/Volumes/Preboot/Cryptexes/OSlibtpu.so' (no such file), '/opt/homebrew/Caskroom/miniforge/base/envs/two-tower-confounding-2/lib/python3.10/site-packages/jaxlib/../../../libtpu.so' (no such file), '/opt/homebrew/Caskroom/miniforge/base/envs/two-tower-confounding-2/bin/../lib/libtpu.so' (no such file), '/usr/lib/libtpu.so' (no such file, not in dyld cache), 'libtpu.so' (no such file), '/usr/local/lib/libtpu.so' (no such file), '/usr/lib/libtpu.so' (no such file, not in dyld cache)
[2026-01-18 13:02:09,087][absl][INFO] - orbax-checkpoint version: 0.8.0
[2026-01-18 13:02:09,088][absl][INFO] - [thread=MainThread] Failed to get flag value for EXPERIMENTAL_ORBAX_USE_DISTRIBUTED_PROCESS_ID.
[2026-01-18 13:02:09,088][absl][INFO] - [process=0][thread=MainThread] Using barrier_sync_fn: <function get_barrier_sync_fn.<locals>.<lambda> at 0x34d268c10> timeout: 600 secs and primary_host=0 for async checkpoint writes
[2026-01-18 13:02:09,089][absl][INFO] - Restoring checkpoint from /Users/stanf/Documents/Uni/Project_AI/two-tower-confounding/results/deterministic_custom_data/data=Custom_dataset,experiment=Deterministic_Custom_Data,logging_policy_ranker=deep,logging_policy_sampler=e_greedy,policy_temperature=1.0,relevance=deep,relevance_tower=deep/checkpoint.
[2026-01-18 13:02:09,109][absl][INFO] - [process=0] /jax/checkpoint/read/bytes_per_sec: 884.8 KiB/s (total bytes: 16.9 KiB) (time elapsed: 19 milliseconds) (per-host)
[2026-01-18 13:02:09,109][absl][INFO] - Finished restoring checkpoint from /Users/stanf/Documents/Uni/Project_AI/two-tower-confounding/results/deterministic_custom_data/data=Custom_dataset,experiment=Deterministic_Custom_Data,logging_policy_ranker=deep,logging_policy_sampler=e_greedy,policy_temperature=1.0,relevance=deep,relevance_tower=deep/checkpoint.
[2026-01-18 13:02:09,109][absl][INFO] - [process=0][thread=MainThread] Skipping global process sync, barrier name: 0_Checkpointer:restore.checkpoint
