[2026-01-18 15:02:26,497][jax._src.xla_bridge][INFO] - Unable to initialize backend 'tpu': INTERNAL: Failed to open libtpu.so: dlopen(libtpu.so, 0x0001): tried: 'libtpu.so' (no such file), '/System/Volumes/Preboot/Cryptexes/OSlibtpu.so' (no such file), '/opt/homebrew/Caskroom/miniforge/base/envs/two-tower-confounding-2/lib/python3.10/site-packages/jaxlib/../../../libtpu.so' (no such file), '/opt/homebrew/Caskroom/miniforge/base/envs/two-tower-confounding-2/bin/../lib/libtpu.so' (no such file), '/usr/lib/libtpu.so' (no such file, not in dyld cache), 'libtpu.so' (no such file), '/usr/local/lib/libtpu.so' (no such file), '/usr/lib/libtpu.so' (no such file, not in dyld cache)
[2026-01-18 15:05:19,512][absl][INFO] - orbax-checkpoint version: 0.8.0
[2026-01-18 15:05:19,512][absl][INFO] - [thread=MainThread] Failed to get flag value for EXPERIMENTAL_ORBAX_USE_DISTRIBUTED_PROCESS_ID.
[2026-01-18 15:05:19,513][absl][INFO] - [process=0][thread=MainThread] Using barrier_sync_fn: <function get_barrier_sync_fn.<locals>.<lambda> at 0x3590a9120> timeout: 600 secs and primary_host=0 for async checkpoint writes
[2026-01-18 15:05:19,513][absl][INFO] - [process=0] Started async saving checkpoint to /Users/stanf/Documents/Uni/Project_AI/two-tower-confounding/results/Synthetic_Feature_Separation/data=Custom_dataset_deep,docs_per_group=10,experiment=Synthetic_Feature_Separation,logging_policy_ranker=ordered,logging_policy_sampler=e_greedy,num_queries=10,policy_temperature=1.0,relevance=deep,relevance_tower=deeper,s_doc=0.3/checkpoint.
[2026-01-18 15:05:19,514][absl][INFO] - [process=0] Specified `force`: removing existing directory.
[2026-01-18 15:05:19,515][absl][INFO] - [process=0][thread=MainThread] Skipping global process sync, barrier name: 0_create_tmp_directory:pre.checkpoint.1
[2026-01-18 15:05:19,516][absl][INFO] - Creating tmp directory /Users/stanf/Documents/Uni/Project_AI/two-tower-confounding/results/Synthetic_Feature_Separation/data=Custom_dataset_deep,docs_per_group=10,experiment=Synthetic_Feature_Separation,logging_policy_ranker=ordered,logging_policy_sampler=e_greedy,num_queries=10,policy_temperature=1.0,relevance=deep,relevance_tower=deeper,s_doc=0.3/checkpoint.orbax-checkpoint-tmp-0
[2026-01-18 15:05:19,518][absl][INFO] - Wrote CheckpointMetadata=StepMetadata(init_timestamp_nsecs=1768745119517308000, commit_timestamp_nsecs=None), json={"init_timestamp_nsecs": 1768745119517308000, "commit_timestamp_nsecs": null} to /Users/stanf/Documents/Uni/Project_AI/two-tower-confounding/results/Synthetic_Feature_Separation/data=Custom_dataset_deep,docs_per_group=10,experiment=Synthetic_Feature_Separation,logging_policy_ranker=ordered,logging_policy_sampler=e_greedy,num_queries=10,policy_temperature=1.0,relevance=deep,relevance_tower=deeper,s_doc=0.3/checkpoint.orbax-checkpoint-tmp-0
[2026-01-18 15:05:19,520][absl][INFO] - [process=0][thread=MainThread] Skipping global process sync, barrier name: 0_create_tmp_directory:post.checkpoint.2
[2026-01-18 15:05:19,532][absl][INFO] - [process=0] /jax/checkpoint/write/blocking_bytes_per_sec: 24.4 MiB/s (total bytes: 260.0 KiB) (time elapsed: 10 milliseconds) (per-host)
[2026-01-18 15:05:19,533][absl][INFO] - [process=0][thread=async_save_1] Background save thread started.
[2026-01-18 15:05:19,537][absl][INFO] - [process=0][thread=MainThread] Waiting for background save thread=async_save_1.
[2026-01-18 15:05:19,549][absl][INFO] - ChainedFuture completed 2/2 futures in 0.02 seconds.
[2026-01-18 15:05:19,549][absl][INFO] - [process=0] /jax/checkpoint/write/bytes_per_sec: 9.4 MiB/s (total bytes: 260.0 KiB) (time elapsed: 27 milliseconds) (per-host)
[2026-01-18 15:05:19,549][absl][INFO] - [process=0][thread=async_save_1] 1 Handler Commit operations completed.
[2026-01-18 15:05:19,549][absl][INFO] - [process=0][thread=async_save_1] Async Save Callback [1/3]: Finalizing Handler: <orbax.checkpoint._src.handlers.standard_checkpoint_handler.StandardCheckpointHandler object at 0x35918c4c0> on /Users/stanf/Documents/Uni/Project_AI/two-tower-confounding/results/Synthetic_Feature_Separation/data=Custom_dataset_deep,docs_per_group=10,experiment=Synthetic_Feature_Separation,logging_policy_ranker=ordered,logging_policy_sampler=e_greedy,num_queries=10,policy_temperature=1.0,relevance=deep,relevance_tower=deeper,s_doc=0.3/checkpoint.orbax-checkpoint-tmp-0
[2026-01-18 15:05:19,557][absl][INFO] - [process=0][thread=async_save_1] Validating params in TensorStore KvStore.
[2026-01-18 15:05:19,558][absl][INFO] - [process=0][thread=async_save_1] Async Save Callback [2/3]: Running post_finalization_callback: None on /Users/stanf/Documents/Uni/Project_AI/two-tower-confounding/results/Synthetic_Feature_Separation/data=Custom_dataset_deep,docs_per_group=10,experiment=Synthetic_Feature_Separation,logging_policy_ranker=ordered,logging_policy_sampler=e_greedy,num_queries=10,policy_temperature=1.0,relevance=deep,relevance_tower=deeper,s_doc=0.3/checkpoint
[2026-01-18 15:05:19,559][absl][INFO] - [process=0][thread=async_save_1] Async Save Callback [3/3]: Finalizing checkpoint directory: /Users/stanf/Documents/Uni/Project_AI/two-tower-confounding/results/Synthetic_Feature_Separation/data=Custom_dataset_deep,docs_per_group=10,experiment=Synthetic_Feature_Separation,logging_policy_ranker=ordered,logging_policy_sampler=e_greedy,num_queries=10,policy_temperature=1.0,relevance=deep,relevance_tower=deeper,s_doc=0.3/checkpoint.orbax-checkpoint-tmp-0
[2026-01-18 15:05:19,559][absl][INFO] - Renaming /Users/stanf/Documents/Uni/Project_AI/two-tower-confounding/results/Synthetic_Feature_Separation/data=Custom_dataset_deep,docs_per_group=10,experiment=Synthetic_Feature_Separation,logging_policy_ranker=ordered,logging_policy_sampler=e_greedy,num_queries=10,policy_temperature=1.0,relevance=deep,relevance_tower=deeper,s_doc=0.3/checkpoint.orbax-checkpoint-tmp-0 to /Users/stanf/Documents/Uni/Project_AI/two-tower-confounding/results/Synthetic_Feature_Separation/data=Custom_dataset_deep,docs_per_group=10,experiment=Synthetic_Feature_Separation,logging_policy_ranker=ordered,logging_policy_sampler=e_greedy,num_queries=10,policy_temperature=1.0,relevance=deep,relevance_tower=deeper,s_doc=0.3/checkpoint
[2026-01-18 15:05:19,559][absl][INFO] - Read CheckpointMetadata=StepMetadata(init_timestamp_nsecs=1768745119517308000, commit_timestamp_nsecs=None) from /Users/stanf/Documents/Uni/Project_AI/two-tower-confounding/results/Synthetic_Feature_Separation/data=Custom_dataset_deep,docs_per_group=10,experiment=Synthetic_Feature_Separation,logging_policy_ranker=ordered,logging_policy_sampler=e_greedy,num_queries=10,policy_temperature=1.0,relevance=deep,relevance_tower=deeper,s_doc=0.3/checkpoint.orbax-checkpoint-tmp-0
[2026-01-18 15:05:19,559][absl][INFO] - Updated CheckpointMetadata=StepMetadata(init_timestamp_nsecs=1768745119517308000, commit_timestamp_nsecs=1768745119559291000) to /Users/stanf/Documents/Uni/Project_AI/two-tower-confounding/results/Synthetic_Feature_Separation/data=Custom_dataset_deep,docs_per_group=10,experiment=Synthetic_Feature_Separation,logging_policy_ranker=ordered,logging_policy_sampler=e_greedy,num_queries=10,policy_temperature=1.0,relevance=deep,relevance_tower=deeper,s_doc=0.3/checkpoint.orbax-checkpoint-tmp-0
[2026-01-18 15:05:19,560][absl][INFO] - [process=0][thread=async_save_1] Finished saving checkpoint (finalized tmp dir) to `/Users/stanf/Documents/Uni/Project_AI/two-tower-confounding/results/Synthetic_Feature_Separation/data=Custom_dataset_deep,docs_per_group=10,experiment=Synthetic_Feature_Separation,logging_policy_ranker=ordered,logging_policy_sampler=e_greedy,num_queries=10,policy_temperature=1.0,relevance=deep,relevance_tower=deeper,s_doc=0.3/checkpoint`.
[2026-01-18 15:05:19,560][absl][INFO] - [process=0][thread=async_save_1] Background save thread done.
[2026-01-18 15:05:19,560][absl][INFO] - [process=0][thread=MainThread] Done with waiting for background save thread=async_save_1.
[2026-01-18 15:05:19,568][absl][INFO] - [process=0][thread=MainThread] No errors found in background save thread=async_save_1.
