[2025-11-11 12:24:09,515][jax._src.xla_bridge][INFO] - Unable to initialize backend 'tpu': INTERNAL: Failed to open libtpu.so: libtpu.so: cannot open shared object file: No such file or directory
[2025-11-11 12:32:00,159][absl][INFO] - orbax-checkpoint version: 0.11.25
[2025-11-11 12:32:00,159][absl][INFO] - Created BasePyTreeCheckpointHandler: use_ocdbt=True, use_zarr3=False, pytree_metadata_options=PyTreeMetadataOptions(support_rich_types=False), array_metadata_store=<orbax.checkpoint._src.metadata.array_metadata_store.Store object at 0x15035fcb8090>, enable_pinned_host_transfer=True, save_concurrent_bytes: 96000000000 (89.4 GiB), restore_concurrent_bytes: 96000000000 (89.4 GiB)
[2025-11-11 12:32:00,160][absl][INFO] - [thread=MainThread] Failed to get flag value for EXPERIMENTAL_ORBAX_USE_DISTRIBUTED_PROCESS_ID.
[2025-11-11 12:32:00,160][absl][INFO] - [process=0][thread=MainThread] Using barrier_sync_fn: <function get_barrier_sync_fn.<locals>.<lambda> at 0x14fa039bf2e0> timeout: 600 secs and primary_host=0 for async checkpoint writes
[2025-11-11 12:32:00,161][absl][INFO] - [process=0] Started async saving checkpoint to /gpfs/home5/sfris1/two-towers-confounding-project/results/deep_separated/data=Custom_dataset_deep,docs_per_group=10,experiment=deep_separated,logging_policy_ranker=ordered,logging_policy_sampler=e_greedy,num_queries=10000,policy_temperature=1.0,relevance=deep,relevance_tower=deeper,s_doc=10/checkpoint.
[2025-11-11 12:32:00,162][absl][INFO] - [process=0] Specified `force`: removing existing directory.
[2025-11-11 12:32:00,162][absl][INFO] - Using ThreadSafeKeyValueSignalingClient
[2025-11-11 12:32:00,166][absl][INFO] - Transferring arrays to host memory with options: use_replica_parallel=True, min_slice_bytes_for_replica_parallel=None, max_replicas_for_replica_parallel=None, enable_pinned_host_transfer=True
[2025-11-11 12:32:00,167][absl][INFO] - Creating tmp directory /gpfs/home5/sfris1/two-towers-confounding-project/results/deep_separated/data=Custom_dataset_deep,docs_per_group=10,experiment=deep_separated,logging_policy_ranker=ordered,logging_policy_sampler=e_greedy,num_queries=10000,policy_temperature=1.0,relevance=deep,relevance_tower=deeper,s_doc=10/checkpoint.orbax-checkpoint-tmp
[2025-11-11 12:32:00,170][absl][INFO] - Wrote Metadata={'item_handlers': None, 'metrics': {}, 'performance_metrics': {}, 'init_timestamp_nsecs': 1762860720168904156, 'commit_timestamp_nsecs': None, 'custom_metadata': {}}, json={"item_handlers": null, "metrics": {}, "performance_metrics": {}, "init_timestamp_nsecs": 1762860720168904156, "commit_timestamp_nsecs": null, "custom_metadata": {}} to /gpfs/home5/sfris1/two-towers-confounding-project/results/deep_separated/data=Custom_dataset_deep,docs_per_group=10,experiment=deep_separated,logging_policy_ranker=ordered,logging_policy_sampler=e_greedy,num_queries=10000,policy_temperature=1.0,relevance=deep,relevance_tower=deeper,s_doc=10/checkpoint.orbax-checkpoint-tmp/_CHECKPOINT_METADATA
[2025-11-11 12:32:00,172][absl][INFO] - [process=0][thread=MainThread] Initiated "orbax.checkpoint._src.serialization.type_handlers.ArrayHandler".serialize. Time taken: 0.005941s
[2025-11-11 12:32:00,191][absl][INFO] - [process=0] /jax/checkpoint/write/blocking_gbytes_per_sec: 0 Bytes/s (total gbytes: 260.0 KiB) (time elapsed: 28 milliseconds) (per-host)
[2025-11-11 12:32:00,192][absl][INFO] - [process=0][thread=MainThread] Initiated Pytree async_save. Time taken: 0.028843s (batch_requests_ready=0.001749s, total_serialization_initiated=0.025322s, others=0.001772s)
[2025-11-11 12:32:00,194][absl][INFO] - [process=0][thread=async_save] Background save thread started.
[2025-11-11 12:32:00,194][absl][INFO] - Finished blocking save. Time taken: 0.033548s. Continuing background save to /gpfs/home5/sfris1/two-towers-confounding-project/results/deep_separated/data=Custom_dataset_deep,docs_per_group=10,experiment=deep_separated,logging_policy_ranker=ordered,logging_policy_sampler=e_greedy,num_queries=10000,policy_temperature=1.0,relevance=deep,relevance_tower=deeper,s_doc=10/checkpoint.
[2025-11-11 12:32:00,195][absl][INFO] - [process=0][thread=array_type_handler] Wrote 13 array_metadata.ArrayMetadata to /gpfs/home5/sfris1/two-towers-confounding-project/results/deep_separated/data=Custom_dataset_deep,docs_per_group=10,experiment=deep_separated,logging_policy_ranker=ordered,logging_policy_sampler=e_greedy,num_queries=10000,policy_temperature=1.0,relevance=deep,relevance_tower=deeper,s_doc=10/checkpoint.orbax-checkpoint-tmp/array_metadatas/process_0
[2025-11-11 12:32:00,195][absl][INFO] - [process=0][thread=MainThread] Waiting for background save thread=async_save.
[2025-11-11 12:32:00,222][absl][INFO] - [process=0][thread=write_metadata_after_commits] Commit + Array metadata written. Time taken: 0.030820s (commit=0.028793s, array_metadata_write=0.002027s)
[2025-11-11 12:32:00,223][absl][INFO] - [process=0] /jax/checkpoint/write/gbytes_per_sec: 0 Bytes/s (total gbytes: 260.0 KiB) (time elapsed: 60 milliseconds) (per-host)
[2025-11-11 12:32:00,223][absl][INFO] - [process=0][thread=async_save] 2 Handler Commit operations completed. Time taken: 0.029005s.
[2025-11-11 12:32:00,225][absl][INFO] - Read Metadata={'item_handlers': None, 'metrics': {}, 'performance_metrics': {}, 'init_timestamp_nsecs': 1762860720168904156, 'commit_timestamp_nsecs': None, 'custom_metadata': {}} from /gpfs/home5/sfris1/two-towers-confounding-project/results/deep_separated/data=Custom_dataset_deep,docs_per_group=10,experiment=deep_separated,logging_policy_ranker=ordered,logging_policy_sampler=e_greedy,num_queries=10000,policy_temperature=1.0,relevance=deep,relevance_tower=deeper,s_doc=10/checkpoint.orbax-checkpoint-tmp/_CHECKPOINT_METADATA
[2025-11-11 12:32:00,226][absl][INFO] - Updated Metadata={'item_handlers': 'orbax.checkpoint._src.handlers.standard_checkpoint_handler.StandardCheckpointHandler', 'metrics': {}, 'performance_metrics': {}, 'init_timestamp_nsecs': 1762860720168904156, 'commit_timestamp_nsecs': None, 'custom_metadata': {}} to /gpfs/home5/sfris1/two-towers-confounding-project/results/deep_separated/data=Custom_dataset_deep,docs_per_group=10,experiment=deep_separated,logging_policy_ranker=ordered,logging_policy_sampler=e_greedy,num_queries=10000,policy_temperature=1.0,relevance=deep,relevance_tower=deeper,s_doc=10/checkpoint.orbax-checkpoint-tmp/_CHECKPOINT_METADATA
[2025-11-11 12:32:00,226][absl][INFO] - [process=0][thread=async_save] Skipped cross-host ArrayMetadata validation because only one process is found: process_index=0.
[2025-11-11 12:32:00,233][absl][INFO] - [process=0][thread=async_save] Pytree save finalize (merge_ocdbt + ArrayMetadata validation) completed. Time taken: 0.009039s. use_zarr3=False, enable_post_merge_validation=True, directory=/gpfs/home5/sfris1/two-towers-confounding-project/results/deep_separated/data=Custom_dataset_deep,docs_per_group=10,experiment=deep_separated,logging_policy_ranker=ordered,logging_policy_sampler=e_greedy,num_queries=10000,policy_temperature=1.0,relevance=deep,relevance_tower=deeper,s_doc=10/checkpoint.orbax-checkpoint-tmp
[2025-11-11 12:32:00,234][absl][INFO] - Renaming /gpfs/home5/sfris1/two-towers-confounding-project/results/deep_separated/data=Custom_dataset_deep,docs_per_group=10,experiment=deep_separated,logging_policy_ranker=ordered,logging_policy_sampler=e_greedy,num_queries=10000,policy_temperature=1.0,relevance=deep,relevance_tower=deeper,s_doc=10/checkpoint.orbax-checkpoint-tmp to /gpfs/home5/sfris1/two-towers-confounding-project/results/deep_separated/data=Custom_dataset_deep,docs_per_group=10,experiment=deep_separated,logging_policy_ranker=ordered,logging_policy_sampler=e_greedy,num_queries=10000,policy_temperature=1.0,relevance=deep,relevance_tower=deeper,s_doc=10/checkpoint
[2025-11-11 12:32:00,235][absl][INFO] - [process=0][thread=async_save] Finished saving checkpoint (finalized tmp dir) to `/gpfs/home5/sfris1/two-towers-confounding-project/results/deep_separated/data=Custom_dataset_deep,docs_per_group=10,experiment=deep_separated,logging_policy_ranker=ordered,logging_policy_sampler=e_greedy,num_queries=10000,policy_temperature=1.0,relevance=deep,relevance_tower=deeper,s_doc=10/checkpoint`.
[2025-11-11 12:32:00,236][absl][INFO] - Finished async_save (blocking + background). Time taken: 0.075287s. directory=/gpfs/home5/sfris1/two-towers-confounding-project/results/deep_separated/data=Custom_dataset_deep,docs_per_group=10,experiment=deep_separated,logging_policy_ranker=ordered,logging_policy_sampler=e_greedy,num_queries=10000,policy_temperature=1.0,relevance=deep,relevance_tower=deeper,s_doc=10/checkpoint
[2025-11-11 12:32:00,236][absl][INFO] - [process=0][thread=async_save] Background save thread done. Time taken: 0.041544s.
[2025-11-11 12:32:00,236][absl][INFO] - [process=0][thread=MainThread] Done with waiting for background save thread=async_save.
[2025-11-11 12:32:00,236][absl][INFO] - [process=0][thread=MainThread] No errors found in background save thread=async_save.
