[2025-10-31 17:09:08,949][jax._src.xla_bridge][INFO] - Unable to initialize backend 'tpu': INTERNAL: Failed to open libtpu.so: libtpu.so: cannot open shared object file: No such file or directory
[2025-10-31 17:09:14,738][jax._src.xla_bridge][INFO] - Unable to initialize backend 'tpu': INTERNAL: Failed to open libtpu.so: libtpu.so: cannot open shared object file: No such file or directory
[2025-10-31 17:09:14,928][jax._src.xla_bridge][INFO] - Unable to initialize backend 'tpu': INTERNAL: Failed to open libtpu.so: libtpu.so: cannot open shared object file: No such file or directory
[2025-10-31 17:09:16,639][jax._src.xla_bridge][INFO] - Unable to initialize backend 'tpu': INTERNAL: Failed to open libtpu.so: libtpu.so: cannot open shared object file: No such file or directory
[2025-10-31 17:09:17,411][jax._src.xla_bridge][INFO] - Unable to initialize backend 'tpu': INTERNAL: Failed to open libtpu.so: libtpu.so: cannot open shared object file: No such file or directory
[2025-10-31 17:09:19,617][absl][INFO] - orbax-checkpoint version: 0.11.25
[2025-10-31 17:09:19,619][absl][INFO] - Created BasePyTreeCheckpointHandler: use_ocdbt=True, use_zarr3=False, pytree_metadata_options=PyTreeMetadataOptions(support_rich_types=False), array_metadata_store=<orbax.checkpoint._src.metadata.array_metadata_store.Store object at 0x153109ec8e90>, enable_pinned_host_transfer=True, save_concurrent_bytes: 96000000000 (89.4 GiB), restore_concurrent_bytes: 96000000000 (89.4 GiB)
[2025-10-31 17:09:19,620][absl][INFO] - [thread=MainThread] Failed to get flag value for EXPERIMENTAL_ORBAX_USE_DISTRIBUTED_PROCESS_ID.
[2025-10-31 17:09:19,620][absl][INFO] - [process=0][thread=MainThread] Using barrier_sync_fn: <function get_barrier_sync_fn.<locals>.<lambda> at 0x1530cf675620> timeout: 600 secs and primary_host=0 for async checkpoint writes
[2025-10-31 17:09:19,624][absl][INFO] - Restoring checkpoint from /gpfs/home5/sfris1/two-towers-confounding-project/results/deep_target_label_ranked/data=Custom_dataset_deep,docs_per_group=10,experiment=deep_target_label_ranked,logging_policy_ranker=ordered,logging_policy_sampler=e_greedy,num_queries=20,policy_strength=1,policy_temperature=1.0,random_state=2021,relevance=deep,relevance_tower=deep/checkpoint.
[2025-10-31 17:09:19,656][absl][INFO] - [process=0] /jax/checkpoint/read/gbytes_per_sec: 0 Bytes/s (total gbytes: 4.7 KiB) (time elapsed: 29 milliseconds) (per-host)
[2025-10-31 17:09:19,656][absl][INFO] - Finished restoring checkpoint in 0.03 seconds from /gpfs/home5/sfris1/two-towers-confounding-project/results/deep_target_label_ranked/data=Custom_dataset_deep,docs_per_group=10,experiment=deep_target_label_ranked,logging_policy_ranker=ordered,logging_policy_sampler=e_greedy,num_queries=20,policy_strength=1,policy_temperature=1.0,random_state=2021,relevance=deep,relevance_tower=deep/checkpoint.
[2025-10-31 17:09:20,873][jax._src.xla_bridge][INFO] - Unable to initialize backend 'tpu': INTERNAL: Failed to open libtpu.so: libtpu.so: cannot open shared object file: No such file or directory
[2025-10-31 17:09:23,679][jax._src.xla_bridge][INFO] - Unable to initialize backend 'tpu': INTERNAL: Failed to open libtpu.so: libtpu.so: cannot open shared object file: No such file or directory
[2025-10-31 17:09:23,952][jax._src.xla_bridge][INFO] - Unable to initialize backend 'tpu': INTERNAL: Failed to open libtpu.so: libtpu.so: cannot open shared object file: No such file or directory
[2025-10-31 17:09:24,921][jax._src.xla_bridge][INFO] - Unable to initialize backend 'tpu': INTERNAL: Failed to open libtpu.so: libtpu.so: cannot open shared object file: No such file or directory
[2025-10-31 17:09:25,517][absl][INFO] - orbax-checkpoint version: 0.11.25
[2025-10-31 17:09:25,520][absl][INFO] - Created BasePyTreeCheckpointHandler: use_ocdbt=True, use_zarr3=False, pytree_metadata_options=PyTreeMetadataOptions(support_rich_types=False), array_metadata_store=<orbax.checkpoint._src.metadata.array_metadata_store.Store object at 0x14a1ca369090>, enable_pinned_host_transfer=True, save_concurrent_bytes: 96000000000 (89.4 GiB), restore_concurrent_bytes: 96000000000 (89.4 GiB)
[2025-10-31 17:09:25,521][absl][INFO] - [thread=MainThread] Failed to get flag value for EXPERIMENTAL_ORBAX_USE_DISTRIBUTED_PROCESS_ID.
[2025-10-31 17:09:25,521][absl][INFO] - [process=0][thread=MainThread] Using barrier_sync_fn: <function get_barrier_sync_fn.<locals>.<lambda> at 0x14a18fb55f80> timeout: 600 secs and primary_host=0 for async checkpoint writes
[2025-10-31 17:09:25,525][absl][INFO] - Restoring checkpoint from /gpfs/home5/sfris1/two-towers-confounding-project/results/deep_target_label_ranked/data=Custom_dataset_deep,docs_per_group=10,experiment=deep_target_label_ranked,logging_policy_ranker=ordered,logging_policy_sampler=e_greedy,num_queries=20,policy_strength=1,policy_temperature=1.0,random_state=2021,relevance=deep,relevance_tower=deep/checkpoint.
[2025-10-31 17:09:25,549][absl][INFO] - [process=0] /jax/checkpoint/read/gbytes_per_sec: 0 Bytes/s (total gbytes: 4.7 KiB) (time elapsed: 22 milliseconds) (per-host)
[2025-10-31 17:09:25,549][absl][INFO] - Finished restoring checkpoint in 0.03 seconds from /gpfs/home5/sfris1/two-towers-confounding-project/results/deep_target_label_ranked/data=Custom_dataset_deep,docs_per_group=10,experiment=deep_target_label_ranked,logging_policy_ranker=ordered,logging_policy_sampler=e_greedy,num_queries=20,policy_strength=1,policy_temperature=1.0,random_state=2021,relevance=deep,relevance_tower=deep/checkpoint.
[2025-10-31 17:09:25,756][jax._src.xla_bridge][INFO] - Unable to initialize backend 'tpu': INTERNAL: Failed to open libtpu.so: libtpu.so: cannot open shared object file: No such file or directory
[2025-10-31 17:09:25,868][absl][INFO] - orbax-checkpoint version: 0.11.25
[2025-10-31 17:09:25,871][absl][INFO] - Created BasePyTreeCheckpointHandler: use_ocdbt=True, use_zarr3=False, pytree_metadata_options=PyTreeMetadataOptions(support_rich_types=False), array_metadata_store=<orbax.checkpoint._src.metadata.array_metadata_store.Store object at 0x146c7d92a590>, enable_pinned_host_transfer=True, save_concurrent_bytes: 96000000000 (89.4 GiB), restore_concurrent_bytes: 96000000000 (89.4 GiB)
[2025-10-31 17:09:25,871][absl][INFO] - [thread=MainThread] Failed to get flag value for EXPERIMENTAL_ORBAX_USE_DISTRIBUTED_PROCESS_ID.
[2025-10-31 17:09:25,871][absl][INFO] - [process=0][thread=MainThread] Using barrier_sync_fn: <function get_barrier_sync_fn.<locals>.<lambda> at 0x146c4c4de3e0> timeout: 600 secs and primary_host=0 for async checkpoint writes
[2025-10-31 17:09:25,874][absl][INFO] - Restoring checkpoint from /gpfs/home5/sfris1/two-towers-confounding-project/results/deep_target_label_ranked/data=Custom_dataset_deep,docs_per_group=10,experiment=deep_target_label_ranked,logging_policy_ranker=ordered,logging_policy_sampler=e_greedy,num_queries=20,policy_strength=1,policy_temperature=1.0,random_state=2021,relevance=deep,relevance_tower=deep/checkpoint.
[2025-10-31 17:09:25,897][absl][INFO] - [process=0] /jax/checkpoint/read/gbytes_per_sec: 0 Bytes/s (total gbytes: 4.7 KiB) (time elapsed: 21 milliseconds) (per-host)
[2025-10-31 17:09:25,897][absl][INFO] - Finished restoring checkpoint in 0.02 seconds from /gpfs/home5/sfris1/two-towers-confounding-project/results/deep_target_label_ranked/data=Custom_dataset_deep,docs_per_group=10,experiment=deep_target_label_ranked,logging_policy_ranker=ordered,logging_policy_sampler=e_greedy,num_queries=20,policy_strength=1,policy_temperature=1.0,random_state=2021,relevance=deep,relevance_tower=deep/checkpoint.
[2025-10-31 17:09:27,276][absl][INFO] - orbax-checkpoint version: 0.11.25
[2025-10-31 17:09:27,280][absl][INFO] - Created BasePyTreeCheckpointHandler: use_ocdbt=True, use_zarr3=False, pytree_metadata_options=PyTreeMetadataOptions(support_rich_types=False), array_metadata_store=<orbax.checkpoint._src.metadata.array_metadata_store.Store object at 0x14c63f7191d0>, enable_pinned_host_transfer=True, save_concurrent_bytes: 96000000000 (89.4 GiB), restore_concurrent_bytes: 96000000000 (89.4 GiB)
[2025-10-31 17:09:27,280][absl][INFO] - [thread=MainThread] Failed to get flag value for EXPERIMENTAL_ORBAX_USE_DISTRIBUTED_PROCESS_ID.
[2025-10-31 17:09:27,281][absl][INFO] - [process=0][thread=MainThread] Using barrier_sync_fn: <function get_barrier_sync_fn.<locals>.<lambda> at 0x14c5bc146b60> timeout: 600 secs and primary_host=0 for async checkpoint writes
[2025-10-31 17:09:27,284][absl][INFO] - Restoring checkpoint from /gpfs/home5/sfris1/two-towers-confounding-project/results/deep_target_label_ranked/data=Custom_dataset_deep,docs_per_group=10,experiment=deep_target_label_ranked,logging_policy_ranker=ordered,logging_policy_sampler=e_greedy,num_queries=20,policy_strength=1,policy_temperature=1.0,random_state=2021,relevance=deep,relevance_tower=deep/checkpoint.
[2025-10-31 17:09:27,308][absl][INFO] - [process=0] /jax/checkpoint/read/gbytes_per_sec: 0 Bytes/s (total gbytes: 4.7 KiB) (time elapsed: 22 milliseconds) (per-host)
[2025-10-31 17:09:27,308][absl][INFO] - Finished restoring checkpoint in 0.03 seconds from /gpfs/home5/sfris1/two-towers-confounding-project/results/deep_target_label_ranked/data=Custom_dataset_deep,docs_per_group=10,experiment=deep_target_label_ranked,logging_policy_ranker=ordered,logging_policy_sampler=e_greedy,num_queries=20,policy_strength=1,policy_temperature=1.0,random_state=2021,relevance=deep,relevance_tower=deep/checkpoint.
[2025-10-31 17:09:27,856][absl][INFO] - orbax-checkpoint version: 0.11.25
[2025-10-31 17:09:27,859][absl][INFO] - Created BasePyTreeCheckpointHandler: use_ocdbt=True, use_zarr3=False, pytree_metadata_options=PyTreeMetadataOptions(support_rich_types=False), array_metadata_store=<orbax.checkpoint._src.metadata.array_metadata_store.Store object at 0x150cbb865490>, enable_pinned_host_transfer=True, save_concurrent_bytes: 96000000000 (89.4 GiB), restore_concurrent_bytes: 96000000000 (89.4 GiB)
[2025-10-31 17:09:27,860][absl][INFO] - [thread=MainThread] Failed to get flag value for EXPERIMENTAL_ORBAX_USE_DISTRIBUTED_PROCESS_ID.
[2025-10-31 17:09:27,860][absl][INFO] - [process=0][thread=MainThread] Using barrier_sync_fn: <function get_barrier_sync_fn.<locals>.<lambda> at 0x150c7e416520> timeout: 600 secs and primary_host=0 for async checkpoint writes
[2025-10-31 17:09:27,863][absl][INFO] - Restoring checkpoint from /gpfs/home5/sfris1/two-towers-confounding-project/results/deep_target_label_ranked/data=Custom_dataset_deep,docs_per_group=10,experiment=deep_target_label_ranked,logging_policy_ranker=ordered,logging_policy_sampler=e_greedy,num_queries=20,policy_strength=1,policy_temperature=1.0,random_state=2021,relevance=deep,relevance_tower=deep/checkpoint.
[2025-10-31 17:09:27,889][absl][INFO] - [process=0] /jax/checkpoint/read/gbytes_per_sec: 0 Bytes/s (total gbytes: 4.7 KiB) (time elapsed: 24 milliseconds) (per-host)
[2025-10-31 17:09:27,890][absl][INFO] - Finished restoring checkpoint in 0.03 seconds from /gpfs/home5/sfris1/two-towers-confounding-project/results/deep_target_label_ranked/data=Custom_dataset_deep,docs_per_group=10,experiment=deep_target_label_ranked,logging_policy_ranker=ordered,logging_policy_sampler=e_greedy,num_queries=20,policy_strength=1,policy_temperature=1.0,random_state=2021,relevance=deep,relevance_tower=deep/checkpoint.
[2025-10-31 17:09:29,742][jax._src.xla_bridge][INFO] - Unable to initialize backend 'tpu': INTERNAL: Failed to open libtpu.so: libtpu.so: cannot open shared object file: No such file or directory
[2025-10-31 17:09:31,665][absl][INFO] - orbax-checkpoint version: 0.11.25
[2025-10-31 17:09:31,669][absl][INFO] - Created BasePyTreeCheckpointHandler: use_ocdbt=True, use_zarr3=False, pytree_metadata_options=PyTreeMetadataOptions(support_rich_types=False), array_metadata_store=<orbax.checkpoint._src.metadata.array_metadata_store.Store object at 0x151a7a3e9a90>, enable_pinned_host_transfer=True, save_concurrent_bytes: 96000000000 (89.4 GiB), restore_concurrent_bytes: 96000000000 (89.4 GiB)
[2025-10-31 17:09:31,669][absl][INFO] - [thread=MainThread] Failed to get flag value for EXPERIMENTAL_ORBAX_USE_DISTRIBUTED_PROCESS_ID.
[2025-10-31 17:09:31,669][absl][INFO] - [process=0][thread=MainThread] Using barrier_sync_fn: <function get_barrier_sync_fn.<locals>.<lambda> at 0x1519ec13eac0> timeout: 600 secs and primary_host=0 for async checkpoint writes
[2025-10-31 17:09:31,673][absl][INFO] - Restoring checkpoint from /gpfs/home5/sfris1/two-towers-confounding-project/results/deep_target_label_ranked/data=Custom_dataset_deep,docs_per_group=10,experiment=deep_target_label_ranked,logging_policy_ranker=ordered,logging_policy_sampler=e_greedy,num_queries=20,policy_strength=1,policy_temperature=1.0,random_state=2021,relevance=deep,relevance_tower=deep/checkpoint.
[2025-10-31 17:09:31,701][absl][INFO] - [process=0] /jax/checkpoint/read/gbytes_per_sec: 0 Bytes/s (total gbytes: 4.7 KiB) (time elapsed: 26 milliseconds) (per-host)
[2025-10-31 17:09:31,702][absl][INFO] - Finished restoring checkpoint in 0.03 seconds from /gpfs/home5/sfris1/two-towers-confounding-project/results/deep_target_label_ranked/data=Custom_dataset_deep,docs_per_group=10,experiment=deep_target_label_ranked,logging_policy_ranker=ordered,logging_policy_sampler=e_greedy,num_queries=20,policy_strength=1,policy_temperature=1.0,random_state=2021,relevance=deep,relevance_tower=deep/checkpoint.
[2025-10-31 17:09:34,055][absl][INFO] - orbax-checkpoint version: 0.11.25
[2025-10-31 17:09:34,058][absl][INFO] - Created BasePyTreeCheckpointHandler: use_ocdbt=True, use_zarr3=False, pytree_metadata_options=PyTreeMetadataOptions(support_rich_types=False), array_metadata_store=<orbax.checkpoint._src.metadata.array_metadata_store.Store object at 0x149e79d0c790>, enable_pinned_host_transfer=True, save_concurrent_bytes: 96000000000 (89.4 GiB), restore_concurrent_bytes: 96000000000 (89.4 GiB)
[2025-10-31 17:09:34,058][absl][INFO] - [thread=MainThread] Failed to get flag value for EXPERIMENTAL_ORBAX_USE_DISTRIBUTED_PROCESS_ID.
[2025-10-31 17:09:34,058][absl][INFO] - [process=0][thread=MainThread] Using barrier_sync_fn: <function get_barrier_sync_fn.<locals>.<lambda> at 0x149e4f26d120> timeout: 600 secs and primary_host=0 for async checkpoint writes
[2025-10-31 17:09:34,062][absl][INFO] - Restoring checkpoint from /gpfs/home5/sfris1/two-towers-confounding-project/results/deep_target_label_ranked/data=Custom_dataset_deep,docs_per_group=10,experiment=deep_target_label_ranked,logging_policy_ranker=ordered,logging_policy_sampler=e_greedy,num_queries=20,policy_strength=1,policy_temperature=1.0,random_state=2021,relevance=deep,relevance_tower=deep/checkpoint.
[2025-10-31 17:09:34,086][absl][INFO] - [process=0] /jax/checkpoint/read/gbytes_per_sec: 0 Bytes/s (total gbytes: 4.7 KiB) (time elapsed: 22 milliseconds) (per-host)
[2025-10-31 17:09:34,086][absl][INFO] - Finished restoring checkpoint in 0.03 seconds from /gpfs/home5/sfris1/two-towers-confounding-project/results/deep_target_label_ranked/data=Custom_dataset_deep,docs_per_group=10,experiment=deep_target_label_ranked,logging_policy_ranker=ordered,logging_policy_sampler=e_greedy,num_queries=20,policy_strength=1,policy_temperature=1.0,random_state=2021,relevance=deep,relevance_tower=deep/checkpoint.
[2025-10-31 17:09:34,324][absl][INFO] - orbax-checkpoint version: 0.11.25
[2025-10-31 17:09:34,328][absl][INFO] - Created BasePyTreeCheckpointHandler: use_ocdbt=True, use_zarr3=False, pytree_metadata_options=PyTreeMetadataOptions(support_rich_types=False), array_metadata_store=<orbax.checkpoint._src.metadata.array_metadata_store.Store object at 0x14b2f7459650>, enable_pinned_host_transfer=True, save_concurrent_bytes: 96000000000 (89.4 GiB), restore_concurrent_bytes: 96000000000 (89.4 GiB)
[2025-10-31 17:09:34,329][absl][INFO] - [thread=MainThread] Failed to get flag value for EXPERIMENTAL_ORBAX_USE_DISTRIBUTED_PROCESS_ID.
[2025-10-31 17:09:34,329][absl][INFO] - [process=0][thread=MainThread] Using barrier_sync_fn: <function get_barrier_sync_fn.<locals>.<lambda> at 0x14b2b809e160> timeout: 600 secs and primary_host=0 for async checkpoint writes
[2025-10-31 17:09:34,332][absl][INFO] - Restoring checkpoint from /gpfs/home5/sfris1/two-towers-confounding-project/results/deep_target_label_ranked/data=Custom_dataset_deep,docs_per_group=10,experiment=deep_target_label_ranked,logging_policy_ranker=ordered,logging_policy_sampler=e_greedy,num_queries=20,policy_strength=1,policy_temperature=1.0,random_state=2021,relevance=deep,relevance_tower=deep/checkpoint.
[2025-10-31 17:09:34,357][absl][INFO] - [process=0] /jax/checkpoint/read/gbytes_per_sec: 0 Bytes/s (total gbytes: 4.7 KiB) (time elapsed: 23 milliseconds) (per-host)
[2025-10-31 17:09:34,357][absl][INFO] - Finished restoring checkpoint in 0.03 seconds from /gpfs/home5/sfris1/two-towers-confounding-project/results/deep_target_label_ranked/data=Custom_dataset_deep,docs_per_group=10,experiment=deep_target_label_ranked,logging_policy_ranker=ordered,logging_policy_sampler=e_greedy,num_queries=20,policy_strength=1,policy_temperature=1.0,random_state=2021,relevance=deep,relevance_tower=deep/checkpoint.
[2025-10-31 17:09:34,453][jax._src.xla_bridge][INFO] - Unable to initialize backend 'tpu': INTERNAL: Failed to open libtpu.so: libtpu.so: cannot open shared object file: No such file or directory
[2025-10-31 17:09:35,627][absl][INFO] - orbax-checkpoint version: 0.11.25
[2025-10-31 17:09:35,630][absl][INFO] - Created BasePyTreeCheckpointHandler: use_ocdbt=True, use_zarr3=False, pytree_metadata_options=PyTreeMetadataOptions(support_rich_types=False), array_metadata_store=<orbax.checkpoint._src.metadata.array_metadata_store.Store object at 0x147a5f96ef90>, enable_pinned_host_transfer=True, save_concurrent_bytes: 96000000000 (89.4 GiB), restore_concurrent_bytes: 96000000000 (89.4 GiB)
[2025-10-31 17:09:35,630][absl][INFO] - [thread=MainThread] Failed to get flag value for EXPERIMENTAL_ORBAX_USE_DISTRIBUTED_PROCESS_ID.
[2025-10-31 17:09:35,630][absl][INFO] - [process=0][thread=MainThread] Using barrier_sync_fn: <function get_barrier_sync_fn.<locals>.<lambda> at 0x147a20176a20> timeout: 600 secs and primary_host=0 for async checkpoint writes
[2025-10-31 17:09:35,633][absl][INFO] - Restoring checkpoint from /gpfs/home5/sfris1/two-towers-confounding-project/results/deep_target_label_ranked/data=Custom_dataset_deep,docs_per_group=10,experiment=deep_target_label_ranked,logging_policy_ranker=ordered,logging_policy_sampler=e_greedy,num_queries=20,policy_strength=1,policy_temperature=1.0,random_state=2021,relevance=deep,relevance_tower=deep/checkpoint.
[2025-10-31 17:09:35,655][absl][INFO] - [process=0] /jax/checkpoint/read/gbytes_per_sec: 0 Bytes/s (total gbytes: 4.7 KiB) (time elapsed: 20 milliseconds) (per-host)
[2025-10-31 17:09:35,656][absl][INFO] - Finished restoring checkpoint in 0.02 seconds from /gpfs/home5/sfris1/two-towers-confounding-project/results/deep_target_label_ranked/data=Custom_dataset_deep,docs_per_group=10,experiment=deep_target_label_ranked,logging_policy_ranker=ordered,logging_policy_sampler=e_greedy,num_queries=20,policy_strength=1,policy_temperature=1.0,random_state=2021,relevance=deep,relevance_tower=deep/checkpoint.
[2025-10-31 17:09:36,195][absl][INFO] - orbax-checkpoint version: 0.11.25
[2025-10-31 17:09:36,198][absl][INFO] - Created BasePyTreeCheckpointHandler: use_ocdbt=True, use_zarr3=False, pytree_metadata_options=PyTreeMetadataOptions(support_rich_types=False), array_metadata_store=<orbax.checkpoint._src.metadata.array_metadata_store.Store object at 0x14c6bae911d0>, enable_pinned_host_transfer=True, save_concurrent_bytes: 96000000000 (89.4 GiB), restore_concurrent_bytes: 96000000000 (89.4 GiB)
[2025-10-31 17:09:36,198][absl][INFO] - [thread=MainThread] Failed to get flag value for EXPERIMENTAL_ORBAX_USE_DISTRIBUTED_PROCESS_ID.
[2025-10-31 17:09:36,199][absl][INFO] - [process=0][thread=MainThread] Using barrier_sync_fn: <function get_barrier_sync_fn.<locals>.<lambda> at 0x14c68813eac0> timeout: 600 secs and primary_host=0 for async checkpoint writes
[2025-10-31 17:09:36,202][absl][INFO] - Restoring checkpoint from /gpfs/home5/sfris1/two-towers-confounding-project/results/deep_target_label_ranked/data=Custom_dataset_deep,docs_per_group=10,experiment=deep_target_label_ranked,logging_policy_ranker=ordered,logging_policy_sampler=e_greedy,num_queries=20,policy_strength=1,policy_temperature=1.0,random_state=2021,relevance=deep,relevance_tower=deep/checkpoint.
[2025-10-31 17:09:36,226][absl][INFO] - [process=0] /jax/checkpoint/read/gbytes_per_sec: 0 Bytes/s (total gbytes: 4.7 KiB) (time elapsed: 22 milliseconds) (per-host)
[2025-10-31 17:09:36,227][absl][INFO] - Finished restoring checkpoint in 0.03 seconds from /gpfs/home5/sfris1/two-towers-confounding-project/results/deep_target_label_ranked/data=Custom_dataset_deep,docs_per_group=10,experiment=deep_target_label_ranked,logging_policy_ranker=ordered,logging_policy_sampler=e_greedy,num_queries=20,policy_strength=1,policy_temperature=1.0,random_state=2021,relevance=deep,relevance_tower=deep/checkpoint.
[2025-10-31 17:09:36,778][jax._src.xla_bridge][INFO] - Unable to initialize backend 'tpu': INTERNAL: Failed to open libtpu.so: libtpu.so: cannot open shared object file: No such file or directory
[2025-10-31 17:09:40,239][absl][INFO] - orbax-checkpoint version: 0.11.25
[2025-10-31 17:09:40,243][absl][INFO] - Created BasePyTreeCheckpointHandler: use_ocdbt=True, use_zarr3=False, pytree_metadata_options=PyTreeMetadataOptions(support_rich_types=False), array_metadata_store=<orbax.checkpoint._src.metadata.array_metadata_store.Store object at 0x14fb55dd1250>, enable_pinned_host_transfer=True, save_concurrent_bytes: 96000000000 (89.4 GiB), restore_concurrent_bytes: 96000000000 (89.4 GiB)
[2025-10-31 17:09:40,244][absl][INFO] - [thread=MainThread] Failed to get flag value for EXPERIMENTAL_ORBAX_USE_DISTRIBUTED_PROCESS_ID.
[2025-10-31 17:09:40,244][absl][INFO] - [process=0][thread=MainThread] Using barrier_sync_fn: <function get_barrier_sync_fn.<locals>.<lambda> at 0x14fb1806ec00> timeout: 600 secs and primary_host=0 for async checkpoint writes
[2025-10-31 17:09:40,247][absl][INFO] - Restoring checkpoint from /gpfs/home5/sfris1/two-towers-confounding-project/results/deep_target_label_ranked/data=Custom_dataset_deep,docs_per_group=10,experiment=deep_target_label_ranked,logging_policy_ranker=ordered,logging_policy_sampler=e_greedy,num_queries=20,policy_strength=1,policy_temperature=1.0,random_state=2021,relevance=deep,relevance_tower=deep/checkpoint.
[2025-10-31 17:09:40,271][absl][INFO] - [process=0] /jax/checkpoint/read/gbytes_per_sec: 0 Bytes/s (total gbytes: 4.7 KiB) (time elapsed: 22 milliseconds) (per-host)
[2025-10-31 17:09:40,271][absl][INFO] - Finished restoring checkpoint in 0.03 seconds from /gpfs/home5/sfris1/two-towers-confounding-project/results/deep_target_label_ranked/data=Custom_dataset_deep,docs_per_group=10,experiment=deep_target_label_ranked,logging_policy_ranker=ordered,logging_policy_sampler=e_greedy,num_queries=20,policy_strength=1,policy_temperature=1.0,random_state=2021,relevance=deep,relevance_tower=deep/checkpoint.
[2025-10-31 17:09:41,660][jax._src.xla_bridge][INFO] - Unable to initialize backend 'tpu': INTERNAL: Failed to open libtpu.so: libtpu.so: cannot open shared object file: No such file or directory
[2025-10-31 17:09:45,007][absl][INFO] - orbax-checkpoint version: 0.11.25
[2025-10-31 17:09:45,012][absl][INFO] - Created BasePyTreeCheckpointHandler: use_ocdbt=True, use_zarr3=False, pytree_metadata_options=PyTreeMetadataOptions(support_rich_types=False), array_metadata_store=<orbax.checkpoint._src.metadata.array_metadata_store.Store object at 0x14e21bdd40d0>, enable_pinned_host_transfer=True, save_concurrent_bytes: 96000000000 (89.4 GiB), restore_concurrent_bytes: 96000000000 (89.4 GiB)
[2025-10-31 17:09:45,013][absl][INFO] - [thread=MainThread] Failed to get flag value for EXPERIMENTAL_ORBAX_USE_DISTRIBUTED_PROCESS_ID.
[2025-10-31 17:09:45,013][absl][INFO] - [process=0][thread=MainThread] Using barrier_sync_fn: <function get_barrier_sync_fn.<locals>.<lambda> at 0x14e1881a2ac0> timeout: 600 secs and primary_host=0 for async checkpoint writes
[2025-10-31 17:09:45,016][absl][INFO] - Restoring checkpoint from /gpfs/home5/sfris1/two-towers-confounding-project/results/deep_target_label_ranked/data=Custom_dataset_deep,docs_per_group=10,experiment=deep_target_label_ranked,logging_policy_ranker=ordered,logging_policy_sampler=e_greedy,num_queries=20,policy_strength=1,policy_temperature=1.0,random_state=2021,relevance=deep,relevance_tower=deep/checkpoint.
[2025-10-31 17:09:45,041][absl][INFO] - [process=0] /jax/checkpoint/read/gbytes_per_sec: 0 Bytes/s (total gbytes: 4.7 KiB) (time elapsed: 22 milliseconds) (per-host)
[2025-10-31 17:09:45,041][absl][INFO] - Finished restoring checkpoint in 0.03 seconds from /gpfs/home5/sfris1/two-towers-confounding-project/results/deep_target_label_ranked/data=Custom_dataset_deep,docs_per_group=10,experiment=deep_target_label_ranked,logging_policy_ranker=ordered,logging_policy_sampler=e_greedy,num_queries=20,policy_strength=1,policy_temperature=1.0,random_state=2021,relevance=deep,relevance_tower=deep/checkpoint.
[2025-10-31 17:09:48,221][absl][INFO] - orbax-checkpoint version: 0.11.25
[2025-10-31 17:09:48,227][absl][INFO] - Created BasePyTreeCheckpointHandler: use_ocdbt=True, use_zarr3=False, pytree_metadata_options=PyTreeMetadataOptions(support_rich_types=False), array_metadata_store=<orbax.checkpoint._src.metadata.array_metadata_store.Store object at 0x14779a3c1f10>, enable_pinned_host_transfer=True, save_concurrent_bytes: 96000000000 (89.4 GiB), restore_concurrent_bytes: 96000000000 (89.4 GiB)
[2025-10-31 17:09:48,228][absl][INFO] - [thread=MainThread] Failed to get flag value for EXPERIMENTAL_ORBAX_USE_DISTRIBUTED_PROCESS_ID.
[2025-10-31 17:09:48,228][absl][INFO] - [process=0][thread=MainThread] Using barrier_sync_fn: <function get_barrier_sync_fn.<locals>.<lambda> at 0x14775cf89300> timeout: 600 secs and primary_host=0 for async checkpoint writes
[2025-10-31 17:09:48,232][absl][INFO] - Restoring checkpoint from /gpfs/home5/sfris1/two-towers-confounding-project/results/deep_target_label_ranked/data=Custom_dataset_deep,docs_per_group=10,experiment=deep_target_label_ranked,logging_policy_ranker=ordered,logging_policy_sampler=e_greedy,num_queries=20,policy_strength=1,policy_temperature=1.0,random_state=2021,relevance=deep,relevance_tower=deep/checkpoint.
[2025-10-31 17:09:48,272][absl][INFO] - [process=0] /jax/checkpoint/read/gbytes_per_sec: 0 Bytes/s (total gbytes: 4.7 KiB) (time elapsed: 36 milliseconds) (per-host)
[2025-10-31 17:09:48,272][absl][INFO] - Finished restoring checkpoint in 0.04 seconds from /gpfs/home5/sfris1/two-towers-confounding-project/results/deep_target_label_ranked/data=Custom_dataset_deep,docs_per_group=10,experiment=deep_target_label_ranked,logging_policy_ranker=ordered,logging_policy_sampler=e_greedy,num_queries=20,policy_strength=1,policy_temperature=1.0,random_state=2021,relevance=deep,relevance_tower=deep/checkpoint.
[2025-10-31 17:09:53,027][absl][INFO] - orbax-checkpoint version: 0.11.25
[2025-10-31 17:09:53,027][absl][INFO] - Created BasePyTreeCheckpointHandler: use_ocdbt=True, use_zarr3=False, pytree_metadata_options=PyTreeMetadataOptions(support_rich_types=False), array_metadata_store=<orbax.checkpoint._src.metadata.array_metadata_store.Store object at 0x1542df8c13d0>, enable_pinned_host_transfer=True, save_concurrent_bytes: 96000000000 (89.4 GiB), restore_concurrent_bytes: 96000000000 (89.4 GiB)
[2025-10-31 17:09:53,027][absl][INFO] - [thread=MainThread] Failed to get flag value for EXPERIMENTAL_ORBAX_USE_DISTRIBUTED_PROCESS_ID.
[2025-10-31 17:09:53,027][absl][INFO] - [process=0][thread=MainThread] Using barrier_sync_fn: <function get_barrier_sync_fn.<locals>.<lambda> at 0x15422c11d9e0> timeout: 600 secs and primary_host=0 for async checkpoint writes
[2025-10-31 17:09:53,031][absl][INFO] - Restoring checkpoint from /gpfs/home5/sfris1/two-towers-confounding-project/results/deep_target_label_ranked/data=Custom_dataset_deep,docs_per_group=10,experiment=deep_target_label_ranked,logging_policy_ranker=ordered,logging_policy_sampler=e_greedy,num_queries=20,policy_strength=1,policy_temperature=1.0,random_state=2021,relevance=deep,relevance_tower=deep/checkpoint.
[2025-10-31 17:09:53,057][absl][INFO] - [process=0] /jax/checkpoint/read/gbytes_per_sec: 0 Bytes/s (total gbytes: 4.7 KiB) (time elapsed: 24 milliseconds) (per-host)
[2025-10-31 17:09:53,057][absl][INFO] - Finished restoring checkpoint in 0.03 seconds from /gpfs/home5/sfris1/two-towers-confounding-project/results/deep_target_label_ranked/data=Custom_dataset_deep,docs_per_group=10,experiment=deep_target_label_ranked,logging_policy_ranker=ordered,logging_policy_sampler=e_greedy,num_queries=20,policy_strength=1,policy_temperature=1.0,random_state=2021,relevance=deep,relevance_tower=deep/checkpoint.
